<?xml version="1.0" encoding="UTF-8"?>
<TestRun id="1cffa2f2-fc57-40d9-b006-8f080117d138" name="Robert@HORVICKW7 2010-03-20 12:22:49" runUser="HORVICKW7\Robert" xmlns="http://microsoft.com/schemas/VisualStudio/TeamTest/2010">
  <TestSettings name="Local" id="cccf0ead-bb7b-4fa6-80c8-b697078887da">
    <Description>These are default test settings for a local test run.</Description>
    <Execution>
      <TestTypeSpecific>
        <UnitTestRunConfig testTypeId="13cdc9d9-ddb5-4fa4-a97d-d965ccfc6d4b">
          <AssemblyResolution>
            <TestDirectory useLoadContext="true" />
          </AssemblyResolution>
        </UnitTestRunConfig>
        <WebTestRunConfiguration testTypeId="4e7599fa-5ecb-43e9-a887-cd63cf72d207">
          <Browser name="Internet Explorer 7.0">
            <Headers>
              <Header name="User-Agent" value="Mozilla/4.0 (compatible; MSIE 7.0; Windows NT 5.1)" />
              <Header name="Accept" value="*/*" />
              <Header name="Accept-Language" value="{{$IEAcceptLanguage}}" />
              <Header name="Accept-Encoding" value="GZIP" />
            </Headers>
          </Browser>
        </WebTestRunConfiguration>
      </TestTypeSpecific>
      <AgentRule name="LocalMachineDefaultRole">
        <DataCollectors>
          <DataCollector uri="datacollector://microsoft/CodeCoverage/1.0" assemblyQualifiedName="Microsoft.VisualStudio.TestTools.CodeCoverage.CoveragePlugIn, Microsoft.VisualStudio.QualityTools.Plugins.CodeCoverage, Version=10.0.0.0, Culture=neutral, PublicKeyToken=b03f5f7f11d50a3a" friendlyName="Code Coverage">
            <Configuration>
              <CodeCoverage xmlns="">
                <Regular>
                  <CodeCoverageItem binaryFile="c:\projects\Riak.Client\Riak.Client\bin\Debug\Riak.Client.dll" pdbFile="c:\projects\Riak.Client\Riak.Client\bin\Debug\Riak.Client.instr.pdb" instrumentInPlace="true" />
                </Regular>
              </CodeCoverage>
            </Configuration>
          </DataCollector>
        </DataCollectors>
      </AgentRule>
    </Execution>
    <Deployment runDeploymentRoot="Robert_HORVICKW7 2010-03-20 12_22_49" />
  </TestSettings>
  <Times creation="2010-03-20T12:22:49.2014235-04:00" queuing="2010-03-20T12:22:51.3595469-04:00" start="2010-03-20T12:22:51.4775537-04:00" finish="2010-03-20T12:23:07.3394609-04:00" />
  <ResultSummary outcome="Failed">
    <Counters total="17" executed="17" passed="16" error="0" failed="1" timeout="0" aborted="0" inconclusive="0" passedButRunAborted="0" notRunnable="0" notExecuted="0" disconnected="0" warning="0" completed="0" inProgress="0" pending="0" />
    <ResultFiles>
      <ResultFile path="HORVICKW7\data.coverage" />
    </ResultFiles>
  </ResultSummary>
  <TestDefinitions>
    <UnitTest name="LinkWithMultipleParameters" storage="c:\projects\riak.client\riak.tests\bin\debug\riak.tests.dll" id="d79ef6f9-4e22-e7f6-a37e-b0e7a8cab61d">
      <Execution id="cece37ad-2473-4630-bdb7-57ce2c4bb502" />
      <TestMethod codeBase="c:/projects/Riak.Client/Riak.Tests/bin/Debug/Riak.Tests.DLL" adapterTypeName="Microsoft.VisualStudio.TestTools.TestTypes.Unit.UnitTestAdapter, Microsoft.VisualStudio.QualityTools.Tips.UnitTest.Adapter, Version=10.0.0.0, Culture=neutral, PublicKeyToken=b03f5f7f11d50a3a" className="Riak.Tests.LinkTests, Riak.Tests, Version=1.0.0.0, Culture=neutral, PublicKeyToken=null" name="LinkWithMultipleParameters" />
    </UnitTest>
    <UnitTest name="LinkFollowing" storage="c:\projects\riak.client\riak.tests\bin\debug\riak.tests.dll" id="e59f5b3d-3a7c-4505-e293-67664a703224">
      <Execution id="3f98a749-f943-4cd5-9d80-4dcfedc427c4" />
      <TestMethod codeBase="c:/projects/Riak.Client/Riak.Tests/bin/Debug/Riak.Tests.DLL" adapterTypeName="Microsoft.VisualStudio.TestTools.TestTypes.Unit.UnitTestAdapter, Microsoft.VisualStudio.QualityTools.Tips.UnitTest.Adapter, Version=10.0.0.0, Culture=neutral, PublicKeyToken=b03f5f7f11d50a3a" className="Riak.Tests.LinkTests, Riak.Tests, Version=1.0.0.0, Culture=neutral, PublicKeyToken=null" name="LinkFollowing" />
    </UnitTest>
    <UnitTest name="SettingAllowMultiPersistsCorrectly" storage="c:\projects\riak.client\riak.tests\bin\debug\riak.tests.dll" id="33d4d279-34bd-6d5a-280e-4b82973def51">
      <Execution id="a2fc3a0f-be34-4d2b-ae11-f112da214614" />
      <TestMethod codeBase="c:/projects/Riak.Client/Riak.Tests/bin/Debug/Riak.Tests.DLL" adapterTypeName="Microsoft.VisualStudio.TestTools.TestTypes.Unit.UnitTestAdapter, Microsoft.VisualStudio.QualityTools.Tips.UnitTest.Adapter, Version=10.0.0.0, Culture=neutral, PublicKeyToken=b03f5f7f11d50a3a" className="Riak.Tests.BucketTests, Riak.Tests, Version=1.0.0.0, Culture=neutral, PublicKeyToken=null" name="SettingAllowMultiPersistsCorrectly" />
    </UnitTest>
    <UnitTest name="LinkCollectionOperationalTests" storage="c:\projects\riak.client\riak.tests\bin\debug\riak.tests.dll" id="80c6668e-527f-7ce0-c7fa-d368165124a1">
      <Execution id="1380eeeb-c7d3-47e1-805e-4a38759fc748" />
      <TestMethod codeBase="c:/projects/Riak.Client/Riak.Tests/bin/Debug/Riak.Tests.DLL" adapterTypeName="Microsoft.VisualStudio.TestTools.TestTypes.Unit.UnitTestAdapter, Microsoft.VisualStudio.QualityTools.Tips.UnitTest.Adapter, Version=10.0.0.0, Culture=neutral, PublicKeyToken=b03f5f7f11d50a3a" className="Riak.Tests.LinkTests, Riak.Tests, Version=1.0.0.0, Culture=neutral, PublicKeyToken=null" name="LinkCollectionOperationalTests" />
    </UnitTest>
    <UnitTest name="GetAllSiblingsOnConflict" storage="c:\projects\riak.client\riak.tests\bin\debug\riak.tests.dll" id="7a71b779-6444-5633-f109-dc2d069ca31b">
      <Execution id="fcc5016c-836c-4e23-af4f-e282327ec1df" />
      <TestMethod codeBase="c:/projects/Riak.Client/Riak.Tests/bin/Debug/Riak.Tests.DLL" adapterTypeName="Microsoft.VisualStudio.TestTools.TestTypes.Unit.UnitTestAdapter, Microsoft.VisualStudio.QualityTools.Tips.UnitTest.Adapter, Version=10.0.0.0, Culture=neutral, PublicKeyToken=b03f5f7f11d50a3a" className="Riak.Tests.BucketTests, Riak.Tests, Version=1.0.0.0, Culture=neutral, PublicKeyToken=null" name="GetAllSiblingsOnConflict" />
    </UnitTest>
    <UnitTest name="SaveAStringKeyValue" storage="c:\projects\riak.client\riak.tests\bin\debug\riak.tests.dll" id="58939138-4342-8e72-2f65-c6ec6d5362d3">
      <Execution id="42e71053-832b-455e-840b-d70ed4a6303a" />
      <TestMethod codeBase="c:/projects/Riak.Client/Riak.Tests/bin/Debug/Riak.Tests.DLL" adapterTypeName="Microsoft.VisualStudio.TestTools.TestTypes.Unit.UnitTestAdapter, Microsoft.VisualStudio.QualityTools.Tips.UnitTest.Adapter, Version=10.0.0.0, Culture=neutral, PublicKeyToken=b03f5f7f11d50a3a" className="Riak.Tests.BucketTests, Riak.Tests, Version=1.0.0.0, Culture=neutral, PublicKeyToken=null" name="SaveAStringKeyValue" />
    </UnitTest>
    <UnitTest name="LinkOddlyFormedIsParsedAndNormalized" storage="c:\projects\riak.client\riak.tests\bin\debug\riak.tests.dll" id="86d01318-0230-9e62-826b-6c3385d23407">
      <Execution id="cacbe30b-d53e-4f51-91f1-4bafa0e46ecf" />
      <TestMethod codeBase="c:/projects/Riak.Client/Riak.Tests/bin/Debug/Riak.Tests.DLL" adapterTypeName="Microsoft.VisualStudio.TestTools.TestTypes.Unit.UnitTestAdapter, Microsoft.VisualStudio.QualityTools.Tips.UnitTest.Adapter, Version=10.0.0.0, Culture=neutral, PublicKeyToken=b03f5f7f11d50a3a" className="Riak.Tests.LinkTests, Riak.Tests, Version=1.0.0.0, Culture=neutral, PublicKeyToken=null" name="LinkOddlyFormedIsParsedAndNormalized" />
    </UnitTest>
    <UnitTest name="SaveABinaryKeyValue" storage="c:\projects\riak.client\riak.tests\bin\debug\riak.tests.dll" id="4ad0d6cc-b6bb-6b71-fab7-7bd0c1927a9f">
      <Execution id="7561c0c0-6e53-4740-8b55-ba6810170431" />
      <TestMethod codeBase="c:/projects/Riak.Client/Riak.Tests/bin/Debug/Riak.Tests.DLL" adapterTypeName="Microsoft.VisualStudio.TestTools.TestTypes.Unit.UnitTestAdapter, Microsoft.VisualStudio.QualityTools.Tips.UnitTest.Adapter, Version=10.0.0.0, Culture=neutral, PublicKeyToken=b03f5f7f11d50a3a" className="Riak.Tests.BucketTests, Riak.Tests, Version=1.0.0.0, Culture=neutral, PublicKeyToken=null" name="SaveABinaryKeyValue" />
    </UnitTest>
    <UnitTest name="LinkWithRelationalUri" storage="c:\projects\riak.client\riak.tests\bin\debug\riak.tests.dll" id="30d12b1b-aa49-8c08-bd4a-866243aceb48">
      <Execution id="dcbcc1bb-d1e3-40be-8f6b-6cc492332a1d" />
      <TestMethod codeBase="c:/projects/Riak.Client/Riak.Tests/bin/Debug/Riak.Tests.DLL" adapterTypeName="Microsoft.VisualStudio.TestTools.TestTypes.Unit.UnitTestAdapter, Microsoft.VisualStudio.QualityTools.Tips.UnitTest.Adapter, Version=10.0.0.0, Culture=neutral, PublicKeyToken=b03f5f7f11d50a3a" className="Riak.Tests.LinkTests, Riak.Tests, Version=1.0.0.0, Culture=neutral, PublicKeyToken=null" name="LinkWithRelationalUri" />
    </UnitTest>
    <UnitTest name="GetAllTextData" storage="c:\projects\riak.client\riak.tests\bin\debug\riak.tests.dll" id="4312a9d7-4905-c365-94ac-da54845d713f">
      <Execution id="41fd271f-dd95-45a1-8539-c6b7f60650da" />
      <TestMethod codeBase="c:/projects/Riak.Client/Riak.Tests/bin/Debug/Riak.Tests.DLL" adapterTypeName="Microsoft.VisualStudio.TestTools.TestTypes.Unit.UnitTestAdapter, Microsoft.VisualStudio.QualityTools.Tips.UnitTest.Adapter, Version=10.0.0.0, Culture=neutral, PublicKeyToken=b03f5f7f11d50a3a" className="Riak.Tests.MultiPartResponseTests, Riak.Tests, Version=1.0.0.0, Culture=neutral, PublicKeyToken=null" name="GetAllTextData" />
    </UnitTest>
    <UnitTest name="ConflictOnAllowMultiBucket" storage="c:\projects\riak.client\riak.tests\bin\debug\riak.tests.dll" id="beae7429-a6a2-4b8b-91b8-2242ec45c77a">
      <Execution id="223be9c5-9004-4013-81df-fd2f38a44195" />
      <TestMethod codeBase="c:/projects/Riak.Client/Riak.Tests/bin/Debug/Riak.Tests.DLL" adapterTypeName="Microsoft.VisualStudio.TestTools.TestTypes.Unit.UnitTestAdapter, Microsoft.VisualStudio.QualityTools.Tips.UnitTest.Adapter, Version=10.0.0.0, Culture=neutral, PublicKeyToken=b03f5f7f11d50a3a" className="Riak.Tests.BucketTests, Riak.Tests, Version=1.0.0.0, Culture=neutral, PublicKeyToken=null" name="ConflictOnAllowMultiBucket" />
    </UnitTest>
    <UnitTest name="LinkWithUnknownParameters" storage="c:\projects\riak.client\riak.tests\bin\debug\riak.tests.dll" id="d9c44692-30b5-c679-747b-7d385a54ef67">
      <Execution id="aa073191-c15f-49e4-8d46-e0fa5116dd26" />
      <TestMethod codeBase="c:/projects/Riak.Client/Riak.Tests/bin/Debug/Riak.Tests.DLL" adapterTypeName="Microsoft.VisualStudio.TestTools.TestTypes.Unit.UnitTestAdapter, Microsoft.VisualStudio.QualityTools.Tips.UnitTest.Adapter, Version=10.0.0.0, Culture=neutral, PublicKeyToken=b03f5f7f11d50a3a" className="Riak.Tests.LinkTests, Riak.Tests, Version=1.0.0.0, Culture=neutral, PublicKeyToken=null" name="LinkWithUnknownParameters" />
    </UnitTest>
    <UnitTest name="LinkRoundTripping" storage="c:\projects\riak.client\riak.tests\bin\debug\riak.tests.dll" id="8bc468f8-eee0-673a-92b7-930506440e84">
      <Execution id="be458f9e-c343-4925-b85e-8893b44428cf" />
      <TestMethod codeBase="c:/projects/Riak.Client/Riak.Tests/bin/Debug/Riak.Tests.DLL" adapterTypeName="Microsoft.VisualStudio.TestTools.TestTypes.Unit.UnitTestAdapter, Microsoft.VisualStudio.QualityTools.Tips.UnitTest.Adapter, Version=10.0.0.0, Culture=neutral, PublicKeyToken=b03f5f7f11d50a3a" className="Riak.Tests.LinkTests, Riak.Tests, Version=1.0.0.0, Culture=neutral, PublicKeyToken=null" name="LinkRoundTripping" />
    </UnitTest>
    <UnitTest name="DeleteMissingKeys" storage="c:\projects\riak.client\riak.tests\bin\debug\riak.tests.dll" id="8adbc453-a093-0889-b145-79d2f69be902">
      <Execution id="0c533017-2487-4a31-b568-d78f6c9f27ba" />
      <TestMethod codeBase="c:/projects/Riak.Client/Riak.Tests/bin/Debug/Riak.Tests.DLL" adapterTypeName="Microsoft.VisualStudio.TestTools.TestTypes.Unit.UnitTestAdapter, Microsoft.VisualStudio.QualityTools.Tips.UnitTest.Adapter, Version=10.0.0.0, Culture=neutral, PublicKeyToken=b03f5f7f11d50a3a" className="Riak.Tests.BucketTests, Riak.Tests, Version=1.0.0.0, Culture=neutral, PublicKeyToken=null" name="DeleteMissingKeys" />
    </UnitTest>
    <UnitTest name="DeleteExistingKeys" storage="c:\projects\riak.client\riak.tests\bin\debug\riak.tests.dll" id="ecb7a2ec-95c2-bcd4-9208-598a9a8227f1">
      <Execution id="207fa98e-2ce2-4fd4-a1d4-d0868edd65ab" />
      <TestMethod codeBase="c:/projects/Riak.Client/Riak.Tests/bin/Debug/Riak.Tests.DLL" adapterTypeName="Microsoft.VisualStudio.TestTools.TestTypes.Unit.UnitTestAdapter, Microsoft.VisualStudio.QualityTools.Tips.UnitTest.Adapter, Version=10.0.0.0, Culture=neutral, PublicKeyToken=b03f5f7f11d50a3a" className="Riak.Tests.BucketTests, Riak.Tests, Version=1.0.0.0, Culture=neutral, PublicKeyToken=null" name="DeleteExistingKeys" />
    </UnitTest>
    <UnitTest name="ConflictOnNonMultiBucket" storage="c:\projects\riak.client\riak.tests\bin\debug\riak.tests.dll" id="06a22416-08af-c0dc-b70f-5cec4761aa09">
      <Execution id="23f4e2bf-f488-4d97-bbe9-f96890dd81a3" />
      <TestMethod codeBase="c:/projects/Riak.Client/Riak.Tests/bin/Debug/Riak.Tests.DLL" adapterTypeName="Microsoft.VisualStudio.TestTools.TestTypes.Unit.UnitTestAdapter, Microsoft.VisualStudio.QualityTools.Tips.UnitTest.Adapter, Version=10.0.0.0, Culture=neutral, PublicKeyToken=b03f5f7f11d50a3a" className="Riak.Tests.BucketTests, Riak.Tests, Version=1.0.0.0, Culture=neutral, PublicKeyToken=null" name="ConflictOnNonMultiBucket" />
    </UnitTest>
    <UnitTest name="LinkOnNewKeyExistsAndParses" storage="c:\projects\riak.client\riak.tests\bin\debug\riak.tests.dll" id="cb4b29f5-c7d3-2010-bb43-cecc9f41c474">
      <Execution id="9981854d-54f6-4d2d-86ea-b3027b8436c0" />
      <TestMethod codeBase="c:/projects/Riak.Client/Riak.Tests/bin/Debug/Riak.Tests.DLL" adapterTypeName="Microsoft.VisualStudio.TestTools.TestTypes.Unit.UnitTestAdapter, Microsoft.VisualStudio.QualityTools.Tips.UnitTest.Adapter, Version=10.0.0.0, Culture=neutral, PublicKeyToken=b03f5f7f11d50a3a" className="Riak.Tests.LinkTests, Riak.Tests, Version=1.0.0.0, Culture=neutral, PublicKeyToken=null" name="LinkOnNewKeyExistsAndParses" />
    </UnitTest>
  </TestDefinitions>
  <TestLists>
    <TestList name="Results Not in a List" id="8c84fa94-04c1-424b-9868-57a2d4851a1d" />
    <TestList name="All Loaded Results" id="19431567-8539-422a-85d7-44ee4e166bda" />
  </TestLists>
  <TestEntries>
    <TestEntry testId="58939138-4342-8e72-2f65-c6ec6d5362d3" executionId="42e71053-832b-455e-840b-d70ed4a6303a" testListId="8c84fa94-04c1-424b-9868-57a2d4851a1d" />
    <TestEntry testId="4ad0d6cc-b6bb-6b71-fab7-7bd0c1927a9f" executionId="7561c0c0-6e53-4740-8b55-ba6810170431" testListId="8c84fa94-04c1-424b-9868-57a2d4851a1d" />
    <TestEntry testId="ecb7a2ec-95c2-bcd4-9208-598a9a8227f1" executionId="207fa98e-2ce2-4fd4-a1d4-d0868edd65ab" testListId="8c84fa94-04c1-424b-9868-57a2d4851a1d" />
    <TestEntry testId="8adbc453-a093-0889-b145-79d2f69be902" executionId="0c533017-2487-4a31-b568-d78f6c9f27ba" testListId="8c84fa94-04c1-424b-9868-57a2d4851a1d" />
    <TestEntry testId="06a22416-08af-c0dc-b70f-5cec4761aa09" executionId="23f4e2bf-f488-4d97-bbe9-f96890dd81a3" testListId="8c84fa94-04c1-424b-9868-57a2d4851a1d" />
    <TestEntry testId="33d4d279-34bd-6d5a-280e-4b82973def51" executionId="a2fc3a0f-be34-4d2b-ae11-f112da214614" testListId="8c84fa94-04c1-424b-9868-57a2d4851a1d" />
    <TestEntry testId="beae7429-a6a2-4b8b-91b8-2242ec45c77a" executionId="223be9c5-9004-4013-81df-fd2f38a44195" testListId="8c84fa94-04c1-424b-9868-57a2d4851a1d" />
    <TestEntry testId="7a71b779-6444-5633-f109-dc2d069ca31b" executionId="fcc5016c-836c-4e23-af4f-e282327ec1df" testListId="8c84fa94-04c1-424b-9868-57a2d4851a1d" />
    <TestEntry testId="30d12b1b-aa49-8c08-bd4a-866243aceb48" executionId="dcbcc1bb-d1e3-40be-8f6b-6cc492332a1d" testListId="8c84fa94-04c1-424b-9868-57a2d4851a1d" />
    <TestEntry testId="d79ef6f9-4e22-e7f6-a37e-b0e7a8cab61d" executionId="cece37ad-2473-4630-bdb7-57ce2c4bb502" testListId="8c84fa94-04c1-424b-9868-57a2d4851a1d" />
    <TestEntry testId="cb4b29f5-c7d3-2010-bb43-cecc9f41c474" executionId="9981854d-54f6-4d2d-86ea-b3027b8436c0" testListId="8c84fa94-04c1-424b-9868-57a2d4851a1d" />
    <TestEntry testId="86d01318-0230-9e62-826b-6c3385d23407" executionId="cacbe30b-d53e-4f51-91f1-4bafa0e46ecf" testListId="8c84fa94-04c1-424b-9868-57a2d4851a1d" />
    <TestEntry testId="80c6668e-527f-7ce0-c7fa-d368165124a1" executionId="1380eeeb-c7d3-47e1-805e-4a38759fc748" testListId="8c84fa94-04c1-424b-9868-57a2d4851a1d" />
    <TestEntry testId="d9c44692-30b5-c679-747b-7d385a54ef67" executionId="aa073191-c15f-49e4-8d46-e0fa5116dd26" testListId="8c84fa94-04c1-424b-9868-57a2d4851a1d" />
    <TestEntry testId="8bc468f8-eee0-673a-92b7-930506440e84" executionId="be458f9e-c343-4925-b85e-8893b44428cf" testListId="8c84fa94-04c1-424b-9868-57a2d4851a1d" />
    <TestEntry testId="e59f5b3d-3a7c-4505-e293-67664a703224" executionId="3f98a749-f943-4cd5-9d80-4dcfedc427c4" testListId="8c84fa94-04c1-424b-9868-57a2d4851a1d" />
    <TestEntry testId="4312a9d7-4905-c365-94ac-da54845d713f" executionId="41fd271f-dd95-45a1-8539-c6b7f60650da" testListId="8c84fa94-04c1-424b-9868-57a2d4851a1d" />
  </TestEntries>
  <Results>
    <UnitTestResult executionId="42e71053-832b-455e-840b-d70ed4a6303a" testId="58939138-4342-8e72-2f65-c6ec6d5362d3" testName="SaveAStringKeyValue" computerName="HORVICKW7" duration="00:00:01.8533625" startTime="2010-03-20T12:22:56.3748338-04:00" endTime="2010-03-20T12:22:59.5830173-04:00" testType="13cdc9d9-ddb5-4fa4-a97d-d965ccfc6d4b" outcome="Passed" testListId="8c84fa94-04c1-424b-9868-57a2d4851a1d" relativeResultsDirectory="42e71053-832b-455e-840b-d70ed4a6303a">
      <Output>
        <DebugTrace>X-Riak-Vclock: a85hYGBgzGDKBVIs7Mcd+DKYEhnzWBm8CiSP8mUBAA==
Link: 
</DebugTrace>
      </Output>
    </UnitTestResult>
    <UnitTestResult executionId="7561c0c0-6e53-4740-8b55-ba6810170431" testId="4ad0d6cc-b6bb-6b71-fab7-7bd0c1927a9f" testName="SaveABinaryKeyValue" computerName="HORVICKW7" duration="00:00:00.2187275" startTime="2010-03-20T12:22:59.5920178-04:00" endTime="2010-03-20T12:22:59.8230310-04:00" testType="13cdc9d9-ddb5-4fa4-a97d-d965ccfc6d4b" outcome="Passed" testListId="8c84fa94-04c1-424b-9868-57a2d4851a1d" relativeResultsDirectory="7561c0c0-6e53-4740-8b55-ba6810170431">
    </UnitTestResult>
    <UnitTestResult executionId="207fa98e-2ce2-4fd4-a1d4-d0868edd65ab" testId="ecb7a2ec-95c2-bcd4-9208-598a9a8227f1" testName="DeleteExistingKeys" computerName="HORVICKW7" duration="00:00:00.8369973" startTime="2010-03-20T12:22:59.8470324-04:00" endTime="2010-03-20T12:23:00.7050815-04:00" testType="13cdc9d9-ddb5-4fa4-a97d-d965ccfc6d4b" outcome="Passed" testListId="8c84fa94-04c1-424b-9868-57a2d4851a1d" relativeResultsDirectory="207fa98e-2ce2-4fd4-a1d4-d0868edd65ab">
      <Output>
        <DebugTrace>X-Riak-Vclock: a85hYGBgzGDKBVIsjOmylzOYEhnzWBmSiySP8mUBAA==
X-Riak-Vclock: a85hYGBgymDKBVIs7Mcd+DKYEhnzWBm8CiSP8kGFWVc/CYEKJxcBhbMA
</DebugTrace>
      </Output>
    </UnitTestResult>
    <UnitTestResult executionId="0c533017-2487-4a31-b568-d78f6c9f27ba" testId="8adbc453-a093-0889-b145-79d2f69be902" testName="DeleteMissingKeys" computerName="HORVICKW7" duration="00:00:01.0310957" startTime="2010-03-20T12:23:00.7130819-04:00" endTime="2010-03-20T12:23:01.7591418-04:00" testType="13cdc9d9-ddb5-4fa4-a97d-d965ccfc6d4b" outcome="Passed" testListId="8c84fa94-04c1-424b-9868-57a2d4851a1d" relativeResultsDirectory="0c533017-2487-4a31-b568-d78f6c9f27ba">
      <Output>
        <DebugTrace>X-Riak-Vclock: a85hYGBgzGDKBVIsLOt+eWcwJTLmsTKkFEke5csCAA==
X-Riak-Vclock: a85hYGBgzGDKBVIsLOt+eWcwJTLmsTKkFEke5csCAA==
X-Riak-Vclock: a85hYGBgzGDKBVIsLOt+eWcwJTLmsTKkFEke5csCAA==
X-Riak-Vclock: a85hYGBgzGDKBVIsLOt+eWcwJTLmsTKkFEke5csCAA==
X-Riak-Vclock: a85hYGBgzGDKBVIsLOt+eWcwJTLmsTKkFEke5csCAA==
X-Riak-Vclock: a85hYGBgzGDKBVIsLOt+eWcwJTLmsTKkFEke5csCAA==
X-Riak-Vclock: a85hYGBgzGDKBVIsLOt+eWcwJTLmsTKkFkke5csCAA==
X-Riak-Vclock: a85hYGBgzGDKBVIsLOt+eWcwJTLmsTKkFkke5csCAA==
X-Riak-Vclock: a85hYGBgzGDKBVIsLOt+eWcwJTLmsTKkFkke5csCAA==
X-Riak-Vclock: a85hYGBgzGDKBVIsLOt+eWcwJTLmsTKkFkke5csCAA==
X-Riak-Vclock: a85hYGBgzGDKBVIsLOt+eWcwJTLmsTKkFkke5csCAA==
X-Riak-Vclock: a85hYGBgzGDKBVIsLOt+eWcwJTLmsTKkFkke5csCAA==
X-Riak-Vclock: a85hYGBgzGDKBVIsLOt+eWcwJTLmsTKkFkke5csCAA==
X-Riak-Vclock: a85hYGBgzGDKBVIsLOt+eWcwJTLmsTKkFkke5csCAA==
X-Riak-Vclock: a85hYGBgzGDKBVIsLOt+eWcwJTLmsTKkFkke5csCAA==
X-Riak-Vclock: a85hYGBgzGDKBVIsLOt+eWcwJTLmsTKkFkke5csCAA==
X-Riak-Vclock: a85hYGBgzGDKBVIsLOt+eWcwJTLmsTKkFkke5csCAA==
X-Riak-Vclock: a85hYGBgzGDKBVIsLOt+eWcwJTLmsTKkFkke5csCAA==
X-Riak-Vclock: a85hYGBgzGDKBVIsLOt+eWcwJTLmsTKkFkke5csCAA==
X-Riak-Vclock: a85hYGBgzGDKBVIsLOt+eWcwJTLmsTKkFkke5csCAA==
</DebugTrace>
      </Output>
    </UnitTestResult>
    <UnitTestResult executionId="23f4e2bf-f488-4d97-bbe9-f96890dd81a3" testId="06a22416-08af-c0dc-b70f-5cec4761aa09" testName="ConflictOnNonMultiBucket" computerName="HORVICKW7" duration="00:00:00.4241743" startTime="2010-03-20T12:23:01.7691423-04:00" endTime="2010-03-20T12:23:02.2091675-04:00" testType="13cdc9d9-ddb5-4fa4-a97d-d965ccfc6d4b" outcome="Passed" testListId="8c84fa94-04c1-424b-9868-57a2d4851a1d" relativeResultsDirectory="23f4e2bf-f488-4d97-bbe9-f96890dd81a3">
      <Output>
        <DebugTrace>X-Riak-Vclock: a85hYGBgzGDKBVIszKGRnhlMiYx5rAxpRZJH+bIA
Link: 
X-Riak-Vclock: a85hYGBgzGDKBVIszKGRnhlMiYx5rAxpRZJH+bIA
Link: 
</DebugTrace>
      </Output>
    </UnitTestResult>
    <UnitTestResult executionId="a2fc3a0f-be34-4d2b-ae11-f112da214614" testId="33d4d279-34bd-6d5a-280e-4b82973def51" testName="SettingAllowMultiPersistsCorrectly" computerName="HORVICKW7" duration="00:00:00.7683966" startTime="2010-03-20T12:23:02.2161679-04:00" endTime="2010-03-20T12:23:02.9952125-04:00" testType="13cdc9d9-ddb5-4fa4-a97d-d965ccfc6d4b" outcome="Passed" testListId="8c84fa94-04c1-424b-9868-57a2d4851a1d" relativeResultsDirectory="a2fc3a0f-be34-4d2b-ae11-f112da214614">
    </UnitTestResult>
    <UnitTestResult executionId="223be9c5-9004-4013-81df-fd2f38a44195" testId="beae7429-a6a2-4b8b-91b8-2242ec45c77a" testName="ConflictOnAllowMultiBucket" computerName="HORVICKW7" duration="00:00:00.3364966" startTime="2010-03-20T12:23:03.0042130-04:00" endTime="2010-03-20T12:23:03.3522329-04:00" testType="13cdc9d9-ddb5-4fa4-a97d-d965ccfc6d4b" outcome="Passed" testListId="8c84fa94-04c1-424b-9868-57a2d4851a1d" relativeResultsDirectory="223be9c5-9004-4013-81df-fd2f38a44195">
      <Output>
        <DebugTrace>X-Riak-Vclock: a85hYGBgzGDKBVIsbCG9MzOYEhnzWBnSiySP8mUBAA==
Link: 
X-Riak-Vclock: a85hYGBgzGDKBVIsbCG9MzOYEhnzWBnSiySP8mUBAA==
Link: 
</DebugTrace>
      </Output>
    </UnitTestResult>
    <UnitTestResult executionId="fcc5016c-836c-4e23-af4f-e282327ec1df" testId="7a71b779-6444-5633-f109-dc2d069ca31b" testName="GetAllSiblingsOnConflict" computerName="HORVICKW7" duration="00:00:00.4624029" startTime="2010-03-20T12:23:03.3622334-04:00" endTime="2010-03-20T12:23:03.8372606-04:00" testType="13cdc9d9-ddb5-4fa4-a97d-d965ccfc6d4b" outcome="Passed" testListId="8c84fa94-04c1-424b-9868-57a2d4851a1d" relativeResultsDirectory="fcc5016c-836c-4e23-af4f-e282327ec1df">
      <Output>
        <DebugTrace>X-Riak-Vclock: a85hYGBgzGDKBVIsLMvTSzKYEhnzWBnSiySP8mUBAA==
Link: 
X-Riak-Vclock: a85hYGBgzGDKBVIsLMvTSzKYEhnzWBnSiySP8mUBAA==
Link: 
</DebugTrace>
      </Output>
    </UnitTestResult>
    <UnitTestResult executionId="dcbcc1bb-d1e3-40be-8f6b-6cc492332a1d" testId="30d12b1b-aa49-8c08-bd4a-866243aceb48" testName="LinkWithRelationalUri" computerName="HORVICKW7" duration="00:00:00.0032472" startTime="2010-03-20T12:23:03.8462611-04:00" endTime="2010-03-20T12:23:03.8602619-04:00" testType="13cdc9d9-ddb5-4fa4-a97d-d965ccfc6d4b" outcome="Passed" testListId="8c84fa94-04c1-424b-9868-57a2d4851a1d" relativeResultsDirectory="dcbcc1bb-d1e3-40be-8f6b-6cc492332a1d">
    </UnitTestResult>
    <UnitTestResult executionId="cece37ad-2473-4630-bdb7-57ce2c4bb502" testId="d79ef6f9-4e22-e7f6-a37e-b0e7a8cab61d" testName="LinkWithMultipleParameters" computerName="HORVICKW7" duration="00:00:00.0007752" startTime="2010-03-20T12:23:03.8702625-04:00" endTime="2010-03-20T12:23:03.8902637-04:00" testType="13cdc9d9-ddb5-4fa4-a97d-d965ccfc6d4b" outcome="Passed" testListId="8c84fa94-04c1-424b-9868-57a2d4851a1d" relativeResultsDirectory="cece37ad-2473-4630-bdb7-57ce2c4bb502">
    </UnitTestResult>
    <UnitTestResult executionId="9981854d-54f6-4d2d-86ea-b3027b8436c0" testId="cb4b29f5-c7d3-2010-bb43-cecc9f41c474" testName="LinkOnNewKeyExistsAndParses" computerName="HORVICKW7" duration="00:00:00.2615815" startTime="2010-03-20T12:23:03.9002642-04:00" endTime="2010-03-20T12:23:04.1792802-04:00" testType="13cdc9d9-ddb5-4fa4-a97d-d965ccfc6d4b" outcome="Passed" testListId="8c84fa94-04c1-424b-9868-57a2d4851a1d" relativeResultsDirectory="9981854d-54f6-4d2d-86ea-b3027b8436c0">
    </UnitTestResult>
    <UnitTestResult executionId="cacbe30b-d53e-4f51-91f1-4bafa0e46ecf" testId="86d01318-0230-9e62-826b-6c3385d23407" testName="LinkOddlyFormedIsParsedAndNormalized" computerName="HORVICKW7" duration="00:00:00.0008024" startTime="2010-03-20T12:23:04.2112820-04:00" endTime="2010-03-20T12:23:04.2252828-04:00" testType="13cdc9d9-ddb5-4fa4-a97d-d965ccfc6d4b" outcome="Passed" testListId="8c84fa94-04c1-424b-9868-57a2d4851a1d" relativeResultsDirectory="cacbe30b-d53e-4f51-91f1-4bafa0e46ecf">
    </UnitTestResult>
    <UnitTestResult executionId="1380eeeb-c7d3-47e1-805e-4a38759fc748" testId="80c6668e-527f-7ce0-c7fa-d368165124a1" testName="LinkCollectionOperationalTests" computerName="HORVICKW7" duration="00:00:00.0039632" startTime="2010-03-20T12:23:04.2312832-04:00" endTime="2010-03-20T12:23:04.2472841-04:00" testType="13cdc9d9-ddb5-4fa4-a97d-d965ccfc6d4b" outcome="Passed" testListId="8c84fa94-04c1-424b-9868-57a2d4851a1d" relativeResultsDirectory="1380eeeb-c7d3-47e1-805e-4a38759fc748">
    </UnitTestResult>
    <UnitTestResult executionId="aa073191-c15f-49e4-8d46-e0fa5116dd26" testId="d9c44692-30b5-c679-747b-7d385a54ef67" testName="LinkWithUnknownParameters" computerName="HORVICKW7" duration="00:00:00.0007971" startTime="2010-03-20T12:23:04.2602848-04:00" endTime="2010-03-20T12:23:04.2722855-04:00" testType="13cdc9d9-ddb5-4fa4-a97d-d965ccfc6d4b" outcome="Passed" testListId="8c84fa94-04c1-424b-9868-57a2d4851a1d" relativeResultsDirectory="aa073191-c15f-49e4-8d46-e0fa5116dd26">
    </UnitTestResult>
    <UnitTestResult executionId="be458f9e-c343-4925-b85e-8893b44428cf" testId="8bc468f8-eee0-673a-92b7-930506440e84" testName="LinkRoundTripping" computerName="HORVICKW7" duration="00:00:00.0008759" startTime="2010-03-20T12:23:04.3062874-04:00" endTime="2010-03-20T12:23:04.3202882-04:00" testType="13cdc9d9-ddb5-4fa4-a97d-d965ccfc6d4b" outcome="Passed" testListId="8c84fa94-04c1-424b-9868-57a2d4851a1d" relativeResultsDirectory="be458f9e-c343-4925-b85e-8893b44428cf">
    </UnitTestResult>
    <UnitTestResult executionId="3f98a749-f943-4cd5-9d80-4dcfedc427c4" testId="e59f5b3d-3a7c-4505-e293-67664a703224" testName="LinkFollowing" computerName="HORVICKW7" duration="00:00:00.6839010" startTime="2010-03-20T12:23:04.3702911-04:00" endTime="2010-03-20T12:23:05.0653309-04:00" testType="13cdc9d9-ddb5-4fa4-a97d-d965ccfc6d4b" outcome="Passed" testListId="8c84fa94-04c1-424b-9868-57a2d4851a1d" relativeResultsDirectory="3f98a749-f943-4cd5-9d80-4dcfedc427c4">
      <Output>
        <DebugTrace>X-Riak-Vclock: a85hYGBgzGDKBVIsbOIM2RlMiUx5rAzeBZJH+bIA
X-Riak-Vclock: a85hYGBgzGDKBVIsbOIM2RlMiUx5rAzeBZJH+bIA
X-Riak-Vclock: a85hYGBgzGDKBVIsbOIM2RlMiUx5rAzeBZJH+bIA
X-Riak-Vclock: a85hYGBgzGDKBVIsbOIM2RlMiUx5rAzeBZJH+bIA
X-Riak-Vclock: a85hYGBgzGDKBVIsbOIM2RlMiUx5rAzeBZJH+bIA
X-Riak-Vclock: a85hYGBgzGDKBVIsLP/e+GUwJTLmsTJkFEke5csCAA==
Link: &lt;/riak/Album/Kind%20of%20Blue&gt;; riaktag="album", &lt;/riak/Album/Conception&gt;; riaktag="album", &lt;/riak/Album/Blue&gt;; riaktag="album", &lt;/riak/Album/Dig&gt;; riaktag="album"
X-Riak-Vclock: a85hYGBgyWDKBVFs4gzZGUyJTHmsDN4Fkkf5oMIs/974AYUZgcIZRQhhRuWFvpjCbM1JrNO3L0aWyAIA
Link: &lt;/riak/Artist/Miles%20Davis&gt;; riaktag="artist"
X-Riak-Vclock: a85hYGBgzGDKBVIsLP/e+GUwJTLmsTJkFEke5csCAA==
Link: &lt;/riak/Artist/Miles%20Davis&gt;; riaktag="artist"
X-Riak-Vclock: a85hYGBgzGDKBVIsLP/e+GUwJTLmsTJkFEke5csCAA==
Link: &lt;/riak/Artist/Miles%20Davis&gt;; riaktag="artist"
X-Riak-Vclock: a85hYGBgzGDKBVIsLP/e+GUwJTLmsTJkFEke5csCAA==
Link: &lt;/riak/Artist/Miles%20Davis&gt;; riaktag="artist"
</DebugTrace>
      </Output>
    </UnitTestResult>
    <UnitTestResult executionId="41fd271f-dd95-45a1-8539-c6b7f60650da" testId="4312a9d7-4905-c365-94ac-da54845d713f" testName="GetAllTextData" computerName="HORVICKW7" duration="00:00:00.4810760" startTime="2010-03-20T12:23:05.0753314-04:00" endTime="2010-03-20T12:23:05.5673596-04:00" testType="13cdc9d9-ddb5-4fa4-a97d-d965ccfc6d4b" outcome="Failed" testListId="8c84fa94-04c1-424b-9868-57a2d4851a1d" relativeResultsDirectory="41fd271f-dd95-45a1-8539-c6b7f60650da">
      <Output>
        <DebugTrace>X-Riak-Vclock: a85hYGBgzWDKBVIsDNfk4zKYElnyWBmM/CSP8kGFmWbri0GFP2UhCV+o4oAKR2QjhFmNdohChX0KkIQXuM2BCvsWAYWzAA==
Link: 
X-Riak-Vclock: a85hYGBgy2DKBVIsDNfk4zKYElnyWBmM/CSP8kGFmWbri0GFP2UhCV+o4oAKR2QjhFmNdohChX0KkIQXuM2BCvsWIYTZy1bcBwozAoUzQcJZAA==
Link: 
X-Riak-Vclock: a85hYGBgy2DKBVIsDNfk4zKYElnyWBmM/CSP8kGFmWbri0GFP2UhCV+o4oAKR2QjhFmNdohChX0KkIQXuM2BCvsWIYTZy1bcBwozAYUzQcJZAA==
Link: 
X-Riak-Vclock: a85hYGBgy2DKBVIsDNfk4zKYElnyWBmM/CSP8kGFmWbri0GFP2UhCV+o4oAKR2QjhFmNdohChX0KkIQXuM2BCvsWIYTZy1bcBwozA4UzQcJZAA==
Link: 
</DebugTrace>
        <ErrorInfo>
          <Message>Assert.Fail failed. fail</Message>
          <StackTrace>   at Riak.Tests.MultiPartResponseTests.GetAllTextData() in c:\projects\Riak.Client\Riak.Tests\MultiPartResponseTests.cs:line 51
</StackTrace>
        </ErrorInfo>
      </Output>
    </UnitTestResult>
  </Results>
</TestRun>