<?xml version="1.0" encoding="UTF-8"?>
<TestRun id="1648928d-ca5a-404e-9b09-efc7b13a0878" name="Robert@HORVICKW7 2010-03-20 09:47:36" runUser="HORVICKW7\Robert" xmlns="http://microsoft.com/schemas/VisualStudio/TeamTest/2010">
  <TestSettings name="Local" id="cccf0ead-bb7b-4fa6-80c8-b697078887da">
    <Description>These are default test settings for a local test run.</Description>
    <Execution>
      <TestTypeSpecific>
        <UnitTestRunConfig testTypeId="13cdc9d9-ddb5-4fa4-a97d-d965ccfc6d4b">
          <AssemblyResolution>
            <TestDirectory useLoadContext="true" />
          </AssemblyResolution>
        </UnitTestRunConfig>
        <WebTestRunConfiguration testTypeId="4e7599fa-5ecb-43e9-a887-cd63cf72d207">
          <Browser name="Internet Explorer 7.0">
            <Headers>
              <Header name="User-Agent" value="Mozilla/4.0 (compatible; MSIE 7.0; Windows NT 5.1)" />
              <Header name="Accept" value="*/*" />
              <Header name="Accept-Language" value="{{$IEAcceptLanguage}}" />
              <Header name="Accept-Encoding" value="GZIP" />
            </Headers>
          </Browser>
        </WebTestRunConfiguration>
      </TestTypeSpecific>
      <AgentRule name="LocalMachineDefaultRole">
        <DataCollectors>
          <DataCollector uri="datacollector://microsoft/CodeCoverage/1.0" assemblyQualifiedName="Microsoft.VisualStudio.TestTools.CodeCoverage.CoveragePlugIn, Microsoft.VisualStudio.QualityTools.Plugins.CodeCoverage, Version=10.0.0.0, Culture=neutral, PublicKeyToken=b03f5f7f11d50a3a" friendlyName="Code Coverage" enabled="false">
            <Configuration>
              <CodeCoverage xmlns="">
                <Regular>
                  <CodeCoverageItem binaryFile="Riak.Client\bin\Debug\Riak.Client.dll" pdbFile="Riak.Client\bin\Debug\Riak.Client.pdb" instrumentInPlace="true" />
                </Regular>
              </CodeCoverage>
            </Configuration>
          </DataCollector>
        </DataCollectors>
      </AgentRule>
    </Execution>
    <Deployment runDeploymentRoot="Robert_HORVICKW7 2010-03-20 09_47_36" />
  </TestSettings>
  <Times creation="2010-03-20T09:47:36.6687771-04:00" queuing="2010-03-20T09:47:41.6260606-04:00" start="2010-03-20T09:47:42.4151058-04:00" finish="2010-03-20T09:48:00.2071234-04:00" />
  <ResultSummary outcome="Failed">
    <Counters total="17" executed="17" passed="16" error="0" failed="1" timeout="0" aborted="0" inconclusive="0" passedButRunAborted="0" notRunnable="0" notExecuted="0" disconnected="0" warning="0" completed="0" inProgress="0" pending="0" />
  </ResultSummary>
  <TestDefinitions>
    <UnitTest name="LinkWithMultipleParameters" storage="c:\projects\riak.client\riak.tests\bin\debug\riak.tests.dll" id="d79ef6f9-4e22-e7f6-a37e-b0e7a8cab61d">
      <Execution id="2aec1933-70cb-4a4d-b22c-1e386fccce58" />
      <TestMethod codeBase="c:/projects/Riak.Client/Riak.Tests/bin/Debug/Riak.Tests.DLL" adapterTypeName="Microsoft.VisualStudio.TestTools.TestTypes.Unit.UnitTestAdapter, Microsoft.VisualStudio.QualityTools.Tips.UnitTest.Adapter, Version=10.0.0.0, Culture=neutral, PublicKeyToken=b03f5f7f11d50a3a" className="Riak.Tests.LinkTests, Riak.Tests, Version=1.0.0.0, Culture=neutral, PublicKeyToken=null" name="LinkWithMultipleParameters" />
    </UnitTest>
    <UnitTest name="LinkFollowing" storage="c:\projects\riak.client\riak.tests\bin\debug\riak.tests.dll" id="e59f5b3d-3a7c-4505-e293-67664a703224">
      <Execution id="5e4e4b40-25f1-4a61-b38d-d36d157f37eb" />
      <TestMethod codeBase="c:/projects/Riak.Client/Riak.Tests/bin/Debug/Riak.Tests.DLL" adapterTypeName="Microsoft.VisualStudio.TestTools.TestTypes.Unit.UnitTestAdapter, Microsoft.VisualStudio.QualityTools.Tips.UnitTest.Adapter, Version=10.0.0.0, Culture=neutral, PublicKeyToken=b03f5f7f11d50a3a" className="Riak.Tests.LinkTests, Riak.Tests, Version=1.0.0.0, Culture=neutral, PublicKeyToken=null" name="LinkFollowing" />
    </UnitTest>
    <UnitTest name="SettingAllowMultiPersistsCorrectly" storage="c:\projects\riak.client\riak.tests\bin\debug\riak.tests.dll" id="33d4d279-34bd-6d5a-280e-4b82973def51">
      <Execution id="6b57eb1a-aa0f-4e8a-9a5c-e5fe252c39e2" />
      <TestMethod codeBase="c:/projects/Riak.Client/Riak.Tests/bin/Debug/Riak.Tests.DLL" adapterTypeName="Microsoft.VisualStudio.TestTools.TestTypes.Unit.UnitTestAdapter, Microsoft.VisualStudio.QualityTools.Tips.UnitTest.Adapter, Version=10.0.0.0, Culture=neutral, PublicKeyToken=b03f5f7f11d50a3a" className="Riak.Tests.BucketTests, Riak.Tests, Version=1.0.0.0, Culture=neutral, PublicKeyToken=null" name="SettingAllowMultiPersistsCorrectly" />
    </UnitTest>
    <UnitTest name="LinkCollectionOperationalTests" storage="c:\projects\riak.client\riak.tests\bin\debug\riak.tests.dll" id="80c6668e-527f-7ce0-c7fa-d368165124a1">
      <Execution id="01799b79-57f0-4840-ab6e-0ade6fce0772" />
      <TestMethod codeBase="c:/projects/Riak.Client/Riak.Tests/bin/Debug/Riak.Tests.DLL" adapterTypeName="Microsoft.VisualStudio.TestTools.TestTypes.Unit.UnitTestAdapter, Microsoft.VisualStudio.QualityTools.Tips.UnitTest.Adapter, Version=10.0.0.0, Culture=neutral, PublicKeyToken=b03f5f7f11d50a3a" className="Riak.Tests.LinkTests, Riak.Tests, Version=1.0.0.0, Culture=neutral, PublicKeyToken=null" name="LinkCollectionOperationalTests" />
    </UnitTest>
    <UnitTest name="GetAllSiblingsOnConflict" storage="c:\projects\riak.client\riak.tests\bin\debug\riak.tests.dll" id="7a71b779-6444-5633-f109-dc2d069ca31b">
      <Execution id="2c4d1e0e-68b9-4da9-a63b-467867e03c0f" />
      <TestMethod codeBase="c:/projects/Riak.Client/Riak.Tests/bin/Debug/Riak.Tests.DLL" adapterTypeName="Microsoft.VisualStudio.TestTools.TestTypes.Unit.UnitTestAdapter, Microsoft.VisualStudio.QualityTools.Tips.UnitTest.Adapter, Version=10.0.0.0, Culture=neutral, PublicKeyToken=b03f5f7f11d50a3a" className="Riak.Tests.BucketTests, Riak.Tests, Version=1.0.0.0, Culture=neutral, PublicKeyToken=null" name="GetAllSiblingsOnConflict" />
    </UnitTest>
    <UnitTest name="SaveAStringKeyValue" storage="c:\projects\riak.client\riak.tests\bin\debug\riak.tests.dll" id="58939138-4342-8e72-2f65-c6ec6d5362d3">
      <Execution id="f0279b72-ee2d-4b18-96ef-6f1b53889903" />
      <TestMethod codeBase="c:/projects/Riak.Client/Riak.Tests/bin/Debug/Riak.Tests.DLL" adapterTypeName="Microsoft.VisualStudio.TestTools.TestTypes.Unit.UnitTestAdapter, Microsoft.VisualStudio.QualityTools.Tips.UnitTest.Adapter, Version=10.0.0.0, Culture=neutral, PublicKeyToken=b03f5f7f11d50a3a" className="Riak.Tests.BucketTests, Riak.Tests, Version=1.0.0.0, Culture=neutral, PublicKeyToken=null" name="SaveAStringKeyValue" />
    </UnitTest>
    <UnitTest name="LinkOddlyFormedIsParsedAndNormalized" storage="c:\projects\riak.client\riak.tests\bin\debug\riak.tests.dll" id="86d01318-0230-9e62-826b-6c3385d23407">
      <Execution id="a21e3dae-5cee-4edc-9973-fd9b7e0a63e1" />
      <TestMethod codeBase="c:/projects/Riak.Client/Riak.Tests/bin/Debug/Riak.Tests.DLL" adapterTypeName="Microsoft.VisualStudio.TestTools.TestTypes.Unit.UnitTestAdapter, Microsoft.VisualStudio.QualityTools.Tips.UnitTest.Adapter, Version=10.0.0.0, Culture=neutral, PublicKeyToken=b03f5f7f11d50a3a" className="Riak.Tests.LinkTests, Riak.Tests, Version=1.0.0.0, Culture=neutral, PublicKeyToken=null" name="LinkOddlyFormedIsParsedAndNormalized" />
    </UnitTest>
    <UnitTest name="SaveABinaryKeyValue" storage="c:\projects\riak.client\riak.tests\bin\debug\riak.tests.dll" id="4ad0d6cc-b6bb-6b71-fab7-7bd0c1927a9f">
      <Execution id="67c6d3dd-849c-43e3-9f08-03cf76727bff" />
      <TestMethod codeBase="c:/projects/Riak.Client/Riak.Tests/bin/Debug/Riak.Tests.DLL" adapterTypeName="Microsoft.VisualStudio.TestTools.TestTypes.Unit.UnitTestAdapter, Microsoft.VisualStudio.QualityTools.Tips.UnitTest.Adapter, Version=10.0.0.0, Culture=neutral, PublicKeyToken=b03f5f7f11d50a3a" className="Riak.Tests.BucketTests, Riak.Tests, Version=1.0.0.0, Culture=neutral, PublicKeyToken=null" name="SaveABinaryKeyValue" />
    </UnitTest>
    <UnitTest name="LinkWithRelationalUri" storage="c:\projects\riak.client\riak.tests\bin\debug\riak.tests.dll" id="30d12b1b-aa49-8c08-bd4a-866243aceb48">
      <Execution id="75b8725c-f14a-4881-8274-8ebf371612ab" />
      <TestMethod codeBase="c:/projects/Riak.Client/Riak.Tests/bin/Debug/Riak.Tests.DLL" adapterTypeName="Microsoft.VisualStudio.TestTools.TestTypes.Unit.UnitTestAdapter, Microsoft.VisualStudio.QualityTools.Tips.UnitTest.Adapter, Version=10.0.0.0, Culture=neutral, PublicKeyToken=b03f5f7f11d50a3a" className="Riak.Tests.LinkTests, Riak.Tests, Version=1.0.0.0, Culture=neutral, PublicKeyToken=null" name="LinkWithRelationalUri" />
    </UnitTest>
    <UnitTest name="GetAllTextData" storage="c:\projects\riak.client\riak.tests\bin\debug\riak.tests.dll" id="4312a9d7-4905-c365-94ac-da54845d713f">
      <Execution id="69984548-1456-43b9-adf9-47d28b7ee0fe" />
      <TestMethod codeBase="c:/projects/Riak.Client/Riak.Tests/bin/Debug/Riak.Tests.DLL" adapterTypeName="Microsoft.VisualStudio.TestTools.TestTypes.Unit.UnitTestAdapter, Microsoft.VisualStudio.QualityTools.Tips.UnitTest.Adapter, Version=10.0.0.0, Culture=neutral, PublicKeyToken=b03f5f7f11d50a3a" className="Riak.Tests.MultiPartResponseTests, Riak.Tests, Version=1.0.0.0, Culture=neutral, PublicKeyToken=null" name="GetAllTextData" />
    </UnitTest>
    <UnitTest name="ConflictOnAllowMultiBucket" storage="c:\projects\riak.client\riak.tests\bin\debug\riak.tests.dll" id="beae7429-a6a2-4b8b-91b8-2242ec45c77a">
      <Execution id="479aef6e-d5b8-41ea-ab8d-9dfa98993287" />
      <TestMethod codeBase="c:/projects/Riak.Client/Riak.Tests/bin/Debug/Riak.Tests.DLL" adapterTypeName="Microsoft.VisualStudio.TestTools.TestTypes.Unit.UnitTestAdapter, Microsoft.VisualStudio.QualityTools.Tips.UnitTest.Adapter, Version=10.0.0.0, Culture=neutral, PublicKeyToken=b03f5f7f11d50a3a" className="Riak.Tests.BucketTests, Riak.Tests, Version=1.0.0.0, Culture=neutral, PublicKeyToken=null" name="ConflictOnAllowMultiBucket" />
    </UnitTest>
    <UnitTest name="LinkWithUnknownParameters" storage="c:\projects\riak.client\riak.tests\bin\debug\riak.tests.dll" id="d9c44692-30b5-c679-747b-7d385a54ef67">
      <Execution id="fd9363d6-f82b-4588-a2ae-af2d403caddd" />
      <TestMethod codeBase="c:/projects/Riak.Client/Riak.Tests/bin/Debug/Riak.Tests.DLL" adapterTypeName="Microsoft.VisualStudio.TestTools.TestTypes.Unit.UnitTestAdapter, Microsoft.VisualStudio.QualityTools.Tips.UnitTest.Adapter, Version=10.0.0.0, Culture=neutral, PublicKeyToken=b03f5f7f11d50a3a" className="Riak.Tests.LinkTests, Riak.Tests, Version=1.0.0.0, Culture=neutral, PublicKeyToken=null" name="LinkWithUnknownParameters" />
    </UnitTest>
    <UnitTest name="LinkRoundTripping" storage="c:\projects\riak.client\riak.tests\bin\debug\riak.tests.dll" id="8bc468f8-eee0-673a-92b7-930506440e84">
      <Execution id="e2177fe5-92b9-48d0-acfd-2f7398254412" />
      <TestMethod codeBase="c:/projects/Riak.Client/Riak.Tests/bin/Debug/Riak.Tests.DLL" adapterTypeName="Microsoft.VisualStudio.TestTools.TestTypes.Unit.UnitTestAdapter, Microsoft.VisualStudio.QualityTools.Tips.UnitTest.Adapter, Version=10.0.0.0, Culture=neutral, PublicKeyToken=b03f5f7f11d50a3a" className="Riak.Tests.LinkTests, Riak.Tests, Version=1.0.0.0, Culture=neutral, PublicKeyToken=null" name="LinkRoundTripping" />
    </UnitTest>
    <UnitTest name="DeleteMissingKeys" storage="c:\projects\riak.client\riak.tests\bin\debug\riak.tests.dll" id="8adbc453-a093-0889-b145-79d2f69be902">
      <Execution id="089e4bc7-51de-45d7-9e28-66dd171741be" />
      <TestMethod codeBase="c:/projects/Riak.Client/Riak.Tests/bin/Debug/Riak.Tests.DLL" adapterTypeName="Microsoft.VisualStudio.TestTools.TestTypes.Unit.UnitTestAdapter, Microsoft.VisualStudio.QualityTools.Tips.UnitTest.Adapter, Version=10.0.0.0, Culture=neutral, PublicKeyToken=b03f5f7f11d50a3a" className="Riak.Tests.BucketTests, Riak.Tests, Version=1.0.0.0, Culture=neutral, PublicKeyToken=null" name="DeleteMissingKeys" />
    </UnitTest>
    <UnitTest name="DeleteExistingKeys" storage="c:\projects\riak.client\riak.tests\bin\debug\riak.tests.dll" id="ecb7a2ec-95c2-bcd4-9208-598a9a8227f1">
      <Execution id="5863feef-0dfa-40d7-a109-73c0bd53f8ae" />
      <TestMethod codeBase="c:/projects/Riak.Client/Riak.Tests/bin/Debug/Riak.Tests.DLL" adapterTypeName="Microsoft.VisualStudio.TestTools.TestTypes.Unit.UnitTestAdapter, Microsoft.VisualStudio.QualityTools.Tips.UnitTest.Adapter, Version=10.0.0.0, Culture=neutral, PublicKeyToken=b03f5f7f11d50a3a" className="Riak.Tests.BucketTests, Riak.Tests, Version=1.0.0.0, Culture=neutral, PublicKeyToken=null" name="DeleteExistingKeys" />
    </UnitTest>
    <UnitTest name="ConflictOnNonMultiBucket" storage="c:\projects\riak.client\riak.tests\bin\debug\riak.tests.dll" id="06a22416-08af-c0dc-b70f-5cec4761aa09">
      <Execution id="a2eda16a-c48c-455a-a939-d4a5ff6b1e27" />
      <TestMethod codeBase="c:/projects/Riak.Client/Riak.Tests/bin/Debug/Riak.Tests.DLL" adapterTypeName="Microsoft.VisualStudio.TestTools.TestTypes.Unit.UnitTestAdapter, Microsoft.VisualStudio.QualityTools.Tips.UnitTest.Adapter, Version=10.0.0.0, Culture=neutral, PublicKeyToken=b03f5f7f11d50a3a" className="Riak.Tests.BucketTests, Riak.Tests, Version=1.0.0.0, Culture=neutral, PublicKeyToken=null" name="ConflictOnNonMultiBucket" />
    </UnitTest>
    <UnitTest name="LinkOnNewKeyExistsAndParses" storage="c:\projects\riak.client\riak.tests\bin\debug\riak.tests.dll" id="cb4b29f5-c7d3-2010-bb43-cecc9f41c474">
      <Execution id="9843e83d-56af-44d5-8476-b6595e4e3dcb" />
      <TestMethod codeBase="c:/projects/Riak.Client/Riak.Tests/bin/Debug/Riak.Tests.DLL" adapterTypeName="Microsoft.VisualStudio.TestTools.TestTypes.Unit.UnitTestAdapter, Microsoft.VisualStudio.QualityTools.Tips.UnitTest.Adapter, Version=10.0.0.0, Culture=neutral, PublicKeyToken=b03f5f7f11d50a3a" className="Riak.Tests.LinkTests, Riak.Tests, Version=1.0.0.0, Culture=neutral, PublicKeyToken=null" name="LinkOnNewKeyExistsAndParses" />
    </UnitTest>
  </TestDefinitions>
  <TestLists>
    <TestList name="Results Not in a List" id="8c84fa94-04c1-424b-9868-57a2d4851a1d" />
    <TestList name="All Loaded Results" id="19431567-8539-422a-85d7-44ee4e166bda" />
  </TestLists>
  <TestEntries>
    <TestEntry testId="58939138-4342-8e72-2f65-c6ec6d5362d3" executionId="f0279b72-ee2d-4b18-96ef-6f1b53889903" testListId="8c84fa94-04c1-424b-9868-57a2d4851a1d" />
    <TestEntry testId="4ad0d6cc-b6bb-6b71-fab7-7bd0c1927a9f" executionId="67c6d3dd-849c-43e3-9f08-03cf76727bff" testListId="8c84fa94-04c1-424b-9868-57a2d4851a1d" />
    <TestEntry testId="ecb7a2ec-95c2-bcd4-9208-598a9a8227f1" executionId="5863feef-0dfa-40d7-a109-73c0bd53f8ae" testListId="8c84fa94-04c1-424b-9868-57a2d4851a1d" />
    <TestEntry testId="8adbc453-a093-0889-b145-79d2f69be902" executionId="089e4bc7-51de-45d7-9e28-66dd171741be" testListId="8c84fa94-04c1-424b-9868-57a2d4851a1d" />
    <TestEntry testId="06a22416-08af-c0dc-b70f-5cec4761aa09" executionId="a2eda16a-c48c-455a-a939-d4a5ff6b1e27" testListId="8c84fa94-04c1-424b-9868-57a2d4851a1d" />
    <TestEntry testId="33d4d279-34bd-6d5a-280e-4b82973def51" executionId="6b57eb1a-aa0f-4e8a-9a5c-e5fe252c39e2" testListId="8c84fa94-04c1-424b-9868-57a2d4851a1d" />
    <TestEntry testId="beae7429-a6a2-4b8b-91b8-2242ec45c77a" executionId="479aef6e-d5b8-41ea-ab8d-9dfa98993287" testListId="8c84fa94-04c1-424b-9868-57a2d4851a1d" />
    <TestEntry testId="7a71b779-6444-5633-f109-dc2d069ca31b" executionId="2c4d1e0e-68b9-4da9-a63b-467867e03c0f" testListId="8c84fa94-04c1-424b-9868-57a2d4851a1d" />
    <TestEntry testId="30d12b1b-aa49-8c08-bd4a-866243aceb48" executionId="75b8725c-f14a-4881-8274-8ebf371612ab" testListId="8c84fa94-04c1-424b-9868-57a2d4851a1d" />
    <TestEntry testId="d79ef6f9-4e22-e7f6-a37e-b0e7a8cab61d" executionId="2aec1933-70cb-4a4d-b22c-1e386fccce58" testListId="8c84fa94-04c1-424b-9868-57a2d4851a1d" />
    <TestEntry testId="cb4b29f5-c7d3-2010-bb43-cecc9f41c474" executionId="9843e83d-56af-44d5-8476-b6595e4e3dcb" testListId="8c84fa94-04c1-424b-9868-57a2d4851a1d" />
    <TestEntry testId="86d01318-0230-9e62-826b-6c3385d23407" executionId="a21e3dae-5cee-4edc-9973-fd9b7e0a63e1" testListId="8c84fa94-04c1-424b-9868-57a2d4851a1d" />
    <TestEntry testId="80c6668e-527f-7ce0-c7fa-d368165124a1" executionId="01799b79-57f0-4840-ab6e-0ade6fce0772" testListId="8c84fa94-04c1-424b-9868-57a2d4851a1d" />
    <TestEntry testId="d9c44692-30b5-c679-747b-7d385a54ef67" executionId="fd9363d6-f82b-4588-a2ae-af2d403caddd" testListId="8c84fa94-04c1-424b-9868-57a2d4851a1d" />
    <TestEntry testId="8bc468f8-eee0-673a-92b7-930506440e84" executionId="e2177fe5-92b9-48d0-acfd-2f7398254412" testListId="8c84fa94-04c1-424b-9868-57a2d4851a1d" />
    <TestEntry testId="e59f5b3d-3a7c-4505-e293-67664a703224" executionId="5e4e4b40-25f1-4a61-b38d-d36d157f37eb" testListId="8c84fa94-04c1-424b-9868-57a2d4851a1d" />
    <TestEntry testId="4312a9d7-4905-c365-94ac-da54845d713f" executionId="69984548-1456-43b9-adf9-47d28b7ee0fe" testListId="8c84fa94-04c1-424b-9868-57a2d4851a1d" />
  </TestEntries>
  <Results>
    <UnitTestResult executionId="f0279b72-ee2d-4b18-96ef-6f1b53889903" testId="58939138-4342-8e72-2f65-c6ec6d5362d3" testName="SaveAStringKeyValue" computerName="HORVICKW7" duration="00:00:00.9117691" startTime="2010-03-20T09:47:43.0251407-04:00" endTime="2010-03-20T09:47:45.6502908-04:00" testType="13cdc9d9-ddb5-4fa4-a97d-d965ccfc6d4b" outcome="Passed" testListId="8c84fa94-04c1-424b-9868-57a2d4851a1d" relativeResultsDirectory="f0279b72-ee2d-4b18-96ef-6f1b53889903">
      <Output>
        <DebugTrace>X-Riak-Vclock: a85hYGBgzGDKBVIsLF6B2zKYEhnzWBnm+Eoe5csCAA==
Link: 
</DebugTrace>
      </Output>
    </UnitTestResult>
    <UnitTestResult executionId="67c6d3dd-849c-43e3-9f08-03cf76727bff" testId="4ad0d6cc-b6bb-6b71-fab7-7bd0c1927a9f" testName="SaveABinaryKeyValue" computerName="HORVICKW7" duration="00:00:00.4234074" startTime="2010-03-20T09:47:45.6742922-04:00" endTime="2010-03-20T09:47:46.1253180-04:00" testType="13cdc9d9-ddb5-4fa4-a97d-d965ccfc6d4b" outcome="Passed" testListId="8c84fa94-04c1-424b-9868-57a2d4851a1d" relativeResultsDirectory="67c6d3dd-849c-43e3-9f08-03cf76727bff">
    </UnitTestResult>
    <UnitTestResult executionId="5863feef-0dfa-40d7-a109-73c0bd53f8ae" testId="ecb7a2ec-95c2-bcd4-9208-598a9a8227f1" testName="DeleteExistingKeys" computerName="HORVICKW7" duration="00:00:00.7040073" startTime="2010-03-20T09:47:46.1683204-04:00" endTime="2010-03-20T09:47:46.9033625-04:00" testType="13cdc9d9-ddb5-4fa4-a97d-d965ccfc6d4b" outcome="Passed" testListId="8c84fa94-04c1-424b-9868-57a2d4851a1d" relativeResultsDirectory="5863feef-0dfa-40d7-a109-73c0bd53f8ae">
      <Output>
        <DebugTrace>X-Riak-Vclock: a85hYGBgzGDKBVIsTJOjbmUwJTLmsTIw+Uke5csCAA==
X-Riak-Vclock: a85hYGBgymDKBVIsLF6B2zKYEhnzWBnm+Eoe5YMJyy5PgAoz+gGFswA=
</DebugTrace>
      </Output>
    </UnitTestResult>
    <UnitTestResult executionId="089e4bc7-51de-45d7-9e28-66dd171741be" testId="8adbc453-a093-0889-b145-79d2f69be902" testName="DeleteMissingKeys" computerName="HORVICKW7" duration="00:00:02.0972375" startTime="2010-03-20T09:47:46.9613658-04:00" endTime="2010-03-20T09:47:49.0874874-04:00" testType="13cdc9d9-ddb5-4fa4-a97d-d965ccfc6d4b" outcome="Passed" testListId="8c84fa94-04c1-424b-9868-57a2d4851a1d" relativeResultsDirectory="089e4bc7-51de-45d7-9e28-66dd171741be">
      <Output>
        <DebugTrace>X-Riak-Vclock: a85hYGBgzGDKBVIsTBYbH2UwJTLmsTIw+0ke5csCAA==
X-Riak-Vclock: a85hYGBgzGDKBVIsTBYbH2UwJTLmsTIw+0ke5csCAA==
X-Riak-Vclock: a85hYGBgzGDKBVIsTBYbH2UwJTLmsTIw+0ke5csCAA==
X-Riak-Vclock: a85hYGBgzGDKBVIsTBYbH2UwJTLmsTIw+0ke5csCAA==
X-Riak-Vclock: a85hYGBgzGDKBVIsTBYbH2UwJTLmsTIw+0ke5csCAA==
X-Riak-Vclock: a85hYGBgzGDKBVIsTBYbH2UwJTLmsTIw+0ke5csCAA==
X-Riak-Vclock: a85hYGBgzGDKBVIsTBYbH2UwJTLmsTIw+0ke5csCAA==
X-Riak-Vclock: a85hYGBgzGDKBVIsTBYbH2UwJTLmsTIw+0ke5csCAA==
X-Riak-Vclock: a85hYGBgzGDKBVIsTBYbH2UwJTLmsTIw+0ke5csCAA==
X-Riak-Vclock: a85hYGBgzGDKBVIsTBYbH2UwJTLmsTIw+0ke5csCAA==
X-Riak-Vclock: a85hYGBgzGDKBVIsTBYbH2UwJTLmsTIw+0ke5csCAA==
X-Riak-Vclock: a85hYGBgzGDKBVIsTBYbH2UwJTLmsTIw+0ke5csCAA==
X-Riak-Vclock: a85hYGBgzGDKBVIsTBYbH2UwJTLmsTIw+0ke5csCAA==
X-Riak-Vclock: a85hYGBgzGDKBVIsTBYbH2UwJTLmsTIw+0ke5csCAA==
X-Riak-Vclock: a85hYGBgzGDKBVIsTBYbH2UwJTLmsTIw+0ke5csCAA==
X-Riak-Vclock: a85hYGBgzGDKBVIsTBYbH2UwJTLmsTIw+0ke5csCAA==
X-Riak-Vclock: a85hYGBgzGDKBVIsTBYbH2UwJTLmsTIw+0ke5csCAA==
X-Riak-Vclock: a85hYGBgzGDKBVIsTBYbH2UwJTLmsTIw+0ke5csCAA==
X-Riak-Vclock: a85hYGBgzGDKBVIsTBYbH2UwJTLmsTIw+0ke5csCAA==
X-Riak-Vclock: a85hYGBgzGDKBVIsTBYbH2UwJTLmsTIw+0ke5csCAA==
</DebugTrace>
      </Output>
    </UnitTestResult>
    <UnitTestResult executionId="a2eda16a-c48c-455a-a939-d4a5ff6b1e27" testId="06a22416-08af-c0dc-b70f-5cec4761aa09" testName="ConflictOnNonMultiBucket" computerName="HORVICKW7" duration="00:00:00.4691100" startTime="2010-03-20T09:47:49.1404904-04:00" endTime="2010-03-20T09:47:49.6385189-04:00" testType="13cdc9d9-ddb5-4fa4-a97d-d965ccfc6d4b" outcome="Passed" testListId="8c84fa94-04c1-424b-9868-57a2d4851a1d" relativeResultsDirectory="a2eda16a-c48c-455a-a939-d4a5ff6b1e27">
      <Output>
        <DebugTrace>X-Riak-Vclock: a85hYGBgzGDKBVIsbKsmX8pgSmTMY2Vg9ZM8ypcFAA==
Link: 
X-Riak-Vclock: a85hYGBgzGDKBVIsbKsmX8pgSmTMY2Vg9ZM8ypcFAA==
Link: 
</DebugTrace>
      </Output>
    </UnitTestResult>
    <UnitTestResult executionId="6b57eb1a-aa0f-4e8a-9a5c-e5fe252c39e2" testId="33d4d279-34bd-6d5a-280e-4b82973def51" testName="SettingAllowMultiPersistsCorrectly" computerName="HORVICKW7" duration="00:00:00.8319136" startTime="2010-03-20T09:47:49.6615202-04:00" endTime="2010-03-20T09:47:50.5175692-04:00" testType="13cdc9d9-ddb5-4fa4-a97d-d965ccfc6d4b" outcome="Passed" testListId="8c84fa94-04c1-424b-9868-57a2d4851a1d" relativeResultsDirectory="6b57eb1a-aa0f-4e8a-9a5c-e5fe252c39e2">
    </UnitTestResult>
    <UnitTestResult executionId="479aef6e-d5b8-41ea-ab8d-9dfa98993287" testId="beae7429-a6a2-4b8b-91b8-2242ec45c77a" testName="ConflictOnAllowMultiBucket" computerName="HORVICKW7" duration="00:00:06.0091973" startTime="2010-03-20T09:47:50.5495710-04:00" endTime="2010-03-20T09:47:56.5779158-04:00" testType="13cdc9d9-ddb5-4fa4-a97d-d965ccfc6d4b" outcome="Passed" testListId="8c84fa94-04c1-424b-9868-57a2d4851a1d" relativeResultsDirectory="479aef6e-d5b8-41ea-ab8d-9dfa98993287">
      <Output>
        <DebugTrace>X-Riak-Vclock: a85hYGBgzGDKBVIs7NktjzKYEhnzWBl4/CSP8mUBAA==
Link: 
X-Riak-Vclock: a85hYGBgzGDKBVIs7NktjzKYEhnzWBl4/CSP8mUBAA==
Link: 
</DebugTrace>
      </Output>
    </UnitTestResult>
    <UnitTestResult executionId="2c4d1e0e-68b9-4da9-a63b-467867e03c0f" testId="7a71b779-6444-5633-f109-dc2d069ca31b" testName="GetAllSiblingsOnConflict" computerName="HORVICKW7" duration="00:00:00.6785851" startTime="2010-03-20T09:47:56.6199182-04:00" endTime="2010-03-20T09:47:57.3489599-04:00" testType="13cdc9d9-ddb5-4fa4-a97d-d965ccfc6d4b" outcome="Passed" testListId="8c84fa94-04c1-424b-9868-57a2d4851a1d" relativeResultsDirectory="2c4d1e0e-68b9-4da9-a63b-467867e03c0f">
      <Output>
        <DebugTrace>X-Riak-Vclock: a85hYGBgzGDKBVIs7IERKzOYEhnzWBl4/SSP8mUBAA==
Link: 
X-Riak-Vclock: a85hYGBgzGDKBVIs7IERKzOYEhnzWBl4/SSP8mUBAA==
Link: 
</DebugTrace>
      </Output>
    </UnitTestResult>
    <UnitTestResult executionId="75b8725c-f14a-4881-8274-8ebf371612ab" testId="30d12b1b-aa49-8c08-bd4a-866243aceb48" testName="LinkWithRelationalUri" computerName="HORVICKW7" duration="00:00:00.0036463" startTime="2010-03-20T09:47:57.4059632-04:00" endTime="2010-03-20T09:47:57.4559661-04:00" testType="13cdc9d9-ddb5-4fa4-a97d-d965ccfc6d4b" outcome="Passed" testListId="8c84fa94-04c1-424b-9868-57a2d4851a1d" relativeResultsDirectory="75b8725c-f14a-4881-8274-8ebf371612ab">
    </UnitTestResult>
    <UnitTestResult executionId="2aec1933-70cb-4a4d-b22c-1e386fccce58" testId="d79ef6f9-4e22-e7f6-a37e-b0e7a8cab61d" testName="LinkWithMultipleParameters" computerName="HORVICKW7" duration="00:00:00.0007207" startTime="2010-03-20T09:47:57.4789674-04:00" endTime="2010-03-20T09:47:57.5049689-04:00" testType="13cdc9d9-ddb5-4fa4-a97d-d965ccfc6d4b" outcome="Passed" testListId="8c84fa94-04c1-424b-9868-57a2d4851a1d" relativeResultsDirectory="2aec1933-70cb-4a4d-b22c-1e386fccce58">
    </UnitTestResult>
    <UnitTestResult executionId="9843e83d-56af-44d5-8476-b6595e4e3dcb" testId="cb4b29f5-c7d3-2010-bb43-cecc9f41c474" testName="LinkOnNewKeyExistsAndParses" computerName="HORVICKW7" duration="00:00:00.2699521" startTime="2010-03-20T09:47:57.5259701-04:00" endTime="2010-03-20T09:47:57.8209869-04:00" testType="13cdc9d9-ddb5-4fa4-a97d-d965ccfc6d4b" outcome="Passed" testListId="8c84fa94-04c1-424b-9868-57a2d4851a1d" relativeResultsDirectory="9843e83d-56af-44d5-8476-b6595e4e3dcb">
    </UnitTestResult>
    <UnitTestResult executionId="a21e3dae-5cee-4edc-9973-fd9b7e0a63e1" testId="86d01318-0230-9e62-826b-6c3385d23407" testName="LinkOddlyFormedIsParsedAndNormalized" computerName="HORVICKW7" duration="00:00:00.0007663" startTime="2010-03-20T09:47:57.8489885-04:00" endTime="2010-03-20T09:47:57.8719899-04:00" testType="13cdc9d9-ddb5-4fa4-a97d-d965ccfc6d4b" outcome="Passed" testListId="8c84fa94-04c1-424b-9868-57a2d4851a1d" relativeResultsDirectory="a21e3dae-5cee-4edc-9973-fd9b7e0a63e1">
    </UnitTestResult>
    <UnitTestResult executionId="01799b79-57f0-4840-ab6e-0ade6fce0772" testId="80c6668e-527f-7ce0-c7fa-d368165124a1" testName="LinkCollectionOperationalTests" computerName="HORVICKW7" duration="00:00:00.0038080" startTime="2010-03-20T09:47:57.8919910-04:00" endTime="2010-03-20T09:47:57.9179925-04:00" testType="13cdc9d9-ddb5-4fa4-a97d-d965ccfc6d4b" outcome="Passed" testListId="8c84fa94-04c1-424b-9868-57a2d4851a1d" relativeResultsDirectory="01799b79-57f0-4840-ab6e-0ade6fce0772">
    </UnitTestResult>
    <UnitTestResult executionId="fd9363d6-f82b-4588-a2ae-af2d403caddd" testId="d9c44692-30b5-c679-747b-7d385a54ef67" testName="LinkWithUnknownParameters" computerName="HORVICKW7" duration="00:00:00.0017103" startTime="2010-03-20T09:47:58.0409995-04:00" endTime="2010-03-20T09:47:58.1180039-04:00" testType="13cdc9d9-ddb5-4fa4-a97d-d965ccfc6d4b" outcome="Passed" testListId="8c84fa94-04c1-424b-9868-57a2d4851a1d" relativeResultsDirectory="fd9363d6-f82b-4588-a2ae-af2d403caddd">
    </UnitTestResult>
    <UnitTestResult executionId="e2177fe5-92b9-48d0-acfd-2f7398254412" testId="8bc468f8-eee0-673a-92b7-930506440e84" testName="LinkRoundTripping" computerName="HORVICKW7" duration="00:00:00.0011880" startTime="2010-03-20T09:47:58.1610064-04:00" endTime="2010-03-20T09:47:58.1960084-04:00" testType="13cdc9d9-ddb5-4fa4-a97d-d965ccfc6d4b" outcome="Passed" testListId="8c84fa94-04c1-424b-9868-57a2d4851a1d" relativeResultsDirectory="e2177fe5-92b9-48d0-acfd-2f7398254412">
    </UnitTestResult>
    <UnitTestResult executionId="5e4e4b40-25f1-4a61-b38d-d36d157f37eb" testId="e59f5b3d-3a7c-4505-e293-67664a703224" testName="LinkFollowing" computerName="HORVICKW7" duration="00:00:00.8868166" startTime="2010-03-20T09:47:58.2450112-04:00" endTime="2010-03-20T09:47:59.1620636-04:00" testType="13cdc9d9-ddb5-4fa4-a97d-d965ccfc6d4b" outcome="Passed" testListId="8c84fa94-04c1-424b-9868-57a2d4851a1d" relativeResultsDirectory="5e4e4b40-25f1-4a61-b38d-d36d157f37eb">
      <Output>
        <DebugTrace>X-Riak-Vclock: a85hYGBgzGDKBVIsTEk7FmQwJTLlsTLM9ZU8ypcFAA==
X-Riak-Vclock: a85hYGBgzGDKBVIsTEk7FmQwJTLlsTLM9ZU8ypcFAA==
X-Riak-Vclock: a85hYGBgzGDKBVIsTEk7FmQwJTLlsTLM9ZU8ypcFAA==
X-Riak-Vclock: a85hYGBgzGDKBVIsTEk7FmQwJTLlsTLM9ZU8ypcFAA==
X-Riak-Vclock: a85hYGBgzGDKBVIsTEk7FmQwJTLlsTLM9ZU8ypcFAA==
X-Riak-Vclock: a85hYGBgzGDKBVIszEsmdGcwJTLmsTLw+Uke5csCAA==
Link: &lt;/riak/Album/Kind%20of%20Blue&gt;; riaktag="album", &lt;/riak/Album/Conception&gt;; riaktag="album", &lt;/riak/Album/Blue&gt;; riaktag="album", &lt;/riak/Album/Dig&gt;; riaktag="album"
X-Riak-Vclock: a85hYGBgzGDKBVIszEsmdGcwJTLmsTLw+Uke5csCAA==
Link: &lt;/riak/Artist/Miles%20Davis&gt;; riaktag="artist"
X-Riak-Vclock: a85hYGBgzGDKBVIszEsmdGcwJTLmsTLw+Uke5csCAA==
Link: &lt;/riak/Artist/Miles%20Davis&gt;; riaktag="artist"
X-Riak-Vclock: a85hYGBgzGDKBVIszEsmdGcwJTLmsTLw+Uke5csCAA==
Link: &lt;/riak/Artist/Miles%20Davis&gt;; riaktag="artist"
X-Riak-Vclock: a85hYGBgzGDKBVIszEsmdGcwJTLmsTLw+0ke5csCAA==
Link: &lt;/riak/Artist/Miles%20Davis&gt;; riaktag="artist"
</DebugTrace>
      </Output>
    </UnitTestResult>
    <UnitTestResult executionId="69984548-1456-43b9-adf9-47d28b7ee0fe" testId="4312a9d7-4905-c365-94ac-da54845d713f" testName="GetAllTextData" computerName="HORVICKW7" duration="00:00:00.4187998" startTime="2010-03-20T09:47:59.2140666-04:00" endTime="2010-03-20T09:47:59.6700927-04:00" testType="13cdc9d9-ddb5-4fa4-a97d-d965ccfc6d4b" outcome="Failed" testListId="8c84fa94-04c1-424b-9868-57a2d4851a1d" relativeResultsDirectory="69984548-1456-43b9-adf9-47d28b7ee0fe">
      <Output>
        <ErrorInfo>
          <Message>Initialization method Riak.Tests.MultiPartResponseTests.AddInitialData threw exception. System.NullReferenceException: System.NullReferenceException: Object reference not set to an instance of an object..</Message>
          <StackTrace>    at Riak.Tests.MultiPartResponseTests.GetRandomTextData() in c:\projects\Riak.Client\Riak.Tests\MultiPartResponseTests.cs:line 56
   at Riak.Tests.MultiPartResponseTests.AddInitialData() in c:\projects\Riak.Client\Riak.Tests\MultiPartResponseTests.cs:line 30
</StackTrace>
        </ErrorInfo>
      </Output>
    </UnitTestResult>
  </Results>
</TestRun>