<?xml version="1.0" encoding="UTF-8"?>
<TestRun id="6525f151-c4e7-4fe3-9f35-ce500c041948" name="Robert@HORVICKW7 2010-03-18 08:47:43" runUser="HORVICKW7\Robert" xmlns="http://microsoft.com/schemas/VisualStudio/TeamTest/2010">
  <TestSettings name="Local" id="cccf0ead-bb7b-4fa6-80c8-b697078887da">
    <Description>These are default test settings for a local test run.</Description>
    <Deployment enabled="false" runDeploymentRoot="Robert_HORVICKW7 2010-03-18 08_47_43" />
    <Execution>
      <TestTypeSpecific />
      <AgentRule name="Execution Agents">
      </AgentRule>
    </Execution>
  </TestSettings>
  <Times creation="2010-03-18T08:47:43.3646572-04:00" queuing="2010-03-18T08:47:46.1138144-04:00" start="2010-03-18T08:47:46.2578227-04:00" finish="2010-03-18T08:47:48.2999395-04:00" />
  <ResultSummary outcome="Failed">
    <Counters total="2" executed="2" passed="1" error="0" failed="1" timeout="0" aborted="0" inconclusive="0" passedButRunAborted="0" notRunnable="0" notExecuted="0" disconnected="0" warning="0" completed="0" inProgress="0" pending="0" />
  </ResultSummary>
  <TestDefinitions>
    <UnitTest name="GetKeyFromBucket" storage="c:\projects\riak.client\riak.tests\bin\debug\riak.tests.dll" id="7ec93923-9b63-896f-6fbc-0de4f66812a0">
      <Execution id="260848bc-1ae9-49f0-bae0-508804639d1a" />
      <TestMethod codeBase="C:/projects/Riak.Client/Riak.Tests/bin/Debug/Riak.Tests.DLL" adapterTypeName="Microsoft.VisualStudio.TestTools.TestTypes.Unit.UnitTestAdapter, Microsoft.VisualStudio.QualityTools.Tips.UnitTest.Adapter, Version=10.0.0.0, Culture=neutral, PublicKeyToken=b03f5f7f11d50a3a" className="Riak.Tests.RiakRequestTests, Riak.Tests, Version=1.0.0.0, Culture=neutral, PublicKeyToken=null" name="GetKeyFromBucket" />
    </UnitTest>
    <UnitTest name="TestMethod1" storage="c:\projects\riak.client\riak.tests\bin\debug\riak.tests.dll" id="4218db0c-c3cd-af6c-7a89-5cbb6ed4b0b4">
      <Execution id="9543852f-ddb8-4bac-b07f-e38876e2cfba" />
      <TestMethod codeBase="C:/projects/Riak.Client/Riak.Tests/bin/Debug/Riak.Tests.DLL" adapterTypeName="Microsoft.VisualStudio.TestTools.TestTypes.Unit.UnitTestAdapter, Microsoft.VisualStudio.QualityTools.Tips.UnitTest.Adapter, Version=10.0.0.0, Culture=neutral, PublicKeyToken=b03f5f7f11d50a3a" className="Riak.Tests.RiakRequestTests, Riak.Tests, Version=1.0.0.0, Culture=neutral, PublicKeyToken=null" name="TestMethod1" />
    </UnitTest>
  </TestDefinitions>
  <TestLists>
    <TestList name="Results Not in a List" id="8c84fa94-04c1-424b-9868-57a2d4851a1d" />
    <TestList name="All Loaded Results" id="19431567-8539-422a-85d7-44ee4e166bda" />
  </TestLists>
  <TestEntries>
    <TestEntry testId="4218db0c-c3cd-af6c-7a89-5cbb6ed4b0b4" executionId="9543852f-ddb8-4bac-b07f-e38876e2cfba" testListId="8c84fa94-04c1-424b-9868-57a2d4851a1d" />
    <TestEntry testId="7ec93923-9b63-896f-6fbc-0de4f66812a0" executionId="260848bc-1ae9-49f0-bae0-508804639d1a" testListId="8c84fa94-04c1-424b-9868-57a2d4851a1d" />
  </TestEntries>
  <Results>
    <UnitTestResult executionId="9543852f-ddb8-4bac-b07f-e38876e2cfba" testId="4218db0c-c3cd-af6c-7a89-5cbb6ed4b0b4" testName="TestMethod1" computerName="HORVICKW7" duration="00:00:00.0632694" startTime="2010-03-18T08:47:46.3538282-04:00" endTime="2010-03-18T08:47:47.6209006-04:00" testType="13cdc9d9-ddb5-4fa4-a97d-d965ccfc6d4b" outcome="Passed" testListId="8c84fa94-04c1-424b-9868-57a2d4851a1d" relativeResultsDirectory="9543852f-ddb8-4bac-b07f-e38876e2cfba">
    </UnitTestResult>
    <UnitTestResult executionId="260848bc-1ae9-49f0-bae0-508804639d1a" testId="7ec93923-9b63-896f-6fbc-0de4f66812a0" testName="GetKeyFromBucket" computerName="HORVICKW7" duration="00:00:00.4195413" startTime="2010-03-18T08:47:47.6489022-04:00" endTime="2010-03-18T08:47:48.1049283-04:00" testType="13cdc9d9-ddb5-4fa4-a97d-d965ccfc6d4b" outcome="Failed" testListId="8c84fa94-04c1-424b-9868-57a2d4851a1d" relativeResultsDirectory="260848bc-1ae9-49f0-bae0-508804639d1a">
      <Output>
        <ErrorInfo>
          <Message>Test method Riak.Tests.RiakRequestTests.GetKeyFromBucket threw exception: 
System.NullReferenceException: Object reference not set to an instance of an object.</Message>
          <StackTrace>    at Riak.Client.RiakObject.GetOrDefault[T](WebHeaderCollection webHeaderCollection, String name, T defaultValue) in C:\projects\Riak.Client\Riak.Client\RiakObject.cs:line 153
   at Riak.Client.RiakObject.LoadHeaders(WebHeaderCollection webHeaderCollection) in C:\projects\Riak.Client\Riak.Client\RiakObject.cs:line 145
   at Riak.Client.RiakObject.GetStream[T](StreamDownloadedCallback`1 callback) in C:\projects\Riak.Client\Riak.Client\RiakObject.cs:line 129
   at Riak.Tests.RiakRequestTests.GetKeyFromBucket() in C:\projects\Riak.Client\Riak.Tests\UnitTest1.cs:line 43
</StackTrace>
        </ErrorInfo>
      </Output>
    </UnitTestResult>
  </Results>
</TestRun>