<?xml version="1.0" encoding="UTF-8"?>
<TestRun id="0e917a02-645f-4a8c-8613-c0be225e672e" name="Robert@HORVICKW7 2010-03-18 06:45:06" runUser="HORVICKW7\Robert" xmlns="http://microsoft.com/schemas/VisualStudio/TeamTest/2010">
  <TestSettings name="Local" id="cccf0ead-bb7b-4fa6-80c8-b697078887da">
    <Description>These are default test settings for a local test run.</Description>
    <Deployment enabled="false" runDeploymentRoot="Robert_HORVICKW7 2010-03-18 06_45_06" />
    <Execution>
      <TestTypeSpecific />
      <AgentRule name="Execution Agents">
      </AgentRule>
    </Execution>
  </TestSettings>
  <Times creation="2010-03-18T06:45:06.3898623-04:00" queuing="2010-03-18T06:45:08.7459971-04:00" start="2010-03-18T06:45:08.9710099-04:00" finish="2010-03-18T06:45:11.0101266-04:00" />
  <ResultSummary outcome="Failed">
    <Counters total="2" executed="2" passed="1" error="0" failed="1" timeout="0" aborted="0" inconclusive="0" passedButRunAborted="0" notRunnable="0" notExecuted="0" disconnected="0" warning="0" completed="0" inProgress="0" pending="0" />
  </ResultSummary>
  <TestDefinitions>
    <UnitTest name="GetKeyFromBucket" storage="c:\projects\riak.client\riak.tests\bin\debug\riak.tests.dll" id="7ec93923-9b63-896f-6fbc-0de4f66812a0">
      <Execution id="cd036885-c90c-4031-a5a5-97baeb808009" />
      <TestMethod codeBase="C:/projects/Riak.Client/Riak.Tests/bin/Debug/Riak.Tests.DLL" adapterTypeName="Microsoft.VisualStudio.TestTools.TestTypes.Unit.UnitTestAdapter, Microsoft.VisualStudio.QualityTools.Tips.UnitTest.Adapter, Version=10.0.0.0, Culture=neutral, PublicKeyToken=b03f5f7f11d50a3a" className="Riak.Tests.RiakRequestTests, Riak.Tests, Version=1.0.0.0, Culture=neutral, PublicKeyToken=null" name="GetKeyFromBucket" />
    </UnitTest>
    <UnitTest name="TestMethod1" storage="c:\projects\riak.client\riak.tests\bin\debug\riak.tests.dll" id="4218db0c-c3cd-af6c-7a89-5cbb6ed4b0b4">
      <Execution id="51590db6-9d40-49be-b51f-127679a13e90" />
      <TestMethod codeBase="C:/projects/Riak.Client/Riak.Tests/bin/Debug/Riak.Tests.DLL" adapterTypeName="Microsoft.VisualStudio.TestTools.TestTypes.Unit.UnitTestAdapter, Microsoft.VisualStudio.QualityTools.Tips.UnitTest.Adapter, Version=10.0.0.0, Culture=neutral, PublicKeyToken=b03f5f7f11d50a3a" className="Riak.Tests.RiakRequestTests, Riak.Tests, Version=1.0.0.0, Culture=neutral, PublicKeyToken=null" name="TestMethod1" />
    </UnitTest>
  </TestDefinitions>
  <TestLists>
    <TestList name="Results Not in a List" id="8c84fa94-04c1-424b-9868-57a2d4851a1d" />
    <TestList name="All Loaded Results" id="19431567-8539-422a-85d7-44ee4e166bda" />
  </TestLists>
  <TestEntries>
    <TestEntry testId="4218db0c-c3cd-af6c-7a89-5cbb6ed4b0b4" executionId="51590db6-9d40-49be-b51f-127679a13e90" testListId="8c84fa94-04c1-424b-9868-57a2d4851a1d" />
    <TestEntry testId="7ec93923-9b63-896f-6fbc-0de4f66812a0" executionId="cd036885-c90c-4031-a5a5-97baeb808009" testListId="8c84fa94-04c1-424b-9868-57a2d4851a1d" />
  </TestEntries>
  <Results>
    <UnitTestResult executionId="51590db6-9d40-49be-b51f-127679a13e90" testId="4218db0c-c3cd-af6c-7a89-5cbb6ed4b0b4" testName="TestMethod1" computerName="HORVICKW7" duration="00:00:00.0632901" startTime="2010-03-18T06:45:09.0740158-04:00" endTime="2010-03-18T06:45:10.4790962-04:00" testType="13cdc9d9-ddb5-4fa4-a97d-d965ccfc6d4b" outcome="Passed" testListId="8c84fa94-04c1-424b-9868-57a2d4851a1d" relativeResultsDirectory="51590db6-9d40-49be-b51f-127679a13e90">
    </UnitTestResult>
    <UnitTestResult executionId="cd036885-c90c-4031-a5a5-97baeb808009" testId="7ec93923-9b63-896f-6fbc-0de4f66812a0" testName="GetKeyFromBucket" computerName="HORVICKW7" duration="00:00:00.3620082" startTime="2010-03-18T06:45:10.4990973-04:00" endTime="2010-03-18T06:45:10.8801191-04:00" testType="13cdc9d9-ddb5-4fa4-a97d-d965ccfc6d4b" outcome="Failed" testListId="8c84fa94-04c1-424b-9868-57a2d4851a1d" relativeResultsDirectory="cd036885-c90c-4031-a5a5-97baeb808009">
      <Output>
        <ErrorInfo>
          <Message>Assert.IsTrue failed. </Message>
          <StackTrace>   at Riak.Tests.RiakRequestTests.GetKeyFromBucket() in C:\projects\Riak.Client\Riak.Tests\UnitTest1.cs:line 37
</StackTrace>
        </ErrorInfo>
      </Output>
    </UnitTestResult>
  </Results>
</TestRun>