<?xml version="1.0" encoding="UTF-8"?>
<TestRun id="31a99eb4-355b-40ef-9e35-a55b83cb1bd0" name="Robert@HORVICKW7 2010-03-20 18:43:10" runUser="HORVICKW7\Robert" xmlns="http://microsoft.com/schemas/VisualStudio/TeamTest/2010">
  <TestSettings name="Local" id="cccf0ead-bb7b-4fa6-80c8-b697078887da">
    <Description>These are default test settings for a local test run.</Description>
    <Execution>
      <TestTypeSpecific>
        <UnitTestRunConfig testTypeId="13cdc9d9-ddb5-4fa4-a97d-d965ccfc6d4b">
          <AssemblyResolution>
            <TestDirectory useLoadContext="true" />
          </AssemblyResolution>
        </UnitTestRunConfig>
        <WebTestRunConfiguration testTypeId="4e7599fa-5ecb-43e9-a887-cd63cf72d207">
          <Browser name="Internet Explorer 7.0">
            <Headers>
              <Header name="User-Agent" value="Mozilla/4.0 (compatible; MSIE 7.0; Windows NT 5.1)" />
              <Header name="Accept" value="*/*" />
              <Header name="Accept-Language" value="{{$IEAcceptLanguage}}" />
              <Header name="Accept-Encoding" value="GZIP" />
            </Headers>
          </Browser>
        </WebTestRunConfiguration>
      </TestTypeSpecific>
      <AgentRule name="LocalMachineDefaultRole">
        <DataCollectors>
          <DataCollector uri="datacollector://microsoft/CodeCoverage/1.0" assemblyQualifiedName="Microsoft.VisualStudio.TestTools.CodeCoverage.CoveragePlugIn, Microsoft.VisualStudio.QualityTools.Plugins.CodeCoverage, Version=10.0.0.0, Culture=neutral, PublicKeyToken=b03f5f7f11d50a3a" friendlyName="Code Coverage">
            <Configuration>
              <CodeCoverage xmlns="">
                <Regular>
                  <CodeCoverageItem binaryFile="c:\projects\Riak.Client\Riak.Client\bin\Debug\Riak.Client.dll" pdbFile="c:\projects\Riak.Client\Riak.Client\bin\Debug\Riak.Client.instr.pdb" instrumentInPlace="true" />
                </Regular>
              </CodeCoverage>
            </Configuration>
          </DataCollector>
        </DataCollectors>
      </AgentRule>
    </Execution>
    <Deployment runDeploymentRoot="Robert_HORVICKW7 2010-03-20 18_43_10" />
  </TestSettings>
  <Times creation="2010-03-20T18:43:10.2997157-04:00" queuing="2010-03-20T18:43:12.5168425-04:00" start="2010-03-20T18:43:12.6588506-04:00" finish="2010-03-20T18:43:23.9864985-04:00" />
  <ResultSummary outcome="Failed">
    <Counters total="17" executed="17" passed="16" error="0" failed="1" timeout="0" aborted="0" inconclusive="0" passedButRunAborted="0" notRunnable="0" notExecuted="0" disconnected="0" warning="0" completed="0" inProgress="0" pending="0" />
    <ResultFiles>
      <ResultFile path="HORVICKW7\data.coverage" />
    </ResultFiles>
  </ResultSummary>
  <TestDefinitions>
    <UnitTest name="LinkWithMultipleParameters" storage="c:\projects\riak.client\riak.tests\bin\debug\riak.tests.dll" id="d79ef6f9-4e22-e7f6-a37e-b0e7a8cab61d">
      <Execution id="e28142a8-a598-449d-baf4-f0b1a43074ef" />
      <TestMethod codeBase="c:/projects/Riak.Client/Riak.Tests/bin/Debug/Riak.Tests.DLL" adapterTypeName="Microsoft.VisualStudio.TestTools.TestTypes.Unit.UnitTestAdapter, Microsoft.VisualStudio.QualityTools.Tips.UnitTest.Adapter, Version=10.0.0.0, Culture=neutral, PublicKeyToken=b03f5f7f11d50a3a" className="Riak.Tests.LinkTests, Riak.Tests, Version=1.0.0.0, Culture=neutral, PublicKeyToken=null" name="LinkWithMultipleParameters" />
    </UnitTest>
    <UnitTest name="LinkFollowing" storage="c:\projects\riak.client\riak.tests\bin\debug\riak.tests.dll" id="e59f5b3d-3a7c-4505-e293-67664a703224">
      <Execution id="cdd11dd6-3ae1-4a0b-bea1-df57c11218ce" />
      <TestMethod codeBase="c:/projects/Riak.Client/Riak.Tests/bin/Debug/Riak.Tests.DLL" adapterTypeName="Microsoft.VisualStudio.TestTools.TestTypes.Unit.UnitTestAdapter, Microsoft.VisualStudio.QualityTools.Tips.UnitTest.Adapter, Version=10.0.0.0, Culture=neutral, PublicKeyToken=b03f5f7f11d50a3a" className="Riak.Tests.LinkTests, Riak.Tests, Version=1.0.0.0, Culture=neutral, PublicKeyToken=null" name="LinkFollowing" />
    </UnitTest>
    <UnitTest name="SettingAllowMultiPersistsCorrectly" storage="c:\projects\riak.client\riak.tests\bin\debug\riak.tests.dll" id="33d4d279-34bd-6d5a-280e-4b82973def51">
      <Execution id="fbf7b1e4-156b-4f20-8cb5-0abdc61f0857" />
      <TestMethod codeBase="c:/projects/Riak.Client/Riak.Tests/bin/Debug/Riak.Tests.DLL" adapterTypeName="Microsoft.VisualStudio.TestTools.TestTypes.Unit.UnitTestAdapter, Microsoft.VisualStudio.QualityTools.Tips.UnitTest.Adapter, Version=10.0.0.0, Culture=neutral, PublicKeyToken=b03f5f7f11d50a3a" className="Riak.Tests.BucketTests, Riak.Tests, Version=1.0.0.0, Culture=neutral, PublicKeyToken=null" name="SettingAllowMultiPersistsCorrectly" />
    </UnitTest>
    <UnitTest name="LinkCollectionOperationalTests" storage="c:\projects\riak.client\riak.tests\bin\debug\riak.tests.dll" id="80c6668e-527f-7ce0-c7fa-d368165124a1">
      <Execution id="6d4b55b2-a76b-43cd-84cd-3b3ac2692083" />
      <TestMethod codeBase="c:/projects/Riak.Client/Riak.Tests/bin/Debug/Riak.Tests.DLL" adapterTypeName="Microsoft.VisualStudio.TestTools.TestTypes.Unit.UnitTestAdapter, Microsoft.VisualStudio.QualityTools.Tips.UnitTest.Adapter, Version=10.0.0.0, Culture=neutral, PublicKeyToken=b03f5f7f11d50a3a" className="Riak.Tests.LinkTests, Riak.Tests, Version=1.0.0.0, Culture=neutral, PublicKeyToken=null" name="LinkCollectionOperationalTests" />
    </UnitTest>
    <UnitTest name="GetAllSiblingsOnConflict" storage="c:\projects\riak.client\riak.tests\bin\debug\riak.tests.dll" id="7a71b779-6444-5633-f109-dc2d069ca31b">
      <Execution id="97ef0f91-04c4-49be-8ae0-4824240b8af3" />
      <TestMethod codeBase="c:/projects/Riak.Client/Riak.Tests/bin/Debug/Riak.Tests.DLL" adapterTypeName="Microsoft.VisualStudio.TestTools.TestTypes.Unit.UnitTestAdapter, Microsoft.VisualStudio.QualityTools.Tips.UnitTest.Adapter, Version=10.0.0.0, Culture=neutral, PublicKeyToken=b03f5f7f11d50a3a" className="Riak.Tests.BucketTests, Riak.Tests, Version=1.0.0.0, Culture=neutral, PublicKeyToken=null" name="GetAllSiblingsOnConflict" />
    </UnitTest>
    <UnitTest name="SaveAStringKeyValue" storage="c:\projects\riak.client\riak.tests\bin\debug\riak.tests.dll" id="58939138-4342-8e72-2f65-c6ec6d5362d3">
      <Execution id="7f2fdc73-05f9-41b8-b57c-0515273eca4a" />
      <TestMethod codeBase="c:/projects/Riak.Client/Riak.Tests/bin/Debug/Riak.Tests.DLL" adapterTypeName="Microsoft.VisualStudio.TestTools.TestTypes.Unit.UnitTestAdapter, Microsoft.VisualStudio.QualityTools.Tips.UnitTest.Adapter, Version=10.0.0.0, Culture=neutral, PublicKeyToken=b03f5f7f11d50a3a" className="Riak.Tests.BucketTests, Riak.Tests, Version=1.0.0.0, Culture=neutral, PublicKeyToken=null" name="SaveAStringKeyValue" />
    </UnitTest>
    <UnitTest name="LinkOddlyFormedIsParsedAndNormalized" storage="c:\projects\riak.client\riak.tests\bin\debug\riak.tests.dll" id="86d01318-0230-9e62-826b-6c3385d23407">
      <Execution id="8ecba493-4f89-4a7c-83c6-e8054daa8cbf" />
      <TestMethod codeBase="c:/projects/Riak.Client/Riak.Tests/bin/Debug/Riak.Tests.DLL" adapterTypeName="Microsoft.VisualStudio.TestTools.TestTypes.Unit.UnitTestAdapter, Microsoft.VisualStudio.QualityTools.Tips.UnitTest.Adapter, Version=10.0.0.0, Culture=neutral, PublicKeyToken=b03f5f7f11d50a3a" className="Riak.Tests.LinkTests, Riak.Tests, Version=1.0.0.0, Culture=neutral, PublicKeyToken=null" name="LinkOddlyFormedIsParsedAndNormalized" />
    </UnitTest>
    <UnitTest name="SaveABinaryKeyValue" storage="c:\projects\riak.client\riak.tests\bin\debug\riak.tests.dll" id="4ad0d6cc-b6bb-6b71-fab7-7bd0c1927a9f">
      <Execution id="15d21fda-dddf-47ca-888e-da0747dd2f53" />
      <TestMethod codeBase="c:/projects/Riak.Client/Riak.Tests/bin/Debug/Riak.Tests.DLL" adapterTypeName="Microsoft.VisualStudio.TestTools.TestTypes.Unit.UnitTestAdapter, Microsoft.VisualStudio.QualityTools.Tips.UnitTest.Adapter, Version=10.0.0.0, Culture=neutral, PublicKeyToken=b03f5f7f11d50a3a" className="Riak.Tests.BucketTests, Riak.Tests, Version=1.0.0.0, Culture=neutral, PublicKeyToken=null" name="SaveABinaryKeyValue" />
    </UnitTest>
    <UnitTest name="LinkWithRelationalUri" storage="c:\projects\riak.client\riak.tests\bin\debug\riak.tests.dll" id="30d12b1b-aa49-8c08-bd4a-866243aceb48">
      <Execution id="55846900-f099-417a-8ace-46b1d01cfb81" />
      <TestMethod codeBase="c:/projects/Riak.Client/Riak.Tests/bin/Debug/Riak.Tests.DLL" adapterTypeName="Microsoft.VisualStudio.TestTools.TestTypes.Unit.UnitTestAdapter, Microsoft.VisualStudio.QualityTools.Tips.UnitTest.Adapter, Version=10.0.0.0, Culture=neutral, PublicKeyToken=b03f5f7f11d50a3a" className="Riak.Tests.LinkTests, Riak.Tests, Version=1.0.0.0, Culture=neutral, PublicKeyToken=null" name="LinkWithRelationalUri" />
    </UnitTest>
    <UnitTest name="GetAllTextData" storage="c:\projects\riak.client\riak.tests\bin\debug\riak.tests.dll" id="4312a9d7-4905-c365-94ac-da54845d713f">
      <Execution id="09671b3d-dc02-4cb0-94e3-8e2bab916093" />
      <TestMethod codeBase="c:/projects/Riak.Client/Riak.Tests/bin/Debug/Riak.Tests.DLL" adapterTypeName="Microsoft.VisualStudio.TestTools.TestTypes.Unit.UnitTestAdapter, Microsoft.VisualStudio.QualityTools.Tips.UnitTest.Adapter, Version=10.0.0.0, Culture=neutral, PublicKeyToken=b03f5f7f11d50a3a" className="Riak.Tests.MultiPartResponseTests, Riak.Tests, Version=1.0.0.0, Culture=neutral, PublicKeyToken=null" name="GetAllTextData" />
    </UnitTest>
    <UnitTest name="ConflictOnAllowMultiBucket" storage="c:\projects\riak.client\riak.tests\bin\debug\riak.tests.dll" id="beae7429-a6a2-4b8b-91b8-2242ec45c77a">
      <Execution id="f22969dd-f787-4325-8ce4-d90ad2aeae1a" />
      <TestMethod codeBase="c:/projects/Riak.Client/Riak.Tests/bin/Debug/Riak.Tests.DLL" adapterTypeName="Microsoft.VisualStudio.TestTools.TestTypes.Unit.UnitTestAdapter, Microsoft.VisualStudio.QualityTools.Tips.UnitTest.Adapter, Version=10.0.0.0, Culture=neutral, PublicKeyToken=b03f5f7f11d50a3a" className="Riak.Tests.BucketTests, Riak.Tests, Version=1.0.0.0, Culture=neutral, PublicKeyToken=null" name="ConflictOnAllowMultiBucket" />
    </UnitTest>
    <UnitTest name="LinkWithUnknownParameters" storage="c:\projects\riak.client\riak.tests\bin\debug\riak.tests.dll" id="d9c44692-30b5-c679-747b-7d385a54ef67">
      <Execution id="1c4fb36d-4275-4efe-bf1f-6d13ce4f769d" />
      <TestMethod codeBase="c:/projects/Riak.Client/Riak.Tests/bin/Debug/Riak.Tests.DLL" adapterTypeName="Microsoft.VisualStudio.TestTools.TestTypes.Unit.UnitTestAdapter, Microsoft.VisualStudio.QualityTools.Tips.UnitTest.Adapter, Version=10.0.0.0, Culture=neutral, PublicKeyToken=b03f5f7f11d50a3a" className="Riak.Tests.LinkTests, Riak.Tests, Version=1.0.0.0, Culture=neutral, PublicKeyToken=null" name="LinkWithUnknownParameters" />
    </UnitTest>
    <UnitTest name="LinkRoundTripping" storage="c:\projects\riak.client\riak.tests\bin\debug\riak.tests.dll" id="8bc468f8-eee0-673a-92b7-930506440e84">
      <Execution id="e7e32464-646b-434b-b4a5-84afd54e7a86" />
      <TestMethod codeBase="c:/projects/Riak.Client/Riak.Tests/bin/Debug/Riak.Tests.DLL" adapterTypeName="Microsoft.VisualStudio.TestTools.TestTypes.Unit.UnitTestAdapter, Microsoft.VisualStudio.QualityTools.Tips.UnitTest.Adapter, Version=10.0.0.0, Culture=neutral, PublicKeyToken=b03f5f7f11d50a3a" className="Riak.Tests.LinkTests, Riak.Tests, Version=1.0.0.0, Culture=neutral, PublicKeyToken=null" name="LinkRoundTripping" />
    </UnitTest>
    <UnitTest name="DeleteMissingKeys" storage="c:\projects\riak.client\riak.tests\bin\debug\riak.tests.dll" id="8adbc453-a093-0889-b145-79d2f69be902">
      <Execution id="a9a3b941-ee71-4c62-a687-a4d9d7ad371d" />
      <TestMethod codeBase="c:/projects/Riak.Client/Riak.Tests/bin/Debug/Riak.Tests.DLL" adapterTypeName="Microsoft.VisualStudio.TestTools.TestTypes.Unit.UnitTestAdapter, Microsoft.VisualStudio.QualityTools.Tips.UnitTest.Adapter, Version=10.0.0.0, Culture=neutral, PublicKeyToken=b03f5f7f11d50a3a" className="Riak.Tests.BucketTests, Riak.Tests, Version=1.0.0.0, Culture=neutral, PublicKeyToken=null" name="DeleteMissingKeys" />
    </UnitTest>
    <UnitTest name="DeleteExistingKeys" storage="c:\projects\riak.client\riak.tests\bin\debug\riak.tests.dll" id="ecb7a2ec-95c2-bcd4-9208-598a9a8227f1">
      <Execution id="868f2e75-28eb-426e-9f03-d5f79f597d66" />
      <TestMethod codeBase="c:/projects/Riak.Client/Riak.Tests/bin/Debug/Riak.Tests.DLL" adapterTypeName="Microsoft.VisualStudio.TestTools.TestTypes.Unit.UnitTestAdapter, Microsoft.VisualStudio.QualityTools.Tips.UnitTest.Adapter, Version=10.0.0.0, Culture=neutral, PublicKeyToken=b03f5f7f11d50a3a" className="Riak.Tests.BucketTests, Riak.Tests, Version=1.0.0.0, Culture=neutral, PublicKeyToken=null" name="DeleteExistingKeys" />
    </UnitTest>
    <UnitTest name="ConflictOnNonMultiBucket" storage="c:\projects\riak.client\riak.tests\bin\debug\riak.tests.dll" id="06a22416-08af-c0dc-b70f-5cec4761aa09">
      <Execution id="c5287594-4188-4d1d-9989-103365cfcd47" />
      <TestMethod codeBase="c:/projects/Riak.Client/Riak.Tests/bin/Debug/Riak.Tests.DLL" adapterTypeName="Microsoft.VisualStudio.TestTools.TestTypes.Unit.UnitTestAdapter, Microsoft.VisualStudio.QualityTools.Tips.UnitTest.Adapter, Version=10.0.0.0, Culture=neutral, PublicKeyToken=b03f5f7f11d50a3a" className="Riak.Tests.BucketTests, Riak.Tests, Version=1.0.0.0, Culture=neutral, PublicKeyToken=null" name="ConflictOnNonMultiBucket" />
    </UnitTest>
    <UnitTest name="LinkOnNewKeyExistsAndParses" storage="c:\projects\riak.client\riak.tests\bin\debug\riak.tests.dll" id="cb4b29f5-c7d3-2010-bb43-cecc9f41c474">
      <Execution id="0138242a-6ec6-4cda-8d01-4b24d935a3f1" />
      <TestMethod codeBase="c:/projects/Riak.Client/Riak.Tests/bin/Debug/Riak.Tests.DLL" adapterTypeName="Microsoft.VisualStudio.TestTools.TestTypes.Unit.UnitTestAdapter, Microsoft.VisualStudio.QualityTools.Tips.UnitTest.Adapter, Version=10.0.0.0, Culture=neutral, PublicKeyToken=b03f5f7f11d50a3a" className="Riak.Tests.LinkTests, Riak.Tests, Version=1.0.0.0, Culture=neutral, PublicKeyToken=null" name="LinkOnNewKeyExistsAndParses" />
    </UnitTest>
  </TestDefinitions>
  <TestLists>
    <TestList name="Results Not in a List" id="8c84fa94-04c1-424b-9868-57a2d4851a1d" />
    <TestList name="All Loaded Results" id="19431567-8539-422a-85d7-44ee4e166bda" />
  </TestLists>
  <TestEntries>
    <TestEntry testId="58939138-4342-8e72-2f65-c6ec6d5362d3" executionId="7f2fdc73-05f9-41b8-b57c-0515273eca4a" testListId="8c84fa94-04c1-424b-9868-57a2d4851a1d" />
    <TestEntry testId="4ad0d6cc-b6bb-6b71-fab7-7bd0c1927a9f" executionId="15d21fda-dddf-47ca-888e-da0747dd2f53" testListId="8c84fa94-04c1-424b-9868-57a2d4851a1d" />
    <TestEntry testId="ecb7a2ec-95c2-bcd4-9208-598a9a8227f1" executionId="868f2e75-28eb-426e-9f03-d5f79f597d66" testListId="8c84fa94-04c1-424b-9868-57a2d4851a1d" />
    <TestEntry testId="8adbc453-a093-0889-b145-79d2f69be902" executionId="a9a3b941-ee71-4c62-a687-a4d9d7ad371d" testListId="8c84fa94-04c1-424b-9868-57a2d4851a1d" />
    <TestEntry testId="06a22416-08af-c0dc-b70f-5cec4761aa09" executionId="c5287594-4188-4d1d-9989-103365cfcd47" testListId="8c84fa94-04c1-424b-9868-57a2d4851a1d" />
    <TestEntry testId="33d4d279-34bd-6d5a-280e-4b82973def51" executionId="fbf7b1e4-156b-4f20-8cb5-0abdc61f0857" testListId="8c84fa94-04c1-424b-9868-57a2d4851a1d" />
    <TestEntry testId="beae7429-a6a2-4b8b-91b8-2242ec45c77a" executionId="f22969dd-f787-4325-8ce4-d90ad2aeae1a" testListId="8c84fa94-04c1-424b-9868-57a2d4851a1d" />
    <TestEntry testId="7a71b779-6444-5633-f109-dc2d069ca31b" executionId="97ef0f91-04c4-49be-8ae0-4824240b8af3" testListId="8c84fa94-04c1-424b-9868-57a2d4851a1d" />
    <TestEntry testId="30d12b1b-aa49-8c08-bd4a-866243aceb48" executionId="55846900-f099-417a-8ace-46b1d01cfb81" testListId="8c84fa94-04c1-424b-9868-57a2d4851a1d" />
    <TestEntry testId="d79ef6f9-4e22-e7f6-a37e-b0e7a8cab61d" executionId="e28142a8-a598-449d-baf4-f0b1a43074ef" testListId="8c84fa94-04c1-424b-9868-57a2d4851a1d" />
    <TestEntry testId="cb4b29f5-c7d3-2010-bb43-cecc9f41c474" executionId="0138242a-6ec6-4cda-8d01-4b24d935a3f1" testListId="8c84fa94-04c1-424b-9868-57a2d4851a1d" />
    <TestEntry testId="86d01318-0230-9e62-826b-6c3385d23407" executionId="8ecba493-4f89-4a7c-83c6-e8054daa8cbf" testListId="8c84fa94-04c1-424b-9868-57a2d4851a1d" />
    <TestEntry testId="80c6668e-527f-7ce0-c7fa-d368165124a1" executionId="6d4b55b2-a76b-43cd-84cd-3b3ac2692083" testListId="8c84fa94-04c1-424b-9868-57a2d4851a1d" />
    <TestEntry testId="d9c44692-30b5-c679-747b-7d385a54ef67" executionId="1c4fb36d-4275-4efe-bf1f-6d13ce4f769d" testListId="8c84fa94-04c1-424b-9868-57a2d4851a1d" />
    <TestEntry testId="8bc468f8-eee0-673a-92b7-930506440e84" executionId="e7e32464-646b-434b-b4a5-84afd54e7a86" testListId="8c84fa94-04c1-424b-9868-57a2d4851a1d" />
    <TestEntry testId="e59f5b3d-3a7c-4505-e293-67664a703224" executionId="cdd11dd6-3ae1-4a0b-bea1-df57c11218ce" testListId="8c84fa94-04c1-424b-9868-57a2d4851a1d" />
    <TestEntry testId="4312a9d7-4905-c365-94ac-da54845d713f" executionId="09671b3d-dc02-4cb0-94e3-8e2bab916093" testListId="8c84fa94-04c1-424b-9868-57a2d4851a1d" />
  </TestEntries>
  <Results>
    <UnitTestResult executionId="7f2fdc73-05f9-41b8-b57c-0515273eca4a" testId="58939138-4342-8e72-2f65-c6ec6d5362d3" testName="SaveAStringKeyValue" computerName="HORVICKW7" duration="00:00:00.6720895" startTime="2010-03-20T18:43:14.9159797-04:00" endTime="2010-03-20T18:43:16.2430556-04:00" testType="13cdc9d9-ddb5-4fa4-a97d-d965ccfc6d4b" outcome="Passed" testListId="8c84fa94-04c1-424b-9868-57a2d4851a1d" relativeResultsDirectory="7f2fdc73-05f9-41b8-b57c-0515273eca4a">
      <Output>
        <DebugTrace>GET: http://192.168.137.50:8098/riak/BucketTest
GET: http://192.168.137.50:8098/riak/BucketTest/StringKey
X-Riak-Vclock: a85hYGBgzWDKBVIs7EdnFGQwJTLmsTJ8OSl5lA8qzDKbRwkq/BVJmOHm+idQ4fpTSKpfm1+ECgueRggzu5x4iiycBQA=
Link: 
PUT: http://192.168.137.50:8098/riak/BucketTest/StringKey
GET: http://192.168.137.50:8098/riak/BucketTest/StringKey
</DebugTrace>
      </Output>
    </UnitTestResult>
    <UnitTestResult executionId="15d21fda-dddf-47ca-888e-da0747dd2f53" testId="4ad0d6cc-b6bb-6b71-fab7-7bd0c1927a9f" testName="SaveABinaryKeyValue" computerName="HORVICKW7" duration="00:00:00.3189410" startTime="2010-03-20T18:43:16.2590565-04:00" endTime="2010-03-20T18:43:16.5980759-04:00" testType="13cdc9d9-ddb5-4fa4-a97d-d965ccfc6d4b" outcome="Passed" testListId="8c84fa94-04c1-424b-9868-57a2d4851a1d" relativeResultsDirectory="15d21fda-dddf-47ca-888e-da0747dd2f53">
      <Output>
        <DebugTrace>GET: http://192.168.137.50:8098/riak/BucketTest
GET: http://192.168.137.50:8098/riak/BucketTest/BinaryKey
X-Riak-Vclock: a85hYGBgymDKBVIsjHcaYjKYEhnzWBk+n5Q8ygcVZnY3M4UK858GCmcBAA==
Link: 
PUT: http://192.168.137.50:8098/riak/BucketTest/BinaryKey
GET: http://192.168.137.50:8098/riak/BucketTest/BinaryKey
GET: http://192.168.137.50:8098/riak/BucketTest/BinaryKey
</DebugTrace>
      </Output>
    </UnitTestResult>
    <UnitTestResult executionId="868f2e75-28eb-426e-9f03-d5f79f597d66" testId="ecb7a2ec-95c2-bcd4-9208-598a9a8227f1" testName="DeleteExistingKeys" computerName="HORVICKW7" duration="00:00:00.7497614" startTime="2010-03-20T18:43:16.6560792-04:00" endTime="2010-03-20T18:43:17.4321236-04:00" testType="13cdc9d9-ddb5-4fa4-a97d-d965ccfc6d4b" outcome="Passed" testListId="8c84fa94-04c1-424b-9868-57a2d4851a1d" relativeResultsDirectory="868f2e75-28eb-426e-9f03-d5f79f597d66">
      <Output>
        <DebugTrace>GET: http://192.168.137.50:8098/riak/BucketTest
GET: http://192.168.137.50:8098/riak/BucketTest
GET: http://192.168.137.50:8098/riak/BucketTest/BinaryKey
X-Riak-Vclock: a85hYGBgzmDKBVIsjHcaYjKYEhnzWBk+n5Q8ygcVZnY3M4UK859GCLOycIpBhVtAwlkA
DELETE: http://192.168.137.50:8098/riak/BucketTest/BinaryKey
GET: http://192.168.137.50:8098/riak/BucketTest/StringKey
X-Riak-Vclock: a85hYGBgy2DKBVIs7EdnFGQwJTLmsTJ8OSl5lA8qzDKbRwkq/BVJmOHm+idQ4fpTCGFmlxNPocKCp5EMeW1+EYsw07EaPahwC0g4CwA=
DELETE: http://192.168.137.50:8098/riak/BucketTest/StringKey
GET: http://192.168.137.50:8098/riak/BucketTest
</DebugTrace>
      </Output>
    </UnitTestResult>
    <UnitTestResult executionId="a9a3b941-ee71-4c62-a687-a4d9d7ad371d" testId="8adbc453-a093-0889-b145-79d2f69be902" testName="DeleteMissingKeys" computerName="HORVICKW7" duration="00:00:01.1522133" startTime="2010-03-20T18:43:17.4401241-04:00" endTime="2010-03-20T18:43:18.6041906-04:00" testType="13cdc9d9-ddb5-4fa4-a97d-d965ccfc6d4b" outcome="Passed" testListId="8c84fa94-04c1-424b-9868-57a2d4851a1d" relativeResultsDirectory="a9a3b941-ee71-4c62-a687-a4d9d7ad371d">
      <Output>
        <DebugTrace>GET: http://192.168.137.50:8098/riak/BucketTest
GET: http://192.168.137.50:8098/riak/BucketTest/0
PUT: http://192.168.137.50:8098/riak/BucketTest/0
GET: http://192.168.137.50:8098/riak/BucketTest/0
GET: http://192.168.137.50:8098/riak/BucketTest/1
PUT: http://192.168.137.50:8098/riak/BucketTest/1
GET: http://192.168.137.50:8098/riak/BucketTest/1
GET: http://192.168.137.50:8098/riak/BucketTest/2
PUT: http://192.168.137.50:8098/riak/BucketTest/2
GET: http://192.168.137.50:8098/riak/BucketTest/2
GET: http://192.168.137.50:8098/riak/BucketTest/3
PUT: http://192.168.137.50:8098/riak/BucketTest/3
GET: http://192.168.137.50:8098/riak/BucketTest/3
GET: http://192.168.137.50:8098/riak/BucketTest/4
PUT: http://192.168.137.50:8098/riak/BucketTest/4
GET: http://192.168.137.50:8098/riak/BucketTest/4
GET: http://192.168.137.50:8098/riak/BucketTest/5
PUT: http://192.168.137.50:8098/riak/BucketTest/5
GET: http://192.168.137.50:8098/riak/BucketTest/5
GET: http://192.168.137.50:8098/riak/BucketTest/6
PUT: http://192.168.137.50:8098/riak/BucketTest/6
GET: http://192.168.137.50:8098/riak/BucketTest/6
GET: http://192.168.137.50:8098/riak/BucketTest/7
PUT: http://192.168.137.50:8098/riak/BucketTest/7
GET: http://192.168.137.50:8098/riak/BucketTest/7
GET: http://192.168.137.50:8098/riak/BucketTest/8
PUT: http://192.168.137.50:8098/riak/BucketTest/8
GET: http://192.168.137.50:8098/riak/BucketTest/8
GET: http://192.168.137.50:8098/riak/BucketTest/9
PUT: http://192.168.137.50:8098/riak/BucketTest/9
GET: http://192.168.137.50:8098/riak/BucketTest/9
GET: http://192.168.137.50:8098/riak/BucketTest
GET: http://192.168.137.50:8098/riak/BucketTest/0
X-Riak-Vclock: a85hYGBgzGDKBVIsbM+u789gSmTMY2VoPS15lC8LAA==
DELETE: http://192.168.137.50:8098/riak/BucketTest/0
X-Riak-Vclock: a85hYGBgzGDKBVIsbM+u789gSmTMY2VoPS15lC8LAA==
DELETE: http://192.168.137.50:8098/riak/BucketTest/0
GET: http://192.168.137.50:8098/riak/BucketTest/1
X-Riak-Vclock: a85hYGBgzGDKBVIsbM+u789gSmTMY2VoPS15lC8LAA==
DELETE: http://192.168.137.50:8098/riak/BucketTest/1
X-Riak-Vclock: a85hYGBgzGDKBVIsbM+u789gSmTMY2VoPS15lC8LAA==
DELETE: http://192.168.137.50:8098/riak/BucketTest/1
GET: http://192.168.137.50:8098/riak/BucketTest/2
X-Riak-Vclock: a85hYGBgzGDKBVIsbM+u789gSmTMY2VoPS15lC8LAA==
DELETE: http://192.168.137.50:8098/riak/BucketTest/2
X-Riak-Vclock: a85hYGBgzGDKBVIsbM+u789gSmTMY2VoPS15lC8LAA==
DELETE: http://192.168.137.50:8098/riak/BucketTest/2
GET: http://192.168.137.50:8098/riak/BucketTest/3
X-Riak-Vclock: a85hYGBgzGDKBVIsbM+u789gSmTMY2VoPS15lC8LAA==
DELETE: http://192.168.137.50:8098/riak/BucketTest/3
X-Riak-Vclock: a85hYGBgzGDKBVIsbM+u789gSmTMY2VoPS15lC8LAA==
DELETE: http://192.168.137.50:8098/riak/BucketTest/3
GET: http://192.168.137.50:8098/riak/BucketTest/4
X-Riak-Vclock: a85hYGBgzGDKBVIsbM+u789gSmTMY2VoPS15lC8LAA==
DELETE: http://192.168.137.50:8098/riak/BucketTest/4
X-Riak-Vclock: a85hYGBgzGDKBVIsbM+u789gSmTMY2VoPS15lC8LAA==
DELETE: http://192.168.137.50:8098/riak/BucketTest/4
GET: http://192.168.137.50:8098/riak/BucketTest/5
X-Riak-Vclock: a85hYGBgzGDKBVIsbM+u789gSmTMY2VoPS15lC8LAA==
DELETE: http://192.168.137.50:8098/riak/BucketTest/5
X-Riak-Vclock: a85hYGBgzGDKBVIsbM+u789gSmTMY2VoPS15lC8LAA==
DELETE: http://192.168.137.50:8098/riak/BucketTest/5
GET: http://192.168.137.50:8098/riak/BucketTest/6
X-Riak-Vclock: a85hYGBgzGDKBVIsbM+u789gSmTMY2VoPS15lC8LAA==
DELETE: http://192.168.137.50:8098/riak/BucketTest/6
X-Riak-Vclock: a85hYGBgzGDKBVIsbM+u789gSmTMY2VoPS15lC8LAA==
DELETE: http://192.168.137.50:8098/riak/BucketTest/6
GET: http://192.168.137.50:8098/riak/BucketTest/7
X-Riak-Vclock: a85hYGBgzGDKBVIsbM+u789gSmTMY2VoPS15lC8LAA==
DELETE: http://192.168.137.50:8098/riak/BucketTest/7
X-Riak-Vclock: a85hYGBgzGDKBVIsbM+u789gSmTMY2VoPS15lC8LAA==
DELETE: http://192.168.137.50:8098/riak/BucketTest/7
GET: http://192.168.137.50:8098/riak/BucketTest/8
X-Riak-Vclock: a85hYGBgzGDKBVIsbM+u789gSmTMY2VoOy15lC8LAA==
DELETE: http://192.168.137.50:8098/riak/BucketTest/8
X-Riak-Vclock: a85hYGBgzGDKBVIsbM+u789gSmTMY2VoOy15lC8LAA==
DELETE: http://192.168.137.50:8098/riak/BucketTest/8
GET: http://192.168.137.50:8098/riak/BucketTest/9
X-Riak-Vclock: a85hYGBgzGDKBVIsbM+u789gSmTMY2VoOy15lC8LAA==
DELETE: http://192.168.137.50:8098/riak/BucketTest/9
X-Riak-Vclock: a85hYGBgzGDKBVIsbM+u789gSmTMY2VoOy15lC8LAA==
DELETE: http://192.168.137.50:8098/riak/BucketTest/9
GET: http://192.168.137.50:8098/riak/BucketTest/0
DELETE: http://192.168.137.50:8098/riak/BucketTest/0
GET: http://192.168.137.50:8098/riak/BucketTest/1
DELETE: http://192.168.137.50:8098/riak/BucketTest/1
GET: http://192.168.137.50:8098/riak/BucketTest/2
DELETE: http://192.168.137.50:8098/riak/BucketTest/2
GET: http://192.168.137.50:8098/riak/BucketTest/3
DELETE: http://192.168.137.50:8098/riak/BucketTest/3
GET: http://192.168.137.50:8098/riak/BucketTest/4
DELETE: http://192.168.137.50:8098/riak/BucketTest/4
GET: http://192.168.137.50:8098/riak/BucketTest/5
DELETE: http://192.168.137.50:8098/riak/BucketTest/5
GET: http://192.168.137.50:8098/riak/BucketTest/6
DELETE: http://192.168.137.50:8098/riak/BucketTest/6
GET: http://192.168.137.50:8098/riak/BucketTest/7
DELETE: http://192.168.137.50:8098/riak/BucketTest/7
GET: http://192.168.137.50:8098/riak/BucketTest/8
DELETE: http://192.168.137.50:8098/riak/BucketTest/8
GET: http://192.168.137.50:8098/riak/BucketTest/9
DELETE: http://192.168.137.50:8098/riak/BucketTest/9
</DebugTrace>
      </Output>
    </UnitTestResult>
    <UnitTestResult executionId="c5287594-4188-4d1d-9989-103365cfcd47" testId="06a22416-08af-c0dc-b70f-5cec4761aa09" testName="ConflictOnNonMultiBucket" computerName="HORVICKW7" duration="00:00:00.4115301" startTime="2010-03-20T18:43:18.6251918-04:00" endTime="2010-03-20T18:43:19.0472160-04:00" testType="13cdc9d9-ddb5-4fa4-a97d-d965ccfc6d4b" outcome="Passed" testListId="8c84fa94-04c1-424b-9868-57a2d4851a1d" relativeResultsDirectory="c5287594-4188-4d1d-9989-103365cfcd47">
      <Output>
        <DebugTrace>GET: http://192.168.137.50:8098/riak/NonMultiBucket
GET: http://192.168.137.50:8098/riak/NonMultiBucket/f9391a90-65e8-4ddc-b787-cfa5fe3b91d0
PUT: http://192.168.137.50:8098/riak/NonMultiBucket/f9391a90-65e8-4ddc-b787-cfa5fe3b91d0
GET: http://192.168.137.50:8098/riak/NonMultiBucket/f9391a90-65e8-4ddc-b787-cfa5fe3b91d0
GET: http://192.168.137.50:8098/riak/NonMultiBucket/f9391a90-65e8-4ddc-b787-cfa5fe3b91d0
GET: http://192.168.137.50:8098/riak/NonMultiBucket/f9391a90-65e8-4ddc-b787-cfa5fe3b91d0
X-Riak-Vclock: a85hYGBgzGDKBVIsDO6H8zKYEhnzWBnaTkse5csCAA==
Link: 
PUT: http://192.168.137.50:8098/riak/NonMultiBucket/f9391a90-65e8-4ddc-b787-cfa5fe3b91d0
GET: http://192.168.137.50:8098/riak/NonMultiBucket/f9391a90-65e8-4ddc-b787-cfa5fe3b91d0
X-Riak-Vclock: a85hYGBgzGDKBVIsDO6H8zKYEhnzWBnaTkse5csCAA==
Link: 
PUT: http://192.168.137.50:8098/riak/NonMultiBucket/f9391a90-65e8-4ddc-b787-cfa5fe3b91d0
GET: http://192.168.137.50:8098/riak/NonMultiBucket/f9391a90-65e8-4ddc-b787-cfa5fe3b91d0
GET: http://192.168.137.50:8098/riak/NonMultiBucket/f9391a90-65e8-4ddc-b787-cfa5fe3b91d0
</DebugTrace>
      </Output>
    </UnitTestResult>
    <UnitTestResult executionId="fbf7b1e4-156b-4f20-8cb5-0abdc61f0857" testId="33d4d279-34bd-6d5a-280e-4b82973def51" testName="SettingAllowMultiPersistsCorrectly" computerName="HORVICKW7" duration="00:00:00.9203920" startTime="2010-03-20T18:43:19.0582166-04:00" endTime="2010-03-20T18:43:19.9872698-04:00" testType="13cdc9d9-ddb5-4fa4-a97d-d965ccfc6d4b" outcome="Passed" testListId="8c84fa94-04c1-424b-9868-57a2d4851a1d" relativeResultsDirectory="fbf7b1e4-156b-4f20-8cb5-0abdc61f0857">
      <Output>
        <DebugTrace>GET: http://192.168.137.50:8098/riak/SettingAllowMultiPersistsCorrectly
PUT: http://192.168.137.50:8098/riak/SettingAllowMultiPersistsCorrectly
GET: http://192.168.137.50:8098/riak/SettingAllowMultiPersistsCorrectly
PUT: http://192.168.137.50:8098/riak/SettingAllowMultiPersistsCorrectly
GET: http://192.168.137.50:8098/riak/SettingAllowMultiPersistsCorrectly
PUT: http://192.168.137.50:8098/riak/SettingAllowMultiPersistsCorrectly
GET: http://192.168.137.50:8098/riak/SettingAllowMultiPersistsCorrectly
</DebugTrace>
      </Output>
    </UnitTestResult>
    <UnitTestResult executionId="f22969dd-f787-4325-8ce4-d90ad2aeae1a" testId="beae7429-a6a2-4b8b-91b8-2242ec45c77a" testName="ConflictOnAllowMultiBucket" computerName="HORVICKW7" duration="00:00:00.4090913" startTime="2010-03-20T18:43:20.0042707-04:00" endTime="2010-03-20T18:43:20.4232947-04:00" testType="13cdc9d9-ddb5-4fa4-a97d-d965ccfc6d4b" outcome="Passed" testListId="8c84fa94-04c1-424b-9868-57a2d4851a1d" relativeResultsDirectory="f22969dd-f787-4325-8ce4-d90ad2aeae1a">
      <Output>
        <DebugTrace>GET: http://192.168.137.50:8098/riak/ConflictOnAllowMultiBucket
PUT: http://192.168.137.50:8098/riak/ConflictOnAllowMultiBucket
GET: http://192.168.137.50:8098/riak/ConflictOnAllowMultiBucket/29498929-30e1-4227-9dfd-f0a949b4a487
PUT: http://192.168.137.50:8098/riak/ConflictOnAllowMultiBucket/29498929-30e1-4227-9dfd-f0a949b4a487
GET: http://192.168.137.50:8098/riak/ConflictOnAllowMultiBucket/29498929-30e1-4227-9dfd-f0a949b4a487
GET: http://192.168.137.50:8098/riak/ConflictOnAllowMultiBucket/29498929-30e1-4227-9dfd-f0a949b4a487
GET: http://192.168.137.50:8098/riak/ConflictOnAllowMultiBucket/29498929-30e1-4227-9dfd-f0a949b4a487
X-Riak-Vclock: a85hYGBgzGDKBVIsTCy75DKYEhnzWBk6Tkse5csCAA==
Link: 
PUT: http://192.168.137.50:8098/riak/ConflictOnAllowMultiBucket/29498929-30e1-4227-9dfd-f0a949b4a487
GET: http://192.168.137.50:8098/riak/ConflictOnAllowMultiBucket/29498929-30e1-4227-9dfd-f0a949b4a487
X-Riak-Vclock: a85hYGBgzGDKBVIsTCy75DKYEhnzWBk6Tkse5csCAA==
Link: 
PUT: http://192.168.137.50:8098/riak/ConflictOnAllowMultiBucket/29498929-30e1-4227-9dfd-f0a949b4a487
GET: http://192.168.137.50:8098/riak/ConflictOnAllowMultiBucket/29498929-30e1-4227-9dfd-f0a949b4a487
GET: http://192.168.137.50:8098/riak/ConflictOnAllowMultiBucket/29498929-30e1-4227-9dfd-f0a949b4a487
GET: http://192.168.137.50:8098/riak/ConflictOnAllowMultiBucket/29498929-30e1-4227-9dfd-f0a949b4a487
GET: http://192.168.137.50:8098/riak/ConflictOnAllowMultiBucket/29498929-30e1-4227-9dfd-f0a949b4a487
</DebugTrace>
      </Output>
    </UnitTestResult>
    <UnitTestResult executionId="97ef0f91-04c4-49be-8ae0-4824240b8af3" testId="7a71b779-6444-5633-f109-dc2d069ca31b" testName="GetAllSiblingsOnConflict" computerName="HORVICKW7" duration="00:00:00.4430606" startTime="2010-03-20T18:43:20.4332953-04:00" endTime="2010-03-20T18:43:20.8883213-04:00" testType="13cdc9d9-ddb5-4fa4-a97d-d965ccfc6d4b" outcome="Passed" testListId="8c84fa94-04c1-424b-9868-57a2d4851a1d" relativeResultsDirectory="97ef0f91-04c4-49be-8ae0-4824240b8af3">
      <Output>
        <DebugTrace>GET: http://192.168.137.50:8098/riak/ConflictOnAllowMultiBucket
PUT: http://192.168.137.50:8098/riak/ConflictOnAllowMultiBucket
GET: http://192.168.137.50:8098/riak/ConflictOnAllowMultiBucket/9abd307d-6ca9-4cca-966d-f7b90411c60f
PUT: http://192.168.137.50:8098/riak/ConflictOnAllowMultiBucket/9abd307d-6ca9-4cca-966d-f7b90411c60f
GET: http://192.168.137.50:8098/riak/ConflictOnAllowMultiBucket/9abd307d-6ca9-4cca-966d-f7b90411c60f
GET: http://192.168.137.50:8098/riak/ConflictOnAllowMultiBucket/9abd307d-6ca9-4cca-966d-f7b90411c60f
GET: http://192.168.137.50:8098/riak/ConflictOnAllowMultiBucket/9abd307d-6ca9-4cca-966d-f7b90411c60f
X-Riak-Vclock: a85hYGBgzGDKBVIsrNtZ/mUwJTLmsTJ0nJY8ypcFAA==
Link: 
PUT: http://192.168.137.50:8098/riak/ConflictOnAllowMultiBucket/9abd307d-6ca9-4cca-966d-f7b90411c60f
GET: http://192.168.137.50:8098/riak/ConflictOnAllowMultiBucket/9abd307d-6ca9-4cca-966d-f7b90411c60f
X-Riak-Vclock: a85hYGBgzGDKBVIsrNtZ/mUwJTLmsTJ0nJY8ypcFAA==
Link: 
PUT: http://192.168.137.50:8098/riak/ConflictOnAllowMultiBucket/9abd307d-6ca9-4cca-966d-f7b90411c60f
GET: http://192.168.137.50:8098/riak/ConflictOnAllowMultiBucket/9abd307d-6ca9-4cca-966d-f7b90411c60f
GET: http://192.168.137.50:8098/riak/ConflictOnAllowMultiBucket/9abd307d-6ca9-4cca-966d-f7b90411c60f
GET: http://192.168.137.50:8098/riak/ConflictOnAllowMultiBucket/9abd307d-6ca9-4cca-966d-f7b90411c60f
GET: http://192.168.137.50:8098/riak/ConflictOnAllowMultiBucket/9abd307d-6ca9-4cca-966d-f7b90411c60f
GET: http://192.168.137.50:8098/riak/ConflictOnAllowMultiBucket/9abd307d-6ca9-4cca-966d-f7b90411c60f
GET: http://192.168.137.50:8098/riak/ConflictOnAllowMultiBucket/9abd307d-6ca9-4cca-966d-f7b90411c60f?vtag=5kNNkf1SXgUe8EXHOWoAYn
GET: http://192.168.137.50:8098/riak/ConflictOnAllowMultiBucket/9abd307d-6ca9-4cca-966d-f7b90411c60f?vtag=5kNNkf1SXgUe8EXHOWoAYn
</DebugTrace>
      </Output>
    </UnitTestResult>
    <UnitTestResult executionId="55846900-f099-417a-8ace-46b1d01cfb81" testId="30d12b1b-aa49-8c08-bd4a-866243aceb48" testName="LinkWithRelationalUri" computerName="HORVICKW7" duration="00:00:00.0047307" startTime="2010-03-20T18:43:20.9233233-04:00" endTime="2010-03-20T18:43:20.9383242-04:00" testType="13cdc9d9-ddb5-4fa4-a97d-d965ccfc6d4b" outcome="Passed" testListId="8c84fa94-04c1-424b-9868-57a2d4851a1d" relativeResultsDirectory="55846900-f099-417a-8ace-46b1d01cfb81">
    </UnitTestResult>
    <UnitTestResult executionId="e28142a8-a598-449d-baf4-f0b1a43074ef" testId="d79ef6f9-4e22-e7f6-a37e-b0e7a8cab61d" testName="LinkWithMultipleParameters" computerName="HORVICKW7" duration="00:00:00.0007260" startTime="2010-03-20T18:43:20.9493248-04:00" endTime="2010-03-20T18:43:20.9643256-04:00" testType="13cdc9d9-ddb5-4fa4-a97d-d965ccfc6d4b" outcome="Passed" testListId="8c84fa94-04c1-424b-9868-57a2d4851a1d" relativeResultsDirectory="e28142a8-a598-449d-baf4-f0b1a43074ef">
    </UnitTestResult>
    <UnitTestResult executionId="0138242a-6ec6-4cda-8d01-4b24d935a3f1" testId="cb4b29f5-c7d3-2010-bb43-cecc9f41c474" testName="LinkOnNewKeyExistsAndParses" computerName="HORVICKW7" duration="00:00:00.2692557" startTime="2010-03-20T18:43:20.9813266-04:00" endTime="2010-03-20T18:43:21.2643428-04:00" testType="13cdc9d9-ddb5-4fa4-a97d-d965ccfc6d4b" outcome="Passed" testListId="8c84fa94-04c1-424b-9868-57a2d4851a1d" relativeResultsDirectory="0138242a-6ec6-4cda-8d01-4b24d935a3f1">
      <Output>
        <DebugTrace>GET: http://192.168.137.50:8098/riak/BucketTest
GET: http://192.168.137.50:8098/riak/BucketTest/StringKey
PUT: http://192.168.137.50:8098/riak/BucketTest/StringKey
GET: http://192.168.137.50:8098/riak/BucketTest/StringKey
GET: http://192.168.137.50:8098/riak/BucketTest/StringKey
</DebugTrace>
      </Output>
    </UnitTestResult>
    <UnitTestResult executionId="8ecba493-4f89-4a7c-83c6-e8054daa8cbf" testId="86d01318-0230-9e62-826b-6c3385d23407" testName="LinkOddlyFormedIsParsedAndNormalized" computerName="HORVICKW7" duration="00:00:00.0104955" startTime="2010-03-20T18:43:21.2823438-04:00" endTime="2010-03-20T18:43:21.3073453-04:00" testType="13cdc9d9-ddb5-4fa4-a97d-d965ccfc6d4b" outcome="Passed" testListId="8c84fa94-04c1-424b-9868-57a2d4851a1d" relativeResultsDirectory="8ecba493-4f89-4a7c-83c6-e8054daa8cbf">
    </UnitTestResult>
    <UnitTestResult executionId="6d4b55b2-a76b-43cd-84cd-3b3ac2692083" testId="80c6668e-527f-7ce0-c7fa-d368165124a1" testName="LinkCollectionOperationalTests" computerName="HORVICKW7" duration="00:00:00.0045151" startTime="2010-03-20T18:43:21.3243462-04:00" endTime="2010-03-20T18:43:21.3433473-04:00" testType="13cdc9d9-ddb5-4fa4-a97d-d965ccfc6d4b" outcome="Passed" testListId="8c84fa94-04c1-424b-9868-57a2d4851a1d" relativeResultsDirectory="6d4b55b2-a76b-43cd-84cd-3b3ac2692083">
    </UnitTestResult>
    <UnitTestResult executionId="1c4fb36d-4275-4efe-bf1f-6d13ce4f769d" testId="d9c44692-30b5-c679-747b-7d385a54ef67" testName="LinkWithUnknownParameters" computerName="HORVICKW7" duration="00:00:00.0009949" startTime="2010-03-20T18:43:21.3523478-04:00" endTime="2010-03-20T18:43:21.3663486-04:00" testType="13cdc9d9-ddb5-4fa4-a97d-d965ccfc6d4b" outcome="Passed" testListId="8c84fa94-04c1-424b-9868-57a2d4851a1d" relativeResultsDirectory="1c4fb36d-4275-4efe-bf1f-6d13ce4f769d">
    </UnitTestResult>
    <UnitTestResult executionId="e7e32464-646b-434b-b4a5-84afd54e7a86" testId="8bc468f8-eee0-673a-92b7-930506440e84" testName="LinkRoundTripping" computerName="HORVICKW7" duration="00:00:00.0014409" startTime="2010-03-20T18:43:21.3753491-04:00" endTime="2010-03-20T18:43:21.3933502-04:00" testType="13cdc9d9-ddb5-4fa4-a97d-d965ccfc6d4b" outcome="Passed" testListId="8c84fa94-04c1-424b-9868-57a2d4851a1d" relativeResultsDirectory="e7e32464-646b-434b-b4a5-84afd54e7a86">
    </UnitTestResult>
    <UnitTestResult executionId="cdd11dd6-3ae1-4a0b-bea1-df57c11218ce" testId="e59f5b3d-3a7c-4505-e293-67664a703224" testName="LinkFollowing" computerName="HORVICKW7" duration="00:00:00.6695909" startTime="2010-03-20T18:43:21.4033507-04:00" endTime="2010-03-20T18:43:22.0883899-04:00" testType="13cdc9d9-ddb5-4fa4-a97d-d965ccfc6d4b" outcome="Passed" testListId="8c84fa94-04c1-424b-9868-57a2d4851a1d" relativeResultsDirectory="cdd11dd6-3ae1-4a0b-bea1-df57c11218ce">
      <Output>
        <DebugTrace>GET: http://192.168.137.50:8098/riak/Artist
GET: http://192.168.137.50:8098/riak/Artist/Miles%20Davis
X-Riak-Vclock: a85hYGBgzGDKBVIsLPneGzKYEpnyWBnen5Q8ypcFAA==
DELETE: http://192.168.137.50:8098/riak/Artist/Miles%20Davis
GET: http://192.168.137.50:8098/riak/Artist/Miles%20Davis
PUT: http://192.168.137.50:8098/riak/Artist/Miles%20Davis
GET: http://192.168.137.50:8098/riak/Artist/Miles%20Davis
GET: http://192.168.137.50:8098/riak/Artist/Miles%20Davis
GET: http://192.168.137.50:8098/riak/Album
GET: http://192.168.137.50:8098/riak/Album/Dig
X-Riak-Vclock: a85hYGBgzGDKBVIsLPneGzKYEpnyWBnen5Q8ypcFAA==
DELETE: http://192.168.137.50:8098/riak/Album/Dig
GET: http://192.168.137.50:8098/riak/Album/Conception
X-Riak-Vclock: a85hYGBgzGDKBVIsLPneGzKYEpnyWBnen5Q8ypcFAA==
DELETE: http://192.168.137.50:8098/riak/Album/Conception
GET: http://192.168.137.50:8098/riak/Album/Blue
X-Riak-Vclock: a85hYGBgzGDKBVIsLPneGzKYEpnyWBnen5Q8ypcFAA==
DELETE: http://192.168.137.50:8098/riak/Album/Blue
GET: http://192.168.137.50:8098/riak/Album/Kind%20of%20Blue
X-Riak-Vclock: a85hYGBgzGDKBVIsLPneGzKYEpnyWBnen5Q8ypcFAA==
DELETE: http://192.168.137.50:8098/riak/Album/Kind%20of%20Blue
GET: http://192.168.137.50:8098/riak/Album/Kind%20of%20Blue
PUT: http://192.168.137.50:8098/riak/Album/Kind%20of%20Blue
GET: http://192.168.137.50:8098/riak/Album/Kind%20of%20Blue
GET: http://192.168.137.50:8098/riak/Album/Kind%20of%20Blue
GET: http://192.168.137.50:8098/riak/Album/Conception
PUT: http://192.168.137.50:8098/riak/Album/Conception
GET: http://192.168.137.50:8098/riak/Album/Conception
GET: http://192.168.137.50:8098/riak/Album/Conception
GET: http://192.168.137.50:8098/riak/Album/Blue
PUT: http://192.168.137.50:8098/riak/Album/Blue
GET: http://192.168.137.50:8098/riak/Album/Blue
GET: http://192.168.137.50:8098/riak/Album/Blue
GET: http://192.168.137.50:8098/riak/Album/Dig
PUT: http://192.168.137.50:8098/riak/Album/Dig
GET: http://192.168.137.50:8098/riak/Album/Dig
GET: http://192.168.137.50:8098/riak/Album/Dig
X-Riak-Vclock: a85hYGBgzGDKBVIsjH0uphlMiYx5rAydpyWP8mUBAA==
Link: &lt;/riak/Album/Kind%20of%20Blue&gt;; riaktag="album", &lt;/riak/Album/Conception&gt;; riaktag="album", &lt;/riak/Album/Blue&gt;; riaktag="album", &lt;/riak/Album/Dig&gt;; riaktag="album"
PUT: http://192.168.137.50:8098/riak/Artist/Miles%20Davis
X-Riak-Vclock: a85hYGBgzGDKBVIsjH0uphlMiYx5rAydpyWP8mUBAA==
Link: &lt;/riak/Artist/Miles%20Davis&gt;; riaktag="artist"
PUT: http://192.168.137.50:8098/riak/Album/Kind%20of%20Blue
X-Riak-Vclock: a85hYGBgzGDKBVIsjH0uphlMiYx5rAydpyWP8mUBAA==
Link: &lt;/riak/Artist/Miles%20Davis&gt;; riaktag="artist"
PUT: http://192.168.137.50:8098/riak/Album/Conception
X-Riak-Vclock: a85hYGBgzGDKBVIsjH0uphlMiYx5rAydpyWP8mUBAA==
Link: &lt;/riak/Artist/Miles%20Davis&gt;; riaktag="artist"
PUT: http://192.168.137.50:8098/riak/Album/Blue
X-Riak-Vclock: a85hYGBgzGDKBVIsjH0uphlMiYx5rAxdpyWP8mUBAA==
Link: &lt;/riak/Artist/Miles%20Davis&gt;; riaktag="artist"
PUT: http://192.168.137.50:8098/riak/Album/Dig
GET: http://192.168.137.50:8098/riak/Artist/Miles%20Davis
</DebugTrace>
      </Output>
    </UnitTestResult>
    <UnitTestResult executionId="09671b3d-dc02-4cb0-94e3-8e2bab916093" testId="4312a9d7-4905-c365-94ac-da54845d713f" testName="GetAllTextData" computerName="HORVICKW7" duration="00:00:00.6234405" startTime="2010-03-20T18:43:22.0973904-04:00" endTime="2010-03-20T18:43:22.7324268-04:00" testType="13cdc9d9-ddb5-4fa4-a97d-d965ccfc6d4b" outcome="Failed" testListId="8c84fa94-04c1-424b-9868-57a2d4851a1d" relativeResultsDirectory="09671b3d-dc02-4cb0-94e3-8e2bab916093">
      <Output>
        <DebugTrace>GET: http://192.168.137.50:8098/riak/8ecd968d-3dc0-4b75-b314-9ab6048060e7
PUT: http://192.168.137.50:8098/riak/8ecd968d-3dc0-4b75-b314-9ab6048060e7
GET: http://192.168.137.50:8098/riak/8ecd968d-3dc0-4b75-b314-9ab6048060e7/AllTextKey
GET: http://192.168.137.50:8098/riak/8ecd968d-3dc0-4b75-b314-9ab6048060e7/AllTextKey
GET: http://192.168.137.50:8098/riak/8ecd968d-3dc0-4b75-b314-9ab6048060e7/AllTextKey
GET: http://192.168.137.50:8098/riak/8ecd968d-3dc0-4b75-b314-9ab6048060e7/AllTextKey
PUT: http://192.168.137.50:8098/riak/8ecd968d-3dc0-4b75-b314-9ab6048060e7/AllTextKey
GET: http://192.168.137.50:8098/riak/8ecd968d-3dc0-4b75-b314-9ab6048060e7/AllTextKey
PUT: http://192.168.137.50:8098/riak/8ecd968d-3dc0-4b75-b314-9ab6048060e7/AllTextKey
GET: http://192.168.137.50:8098/riak/8ecd968d-3dc0-4b75-b314-9ab6048060e7/AllTextKey
PUT: http://192.168.137.50:8098/riak/8ecd968d-3dc0-4b75-b314-9ab6048060e7/AllTextKey
GET: http://192.168.137.50:8098/riak/8ecd968d-3dc0-4b75-b314-9ab6048060e7/AllTextKey
PUT: http://192.168.137.50:8098/riak/8ecd968d-3dc0-4b75-b314-9ab6048060e7/AllTextKey
GET: http://192.168.137.50:8098/riak/8ecd968d-3dc0-4b75-b314-9ab6048060e7/AllTextKey
GET: http://192.168.137.50:8098/riak/8ecd968d-3dc0-4b75-b314-9ab6048060e7
GET: http://192.168.137.50:8098/riak/8ecd968d-3dc0-4b75-b314-9ab6048060e7/AllTextKey
</DebugTrace>
        <ErrorInfo>
          <Message>Test method Riak.Tests.MultiPartResponseTests.GetAllTextData threw exception: 
System.NotImplementedException: The method or operation is not implemented.</Message>
          <StackTrace>    at Riak.Client.Bucket.LoadSiblingObjects(RiakHttpResponse response, String keyName) in c:\projects\Riak.Client\Riak.Client\Bucket.cs:line 126
   at Riak.Client.Bucket.GetAll(String keyName, Boolean lazy) in c:\projects\Riak.Client\Riak.Client\Bucket.cs:line 114
   at Riak.Tests.MultiPartResponseTests.GetAllTextData() in c:\projects\Riak.Client\Riak.Tests\MultiPartResponseTests.cs:line 55
</StackTrace>
        </ErrorInfo>
      </Output>
    </UnitTestResult>
  </Results>
</TestRun>