<?xml version="1.0" encoding="UTF-8"?>
<TestRun id="a0f33727-a654-4034-900b-a74eb3d8f8b3" name="Robert@HORVICKW7 2010-03-19 09:44:42" runUser="HORVICKW7\Robert" xmlns="http://microsoft.com/schemas/VisualStudio/TeamTest/2010">
  <TestSettings name="Local" id="cccf0ead-bb7b-4fa6-80c8-b697078887da">
    <Description>These are default test settings for a local test run.</Description>
    <Deployment enabled="false" runDeploymentRoot="Robert_HORVICKW7 2010-03-19 09_44_42" />
    <Execution>
      <TestTypeSpecific />
      <AgentRule name="Execution Agents">
      </AgentRule>
    </Execution>
  </TestSettings>
  <Times creation="2010-03-19T09:44:42.8350370-04:00" queuing="2010-03-19T09:44:47.5503067-04:00" start="2010-03-19T09:44:48.2703479-04:00" finish="2010-03-19T09:44:55.4117564-04:00" />
  <ResultSummary outcome="Failed">
    <Counters total="9" executed="9" passed="7" error="0" failed="2" timeout="0" aborted="0" inconclusive="0" passedButRunAborted="0" notRunnable="0" notExecuted="0" disconnected="0" warning="0" completed="0" inProgress="0" pending="0" />
  </ResultSummary>
  <TestDefinitions>
    <UnitTest name="SaveABinaryKeyValue" storage="c:\projects\riak.client\riak.tests\bin\debug\riak.tests.dll" id="4ad0d6cc-b6bb-6b71-fab7-7bd0c1927a9f">
      <Execution id="52b3bc54-e951-4322-aea9-022fda8bb95b" />
      <TestMethod codeBase="c:/projects/Riak.Client/Riak.Tests/bin/Debug/Riak.Tests.DLL" adapterTypeName="Microsoft.VisualStudio.TestTools.TestTypes.Unit.UnitTestAdapter, Microsoft.VisualStudio.QualityTools.Tips.UnitTest.Adapter, Version=10.0.0.0, Culture=neutral, PublicKeyToken=b03f5f7f11d50a3a" className="Riak.Tests.BucketTests, Riak.Tests, Version=1.0.0.0, Culture=neutral, PublicKeyToken=null" name="SaveABinaryKeyValue" />
    </UnitTest>
    <UnitTest name="DeleteExistingKeys" storage="c:\projects\riak.client\riak.tests\bin\debug\riak.tests.dll" id="ecb7a2ec-95c2-bcd4-9208-598a9a8227f1">
      <Execution id="ebcc6508-1f00-40df-8417-3e139fed3688" />
      <TestMethod codeBase="c:/projects/Riak.Client/Riak.Tests/bin/Debug/Riak.Tests.DLL" adapterTypeName="Microsoft.VisualStudio.TestTools.TestTypes.Unit.UnitTestAdapter, Microsoft.VisualStudio.QualityTools.Tips.UnitTest.Adapter, Version=10.0.0.0, Culture=neutral, PublicKeyToken=b03f5f7f11d50a3a" className="Riak.Tests.BucketTests, Riak.Tests, Version=1.0.0.0, Culture=neutral, PublicKeyToken=null" name="DeleteExistingKeys" />
    </UnitTest>
    <UnitTest name="SaveAStringKeyValue" storage="c:\projects\riak.client\riak.tests\bin\debug\riak.tests.dll" id="58939138-4342-8e72-2f65-c6ec6d5362d3">
      <Execution id="1af9533e-f3a0-431f-bffa-c2ffa01e123b" />
      <TestMethod codeBase="c:/projects/Riak.Client/Riak.Tests/bin/Debug/Riak.Tests.DLL" adapterTypeName="Microsoft.VisualStudio.TestTools.TestTypes.Unit.UnitTestAdapter, Microsoft.VisualStudio.QualityTools.Tips.UnitTest.Adapter, Version=10.0.0.0, Culture=neutral, PublicKeyToken=b03f5f7f11d50a3a" className="Riak.Tests.BucketTests, Riak.Tests, Version=1.0.0.0, Culture=neutral, PublicKeyToken=null" name="SaveAStringKeyValue" />
    </UnitTest>
    <UnitTest name="ConflictOnAllowMultiBucket" storage="c:\projects\riak.client\riak.tests\bin\debug\riak.tests.dll" id="beae7429-a6a2-4b8b-91b8-2242ec45c77a">
      <Execution id="dcc3b229-e465-4ef9-9201-0868af930ae9" />
      <TestMethod codeBase="c:/projects/Riak.Client/Riak.Tests/bin/Debug/Riak.Tests.DLL" adapterTypeName="Microsoft.VisualStudio.TestTools.TestTypes.Unit.UnitTestAdapter, Microsoft.VisualStudio.QualityTools.Tips.UnitTest.Adapter, Version=10.0.0.0, Culture=neutral, PublicKeyToken=b03f5f7f11d50a3a" className="Riak.Tests.BucketTests, Riak.Tests, Version=1.0.0.0, Culture=neutral, PublicKeyToken=null" name="ConflictOnAllowMultiBucket" />
    </UnitTest>
    <UnitTest name="ConflictOnNonMultiBucket" storage="c:\projects\riak.client\riak.tests\bin\debug\riak.tests.dll" id="06a22416-08af-c0dc-b70f-5cec4761aa09">
      <Execution id="3194bc8b-f463-4b28-af52-09dad7eab8c0" />
      <TestMethod codeBase="c:/projects/Riak.Client/Riak.Tests/bin/Debug/Riak.Tests.DLL" adapterTypeName="Microsoft.VisualStudio.TestTools.TestTypes.Unit.UnitTestAdapter, Microsoft.VisualStudio.QualityTools.Tips.UnitTest.Adapter, Version=10.0.0.0, Culture=neutral, PublicKeyToken=b03f5f7f11d50a3a" className="Riak.Tests.BucketTests, Riak.Tests, Version=1.0.0.0, Culture=neutral, PublicKeyToken=null" name="ConflictOnNonMultiBucket" />
    </UnitTest>
    <UnitTest name="GetKeyFromBucket" storage="c:\projects\riak.client\riak.tests\bin\debug\riak.tests.dll" id="7ec93923-9b63-896f-6fbc-0de4f66812a0">
      <Execution id="67c9fab0-9fe9-4c49-b25f-8b2e8ef4957e" />
      <TestMethod codeBase="c:/projects/Riak.Client/Riak.Tests/bin/Debug/Riak.Tests.DLL" adapterTypeName="Microsoft.VisualStudio.TestTools.TestTypes.Unit.UnitTestAdapter, Microsoft.VisualStudio.QualityTools.Tips.UnitTest.Adapter, Version=10.0.0.0, Culture=neutral, PublicKeyToken=b03f5f7f11d50a3a" className="Riak.Tests.RiakRequestTests, Riak.Tests, Version=1.0.0.0, Culture=neutral, PublicKeyToken=null" name="GetKeyFromBucket" />
    </UnitTest>
    <UnitTest name="TestMethod1" storage="c:\projects\riak.client\riak.tests\bin\debug\riak.tests.dll" id="4218db0c-c3cd-af6c-7a89-5cbb6ed4b0b4">
      <Execution id="12709496-86fa-448e-9b8b-905c1f6bd96d" />
      <TestMethod codeBase="c:/projects/Riak.Client/Riak.Tests/bin/Debug/Riak.Tests.DLL" adapterTypeName="Microsoft.VisualStudio.TestTools.TestTypes.Unit.UnitTestAdapter, Microsoft.VisualStudio.QualityTools.Tips.UnitTest.Adapter, Version=10.0.0.0, Culture=neutral, PublicKeyToken=b03f5f7f11d50a3a" className="Riak.Tests.RiakRequestTests, Riak.Tests, Version=1.0.0.0, Culture=neutral, PublicKeyToken=null" name="TestMethod1" />
    </UnitTest>
    <UnitTest name="DeleteMissingKeys" storage="c:\projects\riak.client\riak.tests\bin\debug\riak.tests.dll" id="8adbc453-a093-0889-b145-79d2f69be902">
      <Execution id="994ea04a-4172-48cf-95a3-b253850cafe3" />
      <TestMethod codeBase="c:/projects/Riak.Client/Riak.Tests/bin/Debug/Riak.Tests.DLL" adapterTypeName="Microsoft.VisualStudio.TestTools.TestTypes.Unit.UnitTestAdapter, Microsoft.VisualStudio.QualityTools.Tips.UnitTest.Adapter, Version=10.0.0.0, Culture=neutral, PublicKeyToken=b03f5f7f11d50a3a" className="Riak.Tests.BucketTests, Riak.Tests, Version=1.0.0.0, Culture=neutral, PublicKeyToken=null" name="DeleteMissingKeys" />
    </UnitTest>
    <UnitTest name="SettingAllowMultiPersistsCorrectly" storage="c:\projects\riak.client\riak.tests\bin\debug\riak.tests.dll" id="33d4d279-34bd-6d5a-280e-4b82973def51">
      <Execution id="e35e4020-2048-47e7-8c77-f43a4b8ec3ea" />
      <TestMethod codeBase="c:/projects/Riak.Client/Riak.Tests/bin/Debug/Riak.Tests.DLL" adapterTypeName="Microsoft.VisualStudio.TestTools.TestTypes.Unit.UnitTestAdapter, Microsoft.VisualStudio.QualityTools.Tips.UnitTest.Adapter, Version=10.0.0.0, Culture=neutral, PublicKeyToken=b03f5f7f11d50a3a" className="Riak.Tests.BucketTests, Riak.Tests, Version=1.0.0.0, Culture=neutral, PublicKeyToken=null" name="SettingAllowMultiPersistsCorrectly" />
    </UnitTest>
  </TestDefinitions>
  <TestLists>
    <TestList name="Results Not in a List" id="8c84fa94-04c1-424b-9868-57a2d4851a1d" />
    <TestList name="All Loaded Results" id="19431567-8539-422a-85d7-44ee4e166bda" />
  </TestLists>
  <TestEntries>
    <TestEntry testId="4218db0c-c3cd-af6c-7a89-5cbb6ed4b0b4" executionId="12709496-86fa-448e-9b8b-905c1f6bd96d" testListId="8c84fa94-04c1-424b-9868-57a2d4851a1d" />
    <TestEntry testId="7ec93923-9b63-896f-6fbc-0de4f66812a0" executionId="67c9fab0-9fe9-4c49-b25f-8b2e8ef4957e" testListId="8c84fa94-04c1-424b-9868-57a2d4851a1d" />
    <TestEntry testId="58939138-4342-8e72-2f65-c6ec6d5362d3" executionId="1af9533e-f3a0-431f-bffa-c2ffa01e123b" testListId="8c84fa94-04c1-424b-9868-57a2d4851a1d" />
    <TestEntry testId="4ad0d6cc-b6bb-6b71-fab7-7bd0c1927a9f" executionId="52b3bc54-e951-4322-aea9-022fda8bb95b" testListId="8c84fa94-04c1-424b-9868-57a2d4851a1d" />
    <TestEntry testId="ecb7a2ec-95c2-bcd4-9208-598a9a8227f1" executionId="ebcc6508-1f00-40df-8417-3e139fed3688" testListId="8c84fa94-04c1-424b-9868-57a2d4851a1d" />
    <TestEntry testId="8adbc453-a093-0889-b145-79d2f69be902" executionId="994ea04a-4172-48cf-95a3-b253850cafe3" testListId="8c84fa94-04c1-424b-9868-57a2d4851a1d" />
    <TestEntry testId="06a22416-08af-c0dc-b70f-5cec4761aa09" executionId="3194bc8b-f463-4b28-af52-09dad7eab8c0" testListId="8c84fa94-04c1-424b-9868-57a2d4851a1d" />
    <TestEntry testId="beae7429-a6a2-4b8b-91b8-2242ec45c77a" executionId="dcc3b229-e465-4ef9-9201-0868af930ae9" testListId="8c84fa94-04c1-424b-9868-57a2d4851a1d" />
    <TestEntry testId="33d4d279-34bd-6d5a-280e-4b82973def51" executionId="e35e4020-2048-47e7-8c77-f43a4b8ec3ea" testListId="8c84fa94-04c1-424b-9868-57a2d4851a1d" />
  </TestEntries>
  <Results>
    <UnitTestResult executionId="12709496-86fa-448e-9b8b-905c1f6bd96d" testId="4218db0c-c3cd-af6c-7a89-5cbb6ed4b0b4" testName="TestMethod1" computerName="HORVICKW7" duration="00:00:00.1704801" startTime="2010-03-19T09:44:48.6453694-04:00" endTime="2010-03-19T09:44:50.6014813-04:00" testType="13cdc9d9-ddb5-4fa4-a97d-d965ccfc6d4b" outcome="Passed" testListId="8c84fa94-04c1-424b-9868-57a2d4851a1d" relativeResultsDirectory="12709496-86fa-448e-9b8b-905c1f6bd96d">
    </UnitTestResult>
    <UnitTestResult executionId="67c9fab0-9fe9-4c49-b25f-8b2e8ef4957e" testId="7ec93923-9b63-896f-6fbc-0de4f66812a0" testName="GetKeyFromBucket" computerName="HORVICKW7" duration="00:00:00.3127581" startTime="2010-03-19T09:44:50.6374833-04:00" endTime="2010-03-19T09:44:50.9705024-04:00" testType="13cdc9d9-ddb5-4fa4-a97d-d965ccfc6d4b" outcome="Passed" testListId="8c84fa94-04c1-424b-9868-57a2d4851a1d" relativeResultsDirectory="67c9fab0-9fe9-4c49-b25f-8b2e8ef4957e">
    </UnitTestResult>
    <UnitTestResult executionId="1af9533e-f3a0-431f-bffa-c2ffa01e123b" testId="58939138-4342-8e72-2f65-c6ec6d5362d3" testName="SaveAStringKeyValue" computerName="HORVICKW7" duration="00:00:00.4799988" startTime="2010-03-19T09:44:50.9955038-04:00" endTime="2010-03-19T09:44:51.5115333-04:00" testType="13cdc9d9-ddb5-4fa4-a97d-d965ccfc6d4b" outcome="Passed" testListId="8c84fa94-04c1-424b-9868-57a2d4851a1d" relativeResultsDirectory="1af9533e-f3a0-431f-bffa-c2ffa01e123b">
    </UnitTestResult>
    <UnitTestResult executionId="52b3bc54-e951-4322-aea9-022fda8bb95b" testId="4ad0d6cc-b6bb-6b71-fab7-7bd0c1927a9f" testName="SaveABinaryKeyValue" computerName="HORVICKW7" duration="00:00:00.1898053" startTime="2010-03-19T09:44:51.5415350-04:00" endTime="2010-03-19T09:44:51.7525471-04:00" testType="13cdc9d9-ddb5-4fa4-a97d-d965ccfc6d4b" outcome="Passed" testListId="8c84fa94-04c1-424b-9868-57a2d4851a1d" relativeResultsDirectory="52b3bc54-e951-4322-aea9-022fda8bb95b">
    </UnitTestResult>
    <UnitTestResult executionId="ebcc6508-1f00-40df-8417-3e139fed3688" testId="ecb7a2ec-95c2-bcd4-9208-598a9a8227f1" testName="DeleteExistingKeys" computerName="HORVICKW7" duration="00:00:00.6100265" startTime="2010-03-19T09:44:51.7775485-04:00" endTime="2010-03-19T09:44:52.4085846-04:00" testType="13cdc9d9-ddb5-4fa4-a97d-d965ccfc6d4b" outcome="Passed" testListId="8c84fa94-04c1-424b-9868-57a2d4851a1d" relativeResultsDirectory="ebcc6508-1f00-40df-8417-3e139fed3688">
    </UnitTestResult>
    <UnitTestResult executionId="994ea04a-4172-48cf-95a3-b253850cafe3" testId="8adbc453-a093-0889-b145-79d2f69be902" testName="DeleteMissingKeys" computerName="HORVICKW7" duration="00:00:01.5191489" startTime="2010-03-19T09:44:52.4265857-04:00" endTime="2010-03-19T09:44:53.9716740-04:00" testType="13cdc9d9-ddb5-4fa4-a97d-d965ccfc6d4b" outcome="Passed" testListId="8c84fa94-04c1-424b-9868-57a2d4851a1d" relativeResultsDirectory="994ea04a-4172-48cf-95a3-b253850cafe3">
    </UnitTestResult>
    <UnitTestResult executionId="3194bc8b-f463-4b28-af52-09dad7eab8c0" testId="06a22416-08af-c0dc-b70f-5cec4761aa09" testName="ConflictOnNonMultiBucket" computerName="HORVICKW7" duration="00:00:00.2456688" startTime="2010-03-19T09:44:53.9896751-04:00" endTime="2010-03-19T09:44:54.2566903-04:00" testType="13cdc9d9-ddb5-4fa4-a97d-d965ccfc6d4b" outcome="Passed" testListId="8c84fa94-04c1-424b-9868-57a2d4851a1d" relativeResultsDirectory="3194bc8b-f463-4b28-af52-09dad7eab8c0">
    </UnitTestResult>
    <UnitTestResult executionId="dcc3b229-e465-4ef9-9201-0868af930ae9" testId="beae7429-a6a2-4b8b-91b8-2242ec45c77a" testName="ConflictOnAllowMultiBucket" computerName="HORVICKW7" duration="00:00:00.4020568" startTime="2010-03-19T09:44:54.2776915-04:00" endTime="2010-03-19T09:44:54.7057160-04:00" testType="13cdc9d9-ddb5-4fa4-a97d-d965ccfc6d4b" outcome="Failed" testListId="8c84fa94-04c1-424b-9868-57a2d4851a1d" relativeResultsDirectory="dcc3b229-e465-4ef9-9201-0868af930ae9">
      <Output>
        <ErrorInfo>
          <Message>Test method Riak.Tests.BucketTests.ConflictOnAllowMultiBucket threw exception: 
Riak.Client.RiakServerException: HTTP error UnsupportedMediaType performing PUT request at http://192.168.137.50:8098/riak/ConflictOnAllowMultiBucket</Message>
          <StackTrace>    at Riak.Client.HttpHandler.Execute(WebRequestVerb verb, Uri uri, Dictionary`2 headers, IList`1 allowedCodes, Stream requestDataStream) in c:\projects\Riak.Client\Riak.Client\HttpHandler.cs:line 150
   at Riak.Client.HttpHandler.Execute(WebRequestVerb verb, Uri uri, Dictionary`2 headers, IList`1 allowedCodes, String requestData) in c:\projects\Riak.Client\Riak.Client\HttpHandler.cs:line 84
   at Riak.Client.HttpHandler.Put(Uri uri, String contentType, IList`1 allowedCodes, String data) in c:\projects\Riak.Client\Riak.Client\HttpHandler.cs:line 65
   at Riak.Client.Bucket.SetAllowMulti(Boolean allowMulti) in c:\projects\Riak.Client\Riak.Client\Bucket.cs:line 98
   at Riak.Tests.BucketTests.ConflictOnAllowMultiBucket() in c:\projects\Riak.Client\Riak.Tests\BucketTests.cs:line 164
</StackTrace>
        </ErrorInfo>
      </Output>
    </UnitTestResult>
    <UnitTestResult executionId="e35e4020-2048-47e7-8c77-f43a4b8ec3ea" testId="33d4d279-34bd-6d5a-280e-4b82973def51" testName="SettingAllowMultiPersistsCorrectly" computerName="HORVICKW7" duration="00:00:00.2821160" startTime="2010-03-19T09:44:54.8017215-04:00" endTime="2010-03-19T09:44:55.1047388-04:00" testType="13cdc9d9-ddb5-4fa4-a97d-d965ccfc6d4b" outcome="Failed" testListId="8c84fa94-04c1-424b-9868-57a2d4851a1d" relativeResultsDirectory="e35e4020-2048-47e7-8c77-f43a4b8ec3ea">
      <Output>
        <ErrorInfo>
          <Message>Test method Riak.Tests.BucketTests.SettingAllowMultiPersistsCorrectly threw exception: 
Riak.Client.RiakServerException: HTTP error UnsupportedMediaType performing PUT request at http://192.168.137.50:8098/riak/SettingAllowMultiPersistsCorrectly</Message>
          <StackTrace>    at Riak.Client.HttpHandler.Execute(WebRequestVerb verb, Uri uri, Dictionary`2 headers, IList`1 allowedCodes, Stream requestDataStream) in c:\projects\Riak.Client\Riak.Client\HttpHandler.cs:line 150
   at Riak.Client.HttpHandler.Execute(WebRequestVerb verb, Uri uri, Dictionary`2 headers, IList`1 allowedCodes, String requestData) in c:\projects\Riak.Client\Riak.Client\HttpHandler.cs:line 84
   at Riak.Client.HttpHandler.Put(Uri uri, String contentType, IList`1 allowedCodes, String data) in c:\projects\Riak.Client\Riak.Client\HttpHandler.cs:line 65
   at Riak.Client.Bucket.SetAllowMulti(Boolean allowMulti) in c:\projects\Riak.Client\Riak.Client\Bucket.cs:line 98
   at Riak.Tests.BucketTests.SettingAllowMultiPersistsCorrectly() in c:\projects\Riak.Client\Riak.Tests\BucketTests.cs:line 142
</StackTrace>
        </ErrorInfo>
      </Output>
    </UnitTestResult>
  </Results>
</TestRun>