<?xml version="1.0" encoding="UTF-8"?>
<TestRun id="eca5d29f-9dae-401b-b77e-bcfa45b9df38" name="Robert@HORVICKW7 2010-03-18 08:55:58" runUser="HORVICKW7\Robert" xmlns="http://microsoft.com/schemas/VisualStudio/TeamTest/2010">
  <TestSettings name="Local" id="cccf0ead-bb7b-4fa6-80c8-b697078887da">
    <Description>These are default test settings for a local test run.</Description>
    <Deployment enabled="false" runDeploymentRoot="Robert_HORVICKW7 2010-03-18 08_55_58" />
    <Execution>
      <TestTypeSpecific />
      <AgentRule name="Execution Agents">
      </AgentRule>
    </Execution>
  </TestSettings>
  <Times creation="2010-03-18T08:55:58.8919997-04:00" queuing="2010-03-18T08:56:01.1981316-04:00" start="2010-03-18T08:56:01.4801478-04:00" finish="2010-03-18T08:56:03.4822623-04:00" />
  <ResultSummary outcome="Failed">
    <Counters total="2" executed="2" error="0" failed="2" timeout="0" aborted="0" inconclusive="0" passedButRunAborted="0" notRunnable="0" notExecuted="0" disconnected="0" warning="0" passed="0" completed="0" inProgress="0" pending="0" />
  </ResultSummary>
  <TestDefinitions>
    <UnitTest name="GetKeyFromBucket" storage="c:\projects\riak.client\riak.tests\bin\debug\riak.tests.dll" id="7ec93923-9b63-896f-6fbc-0de4f66812a0">
      <Execution id="8be28be5-2373-4ada-b3d2-451a073accda" />
      <TestMethod codeBase="C:/projects/Riak.Client/Riak.Tests/bin/Debug/Riak.Tests.DLL" adapterTypeName="Microsoft.VisualStudio.TestTools.TestTypes.Unit.UnitTestAdapter, Microsoft.VisualStudio.QualityTools.Tips.UnitTest.Adapter, Version=10.0.0.0, Culture=neutral, PublicKeyToken=b03f5f7f11d50a3a" className="Riak.Tests.RiakRequestTests, Riak.Tests, Version=1.0.0.0, Culture=neutral, PublicKeyToken=null" name="GetKeyFromBucket" />
    </UnitTest>
    <UnitTest name="TestMethod1" storage="c:\projects\riak.client\riak.tests\bin\debug\riak.tests.dll" id="4218db0c-c3cd-af6c-7a89-5cbb6ed4b0b4">
      <Execution id="ee677c93-8f41-420a-8f8d-3423b54f7382" />
      <TestMethod codeBase="C:/projects/Riak.Client/Riak.Tests/bin/Debug/Riak.Tests.DLL" adapterTypeName="Microsoft.VisualStudio.TestTools.TestTypes.Unit.UnitTestAdapter, Microsoft.VisualStudio.QualityTools.Tips.UnitTest.Adapter, Version=10.0.0.0, Culture=neutral, PublicKeyToken=b03f5f7f11d50a3a" className="Riak.Tests.RiakRequestTests, Riak.Tests, Version=1.0.0.0, Culture=neutral, PublicKeyToken=null" name="TestMethod1" />
    </UnitTest>
  </TestDefinitions>
  <TestLists>
    <TestList name="Results Not in a List" id="8c84fa94-04c1-424b-9868-57a2d4851a1d" />
    <TestList name="All Loaded Results" id="19431567-8539-422a-85d7-44ee4e166bda" />
  </TestLists>
  <TestEntries>
    <TestEntry testId="4218db0c-c3cd-af6c-7a89-5cbb6ed4b0b4" executionId="ee677c93-8f41-420a-8f8d-3423b54f7382" testListId="8c84fa94-04c1-424b-9868-57a2d4851a1d" />
    <TestEntry testId="7ec93923-9b63-896f-6fbc-0de4f66812a0" executionId="8be28be5-2373-4ada-b3d2-451a073accda" testListId="8c84fa94-04c1-424b-9868-57a2d4851a1d" />
  </TestEntries>
  <Results>
    <UnitTestResult executionId="ee677c93-8f41-420a-8f8d-3423b54f7382" testId="4218db0c-c3cd-af6c-7a89-5cbb6ed4b0b4" testName="TestMethod1" computerName="HORVICKW7" duration="00:00:00.1663096" startTime="2010-03-18T08:56:01.7181614-04:00" endTime="2010-03-18T08:56:03.2462488-04:00" testType="13cdc9d9-ddb5-4fa4-a97d-d965ccfc6d4b" outcome="Failed" testListId="8c84fa94-04c1-424b-9868-57a2d4851a1d" relativeResultsDirectory="ee677c93-8f41-420a-8f8d-3423b54f7382">
      <Output>
        <ErrorInfo>
          <Message>Test method Riak.Tests.RiakRequestTests.TestMethod1 threw exception: 
System.NullReferenceException: Object reference not set to an instance of an object.</Message>
          <StackTrace>    at Riak.Client.RiakMockResponse..ctor() in C:\projects\Riak.Client\Riak.Client\RiakMockTextResponse.cs:line 13
   at Riak.Client.RiakMockTextResponse..ctor(String responseContent) in C:\projects\Riak.Client\Riak.Client\RiakMockTextResponse.cs:line 27
   at Riak.Client.RiakMockJsonResponse..ctor(String responseContent) in C:\projects\Riak.Client\Riak.Client\RiakMockTextResponse.cs:line 70
   at Riak.Client.RiakMockRequest.GetBucketPropertiesCallback(WebRequestVerb verb, Uri riakUri, RegisteredMockRequests mock) in C:\projects\Riak.Client\Riak.Client\RiakMockRequest.cs:line 39
   at Riak.Client.RiakRequest.Create(WebRequestVerb verb, Uri riakUri) in C:\projects\Riak.Client\Riak.Client\RiakRequest.cs:line 44
   at Riak.Tests.RiakRequestTests.TestMethod1() in C:\projects\Riak.Client\Riak.Tests\UnitTest1.cs:line 19
</StackTrace>
        </ErrorInfo>
      </Output>
    </UnitTestResult>
    <UnitTestResult executionId="8be28be5-2373-4ada-b3d2-451a073accda" testId="7ec93923-9b63-896f-6fbc-0de4f66812a0" testName="GetKeyFromBucket" computerName="HORVICKW7" duration="00:00:00.0545730" startTime="2010-03-18T08:56:03.2752504-04:00" endTime="2010-03-18T08:56:03.3552550-04:00" testType="13cdc9d9-ddb5-4fa4-a97d-d965ccfc6d4b" outcome="Failed" testListId="8c84fa94-04c1-424b-9868-57a2d4851a1d" relativeResultsDirectory="8be28be5-2373-4ada-b3d2-451a073accda">
      <Output>
        <ErrorInfo>
          <Message>Test method Riak.Tests.RiakRequestTests.GetKeyFromBucket threw exception: 
System.NullReferenceException: Object reference not set to an instance of an object.</Message>
          <StackTrace>    at Riak.Client.RiakMockResponse..ctor() in C:\projects\Riak.Client\Riak.Client\RiakMockTextResponse.cs:line 13
   at Riak.Client.RiakMockTextResponse..ctor(String responseContent) in C:\projects\Riak.Client\Riak.Client\RiakMockTextResponse.cs:line 27
   at Riak.Client.RiakMockJsonResponse..ctor(String responseContent) in C:\projects\Riak.Client\Riak.Client\RiakMockTextResponse.cs:line 70
   at Riak.Client.RiakMockRequest.GetHelloWorldKeyBucketCallback(WebRequestVerb verb, Uri riakUri, RegisteredMockRequests mock) in C:\projects\Riak.Client\Riak.Client\RiakMockRequest.cs:line 53
   at Riak.Client.RiakRequest.Create(WebRequestVerb verb, Uri riakUri) in C:\projects\Riak.Client\Riak.Client\RiakRequest.cs:line 44
   at Riak.Client.Bucket.Refresh() in C:\projects\Riak.Client\Riak.Client\Bucket.cs:line 39
   at Riak.Client.RiakClient.Bucket(String name) in C:\projects\Riak.Client\Riak.Client\RiakClient.cs:line 21
   at Riak.Tests.RiakRequestTests.GetKeyFromBucket() in C:\projects\Riak.Client\Riak.Tests\UnitTest1.cs:line 37
</StackTrace>
        </ErrorInfo>
      </Output>
    </UnitTestResult>
  </Results>
</TestRun>