<?xml version="1.0" encoding="UTF-8"?>
<TestRun id="e0eaea09-e891-4374-b74a-413e8276f9db" name="Robert@HORVICKW7 2010-03-19 16:45:46" runUser="HORVICKW7\Robert" xmlns="http://microsoft.com/schemas/VisualStudio/TeamTest/2010">
  <TestSettings name="Local" id="cccf0ead-bb7b-4fa6-80c8-b697078887da">
    <Description>These are default test settings for a local test run.</Description>
    <Deployment userDeploymentRoot="c:\projects\Riak.Client\TestResults" useDefaultDeploymentRoot="false" runDeploymentRoot="Robert_HORVICKW7 2010-03-19 16_45_46" />
    <Execution>
      <TestTypeSpecific>
        <UnitTestRunConfig testTypeId="13cdc9d9-ddb5-4fa4-a97d-d965ccfc6d4b">
          <AssemblyResolution>
            <TestDirectory useLoadContext="true" />
          </AssemblyResolution>
        </UnitTestRunConfig>
        <WebTestRunConfiguration testTypeId="4e7599fa-5ecb-43e9-a887-cd63cf72d207">
          <Browser name="Internet Explorer 7.0">
            <Headers>
              <Header name="User-Agent" value="Mozilla/4.0 (compatible; MSIE 7.0; Windows NT 5.1)" />
              <Header name="Accept" value="*/*" />
              <Header name="Accept-Language" value="{{$IEAcceptLanguage}}" />
              <Header name="Accept-Encoding" value="GZIP" />
            </Headers>
          </Browser>
        </WebTestRunConfiguration>
      </TestTypeSpecific>
      <AgentRule name="LocalMachineDefaultRole">
        <DataCollectors>
          <DataCollector uri="datacollector://microsoft/CodeCoverage/1.0" assemblyQualifiedName="Microsoft.VisualStudio.TestTools.CodeCoverage.CoveragePlugIn, Microsoft.VisualStudio.QualityTools.Plugins.CodeCoverage, Version=10.0.0.0, Culture=neutral, PublicKeyToken=b03f5f7f11d50a3a" friendlyName="Code Coverage" enabled="false">
            <Configuration>
              <CodeCoverage xmlns="">
                <Regular>
                  <CodeCoverageItem binaryFile="Riak.Client\bin\Debug\Riak.Client.dll" pdbFile="Riak.Client\bin\Debug\Riak.Client.pdb" instrumentInPlace="true" />
                </Regular>
              </CodeCoverage>
            </Configuration>
          </DataCollector>
        </DataCollectors>
      </AgentRule>
    </Execution>
  </TestSettings>
  <Times creation="2010-03-19T16:45:46.3880296-04:00" queuing="2010-03-19T16:45:47.0730688-04:00" start="2010-03-19T16:45:47.2490789-04:00" finish="2010-03-19T16:45:48.7121626-04:00" />
  <ResultSummary outcome="Completed">
    <Counters total="1" executed="1" passed="1" error="0" failed="0" timeout="0" aborted="0" inconclusive="0" passedButRunAborted="0" notRunnable="0" notExecuted="0" disconnected="0" warning="0" completed="0" inProgress="0" pending="0" />
  </ResultSummary>
  <TestDefinitions>
    <UnitTest name="GetAllSiblingsOnConflict" storage="c:\projects\riak.client\riak.tests\bin\debug\riak.tests.dll" id="7a71b779-6444-5633-f109-dc2d069ca31b">
      <Execution id="a1009b3b-59a1-4a83-8b9f-d7430275d945" />
      <TestMethod codeBase="c:/projects/Riak.Client/Riak.Tests/bin/Debug/Riak.Tests.DLL" adapterTypeName="Microsoft.VisualStudio.TestTools.TestTypes.Unit.UnitTestAdapter, Microsoft.VisualStudio.QualityTools.Tips.UnitTest.Adapter, Version=10.0.0.0, Culture=neutral, PublicKeyToken=b03f5f7f11d50a3a" className="Riak.Tests.BucketTests, Riak.Tests, Version=1.0.0.0, Culture=neutral, PublicKeyToken=null" name="GetAllSiblingsOnConflict" />
    </UnitTest>
  </TestDefinitions>
  <TestLists>
    <TestList name="Results Not in a List" id="8c84fa94-04c1-424b-9868-57a2d4851a1d" />
    <TestList name="All Loaded Results" id="19431567-8539-422a-85d7-44ee4e166bda" />
  </TestLists>
  <TestEntries>
    <TestEntry testId="7a71b779-6444-5633-f109-dc2d069ca31b" executionId="a1009b3b-59a1-4a83-8b9f-d7430275d945" testListId="8c84fa94-04c1-424b-9868-57a2d4851a1d" />
  </TestEntries>
  <Results>
    <UnitTestResult executionId="a1009b3b-59a1-4a83-8b9f-d7430275d945" testId="7a71b779-6444-5633-f109-dc2d069ca31b" testName="GetAllSiblingsOnConflict" computerName="HORVICKW7" duration="00:00:00.5519112" startTime="2010-03-19T16:45:47.3210830-04:00" endTime="2010-03-19T16:45:48.5891555-04:00" testType="13cdc9d9-ddb5-4fa4-a97d-d965ccfc6d4b" outcome="Passed" testListId="8c84fa94-04c1-424b-9868-57a2d4851a1d" relativeResultsDirectory="a1009b3b-59a1-4a83-8b9f-d7430275d945">
    </UnitTestResult>
  </Results>
</TestRun>