<?xml version="1.0" encoding="UTF-8"?>
<TestRun id="3728429b-33f7-4b5a-98ea-01e806f6c369" name="Robert@HORVICKW7 2010-03-20 12:13:32" runUser="HORVICKW7\Robert" xmlns="http://microsoft.com/schemas/VisualStudio/TeamTest/2010">
  <TestSettings name="Local" id="cccf0ead-bb7b-4fa6-80c8-b697078887da">
    <Description>These are default test settings for a local test run.</Description>
    <Execution>
      <TestTypeSpecific>
        <UnitTestRunConfig testTypeId="13cdc9d9-ddb5-4fa4-a97d-d965ccfc6d4b">
          <AssemblyResolution>
            <TestDirectory useLoadContext="true" />
          </AssemblyResolution>
        </UnitTestRunConfig>
        <WebTestRunConfiguration testTypeId="4e7599fa-5ecb-43e9-a887-cd63cf72d207">
          <Browser name="Internet Explorer 7.0">
            <Headers>
              <Header name="User-Agent" value="Mozilla/4.0 (compatible; MSIE 7.0; Windows NT 5.1)" />
              <Header name="Accept" value="*/*" />
              <Header name="Accept-Language" value="{{$IEAcceptLanguage}}" />
              <Header name="Accept-Encoding" value="GZIP" />
            </Headers>
          </Browser>
        </WebTestRunConfiguration>
      </TestTypeSpecific>
      <AgentRule name="LocalMachineDefaultRole">
        <DataCollectors>
          <DataCollector uri="datacollector://microsoft/CodeCoverage/1.0" assemblyQualifiedName="Microsoft.VisualStudio.TestTools.CodeCoverage.CoveragePlugIn, Microsoft.VisualStudio.QualityTools.Plugins.CodeCoverage, Version=10.0.0.0, Culture=neutral, PublicKeyToken=b03f5f7f11d50a3a" friendlyName="Code Coverage" enabled="false">
            <Configuration>
              <CodeCoverage xmlns="">
                <Regular>
                  <CodeCoverageItem binaryFile="Riak.Client\bin\Debug\Riak.Client.dll" pdbFile="Riak.Client\bin\Debug\Riak.Client.pdb" instrumentInPlace="true" />
                </Regular>
              </CodeCoverage>
            </Configuration>
          </DataCollector>
        </DataCollectors>
      </AgentRule>
    </Execution>
    <Deployment runDeploymentRoot="Robert_HORVICKW7 2010-03-20 12_13_32" />
  </TestSettings>
  <Times creation="2010-03-20T12:13:32.4515792-04:00" queuing="2010-03-20T12:13:38.8899475-04:00" start="2010-03-20T12:13:39.5539855-04:00" finish="2010-03-20T12:14:04.9214364-04:00" />
  <ResultSummary outcome="Failed">
    <Counters total="17" executed="17" passed="15" error="0" failed="2" timeout="0" aborted="0" inconclusive="0" passedButRunAborted="0" notRunnable="0" notExecuted="0" disconnected="0" warning="0" completed="0" inProgress="0" pending="0" />
  </ResultSummary>
  <TestDefinitions>
    <UnitTest name="LinkWithMultipleParameters" storage="c:\projects\riak.client\riak.tests\bin\debug\riak.tests.dll" id="d79ef6f9-4e22-e7f6-a37e-b0e7a8cab61d">
      <Execution id="981bc782-e6dc-4dc9-9ce4-af955d35bb60" />
      <TestMethod codeBase="c:/projects/Riak.Client/Riak.Tests/bin/Debug/Riak.Tests.DLL" adapterTypeName="Microsoft.VisualStudio.TestTools.TestTypes.Unit.UnitTestAdapter, Microsoft.VisualStudio.QualityTools.Tips.UnitTest.Adapter, Version=10.0.0.0, Culture=neutral, PublicKeyToken=b03f5f7f11d50a3a" className="Riak.Tests.LinkTests, Riak.Tests, Version=1.0.0.0, Culture=neutral, PublicKeyToken=null" name="LinkWithMultipleParameters" />
    </UnitTest>
    <UnitTest name="LinkFollowing" storage="c:\projects\riak.client\riak.tests\bin\debug\riak.tests.dll" id="e59f5b3d-3a7c-4505-e293-67664a703224">
      <Execution id="0b323d06-9331-4870-8ca9-bf739688827e" />
      <TestMethod codeBase="c:/projects/Riak.Client/Riak.Tests/bin/Debug/Riak.Tests.DLL" adapterTypeName="Microsoft.VisualStudio.TestTools.TestTypes.Unit.UnitTestAdapter, Microsoft.VisualStudio.QualityTools.Tips.UnitTest.Adapter, Version=10.0.0.0, Culture=neutral, PublicKeyToken=b03f5f7f11d50a3a" className="Riak.Tests.LinkTests, Riak.Tests, Version=1.0.0.0, Culture=neutral, PublicKeyToken=null" name="LinkFollowing" />
    </UnitTest>
    <UnitTest name="SettingAllowMultiPersistsCorrectly" storage="c:\projects\riak.client\riak.tests\bin\debug\riak.tests.dll" id="33d4d279-34bd-6d5a-280e-4b82973def51">
      <Execution id="cf1656ee-af54-446d-9951-e78d9f4dff58" />
      <TestMethod codeBase="c:/projects/Riak.Client/Riak.Tests/bin/Debug/Riak.Tests.DLL" adapterTypeName="Microsoft.VisualStudio.TestTools.TestTypes.Unit.UnitTestAdapter, Microsoft.VisualStudio.QualityTools.Tips.UnitTest.Adapter, Version=10.0.0.0, Culture=neutral, PublicKeyToken=b03f5f7f11d50a3a" className="Riak.Tests.BucketTests, Riak.Tests, Version=1.0.0.0, Culture=neutral, PublicKeyToken=null" name="SettingAllowMultiPersistsCorrectly" />
    </UnitTest>
    <UnitTest name="LinkCollectionOperationalTests" storage="c:\projects\riak.client\riak.tests\bin\debug\riak.tests.dll" id="80c6668e-527f-7ce0-c7fa-d368165124a1">
      <Execution id="fee990d5-a346-4291-a2d2-993fb9d0786b" />
      <TestMethod codeBase="c:/projects/Riak.Client/Riak.Tests/bin/Debug/Riak.Tests.DLL" adapterTypeName="Microsoft.VisualStudio.TestTools.TestTypes.Unit.UnitTestAdapter, Microsoft.VisualStudio.QualityTools.Tips.UnitTest.Adapter, Version=10.0.0.0, Culture=neutral, PublicKeyToken=b03f5f7f11d50a3a" className="Riak.Tests.LinkTests, Riak.Tests, Version=1.0.0.0, Culture=neutral, PublicKeyToken=null" name="LinkCollectionOperationalTests" />
    </UnitTest>
    <UnitTest name="GetAllSiblingsOnConflict" storage="c:\projects\riak.client\riak.tests\bin\debug\riak.tests.dll" id="7a71b779-6444-5633-f109-dc2d069ca31b">
      <Execution id="1f9f6fbd-3620-41e0-b839-d0e930e4d1b7" />
      <TestMethod codeBase="c:/projects/Riak.Client/Riak.Tests/bin/Debug/Riak.Tests.DLL" adapterTypeName="Microsoft.VisualStudio.TestTools.TestTypes.Unit.UnitTestAdapter, Microsoft.VisualStudio.QualityTools.Tips.UnitTest.Adapter, Version=10.0.0.0, Culture=neutral, PublicKeyToken=b03f5f7f11d50a3a" className="Riak.Tests.BucketTests, Riak.Tests, Version=1.0.0.0, Culture=neutral, PublicKeyToken=null" name="GetAllSiblingsOnConflict" />
    </UnitTest>
    <UnitTest name="SaveAStringKeyValue" storage="c:\projects\riak.client\riak.tests\bin\debug\riak.tests.dll" id="58939138-4342-8e72-2f65-c6ec6d5362d3">
      <Execution id="c448f75e-09c5-4d31-9545-81cf6d0cfaca" />
      <TestMethod codeBase="c:/projects/Riak.Client/Riak.Tests/bin/Debug/Riak.Tests.DLL" adapterTypeName="Microsoft.VisualStudio.TestTools.TestTypes.Unit.UnitTestAdapter, Microsoft.VisualStudio.QualityTools.Tips.UnitTest.Adapter, Version=10.0.0.0, Culture=neutral, PublicKeyToken=b03f5f7f11d50a3a" className="Riak.Tests.BucketTests, Riak.Tests, Version=1.0.0.0, Culture=neutral, PublicKeyToken=null" name="SaveAStringKeyValue" />
    </UnitTest>
    <UnitTest name="LinkOddlyFormedIsParsedAndNormalized" storage="c:\projects\riak.client\riak.tests\bin\debug\riak.tests.dll" id="86d01318-0230-9e62-826b-6c3385d23407">
      <Execution id="78e7fa7a-9e95-49d3-9b54-9b2d4a2d464a" />
      <TestMethod codeBase="c:/projects/Riak.Client/Riak.Tests/bin/Debug/Riak.Tests.DLL" adapterTypeName="Microsoft.VisualStudio.TestTools.TestTypes.Unit.UnitTestAdapter, Microsoft.VisualStudio.QualityTools.Tips.UnitTest.Adapter, Version=10.0.0.0, Culture=neutral, PublicKeyToken=b03f5f7f11d50a3a" className="Riak.Tests.LinkTests, Riak.Tests, Version=1.0.0.0, Culture=neutral, PublicKeyToken=null" name="LinkOddlyFormedIsParsedAndNormalized" />
    </UnitTest>
    <UnitTest name="SaveABinaryKeyValue" storage="c:\projects\riak.client\riak.tests\bin\debug\riak.tests.dll" id="4ad0d6cc-b6bb-6b71-fab7-7bd0c1927a9f">
      <Execution id="ae14fe59-4458-494b-adf4-d265a51ed566" />
      <TestMethod codeBase="c:/projects/Riak.Client/Riak.Tests/bin/Debug/Riak.Tests.DLL" adapterTypeName="Microsoft.VisualStudio.TestTools.TestTypes.Unit.UnitTestAdapter, Microsoft.VisualStudio.QualityTools.Tips.UnitTest.Adapter, Version=10.0.0.0, Culture=neutral, PublicKeyToken=b03f5f7f11d50a3a" className="Riak.Tests.BucketTests, Riak.Tests, Version=1.0.0.0, Culture=neutral, PublicKeyToken=null" name="SaveABinaryKeyValue" />
    </UnitTest>
    <UnitTest name="LinkWithRelationalUri" storage="c:\projects\riak.client\riak.tests\bin\debug\riak.tests.dll" id="30d12b1b-aa49-8c08-bd4a-866243aceb48">
      <Execution id="8b7168b6-458b-458f-810c-e2fa890222fe" />
      <TestMethod codeBase="c:/projects/Riak.Client/Riak.Tests/bin/Debug/Riak.Tests.DLL" adapterTypeName="Microsoft.VisualStudio.TestTools.TestTypes.Unit.UnitTestAdapter, Microsoft.VisualStudio.QualityTools.Tips.UnitTest.Adapter, Version=10.0.0.0, Culture=neutral, PublicKeyToken=b03f5f7f11d50a3a" className="Riak.Tests.LinkTests, Riak.Tests, Version=1.0.0.0, Culture=neutral, PublicKeyToken=null" name="LinkWithRelationalUri" />
    </UnitTest>
    <UnitTest name="GetAllTextData" storage="c:\projects\riak.client\riak.tests\bin\debug\riak.tests.dll" id="4312a9d7-4905-c365-94ac-da54845d713f">
      <Execution id="462ca0f7-543c-40a9-a790-44ec82bec397" />
      <TestMethod codeBase="c:/projects/Riak.Client/Riak.Tests/bin/Debug/Riak.Tests.DLL" adapterTypeName="Microsoft.VisualStudio.TestTools.TestTypes.Unit.UnitTestAdapter, Microsoft.VisualStudio.QualityTools.Tips.UnitTest.Adapter, Version=10.0.0.0, Culture=neutral, PublicKeyToken=b03f5f7f11d50a3a" className="Riak.Tests.MultiPartResponseTests, Riak.Tests, Version=1.0.0.0, Culture=neutral, PublicKeyToken=null" name="GetAllTextData" />
    </UnitTest>
    <UnitTest name="ConflictOnAllowMultiBucket" storage="c:\projects\riak.client\riak.tests\bin\debug\riak.tests.dll" id="beae7429-a6a2-4b8b-91b8-2242ec45c77a">
      <Execution id="36540b52-f95d-4eca-a37b-c4f0c89bf963" />
      <TestMethod codeBase="c:/projects/Riak.Client/Riak.Tests/bin/Debug/Riak.Tests.DLL" adapterTypeName="Microsoft.VisualStudio.TestTools.TestTypes.Unit.UnitTestAdapter, Microsoft.VisualStudio.QualityTools.Tips.UnitTest.Adapter, Version=10.0.0.0, Culture=neutral, PublicKeyToken=b03f5f7f11d50a3a" className="Riak.Tests.BucketTests, Riak.Tests, Version=1.0.0.0, Culture=neutral, PublicKeyToken=null" name="ConflictOnAllowMultiBucket" />
    </UnitTest>
    <UnitTest name="LinkWithUnknownParameters" storage="c:\projects\riak.client\riak.tests\bin\debug\riak.tests.dll" id="d9c44692-30b5-c679-747b-7d385a54ef67">
      <Execution id="7c684b11-21a8-41aa-9372-00cce6ef07cb" />
      <TestMethod codeBase="c:/projects/Riak.Client/Riak.Tests/bin/Debug/Riak.Tests.DLL" adapterTypeName="Microsoft.VisualStudio.TestTools.TestTypes.Unit.UnitTestAdapter, Microsoft.VisualStudio.QualityTools.Tips.UnitTest.Adapter, Version=10.0.0.0, Culture=neutral, PublicKeyToken=b03f5f7f11d50a3a" className="Riak.Tests.LinkTests, Riak.Tests, Version=1.0.0.0, Culture=neutral, PublicKeyToken=null" name="LinkWithUnknownParameters" />
    </UnitTest>
    <UnitTest name="LinkRoundTripping" storage="c:\projects\riak.client\riak.tests\bin\debug\riak.tests.dll" id="8bc468f8-eee0-673a-92b7-930506440e84">
      <Execution id="622a4cac-0361-442c-b992-88f1a7032f25" />
      <TestMethod codeBase="c:/projects/Riak.Client/Riak.Tests/bin/Debug/Riak.Tests.DLL" adapterTypeName="Microsoft.VisualStudio.TestTools.TestTypes.Unit.UnitTestAdapter, Microsoft.VisualStudio.QualityTools.Tips.UnitTest.Adapter, Version=10.0.0.0, Culture=neutral, PublicKeyToken=b03f5f7f11d50a3a" className="Riak.Tests.LinkTests, Riak.Tests, Version=1.0.0.0, Culture=neutral, PublicKeyToken=null" name="LinkRoundTripping" />
    </UnitTest>
    <UnitTest name="DeleteMissingKeys" storage="c:\projects\riak.client\riak.tests\bin\debug\riak.tests.dll" id="8adbc453-a093-0889-b145-79d2f69be902">
      <Execution id="f002c560-e3b3-4f0a-a82a-3d8b026ee2ab" />
      <TestMethod codeBase="c:/projects/Riak.Client/Riak.Tests/bin/Debug/Riak.Tests.DLL" adapterTypeName="Microsoft.VisualStudio.TestTools.TestTypes.Unit.UnitTestAdapter, Microsoft.VisualStudio.QualityTools.Tips.UnitTest.Adapter, Version=10.0.0.0, Culture=neutral, PublicKeyToken=b03f5f7f11d50a3a" className="Riak.Tests.BucketTests, Riak.Tests, Version=1.0.0.0, Culture=neutral, PublicKeyToken=null" name="DeleteMissingKeys" />
    </UnitTest>
    <UnitTest name="DeleteExistingKeys" storage="c:\projects\riak.client\riak.tests\bin\debug\riak.tests.dll" id="ecb7a2ec-95c2-bcd4-9208-598a9a8227f1">
      <Execution id="b86b9dcb-e42d-46c4-a357-814394f0d461" />
      <TestMethod codeBase="c:/projects/Riak.Client/Riak.Tests/bin/Debug/Riak.Tests.DLL" adapterTypeName="Microsoft.VisualStudio.TestTools.TestTypes.Unit.UnitTestAdapter, Microsoft.VisualStudio.QualityTools.Tips.UnitTest.Adapter, Version=10.0.0.0, Culture=neutral, PublicKeyToken=b03f5f7f11d50a3a" className="Riak.Tests.BucketTests, Riak.Tests, Version=1.0.0.0, Culture=neutral, PublicKeyToken=null" name="DeleteExistingKeys" />
    </UnitTest>
    <UnitTest name="ConflictOnNonMultiBucket" storage="c:\projects\riak.client\riak.tests\bin\debug\riak.tests.dll" id="06a22416-08af-c0dc-b70f-5cec4761aa09">
      <Execution id="2b265024-5ae3-4a86-98b6-6e6486d6c3f0" />
      <TestMethod codeBase="c:/projects/Riak.Client/Riak.Tests/bin/Debug/Riak.Tests.DLL" adapterTypeName="Microsoft.VisualStudio.TestTools.TestTypes.Unit.UnitTestAdapter, Microsoft.VisualStudio.QualityTools.Tips.UnitTest.Adapter, Version=10.0.0.0, Culture=neutral, PublicKeyToken=b03f5f7f11d50a3a" className="Riak.Tests.BucketTests, Riak.Tests, Version=1.0.0.0, Culture=neutral, PublicKeyToken=null" name="ConflictOnNonMultiBucket" />
    </UnitTest>
    <UnitTest name="LinkOnNewKeyExistsAndParses" storage="c:\projects\riak.client\riak.tests\bin\debug\riak.tests.dll" id="cb4b29f5-c7d3-2010-bb43-cecc9f41c474">
      <Execution id="e9a43b9b-1561-4598-8c80-5d32c92b7aa7" />
      <TestMethod codeBase="c:/projects/Riak.Client/Riak.Tests/bin/Debug/Riak.Tests.DLL" adapterTypeName="Microsoft.VisualStudio.TestTools.TestTypes.Unit.UnitTestAdapter, Microsoft.VisualStudio.QualityTools.Tips.UnitTest.Adapter, Version=10.0.0.0, Culture=neutral, PublicKeyToken=b03f5f7f11d50a3a" className="Riak.Tests.LinkTests, Riak.Tests, Version=1.0.0.0, Culture=neutral, PublicKeyToken=null" name="LinkOnNewKeyExistsAndParses" />
    </UnitTest>
  </TestDefinitions>
  <TestLists>
    <TestList name="Results Not in a List" id="8c84fa94-04c1-424b-9868-57a2d4851a1d" />
    <TestList name="All Loaded Results" id="19431567-8539-422a-85d7-44ee4e166bda" />
  </TestLists>
  <TestEntries>
    <TestEntry testId="58939138-4342-8e72-2f65-c6ec6d5362d3" executionId="c448f75e-09c5-4d31-9545-81cf6d0cfaca" testListId="8c84fa94-04c1-424b-9868-57a2d4851a1d" />
    <TestEntry testId="4ad0d6cc-b6bb-6b71-fab7-7bd0c1927a9f" executionId="ae14fe59-4458-494b-adf4-d265a51ed566" testListId="8c84fa94-04c1-424b-9868-57a2d4851a1d" />
    <TestEntry testId="ecb7a2ec-95c2-bcd4-9208-598a9a8227f1" executionId="b86b9dcb-e42d-46c4-a357-814394f0d461" testListId="8c84fa94-04c1-424b-9868-57a2d4851a1d" />
    <TestEntry testId="8adbc453-a093-0889-b145-79d2f69be902" executionId="f002c560-e3b3-4f0a-a82a-3d8b026ee2ab" testListId="8c84fa94-04c1-424b-9868-57a2d4851a1d" />
    <TestEntry testId="06a22416-08af-c0dc-b70f-5cec4761aa09" executionId="2b265024-5ae3-4a86-98b6-6e6486d6c3f0" testListId="8c84fa94-04c1-424b-9868-57a2d4851a1d" />
    <TestEntry testId="33d4d279-34bd-6d5a-280e-4b82973def51" executionId="cf1656ee-af54-446d-9951-e78d9f4dff58" testListId="8c84fa94-04c1-424b-9868-57a2d4851a1d" />
    <TestEntry testId="beae7429-a6a2-4b8b-91b8-2242ec45c77a" executionId="36540b52-f95d-4eca-a37b-c4f0c89bf963" testListId="8c84fa94-04c1-424b-9868-57a2d4851a1d" />
    <TestEntry testId="7a71b779-6444-5633-f109-dc2d069ca31b" executionId="1f9f6fbd-3620-41e0-b839-d0e930e4d1b7" testListId="8c84fa94-04c1-424b-9868-57a2d4851a1d" />
    <TestEntry testId="30d12b1b-aa49-8c08-bd4a-866243aceb48" executionId="8b7168b6-458b-458f-810c-e2fa890222fe" testListId="8c84fa94-04c1-424b-9868-57a2d4851a1d" />
    <TestEntry testId="d79ef6f9-4e22-e7f6-a37e-b0e7a8cab61d" executionId="981bc782-e6dc-4dc9-9ce4-af955d35bb60" testListId="8c84fa94-04c1-424b-9868-57a2d4851a1d" />
    <TestEntry testId="cb4b29f5-c7d3-2010-bb43-cecc9f41c474" executionId="e9a43b9b-1561-4598-8c80-5d32c92b7aa7" testListId="8c84fa94-04c1-424b-9868-57a2d4851a1d" />
    <TestEntry testId="86d01318-0230-9e62-826b-6c3385d23407" executionId="78e7fa7a-9e95-49d3-9b54-9b2d4a2d464a" testListId="8c84fa94-04c1-424b-9868-57a2d4851a1d" />
    <TestEntry testId="80c6668e-527f-7ce0-c7fa-d368165124a1" executionId="fee990d5-a346-4291-a2d2-993fb9d0786b" testListId="8c84fa94-04c1-424b-9868-57a2d4851a1d" />
    <TestEntry testId="d9c44692-30b5-c679-747b-7d385a54ef67" executionId="7c684b11-21a8-41aa-9372-00cce6ef07cb" testListId="8c84fa94-04c1-424b-9868-57a2d4851a1d" />
    <TestEntry testId="8bc468f8-eee0-673a-92b7-930506440e84" executionId="622a4cac-0361-442c-b992-88f1a7032f25" testListId="8c84fa94-04c1-424b-9868-57a2d4851a1d" />
    <TestEntry testId="e59f5b3d-3a7c-4505-e293-67664a703224" executionId="0b323d06-9331-4870-8ca9-bf739688827e" testListId="8c84fa94-04c1-424b-9868-57a2d4851a1d" />
    <TestEntry testId="4312a9d7-4905-c365-94ac-da54845d713f" executionId="462ca0f7-543c-40a9-a790-44ec82bec397" testListId="8c84fa94-04c1-424b-9868-57a2d4851a1d" />
  </TestEntries>
  <Results>
    <UnitTestResult executionId="c448f75e-09c5-4d31-9545-81cf6d0cfaca" testId="58939138-4342-8e72-2f65-c6ec6d5362d3" testName="SaveAStringKeyValue" computerName="HORVICKW7" duration="00:00:12.9761661" startTime="2010-03-20T12:13:39.9300070-04:00" endTime="2010-03-20T12:13:54.9438657-04:00" testType="13cdc9d9-ddb5-4fa4-a97d-d965ccfc6d4b" outcome="Passed" testListId="8c84fa94-04c1-424b-9868-57a2d4851a1d" relativeResultsDirectory="c448f75e-09c5-4d31-9545-81cf6d0cfaca">
      <Output>
        <DebugTrace>X-Riak-Vclock: a85hYGBgzmDKBVIsjOLpUzOYEhnzWBk+Zkke5YMKM/ibHYAKR2QjCcuYb4YKR4OEswA=
Link: 
</DebugTrace>
      </Output>
    </UnitTestResult>
    <UnitTestResult executionId="ae14fe59-4458-494b-adf4-d265a51ed566" testId="4ad0d6cc-b6bb-6b71-fab7-7bd0c1927a9f" testName="SaveABinaryKeyValue" computerName="HORVICKW7" duration="00:00:00.2349316" startTime="2010-03-20T12:13:54.9838680-04:00" endTime="2010-03-20T12:13:55.2448829-04:00" testType="13cdc9d9-ddb5-4fa4-a97d-d965ccfc6d4b" outcome="Passed" testListId="8c84fa94-04c1-424b-9868-57a2d4851a1d" relativeResultsDirectory="ae14fe59-4458-494b-adf4-d265a51ed566">
      <Output>
        <DebugTrace>X-Riak-Vclock: a85hYGBgzGDKBVIsTKrplzKYEhnzWBkmZUse5csCAA==
Link: 
</DebugTrace>
      </Output>
    </UnitTestResult>
    <UnitTestResult executionId="b86b9dcb-e42d-46c4-a357-814394f0d461" testId="ecb7a2ec-95c2-bcd4-9208-598a9a8227f1" testName="DeleteExistingKeys" computerName="HORVICKW7" duration="00:00:00.7360062" startTime="2010-03-20T12:13:55.2758847-04:00" endTime="2010-03-20T12:13:56.0569294-04:00" testType="13cdc9d9-ddb5-4fa4-a97d-d965ccfc6d4b" outcome="Passed" testListId="8c84fa94-04c1-424b-9868-57a2d4851a1d" relativeResultsDirectory="b86b9dcb-e42d-46c4-a357-814394f0d461">
      <Output>
        <DebugTrace>X-Riak-Vclock: a85hYGBgymDKBVIsTKrplzKYEhnzWBkmZUse5YMKM19Z4wUVdi4ACmcBAA==
X-Riak-Vclock: a85hYGBgyWDKBVGM4ulTM5gSGfNYGT5mSR7lgwoz+JsdgApHZCMJy5hvhgpHIwmzzN4pDBU2KwAKZwEA
</DebugTrace>
      </Output>
    </UnitTestResult>
    <UnitTestResult executionId="f002c560-e3b3-4f0a-a82a-3d8b026ee2ab" testId="8adbc453-a093-0889-b145-79d2f69be902" testName="DeleteMissingKeys" computerName="HORVICKW7" duration="00:00:02.4831287" startTime="2010-03-20T12:13:56.1149327-04:00" endTime="2010-03-20T12:13:58.9470947-04:00" testType="13cdc9d9-ddb5-4fa4-a97d-d965ccfc6d4b" outcome="Passed" testListId="8c84fa94-04c1-424b-9868-57a2d4851a1d" relativeResultsDirectory="f002c560-e3b3-4f0a-a82a-3d8b026ee2ab">
      <Output>
        <DebugTrace>X-Riak-Vclock: a85hYGBgzGDKBVIsjPxzBTKYEhnzWBlcCiSP8mUBAA==
X-Riak-Vclock: a85hYGBgzGDKBVIsjPxzBTKYEhnzWBlcCiSP8mUBAA==
X-Riak-Vclock: a85hYGBgzGDKBVIsjPxzBTKYEhnzWBlcCiSP8mUBAA==
X-Riak-Vclock: a85hYGBgzGDKBVIsjPxzBTKYEhnzWBlcCiSP8mUBAA==
X-Riak-Vclock: a85hYGBgzGDKBVIsjPxzBTKYEhnzWBlcCiSP8mUBAA==
X-Riak-Vclock: a85hYGBgzGDKBVIsjPxzBTKYEhnzWBlcCiSP8mUBAA==
X-Riak-Vclock: a85hYGBgzGDKBVIsjPxzBTKYEhnzWBlcCiSP8mUBAA==
X-Riak-Vclock: a85hYGBgzGDKBVIsjPxzBTKYEhnzWBlcCiSP8mUBAA==
X-Riak-Vclock: a85hYGBgzGDKBVIsjPxzBTKYEhnzWBlcCiSP8mUBAA==
X-Riak-Vclock: a85hYGBgzGDKBVIsjPxzBTKYEhnzWBlcCiSP8mUBAA==
X-Riak-Vclock: a85hYGBgzGDKBVIsjPxzBTKYEhnzWBlcCiSP8mUBAA==
X-Riak-Vclock: a85hYGBgzGDKBVIsjPxzBTKYEhnzWBlcCiSP8mUBAA==
X-Riak-Vclock: a85hYGBgzGDKBVIsjPxzBTKYEhnzWBlcCiSP8mUBAA==
X-Riak-Vclock: a85hYGBgzGDKBVIsjPxzBTKYEhnzWBlcCiSP8mUBAA==
X-Riak-Vclock: a85hYGBgzGDKBVIsjPxzBTKYEhnzWBlcCiSP8mUBAA==
X-Riak-Vclock: a85hYGBgzGDKBVIsjPxzBTKYEhnzWBlcCiSP8mUBAA==
X-Riak-Vclock: a85hYGBgzGDKBVIsjPxzBTKYEhnzWBlcCiSP8mUBAA==
X-Riak-Vclock: a85hYGBgzGDKBVIsjPxzBTKYEhnzWBlcCiSP8mUBAA==
X-Riak-Vclock: a85hYGBgzGDKBVIsjPxzBTKYEhnzWBlcCiSP8mUBAA==
X-Riak-Vclock: a85hYGBgzGDKBVIsjPxzBTKYEhnzWBlcCiSP8mUBAA==
</DebugTrace>
      </Output>
    </UnitTestResult>
    <UnitTestResult executionId="2b265024-5ae3-4a86-98b6-6e6486d6c3f0" testId="06a22416-08af-c0dc-b70f-5cec4761aa09" testName="ConflictOnNonMultiBucket" computerName="HORVICKW7" duration="00:00:00.5506439" startTime="2010-03-20T12:13:58.9970975-04:00" endTime="2010-03-20T12:13:59.5691303-04:00" testType="13cdc9d9-ddb5-4fa4-a97d-d965ccfc6d4b" outcome="Passed" testListId="8c84fa94-04c1-424b-9868-57a2d4851a1d" relativeResultsDirectory="2b265024-5ae3-4a86-98b6-6e6486d6c3f0">
      <Output>
        <DebugTrace>X-Riak-Vclock: a85hYGBgzGDKBVIszLVr1TKYEhnzWBncCySP8mUBAA==
Link: 
X-Riak-Vclock: a85hYGBgzGDKBVIszLVr1TKYEhnzWBncCySP8mUBAA==
Link: 
</DebugTrace>
      </Output>
    </UnitTestResult>
    <UnitTestResult executionId="cf1656ee-af54-446d-9951-e78d9f4dff58" testId="33d4d279-34bd-6d5a-280e-4b82973def51" testName="SettingAllowMultiPersistsCorrectly" computerName="HORVICKW7" duration="00:00:00.9576843" startTime="2010-03-20T12:13:59.6231334-04:00" endTime="2010-03-20T12:14:00.6091898-04:00" testType="13cdc9d9-ddb5-4fa4-a97d-d965ccfc6d4b" outcome="Passed" testListId="8c84fa94-04c1-424b-9868-57a2d4851a1d" relativeResultsDirectory="cf1656ee-af54-446d-9951-e78d9f4dff58">
    </UnitTestResult>
    <UnitTestResult executionId="36540b52-f95d-4eca-a37b-c4f0c89bf963" testId="beae7429-a6a2-4b8b-91b8-2242ec45c77a" testName="ConflictOnAllowMultiBucket" computerName="HORVICKW7" duration="00:00:00.5634213" startTime="2010-03-20T12:14:00.6451918-04:00" endTime="2010-03-20T12:14:01.2302253-04:00" testType="13cdc9d9-ddb5-4fa4-a97d-d965ccfc6d4b" outcome="Failed" testListId="8c84fa94-04c1-424b-9868-57a2d4851a1d" relativeResultsDirectory="36540b52-f95d-4eca-a37b-c4f0c89bf963">
      <Output>
        <DebugTrace>X-Riak-Vclock: a85hYGBgzGDKBVIsTLePrMtgSmTMY2XwKJA8ypcFAA==
Link: 
X-Riak-Vclock: a85hYGBgzGDKBVIsTLePrMtgSmTMY2XwKJA8ypcFAA==
Link: 
QTAgent32.exe Error: 0 : HTTP error Ambiguous performing GET request at http://192.168.137.50:8098/riak/ConflictOnAllowMultiBucket/b0705b1e-34ca-4d37-b1f8-7e4cf8f38ca4
QTAgent32.exe Error: 0 : Siblings:
3ixkVANFT2nooST1bF0I5W
3ixkVANFT2nooST1bF0I5W

</DebugTrace>
        <ErrorInfo>
          <Message>Test method Riak.Tests.BucketTests.ConflictOnAllowMultiBucket threw exception Riak.Client.RiakServerException, but exception Riak.Client.RiakUnresolvedConflictException was expected. Exception message: Riak.Client.RiakServerException: HTTP error Ambiguous performing GET request at http://192.168.137.50:8098/riak/ConflictOnAllowMultiBucket/b0705b1e-34ca-4d37-b1f8-7e4cf8f38ca4</Message>
          <StackTrace>    at Riak.Client.HttpHandler.Execute(WebRequestVerb verb, Uri uri, Dictionary`2 headers, ICollection`1 allowedCodes, Stream requestDataStream) in c:\projects\Riak.Client\Riak.Client\HttpHandler.cs:line 208
   at Riak.Client.HttpHandler.Get(Uri uri, String accept, ICollection`1 allowedCodes) in c:\projects\Riak.Client\Riak.Client\HttpHandler.cs:line 56
   at Riak.Client.HttpHandler.Get(Uri uri, String accept) in c:\projects\Riak.Client\Riak.Client\HttpHandler.cs:line 46
   at Riak.Client.HttpHandler.Get(Uri uri) in c:\projects\Riak.Client\Riak.Client\HttpHandler.cs:line 41
   at Riak.Client.RiakObject.get_Data() in c:\projects\Riak.Client\Riak.Client\RiakObject.cs:line 22
   at Riak.Tests.BucketTests.ConflictOnAllowMultiBucket() in c:\projects\Riak.Client\Riak.Tests\BucketTests.cs:line 192
</StackTrace>
        </ErrorInfo>
      </Output>
    </UnitTestResult>
    <UnitTestResult executionId="1f9f6fbd-3620-41e0-b839-d0e930e4d1b7" testId="7a71b779-6444-5633-f109-dc2d069ca31b" testName="GetAllSiblingsOnConflict" computerName="HORVICKW7" duration="00:00:00.6422658" startTime="2010-03-20T12:14:01.2932289-04:00" endTime="2010-03-20T12:14:01.9692675-04:00" testType="13cdc9d9-ddb5-4fa4-a97d-d965ccfc6d4b" outcome="Passed" testListId="8c84fa94-04c1-424b-9868-57a2d4851a1d" relativeResultsDirectory="1f9f6fbd-3620-41e0-b839-d0e930e4d1b7">
      <Output>
        <DebugTrace>X-Riak-Vclock: a85hYGBgzGDKBVIsbFO5zmUwJTLmsTJ4Fkge5csCAA==
Link: 
X-Riak-Vclock: a85hYGBgzGDKBVIsbFO5zmUwJTLmsTJ4Fkge5csCAA==
Link: 
</DebugTrace>
      </Output>
    </UnitTestResult>
    <UnitTestResult executionId="8b7168b6-458b-458f-810c-e2fa890222fe" testId="30d12b1b-aa49-8c08-bd4a-866243aceb48" testName="LinkWithRelationalUri" computerName="HORVICKW7" duration="00:00:00.0026958" startTime="2010-03-20T12:14:01.9912688-04:00" endTime="2010-03-20T12:14:02.0152702-04:00" testType="13cdc9d9-ddb5-4fa4-a97d-d965ccfc6d4b" outcome="Passed" testListId="8c84fa94-04c1-424b-9868-57a2d4851a1d" relativeResultsDirectory="8b7168b6-458b-458f-810c-e2fa890222fe">
    </UnitTestResult>
    <UnitTestResult executionId="981bc782-e6dc-4dc9-9ce4-af955d35bb60" testId="d79ef6f9-4e22-e7f6-a37e-b0e7a8cab61d" testName="LinkWithMultipleParameters" computerName="HORVICKW7" duration="00:00:00.0009292" startTime="2010-03-20T12:14:02.0962748-04:00" endTime="2010-03-20T12:14:02.1402773-04:00" testType="13cdc9d9-ddb5-4fa4-a97d-d965ccfc6d4b" outcome="Passed" testListId="8c84fa94-04c1-424b-9868-57a2d4851a1d" relativeResultsDirectory="981bc782-e6dc-4dc9-9ce4-af955d35bb60">
    </UnitTestResult>
    <UnitTestResult executionId="e9a43b9b-1561-4598-8c80-5d32c92b7aa7" testId="cb4b29f5-c7d3-2010-bb43-cecc9f41c474" testName="LinkOnNewKeyExistsAndParses" computerName="HORVICKW7" duration="00:00:00.3329539" startTime="2010-03-20T12:14:02.1942804-04:00" endTime="2010-03-20T12:14:02.5543010-04:00" testType="13cdc9d9-ddb5-4fa4-a97d-d965ccfc6d4b" outcome="Passed" testListId="8c84fa94-04c1-424b-9868-57a2d4851a1d" relativeResultsDirectory="e9a43b9b-1561-4598-8c80-5d32c92b7aa7">
    </UnitTestResult>
    <UnitTestResult executionId="78e7fa7a-9e95-49d3-9b54-9b2d4a2d464a" testId="86d01318-0230-9e62-826b-6c3385d23407" testName="LinkOddlyFormedIsParsedAndNormalized" computerName="HORVICKW7" duration="00:00:00.0015871" startTime="2010-03-20T12:14:02.6673075-04:00" endTime="2010-03-20T12:14:02.7093099-04:00" testType="13cdc9d9-ddb5-4fa4-a97d-d965ccfc6d4b" outcome="Passed" testListId="8c84fa94-04c1-424b-9868-57a2d4851a1d" relativeResultsDirectory="78e7fa7a-9e95-49d3-9b54-9b2d4a2d464a">
    </UnitTestResult>
    <UnitTestResult executionId="fee990d5-a346-4291-a2d2-993fb9d0786b" testId="80c6668e-527f-7ce0-c7fa-d368165124a1" testName="LinkCollectionOperationalTests" computerName="HORVICKW7" duration="00:00:00.0041888" startTime="2010-03-20T12:14:02.7413117-04:00" endTime="2010-03-20T12:14:02.7833141-04:00" testType="13cdc9d9-ddb5-4fa4-a97d-d965ccfc6d4b" outcome="Passed" testListId="8c84fa94-04c1-424b-9868-57a2d4851a1d" relativeResultsDirectory="fee990d5-a346-4291-a2d2-993fb9d0786b">
    </UnitTestResult>
    <UnitTestResult executionId="7c684b11-21a8-41aa-9372-00cce6ef07cb" testId="d9c44692-30b5-c679-747b-7d385a54ef67" testName="LinkWithUnknownParameters" computerName="HORVICKW7" duration="00:00:00.0009777" startTime="2010-03-20T12:14:02.8653188-04:00" endTime="2010-03-20T12:14:02.8923203-04:00" testType="13cdc9d9-ddb5-4fa4-a97d-d965ccfc6d4b" outcome="Passed" testListId="8c84fa94-04c1-424b-9868-57a2d4851a1d" relativeResultsDirectory="7c684b11-21a8-41aa-9372-00cce6ef07cb">
    </UnitTestResult>
    <UnitTestResult executionId="622a4cac-0361-442c-b992-88f1a7032f25" testId="8bc468f8-eee0-673a-92b7-930506440e84" testName="LinkRoundTripping" computerName="HORVICKW7" duration="00:00:00.0010446" startTime="2010-03-20T12:14:02.9163217-04:00" endTime="2010-03-20T12:14:02.9383230-04:00" testType="13cdc9d9-ddb5-4fa4-a97d-d965ccfc6d4b" outcome="Passed" testListId="8c84fa94-04c1-424b-9868-57a2d4851a1d" relativeResultsDirectory="622a4cac-0361-442c-b992-88f1a7032f25">
    </UnitTestResult>
    <UnitTestResult executionId="0b323d06-9331-4870-8ca9-bf739688827e" testId="e59f5b3d-3a7c-4505-e293-67664a703224" testName="LinkFollowing" computerName="HORVICKW7" duration="00:00:00.9600319" startTime="2010-03-20T12:14:02.9573241-04:00" endTime="2010-03-20T12:14:03.9473807-04:00" testType="13cdc9d9-ddb5-4fa4-a97d-d965ccfc6d4b" outcome="Passed" testListId="8c84fa94-04c1-424b-9868-57a2d4851a1d" relativeResultsDirectory="0b323d06-9331-4870-8ca9-bf739688827e">
      <Output>
        <DebugTrace>X-Riak-Vclock: a85hYGBgzGDKBVIsrAVdfhlMiUx5rAwfsySP8mUBAA==
X-Riak-Vclock: a85hYGBgzGDKBVIsrAVdfhlMiUx5rAwfsySP8mUBAA==
X-Riak-Vclock: a85hYGBgzGDKBVIsrAVdfhlMiUx5rAwfsySP8mUBAA==
X-Riak-Vclock: a85hYGBgzGDKBVIsrAVdfhlMiUx5rAwfsySP8mUBAA==
X-Riak-Vclock: a85hYGBgyWDKBVHMSyZ0ZzAlMuWxMvD7SR7lgwizNScxHLruBZRgBEp8zIJLsLCH6nliEWYt6PKDGgMWzgIA
X-Riak-Vclock: a85hYGBgzGDKBVIsbOIM2RlMiYx5rAzeBZJH+bIA
Link: &lt;/riak/Album/Kind%20of%20Blue&gt;; riaktag="album", &lt;/riak/Album/Conception&gt;; riaktag="album", &lt;/riak/Album/Blue&gt;; riaktag="album", &lt;/riak/Album/Dig&gt;; riaktag="album"
X-Riak-Vclock: a85hYGBgzGDKBVIsbOIM2RlMiYx5rAzeBZJH+bIA
Link: &lt;/riak/Artist/Miles%20Davis&gt;; riaktag="artist"
X-Riak-Vclock: a85hYGBgzGDKBVIsbOIM2RlMiYx5rAzeBZJH+bIA
Link: &lt;/riak/Artist/Miles%20Davis&gt;; riaktag="artist"
X-Riak-Vclock: a85hYGBgzGDKBVIsbOIM2RlMiYx5rAzeBZJH+bIA
Link: &lt;/riak/Artist/Miles%20Davis&gt;; riaktag="artist"
X-Riak-Vclock: a85hYGBgzGDKBVIsbOIM2RlMiYx5rAzeBZJH+bIA
Link: &lt;/riak/Artist/Miles%20Davis&gt;; riaktag="artist"
</DebugTrace>
      </Output>
    </UnitTestResult>
    <UnitTestResult executionId="462ca0f7-543c-40a9-a790-44ec82bec397" testId="4312a9d7-4905-c365-94ac-da54845d713f" testName="GetAllTextData" computerName="HORVICKW7" duration="00:00:00.6191332" startTime="2010-03-20T12:14:03.9973835-04:00" endTime="2010-03-20T12:14:04.6454206-04:00" testType="13cdc9d9-ddb5-4fa4-a97d-d965ccfc6d4b" outcome="Failed" testListId="8c84fa94-04c1-424b-9868-57a2d4851a1d" relativeResultsDirectory="462ca0f7-543c-40a9-a790-44ec82bec397">
      <Output>
        <DebugTrace>X-Riak-Vclock: a85hYGBgzmDKBVIsDNfk4zKYElnyWBmM/CSP8kGFmWbri0GFP2UhCV+o4oAKR2QDhbMA
Link: 
X-Riak-Vclock: a85hYGBgyWDKBVEM1+TjMpgSWfJYGYz8JI/yQYWZZuuLQYU/ZSEJX6jigApHZCOEWY12iAKFGYHCPgVA4SwA
Link: 
X-Riak-Vclock: a85hYGBgyWDKBVEM1+TjMpgSWfJYGYz8JI/yQYWZZuuLQYU/ZSEJX6jigApHZCOEWY12iAKFmYDCPgVA4SwA
Link: 
X-Riak-Vclock: a85hYGBgyWDKBVEM1+TjMpgSWfJYGYz8JI/yQYWZZuuLQYU/ZSEJX6jigApHZCOEWY12iAKFmYHCPgVA4SwA
Link: 
</DebugTrace>
        <ErrorInfo>
          <Message>Assert.Fail failed. fail</Message>
          <StackTrace>   at Riak.Tests.MultiPartResponseTests.GetAllTextData() in c:\projects\Riak.Client\Riak.Tests\MultiPartResponseTests.cs:line 51
</StackTrace>
        </ErrorInfo>
      </Output>
    </UnitTestResult>
  </Results>
</TestRun>