<?xml version="1.0" encoding="UTF-8"?>
<TestRun id="6d7014c8-f38b-4fc9-9dc9-55ccd28cafb0" name="Robert@HORVICKW7 2010-03-19 10:13:33" runUser="HORVICKW7\Robert" xmlns="http://microsoft.com/schemas/VisualStudio/TeamTest/2010">
  <TestSettings name="Local" id="cccf0ead-bb7b-4fa6-80c8-b697078887da">
    <Description>These are default test settings for a local test run.</Description>
    <Deployment enabled="false" runDeploymentRoot="Robert_HORVICKW7 2010-03-19 10_13_33" />
    <Execution>
      <TestTypeSpecific />
      <AgentRule name="Execution Agents">
      </AgentRule>
    </Execution>
  </TestSettings>
  <Times creation="2010-03-19T10:13:33.5430279-04:00" queuing="2010-03-19T10:13:38.2622978-04:00" start="2010-03-19T10:13:39.0643437-04:00" finish="2010-03-19T10:14:03.5287430-04:00" />
  <ResultSummary outcome="Error">
    <Counters total="9" executed="8" passed="7" error="0" failed="0" timeout="0" aborted="1" inconclusive="0" passedButRunAborted="0" notRunnable="0" notExecuted="1" disconnected="0" warning="0" completed="0" inProgress="0" pending="0" />
    <RunInfos>
      <RunInfo computerName="HORVICKW7" outcome="Error" timestamp="2010-03-19T10:14:03.4687395-04:00">
        <Text>Test host process exited unexpectedly.</Text>
      </RunInfo>
    </RunInfos>
  </ResultSummary>
  <TestDefinitions>
    <UnitTest name="SaveABinaryKeyValue" storage="c:\projects\riak.client\riak.tests\bin\debug\riak.tests.dll" id="4ad0d6cc-b6bb-6b71-fab7-7bd0c1927a9f">
      <Execution id="b8130f4e-c22e-4637-bdc7-f72303e52ad7" />
      <TestMethod codeBase="c:/projects/Riak.Client/Riak.Tests/bin/Debug/Riak.Tests.DLL" adapterTypeName="Microsoft.VisualStudio.TestTools.TestTypes.Unit.UnitTestAdapter, Microsoft.VisualStudio.QualityTools.Tips.UnitTest.Adapter, Version=10.0.0.0, Culture=neutral, PublicKeyToken=b03f5f7f11d50a3a" className="Riak.Tests.BucketTests, Riak.Tests, Version=1.0.0.0, Culture=neutral, PublicKeyToken=null" name="SaveABinaryKeyValue" />
    </UnitTest>
    <UnitTest name="DeleteExistingKeys" storage="c:\projects\riak.client\riak.tests\bin\debug\riak.tests.dll" id="ecb7a2ec-95c2-bcd4-9208-598a9a8227f1">
      <Execution id="a40810b2-7a54-4b94-8a29-19fd92555c1a" />
      <TestMethod codeBase="c:/projects/Riak.Client/Riak.Tests/bin/Debug/Riak.Tests.DLL" adapterTypeName="Microsoft.VisualStudio.TestTools.TestTypes.Unit.UnitTestAdapter, Microsoft.VisualStudio.QualityTools.Tips.UnitTest.Adapter, Version=10.0.0.0, Culture=neutral, PublicKeyToken=b03f5f7f11d50a3a" className="Riak.Tests.BucketTests, Riak.Tests, Version=1.0.0.0, Culture=neutral, PublicKeyToken=null" name="DeleteExistingKeys" />
    </UnitTest>
    <UnitTest name="SaveAStringKeyValue" storage="c:\projects\riak.client\riak.tests\bin\debug\riak.tests.dll" id="58939138-4342-8e72-2f65-c6ec6d5362d3">
      <Execution id="43d97982-71fc-42cf-980e-a02eb55dbe2f" />
      <TestMethod codeBase="c:/projects/Riak.Client/Riak.Tests/bin/Debug/Riak.Tests.DLL" adapterTypeName="Microsoft.VisualStudio.TestTools.TestTypes.Unit.UnitTestAdapter, Microsoft.VisualStudio.QualityTools.Tips.UnitTest.Adapter, Version=10.0.0.0, Culture=neutral, PublicKeyToken=b03f5f7f11d50a3a" className="Riak.Tests.BucketTests, Riak.Tests, Version=1.0.0.0, Culture=neutral, PublicKeyToken=null" name="SaveAStringKeyValue" />
    </UnitTest>
    <UnitTest name="ConflictOnAllowMultiBucket" storage="c:\projects\riak.client\riak.tests\bin\debug\riak.tests.dll" id="beae7429-a6a2-4b8b-91b8-2242ec45c77a">
      <Execution id="c02f758c-365f-4301-9769-c3304df57930" />
      <TestMethod codeBase="c:/projects/Riak.Client/Riak.Tests/bin/Debug/Riak.Tests.DLL" adapterTypeName="Microsoft.VisualStudio.TestTools.TestTypes.Unit.UnitTestAdapter, Microsoft.VisualStudio.QualityTools.Tips.UnitTest.Adapter, Version=10.0.0.0, Culture=neutral, PublicKeyToken=b03f5f7f11d50a3a" className="Riak.Tests.BucketTests, Riak.Tests, Version=1.0.0.0, Culture=neutral, PublicKeyToken=null" name="ConflictOnAllowMultiBucket" />
    </UnitTest>
    <UnitTest name="ConflictOnNonMultiBucket" storage="c:\projects\riak.client\riak.tests\bin\debug\riak.tests.dll" id="06a22416-08af-c0dc-b70f-5cec4761aa09">
      <Execution id="9fcf4ad5-b7ac-48ff-bf27-84ff6d41f745" />
      <TestMethod codeBase="c:/projects/Riak.Client/Riak.Tests/bin/Debug/Riak.Tests.DLL" adapterTypeName="Microsoft.VisualStudio.TestTools.TestTypes.Unit.UnitTestAdapter, Microsoft.VisualStudio.QualityTools.Tips.UnitTest.Adapter, Version=10.0.0.0, Culture=neutral, PublicKeyToken=b03f5f7f11d50a3a" className="Riak.Tests.BucketTests, Riak.Tests, Version=1.0.0.0, Culture=neutral, PublicKeyToken=null" name="ConflictOnNonMultiBucket" />
    </UnitTest>
    <UnitTest name="GetKeyFromBucket" storage="c:\projects\riak.client\riak.tests\bin\debug\riak.tests.dll" id="7ec93923-9b63-896f-6fbc-0de4f66812a0">
      <Execution id="0d7c4d4c-c6a2-4c85-8d04-f889262e04d2" />
      <TestMethod codeBase="c:/projects/Riak.Client/Riak.Tests/bin/Debug/Riak.Tests.DLL" adapterTypeName="Microsoft.VisualStudio.TestTools.TestTypes.Unit.UnitTestAdapter, Microsoft.VisualStudio.QualityTools.Tips.UnitTest.Adapter, Version=10.0.0.0, Culture=neutral, PublicKeyToken=b03f5f7f11d50a3a" className="Riak.Tests.RiakRequestTests, Riak.Tests, Version=1.0.0.0, Culture=neutral, PublicKeyToken=null" name="GetKeyFromBucket" />
    </UnitTest>
    <UnitTest name="TestMethod1" storage="c:\projects\riak.client\riak.tests\bin\debug\riak.tests.dll" id="4218db0c-c3cd-af6c-7a89-5cbb6ed4b0b4">
      <Execution id="e8926c4c-6a26-4992-bab7-6f2f1062bcc7" />
      <TestMethod codeBase="c:/projects/Riak.Client/Riak.Tests/bin/Debug/Riak.Tests.DLL" adapterTypeName="Microsoft.VisualStudio.TestTools.TestTypes.Unit.UnitTestAdapter, Microsoft.VisualStudio.QualityTools.Tips.UnitTest.Adapter, Version=10.0.0.0, Culture=neutral, PublicKeyToken=b03f5f7f11d50a3a" className="Riak.Tests.RiakRequestTests, Riak.Tests, Version=1.0.0.0, Culture=neutral, PublicKeyToken=null" name="TestMethod1" />
    </UnitTest>
    <UnitTest name="DeleteMissingKeys" storage="c:\projects\riak.client\riak.tests\bin\debug\riak.tests.dll" id="8adbc453-a093-0889-b145-79d2f69be902">
      <Execution id="2184f140-a573-4401-8cfe-688db2da9dd9" />
      <TestMethod codeBase="c:/projects/Riak.Client/Riak.Tests/bin/Debug/Riak.Tests.DLL" adapterTypeName="Microsoft.VisualStudio.TestTools.TestTypes.Unit.UnitTestAdapter, Microsoft.VisualStudio.QualityTools.Tips.UnitTest.Adapter, Version=10.0.0.0, Culture=neutral, PublicKeyToken=b03f5f7f11d50a3a" className="Riak.Tests.BucketTests, Riak.Tests, Version=1.0.0.0, Culture=neutral, PublicKeyToken=null" name="DeleteMissingKeys" />
    </UnitTest>
    <UnitTest name="SettingAllowMultiPersistsCorrectly" storage="c:\projects\riak.client\riak.tests\bin\debug\riak.tests.dll" id="33d4d279-34bd-6d5a-280e-4b82973def51">
      <Execution id="565c7d63-de05-46a9-a84a-1ea71d5f06aa" />
      <TestMethod codeBase="c:/projects/Riak.Client/Riak.Tests/bin/Debug/Riak.Tests.DLL" adapterTypeName="Microsoft.VisualStudio.TestTools.TestTypes.Unit.UnitTestAdapter, Microsoft.VisualStudio.QualityTools.Tips.UnitTest.Adapter, Version=10.0.0.0, Culture=neutral, PublicKeyToken=b03f5f7f11d50a3a" className="Riak.Tests.BucketTests, Riak.Tests, Version=1.0.0.0, Culture=neutral, PublicKeyToken=null" name="SettingAllowMultiPersistsCorrectly" />
    </UnitTest>
  </TestDefinitions>
  <TestLists>
    <TestList name="Results Not in a List" id="8c84fa94-04c1-424b-9868-57a2d4851a1d" />
    <TestList name="All Loaded Results" id="19431567-8539-422a-85d7-44ee4e166bda" />
  </TestLists>
  <TestEntries>
    <TestEntry testId="4218db0c-c3cd-af6c-7a89-5cbb6ed4b0b4" executionId="e8926c4c-6a26-4992-bab7-6f2f1062bcc7" testListId="8c84fa94-04c1-424b-9868-57a2d4851a1d" />
    <TestEntry testId="7ec93923-9b63-896f-6fbc-0de4f66812a0" executionId="0d7c4d4c-c6a2-4c85-8d04-f889262e04d2" testListId="8c84fa94-04c1-424b-9868-57a2d4851a1d" />
    <TestEntry testId="58939138-4342-8e72-2f65-c6ec6d5362d3" executionId="43d97982-71fc-42cf-980e-a02eb55dbe2f" testListId="8c84fa94-04c1-424b-9868-57a2d4851a1d" />
    <TestEntry testId="4ad0d6cc-b6bb-6b71-fab7-7bd0c1927a9f" executionId="b8130f4e-c22e-4637-bdc7-f72303e52ad7" testListId="8c84fa94-04c1-424b-9868-57a2d4851a1d" />
    <TestEntry testId="ecb7a2ec-95c2-bcd4-9208-598a9a8227f1" executionId="a40810b2-7a54-4b94-8a29-19fd92555c1a" testListId="8c84fa94-04c1-424b-9868-57a2d4851a1d" />
    <TestEntry testId="8adbc453-a093-0889-b145-79d2f69be902" executionId="2184f140-a573-4401-8cfe-688db2da9dd9" testListId="8c84fa94-04c1-424b-9868-57a2d4851a1d" />
    <TestEntry testId="06a22416-08af-c0dc-b70f-5cec4761aa09" executionId="9fcf4ad5-b7ac-48ff-bf27-84ff6d41f745" testListId="8c84fa94-04c1-424b-9868-57a2d4851a1d" />
    <TestEntry testId="beae7429-a6a2-4b8b-91b8-2242ec45c77a" executionId="c02f758c-365f-4301-9769-c3304df57930" testListId="8c84fa94-04c1-424b-9868-57a2d4851a1d" />
    <TestEntry testId="33d4d279-34bd-6d5a-280e-4b82973def51" executionId="565c7d63-de05-46a9-a84a-1ea71d5f06aa" testListId="8c84fa94-04c1-424b-9868-57a2d4851a1d" />
  </TestEntries>
  <Results>
    <UnitTestResult executionId="e8926c4c-6a26-4992-bab7-6f2f1062bcc7" testId="4218db0c-c3cd-af6c-7a89-5cbb6ed4b0b4" testName="TestMethod1" computerName="HORVICKW7" duration="00:00:00.0652664" startTime="2010-03-19T10:13:39.5523716-04:00" endTime="2010-03-19T10:13:41.3624751-04:00" testType="13cdc9d9-ddb5-4fa4-a97d-d965ccfc6d4b" outcome="Passed" testListId="8c84fa94-04c1-424b-9868-57a2d4851a1d" relativeResultsDirectory="e8926c4c-6a26-4992-bab7-6f2f1062bcc7">
    </UnitTestResult>
    <UnitTestResult executionId="0d7c4d4c-c6a2-4c85-8d04-f889262e04d2" testId="7ec93923-9b63-896f-6fbc-0de4f66812a0" testName="GetKeyFromBucket" computerName="HORVICKW7" duration="00:00:00.3524354" startTime="2010-03-19T10:13:41.4204784-04:00" endTime="2010-03-19T10:13:41.8075006-04:00" testType="13cdc9d9-ddb5-4fa4-a97d-d965ccfc6d4b" outcome="Passed" testListId="8c84fa94-04c1-424b-9868-57a2d4851a1d" relativeResultsDirectory="0d7c4d4c-c6a2-4c85-8d04-f889262e04d2">
    </UnitTestResult>
    <UnitTestResult executionId="43d97982-71fc-42cf-980e-a02eb55dbe2f" testId="58939138-4342-8e72-2f65-c6ec6d5362d3" testName="SaveAStringKeyValue" computerName="HORVICKW7" duration="00:00:00.4580145" startTime="2010-03-19T10:13:41.8345021-04:00" endTime="2010-03-19T10:13:42.3135295-04:00" testType="13cdc9d9-ddb5-4fa4-a97d-d965ccfc6d4b" outcome="Passed" testListId="8c84fa94-04c1-424b-9868-57a2d4851a1d" relativeResultsDirectory="43d97982-71fc-42cf-980e-a02eb55dbe2f">
    </UnitTestResult>
    <UnitTestResult executionId="b8130f4e-c22e-4637-bdc7-f72303e52ad7" testId="4ad0d6cc-b6bb-6b71-fab7-7bd0c1927a9f" testName="SaveABinaryKeyValue" computerName="HORVICKW7" duration="00:00:00.2077783" startTime="2010-03-19T10:13:42.3405311-04:00" endTime="2010-03-19T10:13:42.5665440-04:00" testType="13cdc9d9-ddb5-4fa4-a97d-d965ccfc6d4b" outcome="Passed" testListId="8c84fa94-04c1-424b-9868-57a2d4851a1d" relativeResultsDirectory="b8130f4e-c22e-4637-bdc7-f72303e52ad7">
    </UnitTestResult>
    <UnitTestResult executionId="a40810b2-7a54-4b94-8a29-19fd92555c1a" testId="ecb7a2ec-95c2-bcd4-9208-598a9a8227f1" testName="DeleteExistingKeys" computerName="HORVICKW7" duration="00:00:00.6066164" startTime="2010-03-19T10:13:42.5885453-04:00" endTime="2010-03-19T10:13:43.2225815-04:00" testType="13cdc9d9-ddb5-4fa4-a97d-d965ccfc6d4b" outcome="Passed" testListId="8c84fa94-04c1-424b-9868-57a2d4851a1d" relativeResultsDirectory="a40810b2-7a54-4b94-8a29-19fd92555c1a">
    </UnitTestResult>
    <UnitTestResult executionId="2184f140-a573-4401-8cfe-688db2da9dd9" testId="8adbc453-a093-0889-b145-79d2f69be902" testName="DeleteMissingKeys" computerName="HORVICKW7" duration="00:00:01.3074683" startTime="2010-03-19T10:13:43.3065863-04:00" endTime="2010-03-19T10:13:44.6386625-04:00" testType="13cdc9d9-ddb5-4fa4-a97d-d965ccfc6d4b" outcome="Passed" testListId="8c84fa94-04c1-424b-9868-57a2d4851a1d" relativeResultsDirectory="2184f140-a573-4401-8cfe-688db2da9dd9">
    </UnitTestResult>
    <UnitTestResult executionId="9fcf4ad5-b7ac-48ff-bf27-84ff6d41f745" testId="06a22416-08af-c0dc-b70f-5cec4761aa09" testName="ConflictOnNonMultiBucket" computerName="HORVICKW7" duration="00:00:00.2544303" startTime="2010-03-19T10:13:44.6856652-04:00" endTime="2010-03-19T10:13:45.0086837-04:00" testType="13cdc9d9-ddb5-4fa4-a97d-d965ccfc6d4b" outcome="Passed" testListId="8c84fa94-04c1-424b-9868-57a2d4851a1d" relativeResultsDirectory="9fcf4ad5-b7ac-48ff-bf27-84ff6d41f745">
    </UnitTestResult>
    <UnitTestResult executionId="c02f758c-365f-4301-9769-c3304df57930" testId="beae7429-a6a2-4b8b-91b8-2242ec45c77a" testName="ConflictOnAllowMultiBucket" computerName="HORVICKW7" duration="00:00:18.4910577" startTime="2010-03-19T10:13:45.0376853-04:00" endTime="2010-03-19T10:14:03.5287430-04:00" testType="13cdc9d9-ddb5-4fa4-a97d-d965ccfc6d4b" outcome="Aborted" testListId="8c84fa94-04c1-424b-9868-57a2d4851a1d" relativeResultsDirectory="c02f758c-365f-4301-9769-c3304df57930">
    </UnitTestResult>
    <UnitTestResult executionId="565c7d63-de05-46a9-a84a-1ea71d5f06aa" testId="33d4d279-34bd-6d5a-280e-4b82973def51" testName="SettingAllowMultiPersistsCorrectly" computerName="HORVICKW7" testType="13cdc9d9-ddb5-4fa4-a97d-d965ccfc6d4b" outcome="NotExecuted" testListId="8c84fa94-04c1-424b-9868-57a2d4851a1d" relativeResultsDirectory="565c7d63-de05-46a9-a84a-1ea71d5f06aa">
    </UnitTestResult>
  </Results>
</TestRun>