<?xml version="1.0" encoding="UTF-8"?>
<TestRun id="d40c2608-bf86-42b4-b840-a438d495174c" name="Robert@HORVICKW7 2010-03-18 16:22:41" runUser="HORVICKW7\Robert" xmlns="http://microsoft.com/schemas/VisualStudio/TeamTest/2010">
  <TestSettings name="Local" id="cccf0ead-bb7b-4fa6-80c8-b697078887da">
    <Description>These are default test settings for a local test run.</Description>
    <Deployment enabled="false" runDeploymentRoot="Robert_HORVICKW7 2010-03-18 16_22_41" />
    <Execution>
      <TestTypeSpecific />
      <AgentRule name="Execution Agents">
      </AgentRule>
    </Execution>
  </TestSettings>
  <Times creation="2010-03-18T16:22:41.5340232-04:00" queuing="2010-03-18T16:22:46.9843349-04:00" start="2010-03-18T16:22:47.2713513-04:00" finish="2010-03-18T16:22:50.2545220-04:00" />
  <ResultSummary outcome="Failed">
    <Counters total="3" executed="3" passed="2" error="0" failed="1" timeout="0" aborted="0" inconclusive="0" passedButRunAborted="0" notRunnable="0" notExecuted="0" disconnected="0" warning="0" completed="0" inProgress="0" pending="0" />
  </ResultSummary>
  <TestDefinitions>
    <UnitTest name="TestMethod1" storage="c:\projects\riak.client\riak.tests\bin\debug\riak.tests.dll" id="4218db0c-c3cd-af6c-7a89-5cbb6ed4b0b4">
      <Execution id="0ac1688c-666c-42e5-a5e3-f3fd9a5c67d6" />
      <TestMethod codeBase="c:/projects/Riak.Client/Riak.Tests/bin/Debug/Riak.Tests.DLL" adapterTypeName="Microsoft.VisualStudio.TestTools.TestTypes.Unit.UnitTestAdapter, Microsoft.VisualStudio.QualityTools.Tips.UnitTest.Adapter, Version=10.0.0.0, Culture=neutral, PublicKeyToken=b03f5f7f11d50a3a" className="Riak.Tests.RiakRequestTests, Riak.Tests, Version=1.0.0.0, Culture=neutral, PublicKeyToken=null" name="TestMethod1" />
    </UnitTest>
    <UnitTest name="BucketRoundTrip" storage="c:\projects\riak.client\riak.tests\bin\debug\riak.tests.dll" id="fcd0f688-4aee-71c2-6fd3-c2c85a9136e9">
      <Execution id="39e4b5c3-cdc2-4e73-9cd2-c9553be1f054" />
      <TestMethod codeBase="c:/projects/Riak.Client/Riak.Tests/bin/Debug/Riak.Tests.DLL" adapterTypeName="Microsoft.VisualStudio.TestTools.TestTypes.Unit.UnitTestAdapter, Microsoft.VisualStudio.QualityTools.Tips.UnitTest.Adapter, Version=10.0.0.0, Culture=neutral, PublicKeyToken=b03f5f7f11d50a3a" className="Riak.Tests.BucketTests, Riak.Tests, Version=1.0.0.0, Culture=neutral, PublicKeyToken=null" name="BucketRoundTrip" />
    </UnitTest>
    <UnitTest name="GetKeyFromBucket" storage="c:\projects\riak.client\riak.tests\bin\debug\riak.tests.dll" id="7ec93923-9b63-896f-6fbc-0de4f66812a0">
      <Execution id="85ca0c9e-9bd2-4be8-aa2a-43a68e182dd2" />
      <TestMethod codeBase="c:/projects/Riak.Client/Riak.Tests/bin/Debug/Riak.Tests.DLL" adapterTypeName="Microsoft.VisualStudio.TestTools.TestTypes.Unit.UnitTestAdapter, Microsoft.VisualStudio.QualityTools.Tips.UnitTest.Adapter, Version=10.0.0.0, Culture=neutral, PublicKeyToken=b03f5f7f11d50a3a" className="Riak.Tests.RiakRequestTests, Riak.Tests, Version=1.0.0.0, Culture=neutral, PublicKeyToken=null" name="GetKeyFromBucket" />
    </UnitTest>
  </TestDefinitions>
  <TestLists>
    <TestList name="Results Not in a List" id="8c84fa94-04c1-424b-9868-57a2d4851a1d" />
    <TestList name="All Loaded Results" id="19431567-8539-422a-85d7-44ee4e166bda" />
  </TestLists>
  <TestEntries>
    <TestEntry testId="4218db0c-c3cd-af6c-7a89-5cbb6ed4b0b4" executionId="0ac1688c-666c-42e5-a5e3-f3fd9a5c67d6" testListId="8c84fa94-04c1-424b-9868-57a2d4851a1d" />
    <TestEntry testId="7ec93923-9b63-896f-6fbc-0de4f66812a0" executionId="85ca0c9e-9bd2-4be8-aa2a-43a68e182dd2" testListId="8c84fa94-04c1-424b-9868-57a2d4851a1d" />
    <TestEntry testId="fcd0f688-4aee-71c2-6fd3-c2c85a9136e9" executionId="39e4b5c3-cdc2-4e73-9cd2-c9553be1f054" testListId="8c84fa94-04c1-424b-9868-57a2d4851a1d" />
  </TestEntries>
  <Results>
    <UnitTestResult executionId="0ac1688c-666c-42e5-a5e3-f3fd9a5c67d6" testId="4218db0c-c3cd-af6c-7a89-5cbb6ed4b0b4" testName="TestMethod1" computerName="HORVICKW7" duration="00:00:00.1153355" startTime="2010-03-18T16:22:47.4043589-04:00" endTime="2010-03-18T16:22:49.0464529-04:00" testType="13cdc9d9-ddb5-4fa4-a97d-d965ccfc6d4b" outcome="Passed" testListId="8c84fa94-04c1-424b-9868-57a2d4851a1d" relativeResultsDirectory="0ac1688c-666c-42e5-a5e3-f3fd9a5c67d6">
    </UnitTestResult>
    <UnitTestResult executionId="85ca0c9e-9bd2-4be8-aa2a-43a68e182dd2" testId="7ec93923-9b63-896f-6fbc-0de4f66812a0" testName="GetKeyFromBucket" computerName="HORVICKW7" duration="00:00:00.3566461" startTime="2010-03-18T16:22:49.0874552-04:00" endTime="2010-03-18T16:22:49.4724772-04:00" testType="13cdc9d9-ddb5-4fa4-a97d-d965ccfc6d4b" outcome="Passed" testListId="8c84fa94-04c1-424b-9868-57a2d4851a1d" relativeResultsDirectory="85ca0c9e-9bd2-4be8-aa2a-43a68e182dd2">
    </UnitTestResult>
    <UnitTestResult executionId="39e4b5c3-cdc2-4e73-9cd2-c9553be1f054" testId="fcd0f688-4aee-71c2-6fd3-c2c85a9136e9" testName="BucketRoundTrip" computerName="HORVICKW7" duration="00:00:00.4162875" startTime="2010-03-18T16:22:49.4984787-04:00" endTime="2010-03-18T16:22:49.9335036-04:00" testType="13cdc9d9-ddb5-4fa4-a97d-d965ccfc6d4b" outcome="Failed" testListId="8c84fa94-04c1-424b-9868-57a2d4851a1d" relativeResultsDirectory="39e4b5c3-cdc2-4e73-9cd2-c9553be1f054">
      <Output>
        <DebugTrace>QTAgent32.exe Error: 0 : 
</DebugTrace>
        <ErrorInfo>
          <Message>Test method Riak.Tests.BucketTests.BucketRoundTrip threw exception: 
System.Net.WebException: The remote server returned an error: (400) Bad Request.</Message>
          <StackTrace>    at System.Net.HttpWebRequest.GetResponse()
   at Riak.Client.RiakHttpRequest.GetResponse() in c:\projects\Riak.Client\Riak.Client\RiakHttpRequest.cs:line 52
   at Riak.Client.Bucket.Refresh() in c:\projects\Riak.Client\Riak.Client\Bucket.cs:line 40
   at Riak.Client.RiakClient.Bucket(String name) in c:\projects\Riak.Client\Riak.Client\RiakClient.cs:line 21
   at Riak.Tests.BucketTests.BucketRoundTrip() in c:\projects\Riak.Client\Riak.Tests\BucketTests.cs:line 17
</StackTrace>
        </ErrorInfo>
      </Output>
    </UnitTestResult>
  </Results>
</TestRun>