<?xml version="1.0" encoding="UTF-8"?>
<TestRun id="dba6f307-2670-48ab-a74f-e992bf4047d1" name="Robert@HORVICKW7 2010-03-18 16:12:55" runUser="HORVICKW7\Robert" xmlns="http://microsoft.com/schemas/VisualStudio/TeamTest/2010">
  <TestSettings name="Local" id="cccf0ead-bb7b-4fa6-80c8-b697078887da">
    <Description>These are default test settings for a local test run.</Description>
    <Deployment enabled="false" runDeploymentRoot="Robert_HORVICKW7 2010-03-18 16_12_55" />
    <Execution>
      <TestTypeSpecific />
      <AgentRule name="Execution Agents">
      </AgentRule>
    </Execution>
  </TestSettings>
  <Times creation="2010-03-18T16:12:55.0204765-04:00" queuing="2010-03-18T16:12:58.6466839-04:00" start="2010-03-18T16:12:58.9747027-04:00" finish="2010-03-18T16:13:02.4269001-04:00" />
  <ResultSummary outcome="Failed">
    <Counters total="3" executed="3" passed="2" error="0" failed="1" timeout="0" aborted="0" inconclusive="0" passedButRunAborted="0" notRunnable="0" notExecuted="0" disconnected="0" warning="0" completed="0" inProgress="0" pending="0" />
  </ResultSummary>
  <TestDefinitions>
    <UnitTest name="TestMethod1" storage="c:\projects\riak.client\riak.tests\bin\debug\riak.tests.dll" id="4218db0c-c3cd-af6c-7a89-5cbb6ed4b0b4">
      <Execution id="f988e82c-088d-4fd2-b7d1-09977ed5b5f5" />
      <TestMethod codeBase="c:/projects/Riak.Client/Riak.Tests/bin/Debug/Riak.Tests.DLL" adapterTypeName="Microsoft.VisualStudio.TestTools.TestTypes.Unit.UnitTestAdapter, Microsoft.VisualStudio.QualityTools.Tips.UnitTest.Adapter, Version=10.0.0.0, Culture=neutral, PublicKeyToken=b03f5f7f11d50a3a" className="Riak.Tests.RiakRequestTests, Riak.Tests, Version=1.0.0.0, Culture=neutral, PublicKeyToken=null" name="TestMethod1" />
    </UnitTest>
    <UnitTest name="BucketRoundTrip" storage="c:\projects\riak.client\riak.tests\bin\debug\riak.tests.dll" id="fcd0f688-4aee-71c2-6fd3-c2c85a9136e9">
      <Execution id="707607e6-80d7-48a1-b24b-5f63e6e34ba3" />
      <TestMethod codeBase="c:/projects/Riak.Client/Riak.Tests/bin/Debug/Riak.Tests.DLL" adapterTypeName="Microsoft.VisualStudio.TestTools.TestTypes.Unit.UnitTestAdapter, Microsoft.VisualStudio.QualityTools.Tips.UnitTest.Adapter, Version=10.0.0.0, Culture=neutral, PublicKeyToken=b03f5f7f11d50a3a" className="Riak.Tests.BucketTests, Riak.Tests, Version=1.0.0.0, Culture=neutral, PublicKeyToken=null" name="BucketRoundTrip" />
    </UnitTest>
    <UnitTest name="GetKeyFromBucket" storage="c:\projects\riak.client\riak.tests\bin\debug\riak.tests.dll" id="7ec93923-9b63-896f-6fbc-0de4f66812a0">
      <Execution id="6c661d97-0657-4547-85e5-a2922b4ec4b9" />
      <TestMethod codeBase="c:/projects/Riak.Client/Riak.Tests/bin/Debug/Riak.Tests.DLL" adapterTypeName="Microsoft.VisualStudio.TestTools.TestTypes.Unit.UnitTestAdapter, Microsoft.VisualStudio.QualityTools.Tips.UnitTest.Adapter, Version=10.0.0.0, Culture=neutral, PublicKeyToken=b03f5f7f11d50a3a" className="Riak.Tests.RiakRequestTests, Riak.Tests, Version=1.0.0.0, Culture=neutral, PublicKeyToken=null" name="GetKeyFromBucket" />
    </UnitTest>
  </TestDefinitions>
  <TestLists>
    <TestList name="Results Not in a List" id="8c84fa94-04c1-424b-9868-57a2d4851a1d" />
    <TestList name="All Loaded Results" id="19431567-8539-422a-85d7-44ee4e166bda" />
  </TestLists>
  <TestEntries>
    <TestEntry testId="4218db0c-c3cd-af6c-7a89-5cbb6ed4b0b4" executionId="f988e82c-088d-4fd2-b7d1-09977ed5b5f5" testListId="8c84fa94-04c1-424b-9868-57a2d4851a1d" />
    <TestEntry testId="7ec93923-9b63-896f-6fbc-0de4f66812a0" executionId="6c661d97-0657-4547-85e5-a2922b4ec4b9" testListId="8c84fa94-04c1-424b-9868-57a2d4851a1d" />
    <TestEntry testId="fcd0f688-4aee-71c2-6fd3-c2c85a9136e9" executionId="707607e6-80d7-48a1-b24b-5f63e6e34ba3" testListId="8c84fa94-04c1-424b-9868-57a2d4851a1d" />
  </TestEntries>
  <Results>
    <UnitTestResult executionId="f988e82c-088d-4fd2-b7d1-09977ed5b5f5" testId="4218db0c-c3cd-af6c-7a89-5cbb6ed4b0b4" testName="TestMethod1" computerName="HORVICKW7" duration="00:00:00.0963817" startTime="2010-03-18T16:12:59.2997213-04:00" endTime="2010-03-18T16:13:01.2558332-04:00" testType="13cdc9d9-ddb5-4fa4-a97d-d965ccfc6d4b" outcome="Passed" testListId="8c84fa94-04c1-424b-9868-57a2d4851a1d" relativeResultsDirectory="f988e82c-088d-4fd2-b7d1-09977ed5b5f5">
    </UnitTestResult>
    <UnitTestResult executionId="6c661d97-0657-4547-85e5-a2922b4ec4b9" testId="7ec93923-9b63-896f-6fbc-0de4f66812a0" testName="GetKeyFromBucket" computerName="HORVICKW7" duration="00:00:00.3349894" startTime="2010-03-18T16:13:01.2828347-04:00" endTime="2010-03-18T16:13:01.6478556-04:00" testType="13cdc9d9-ddb5-4fa4-a97d-d965ccfc6d4b" outcome="Passed" testListId="8c84fa94-04c1-424b-9868-57a2d4851a1d" relativeResultsDirectory="6c661d97-0657-4547-85e5-a2922b4ec4b9">
    </UnitTestResult>
    <UnitTestResult executionId="707607e6-80d7-48a1-b24b-5f63e6e34ba3" testId="fcd0f688-4aee-71c2-6fd3-c2c85a9136e9" testName="BucketRoundTrip" computerName="HORVICKW7" duration="00:00:00.3628741" startTime="2010-03-18T16:13:01.6788574-04:00" endTime="2010-03-18T16:13:02.0888808-04:00" testType="13cdc9d9-ddb5-4fa4-a97d-d965ccfc6d4b" outcome="Failed" testListId="8c84fa94-04c1-424b-9868-57a2d4851a1d" relativeResultsDirectory="707607e6-80d7-48a1-b24b-5f63e6e34ba3">
      <Output>
        <DebugTrace>QTAgent32.exe Error: 0 : 
</DebugTrace>
        <ErrorInfo>
          <Message>Test method Riak.Tests.BucketTests.BucketRoundTrip threw exception: 
System.Net.WebException: The remote server returned an error: (400) Bad Request.</Message>
          <StackTrace>    at System.Net.HttpWebRequest.GetResponse()
   at Riak.Client.RiakHttpRequest.GetResponse() in c:\projects\Riak.Client\Riak.Client\RiakHttpRequest.cs:line 40
   at Riak.Client.Bucket.Refresh() in c:\projects\Riak.Client\Riak.Client\Bucket.cs:line 40
   at Riak.Client.RiakClient.Bucket(String name) in c:\projects\Riak.Client\Riak.Client\RiakClient.cs:line 21
   at Riak.Tests.BucketTests.BucketRoundTrip() in c:\projects\Riak.Client\Riak.Tests\BucketTests.cs:line 17
</StackTrace>
        </ErrorInfo>
      </Output>
    </UnitTestResult>
  </Results>
</TestRun>