<?xml version="1.0" encoding="UTF-8"?>
<TestRun id="12ab961f-f54d-4d6c-b7cf-ee88b76ad8df" name="Robert@HORVICKW7 2010-03-20 18:46:37" runUser="HORVICKW7\Robert" xmlns="http://microsoft.com/schemas/VisualStudio/TeamTest/2010">
  <TestSettings name="Local" id="cccf0ead-bb7b-4fa6-80c8-b697078887da">
    <Description>These are default test settings for a local test run.</Description>
    <Deployment userDeploymentRoot="c:\projects\Riak.Client\TestResults" useDefaultDeploymentRoot="false" runDeploymentRoot="Robert_HORVICKW7 2010-03-20 18_46_37" />
    <Execution>
      <TestTypeSpecific>
        <UnitTestRunConfig testTypeId="13cdc9d9-ddb5-4fa4-a97d-d965ccfc6d4b">
          <AssemblyResolution>
            <TestDirectory useLoadContext="true" />
          </AssemblyResolution>
        </UnitTestRunConfig>
        <WebTestRunConfiguration testTypeId="4e7599fa-5ecb-43e9-a887-cd63cf72d207">
          <Browser name="Internet Explorer 7.0">
            <Headers>
              <Header name="User-Agent" value="Mozilla/4.0 (compatible; MSIE 7.0; Windows NT 5.1)" />
              <Header name="Accept" value="*/*" />
              <Header name="Accept-Language" value="{{$IEAcceptLanguage}}" />
              <Header name="Accept-Encoding" value="GZIP" />
            </Headers>
          </Browser>
        </WebTestRunConfiguration>
      </TestTypeSpecific>
      <AgentRule name="LocalMachineDefaultRole">
        <DataCollectors>
          <DataCollector uri="datacollector://microsoft/CodeCoverage/1.0" assemblyQualifiedName="Microsoft.VisualStudio.TestTools.CodeCoverage.CoveragePlugIn, Microsoft.VisualStudio.QualityTools.Plugins.CodeCoverage, Version=10.0.0.0, Culture=neutral, PublicKeyToken=b03f5f7f11d50a3a" friendlyName="Code Coverage" enabled="false">
            <Configuration>
              <CodeCoverage xmlns="">
                <Regular>
                  <CodeCoverageItem binaryFile="c:\projects\Riak.Client\Riak.Client\bin\Debug\Riak.Client.dll" pdbFile="c:\projects\Riak.Client\Riak.Client\bin\Debug\Riak.Client.instr.pdb" instrumentInPlace="true" />
                </Regular>
              </CodeCoverage>
            </Configuration>
          </DataCollector>
        </DataCollectors>
      </AgentRule>
    </Execution>
  </TestSettings>
  <Times creation="2010-03-20T18:46:37.3555586-04:00" queuing="2010-03-20T18:46:40.9097619-04:00" start="2010-03-20T18:46:41.5327975-04:00" finish="2010-03-20T18:49:20.5158908-04:00" />
  <ResultSummary outcome="Failed">
    <Counters total="1" executed="1" error="0" failed="1" timeout="0" aborted="0" inconclusive="0" passedButRunAborted="0" notRunnable="0" notExecuted="0" disconnected="0" warning="0" passed="0" completed="0" inProgress="0" pending="0" />
  </ResultSummary>
  <TestDefinitions>
    <UnitTest name="LinkFollowing" storage="c:\projects\riak.client\riak.tests\bin\debug\riak.tests.dll" id="e59f5b3d-3a7c-4505-e293-67664a703224">
      <Execution id="2c1fee2f-a128-4161-9c26-666d3f39524b" />
      <TestMethod codeBase="c:/projects/Riak.Client/Riak.Tests/bin/Debug/Riak.Tests.DLL" adapterTypeName="Microsoft.VisualStudio.TestTools.TestTypes.Unit.UnitTestAdapter, Microsoft.VisualStudio.QualityTools.Tips.UnitTest.Adapter, Version=10.0.0.0, Culture=neutral, PublicKeyToken=b03f5f7f11d50a3a" className="Riak.Tests.LinkTests, Riak.Tests, Version=1.0.0.0, Culture=neutral, PublicKeyToken=null" name="LinkFollowing" />
    </UnitTest>
  </TestDefinitions>
  <TestLists>
    <TestList name="Results Not in a List" id="8c84fa94-04c1-424b-9868-57a2d4851a1d" />
    <TestList name="All Loaded Results" id="19431567-8539-422a-85d7-44ee4e166bda" />
  </TestLists>
  <TestEntries>
    <TestEntry testId="e59f5b3d-3a7c-4505-e293-67664a703224" executionId="2c1fee2f-a128-4161-9c26-666d3f39524b" testListId="8c84fa94-04c1-424b-9868-57a2d4851a1d" />
  </TestEntries>
  <Results>
    <UnitTestResult executionId="2c1fee2f-a128-4161-9c26-666d3f39524b" testId="e59f5b3d-3a7c-4505-e293-67664a703224" testName="LinkFollowing" computerName="HORVICKW7" duration="00:02:36.2974495" startTime="2010-03-20T18:46:41.8808174-04:00" endTime="2010-03-20T18:49:20.2278743-04:00" testType="13cdc9d9-ddb5-4fa4-a97d-d965ccfc6d4b" outcome="Failed" testListId="8c84fa94-04c1-424b-9868-57a2d4851a1d" relativeResultsDirectory="2c1fee2f-a128-4161-9c26-666d3f39524b">
      <Output>
        <DebugTrace>GET: http://192.168.137.50:8098/riak/Artist
GET: http://192.168.137.50:8098/riak/Artist/Miles%20Davis
X-Riak-Vclock: a85hYGBgzGDKBVIs7H4L7mYwJTLlsTI8Pi15lC8LAA==
DELETE: http://192.168.137.50:8098/riak/Artist/Miles%20Davis
GET: http://192.168.137.50:8098/riak/Artist/Miles%20Davis
PUT: http://192.168.137.50:8098/riak/Artist/Miles%20Davis
GET: http://192.168.137.50:8098/riak/Artist/Miles%20Davis
GET: http://192.168.137.50:8098/riak/Artist/Miles%20Davis
GET: http://192.168.137.50:8098/riak/Album
GET: http://192.168.137.50:8098/riak/Album/Dig
X-Riak-Vclock: a85hYGBgzGDKBVIs7H4L7mYwJTLlsTJYnpE8ypcFAA==
DELETE: http://192.168.137.50:8098/riak/Album/Dig
GET: http://192.168.137.50:8098/riak/Album/Conception
X-Riak-Vclock: a85hYGBgzGDKBVIs7H4L7mYwJTLlsTI8Pi15lC8LAA==
DELETE: http://192.168.137.50:8098/riak/Album/Conception
GET: http://192.168.137.50:8098/riak/Album/Blue
X-Riak-Vclock: a85hYGBgzGDKBVIs7H4L7mYwJTLlsTK8Pi15lC8LAA==
DELETE: http://192.168.137.50:8098/riak/Album/Blue
GET: http://192.168.137.50:8098/riak/Album/Kind%20of%20Blue
X-Riak-Vclock: a85hYGBgzGDKBVIs7H4L7mYwJTLlsTI8Pi15lC8LAA==
DELETE: http://192.168.137.50:8098/riak/Album/Kind%20of%20Blue
GET: http://192.168.137.50:8098/riak/Album/Kind%20of%20Blue
PUT: http://192.168.137.50:8098/riak/Album/Kind%20of%20Blue
GET: http://192.168.137.50:8098/riak/Album/Kind%20of%20Blue
GET: http://192.168.137.50:8098/riak/Album/Kind%20of%20Blue
GET: http://192.168.137.50:8098/riak/Album/Conception
PUT: http://192.168.137.50:8098/riak/Album/Conception
GET: http://192.168.137.50:8098/riak/Album/Conception
GET: http://192.168.137.50:8098/riak/Album/Conception
GET: http://192.168.137.50:8098/riak/Album/Blue
PUT: http://192.168.137.50:8098/riak/Album/Blue
GET: http://192.168.137.50:8098/riak/Album/Blue
GET: http://192.168.137.50:8098/riak/Album/Blue
GET: http://192.168.137.50:8098/riak/Album/Dig
PUT: http://192.168.137.50:8098/riak/Album/Dig
GET: http://192.168.137.50:8098/riak/Album/Dig
GET: http://192.168.137.50:8098/riak/Album/Dig
X-Riak-Vclock: a85hYGBgzGDKBVIs7OcqizKYEhnzWBlCzkge5csCAA==
Link: &lt;/riak/Album/Kind%20of%20Blue&gt;; riaktag="album", &lt;/riak/Album/Conception&gt;; riaktag="album", &lt;/riak/Album/Blue&gt;; riaktag="album", &lt;/riak/Album/Dig&gt;; riaktag="album"
PUT: http://192.168.137.50:8098/riak/Artist/Miles%20Davis
X-Riak-Vclock: a85hYGBgzGDKBVIs7OcqizKYEhnzWBlCz0ge5csCAA==
Link: &lt;/riak/Artist/Miles%20Davis&gt;; riaktag="artist"
PUT: http://192.168.137.50:8098/riak/Album/Kind%20of%20Blue
X-Riak-Vclock: a85hYGBgzGDKBVIs7OcqizKYEhnzWBlCz0ge5csCAA==
Link: &lt;/riak/Artist/Miles%20Davis&gt;; riaktag="artist"
PUT: http://192.168.137.50:8098/riak/Album/Conception
X-Riak-Vclock: a85hYGBgzGDKBVIs7OcqizKYEhnzWBlCz0ge5csCAA==
Link: &lt;/riak/Artist/Miles%20Davis&gt;; riaktag="artist"
PUT: http://192.168.137.50:8098/riak/Album/Blue
</DebugTrace>
        <ErrorInfo>
          <Message>Test method Riak.Tests.LinkTests.LinkFollowing threw exception: 
Riak.Client.RiakServerException: HTTP error BadRequest performing PUT request at http://192.168.137.50:8098/riak/Album/Blue</Message>
          <StackTrace>    at Riak.Client.HttpHandler.Execute(WebRequestVerb verb, Uri uri, Dictionary`2 headers, ICollection`1 allowedCodes, Stream requestDataStream) in c:\projects\Riak.Client\Riak.Client\HttpHandler.cs:line 225
   at Riak.Client.HttpHandler.Put(Uri uri, String contentType, Dictionary`2 headers, ICollection`1 allowedCodes, Stream data) in c:\projects\Riak.Client\Riak.Client\HttpHandler.cs:line 124
   at Riak.Client.HttpHandler.Put(Uri uri, String contentType, Dictionary`2 headers, ICollection`1 allowedCodes, Byte[] data) in c:\projects\Riak.Client\Riak.Client\HttpHandler.cs:line 116
   at Riak.Client.RiakObject.Store() in c:\projects\Riak.Client\Riak.Client\RiakObject.cs:line 201
   at Riak.Tests.LinkTests.LinkFollowing() in c:\projects\Riak.Client\Riak.Tests\LinkTests.cs:line 190
</StackTrace>
        </ErrorInfo>
      </Output>
    </UnitTestResult>
  </Results>
</TestRun>