<?xml version="1.0" encoding="UTF-8"?>
<TestRun id="c8a73b7d-5f7e-4d0a-b96e-a7f753b6a8c6" name="Robert@HORVICKW7 2010-03-19 21:19:36" runUser="HORVICKW7\Robert" xmlns="http://microsoft.com/schemas/VisualStudio/TeamTest/2010">
  <TestSettings name="Local" id="cccf0ead-bb7b-4fa6-80c8-b697078887da">
    <Description>These are default test settings for a local test run.</Description>
    <Execution>
      <TestTypeSpecific>
        <UnitTestRunConfig testTypeId="13cdc9d9-ddb5-4fa4-a97d-d965ccfc6d4b">
          <AssemblyResolution>
            <TestDirectory useLoadContext="true" />
          </AssemblyResolution>
        </UnitTestRunConfig>
        <WebTestRunConfiguration testTypeId="4e7599fa-5ecb-43e9-a887-cd63cf72d207">
          <Browser name="Internet Explorer 7.0">
            <Headers>
              <Header name="User-Agent" value="Mozilla/4.0 (compatible; MSIE 7.0; Windows NT 5.1)" />
              <Header name="Accept" value="*/*" />
              <Header name="Accept-Language" value="{{$IEAcceptLanguage}}" />
              <Header name="Accept-Encoding" value="GZIP" />
            </Headers>
          </Browser>
        </WebTestRunConfiguration>
      </TestTypeSpecific>
      <AgentRule name="LocalMachineDefaultRole">
        <DataCollectors>
          <DataCollector uri="datacollector://microsoft/CodeCoverage/1.0" assemblyQualifiedName="Microsoft.VisualStudio.TestTools.CodeCoverage.CoveragePlugIn, Microsoft.VisualStudio.QualityTools.Plugins.CodeCoverage, Version=10.0.0.0, Culture=neutral, PublicKeyToken=b03f5f7f11d50a3a" friendlyName="Code Coverage">
            <Configuration>
              <CodeCoverage xmlns="">
                <Regular>
                  <CodeCoverageItem binaryFile="c:\projects\Riak.Client\Riak.Client\bin\Debug\Riak.Client.dll" pdbFile="c:\projects\Riak.Client\Riak.Client\bin\Debug\Riak.Client.instr.pdb" instrumentInPlace="true" />
                </Regular>
              </CodeCoverage>
            </Configuration>
          </DataCollector>
        </DataCollectors>
      </AgentRule>
    </Execution>
    <Deployment runDeploymentRoot="Robert_HORVICKW7 2010-03-19 21_19_36" />
  </TestSettings>
  <Times creation="2010-03-19T21:19:36.9808058-04:00" queuing="2010-03-19T21:19:37.9638620-04:00" start="2010-03-19T21:19:38.1168708-04:00" finish="2010-03-19T21:19:46.4263460-04:00" />
  <ResultSummary outcome="Completed">
    <Counters total="13" executed="13" passed="13" error="0" failed="0" timeout="0" aborted="0" inconclusive="0" passedButRunAborted="0" notRunnable="0" notExecuted="0" disconnected="0" warning="0" completed="0" inProgress="0" pending="0" />
    <ResultFiles>
      <ResultFile path="HORVICKW7\data.coverage" />
    </ResultFiles>
  </ResultSummary>
  <TestDefinitions>
    <UnitTest name="LinkWithMultipleParameters" storage="c:\projects\riak.client\riak.tests\bin\debug\riak.tests.dll" id="d79ef6f9-4e22-e7f6-a37e-b0e7a8cab61d">
      <Execution id="cf9cd45a-f856-4fa7-87ec-2f62dc0f8ba0" />
      <TestMethod codeBase="c:/projects/Riak.Client/Riak.Tests/bin/Debug/Riak.Tests.DLL" adapterTypeName="Microsoft.VisualStudio.TestTools.TestTypes.Unit.UnitTestAdapter, Microsoft.VisualStudio.QualityTools.Tips.UnitTest.Adapter, Version=10.0.0.0, Culture=neutral, PublicKeyToken=b03f5f7f11d50a3a" className="Riak.Tests.LinkTests, Riak.Tests, Version=1.0.0.0, Culture=neutral, PublicKeyToken=null" name="LinkWithMultipleParameters" />
    </UnitTest>
    <UnitTest name="SettingAllowMultiPersistsCorrectly" storage="c:\projects\riak.client\riak.tests\bin\debug\riak.tests.dll" id="33d4d279-34bd-6d5a-280e-4b82973def51">
      <Execution id="88d06065-887a-4d4f-9b76-aca2e2c0606d" />
      <TestMethod codeBase="c:/projects/Riak.Client/Riak.Tests/bin/Debug/Riak.Tests.DLL" adapterTypeName="Microsoft.VisualStudio.TestTools.TestTypes.Unit.UnitTestAdapter, Microsoft.VisualStudio.QualityTools.Tips.UnitTest.Adapter, Version=10.0.0.0, Culture=neutral, PublicKeyToken=b03f5f7f11d50a3a" className="Riak.Tests.BucketTests, Riak.Tests, Version=1.0.0.0, Culture=neutral, PublicKeyToken=null" name="SettingAllowMultiPersistsCorrectly" />
    </UnitTest>
    <UnitTest name="LinkCollectionOperationalTests" storage="c:\projects\riak.client\riak.tests\bin\debug\riak.tests.dll" id="80c6668e-527f-7ce0-c7fa-d368165124a1">
      <Execution id="31ae2783-d6c0-4d33-ba01-eb5b72cb26f4" />
      <TestMethod codeBase="c:/projects/Riak.Client/Riak.Tests/bin/Debug/Riak.Tests.DLL" adapterTypeName="Microsoft.VisualStudio.TestTools.TestTypes.Unit.UnitTestAdapter, Microsoft.VisualStudio.QualityTools.Tips.UnitTest.Adapter, Version=10.0.0.0, Culture=neutral, PublicKeyToken=b03f5f7f11d50a3a" className="Riak.Tests.LinkTests, Riak.Tests, Version=1.0.0.0, Culture=neutral, PublicKeyToken=null" name="LinkCollectionOperationalTests" />
    </UnitTest>
    <UnitTest name="GetAllSiblingsOnConflict" storage="c:\projects\riak.client\riak.tests\bin\debug\riak.tests.dll" id="7a71b779-6444-5633-f109-dc2d069ca31b">
      <Execution id="36a11b7e-a255-43a6-8571-2c863b425421" />
      <TestMethod codeBase="c:/projects/Riak.Client/Riak.Tests/bin/Debug/Riak.Tests.DLL" adapterTypeName="Microsoft.VisualStudio.TestTools.TestTypes.Unit.UnitTestAdapter, Microsoft.VisualStudio.QualityTools.Tips.UnitTest.Adapter, Version=10.0.0.0, Culture=neutral, PublicKeyToken=b03f5f7f11d50a3a" className="Riak.Tests.BucketTests, Riak.Tests, Version=1.0.0.0, Culture=neutral, PublicKeyToken=null" name="GetAllSiblingsOnConflict" />
    </UnitTest>
    <UnitTest name="SaveAStringKeyValue" storage="c:\projects\riak.client\riak.tests\bin\debug\riak.tests.dll" id="58939138-4342-8e72-2f65-c6ec6d5362d3">
      <Execution id="ffa1e9b7-504d-449d-9d47-dcaf56dc3577" />
      <TestMethod codeBase="c:/projects/Riak.Client/Riak.Tests/bin/Debug/Riak.Tests.DLL" adapterTypeName="Microsoft.VisualStudio.TestTools.TestTypes.Unit.UnitTestAdapter, Microsoft.VisualStudio.QualityTools.Tips.UnitTest.Adapter, Version=10.0.0.0, Culture=neutral, PublicKeyToken=b03f5f7f11d50a3a" className="Riak.Tests.BucketTests, Riak.Tests, Version=1.0.0.0, Culture=neutral, PublicKeyToken=null" name="SaveAStringKeyValue" />
    </UnitTest>
    <UnitTest name="LinkOddlyFormedIsParsedAndNormalized" storage="c:\projects\riak.client\riak.tests\bin\debug\riak.tests.dll" id="86d01318-0230-9e62-826b-6c3385d23407">
      <Execution id="6103ce19-0116-4063-ad27-dabb8d3929bd" />
      <TestMethod codeBase="c:/projects/Riak.Client/Riak.Tests/bin/Debug/Riak.Tests.DLL" adapterTypeName="Microsoft.VisualStudio.TestTools.TestTypes.Unit.UnitTestAdapter, Microsoft.VisualStudio.QualityTools.Tips.UnitTest.Adapter, Version=10.0.0.0, Culture=neutral, PublicKeyToken=b03f5f7f11d50a3a" className="Riak.Tests.LinkTests, Riak.Tests, Version=1.0.0.0, Culture=neutral, PublicKeyToken=null" name="LinkOddlyFormedIsParsedAndNormalized" />
    </UnitTest>
    <UnitTest name="SaveABinaryKeyValue" storage="c:\projects\riak.client\riak.tests\bin\debug\riak.tests.dll" id="4ad0d6cc-b6bb-6b71-fab7-7bd0c1927a9f">
      <Execution id="99eb082f-0326-4e3e-a256-a2082fcdebdd" />
      <TestMethod codeBase="c:/projects/Riak.Client/Riak.Tests/bin/Debug/Riak.Tests.DLL" adapterTypeName="Microsoft.VisualStudio.TestTools.TestTypes.Unit.UnitTestAdapter, Microsoft.VisualStudio.QualityTools.Tips.UnitTest.Adapter, Version=10.0.0.0, Culture=neutral, PublicKeyToken=b03f5f7f11d50a3a" className="Riak.Tests.BucketTests, Riak.Tests, Version=1.0.0.0, Culture=neutral, PublicKeyToken=null" name="SaveABinaryKeyValue" />
    </UnitTest>
    <UnitTest name="LinkWithRelationalUri" storage="c:\projects\riak.client\riak.tests\bin\debug\riak.tests.dll" id="30d12b1b-aa49-8c08-bd4a-866243aceb48">
      <Execution id="8f9d06c6-fbf1-4f67-a2c3-8b70834c60ef" />
      <TestMethod codeBase="c:/projects/Riak.Client/Riak.Tests/bin/Debug/Riak.Tests.DLL" adapterTypeName="Microsoft.VisualStudio.TestTools.TestTypes.Unit.UnitTestAdapter, Microsoft.VisualStudio.QualityTools.Tips.UnitTest.Adapter, Version=10.0.0.0, Culture=neutral, PublicKeyToken=b03f5f7f11d50a3a" className="Riak.Tests.LinkTests, Riak.Tests, Version=1.0.0.0, Culture=neutral, PublicKeyToken=null" name="LinkWithRelationalUri" />
    </UnitTest>
    <UnitTest name="ConflictOnAllowMultiBucket" storage="c:\projects\riak.client\riak.tests\bin\debug\riak.tests.dll" id="beae7429-a6a2-4b8b-91b8-2242ec45c77a">
      <Execution id="a6087196-27e2-47bf-8275-c8a86f457a49" />
      <TestMethod codeBase="c:/projects/Riak.Client/Riak.Tests/bin/Debug/Riak.Tests.DLL" adapterTypeName="Microsoft.VisualStudio.TestTools.TestTypes.Unit.UnitTestAdapter, Microsoft.VisualStudio.QualityTools.Tips.UnitTest.Adapter, Version=10.0.0.0, Culture=neutral, PublicKeyToken=b03f5f7f11d50a3a" className="Riak.Tests.BucketTests, Riak.Tests, Version=1.0.0.0, Culture=neutral, PublicKeyToken=null" name="ConflictOnAllowMultiBucket" />
    </UnitTest>
    <UnitTest name="DeleteMissingKeys" storage="c:\projects\riak.client\riak.tests\bin\debug\riak.tests.dll" id="8adbc453-a093-0889-b145-79d2f69be902">
      <Execution id="30513f5f-afcc-4493-b58c-69486a7f3ebc" />
      <TestMethod codeBase="c:/projects/Riak.Client/Riak.Tests/bin/Debug/Riak.Tests.DLL" adapterTypeName="Microsoft.VisualStudio.TestTools.TestTypes.Unit.UnitTestAdapter, Microsoft.VisualStudio.QualityTools.Tips.UnitTest.Adapter, Version=10.0.0.0, Culture=neutral, PublicKeyToken=b03f5f7f11d50a3a" className="Riak.Tests.BucketTests, Riak.Tests, Version=1.0.0.0, Culture=neutral, PublicKeyToken=null" name="DeleteMissingKeys" />
    </UnitTest>
    <UnitTest name="DeleteExistingKeys" storage="c:\projects\riak.client\riak.tests\bin\debug\riak.tests.dll" id="ecb7a2ec-95c2-bcd4-9208-598a9a8227f1">
      <Execution id="fb094964-2913-47c5-95b2-3fab495e86da" />
      <TestMethod codeBase="c:/projects/Riak.Client/Riak.Tests/bin/Debug/Riak.Tests.DLL" adapterTypeName="Microsoft.VisualStudio.TestTools.TestTypes.Unit.UnitTestAdapter, Microsoft.VisualStudio.QualityTools.Tips.UnitTest.Adapter, Version=10.0.0.0, Culture=neutral, PublicKeyToken=b03f5f7f11d50a3a" className="Riak.Tests.BucketTests, Riak.Tests, Version=1.0.0.0, Culture=neutral, PublicKeyToken=null" name="DeleteExistingKeys" />
    </UnitTest>
    <UnitTest name="ConflictOnNonMultiBucket" storage="c:\projects\riak.client\riak.tests\bin\debug\riak.tests.dll" id="06a22416-08af-c0dc-b70f-5cec4761aa09">
      <Execution id="626a3b2e-630d-420f-b5cb-b65299bddd77" />
      <TestMethod codeBase="c:/projects/Riak.Client/Riak.Tests/bin/Debug/Riak.Tests.DLL" adapterTypeName="Microsoft.VisualStudio.TestTools.TestTypes.Unit.UnitTestAdapter, Microsoft.VisualStudio.QualityTools.Tips.UnitTest.Adapter, Version=10.0.0.0, Culture=neutral, PublicKeyToken=b03f5f7f11d50a3a" className="Riak.Tests.BucketTests, Riak.Tests, Version=1.0.0.0, Culture=neutral, PublicKeyToken=null" name="ConflictOnNonMultiBucket" />
    </UnitTest>
    <UnitTest name="LinkOnNewKeyExistsAndParses" storage="c:\projects\riak.client\riak.tests\bin\debug\riak.tests.dll" id="cb4b29f5-c7d3-2010-bb43-cecc9f41c474">
      <Execution id="f37d5391-d6ab-433f-98a3-ae14f3a0d46b" />
      <TestMethod codeBase="c:/projects/Riak.Client/Riak.Tests/bin/Debug/Riak.Tests.DLL" adapterTypeName="Microsoft.VisualStudio.TestTools.TestTypes.Unit.UnitTestAdapter, Microsoft.VisualStudio.QualityTools.Tips.UnitTest.Adapter, Version=10.0.0.0, Culture=neutral, PublicKeyToken=b03f5f7f11d50a3a" className="Riak.Tests.LinkTests, Riak.Tests, Version=1.0.0.0, Culture=neutral, PublicKeyToken=null" name="LinkOnNewKeyExistsAndParses" />
    </UnitTest>
  </TestDefinitions>
  <TestLists>
    <TestList name="Results Not in a List" id="8c84fa94-04c1-424b-9868-57a2d4851a1d" />
    <TestList name="All Loaded Results" id="19431567-8539-422a-85d7-44ee4e166bda" />
  </TestLists>
  <TestEntries>
    <TestEntry testId="58939138-4342-8e72-2f65-c6ec6d5362d3" executionId="ffa1e9b7-504d-449d-9d47-dcaf56dc3577" testListId="8c84fa94-04c1-424b-9868-57a2d4851a1d" />
    <TestEntry testId="4ad0d6cc-b6bb-6b71-fab7-7bd0c1927a9f" executionId="99eb082f-0326-4e3e-a256-a2082fcdebdd" testListId="8c84fa94-04c1-424b-9868-57a2d4851a1d" />
    <TestEntry testId="ecb7a2ec-95c2-bcd4-9208-598a9a8227f1" executionId="fb094964-2913-47c5-95b2-3fab495e86da" testListId="8c84fa94-04c1-424b-9868-57a2d4851a1d" />
    <TestEntry testId="8adbc453-a093-0889-b145-79d2f69be902" executionId="30513f5f-afcc-4493-b58c-69486a7f3ebc" testListId="8c84fa94-04c1-424b-9868-57a2d4851a1d" />
    <TestEntry testId="06a22416-08af-c0dc-b70f-5cec4761aa09" executionId="626a3b2e-630d-420f-b5cb-b65299bddd77" testListId="8c84fa94-04c1-424b-9868-57a2d4851a1d" />
    <TestEntry testId="33d4d279-34bd-6d5a-280e-4b82973def51" executionId="88d06065-887a-4d4f-9b76-aca2e2c0606d" testListId="8c84fa94-04c1-424b-9868-57a2d4851a1d" />
    <TestEntry testId="beae7429-a6a2-4b8b-91b8-2242ec45c77a" executionId="a6087196-27e2-47bf-8275-c8a86f457a49" testListId="8c84fa94-04c1-424b-9868-57a2d4851a1d" />
    <TestEntry testId="7a71b779-6444-5633-f109-dc2d069ca31b" executionId="36a11b7e-a255-43a6-8571-2c863b425421" testListId="8c84fa94-04c1-424b-9868-57a2d4851a1d" />
    <TestEntry testId="30d12b1b-aa49-8c08-bd4a-866243aceb48" executionId="8f9d06c6-fbf1-4f67-a2c3-8b70834c60ef" testListId="8c84fa94-04c1-424b-9868-57a2d4851a1d" />
    <TestEntry testId="d79ef6f9-4e22-e7f6-a37e-b0e7a8cab61d" executionId="cf9cd45a-f856-4fa7-87ec-2f62dc0f8ba0" testListId="8c84fa94-04c1-424b-9868-57a2d4851a1d" />
    <TestEntry testId="cb4b29f5-c7d3-2010-bb43-cecc9f41c474" executionId="f37d5391-d6ab-433f-98a3-ae14f3a0d46b" testListId="8c84fa94-04c1-424b-9868-57a2d4851a1d" />
    <TestEntry testId="86d01318-0230-9e62-826b-6c3385d23407" executionId="6103ce19-0116-4063-ad27-dabb8d3929bd" testListId="8c84fa94-04c1-424b-9868-57a2d4851a1d" />
    <TestEntry testId="80c6668e-527f-7ce0-c7fa-d368165124a1" executionId="31ae2783-d6c0-4d33-ba01-eb5b72cb26f4" testListId="8c84fa94-04c1-424b-9868-57a2d4851a1d" />
  </TestEntries>
  <Results>
    <UnitTestResult executionId="ffa1e9b7-504d-449d-9d47-dcaf56dc3577" testId="58939138-4342-8e72-2f65-c6ec6d5362d3" testName="SaveAStringKeyValue" computerName="HORVICKW7" duration="00:00:00.5756343" startTime="2010-03-19T21:19:39.5189509-04:00" endTime="2010-03-19T21:19:40.9670338-04:00" testType="13cdc9d9-ddb5-4fa4-a97d-d965ccfc6d4b" outcome="Passed" testListId="8c84fa94-04c1-424b-9868-57a2d4851a1d" relativeResultsDirectory="ffa1e9b7-504d-449d-9d47-dcaf56dc3577">
    </UnitTestResult>
    <UnitTestResult executionId="99eb082f-0326-4e3e-a256-a2082fcdebdd" testId="4ad0d6cc-b6bb-6b71-fab7-7bd0c1927a9f" testName="SaveABinaryKeyValue" computerName="HORVICKW7" duration="00:00:00.2119950" startTime="2010-03-19T21:19:40.9750342-04:00" endTime="2010-03-19T21:19:41.2010472-04:00" testType="13cdc9d9-ddb5-4fa4-a97d-d965ccfc6d4b" outcome="Passed" testListId="8c84fa94-04c1-424b-9868-57a2d4851a1d" relativeResultsDirectory="99eb082f-0326-4e3e-a256-a2082fcdebdd">
    </UnitTestResult>
    <UnitTestResult executionId="fb094964-2913-47c5-95b2-3fab495e86da" testId="ecb7a2ec-95c2-bcd4-9208-598a9a8227f1" testName="DeleteExistingKeys" computerName="HORVICKW7" duration="00:00:00.5651980" startTime="2010-03-19T21:19:41.2070475-04:00" endTime="2010-03-19T21:19:41.7850806-04:00" testType="13cdc9d9-ddb5-4fa4-a97d-d965ccfc6d4b" outcome="Passed" testListId="8c84fa94-04c1-424b-9868-57a2d4851a1d" relativeResultsDirectory="fb094964-2913-47c5-95b2-3fab495e86da">
    </UnitTestResult>
    <UnitTestResult executionId="30513f5f-afcc-4493-b58c-69486a7f3ebc" testId="8adbc453-a093-0889-b145-79d2f69be902" testName="DeleteMissingKeys" computerName="HORVICKW7" duration="00:00:00.7313981" startTime="2010-03-19T21:19:41.7930810-04:00" endTime="2010-03-19T21:19:42.5381236-04:00" testType="13cdc9d9-ddb5-4fa4-a97d-d965ccfc6d4b" outcome="Passed" testListId="8c84fa94-04c1-424b-9868-57a2d4851a1d" relativeResultsDirectory="30513f5f-afcc-4493-b58c-69486a7f3ebc">
    </UnitTestResult>
    <UnitTestResult executionId="626a3b2e-630d-420f-b5cb-b65299bddd77" testId="06a22416-08af-c0dc-b70f-5cec4761aa09" testName="ConflictOnNonMultiBucket" computerName="HORVICKW7" duration="00:00:00.2742796" startTime="2010-03-19T21:19:42.5451240-04:00" endTime="2010-03-19T21:19:42.8291403-04:00" testType="13cdc9d9-ddb5-4fa4-a97d-d965ccfc6d4b" outcome="Passed" testListId="8c84fa94-04c1-424b-9868-57a2d4851a1d" relativeResultsDirectory="626a3b2e-630d-420f-b5cb-b65299bddd77">
    </UnitTestResult>
    <UnitTestResult executionId="88d06065-887a-4d4f-9b76-aca2e2c0606d" testId="33d4d279-34bd-6d5a-280e-4b82973def51" testName="SettingAllowMultiPersistsCorrectly" computerName="HORVICKW7" duration="00:00:00.7250683" startTime="2010-03-19T21:19:42.8371407-04:00" endTime="2010-03-19T21:19:43.5741829-04:00" testType="13cdc9d9-ddb5-4fa4-a97d-d965ccfc6d4b" outcome="Passed" testListId="8c84fa94-04c1-424b-9868-57a2d4851a1d" relativeResultsDirectory="88d06065-887a-4d4f-9b76-aca2e2c0606d">
    </UnitTestResult>
    <UnitTestResult executionId="a6087196-27e2-47bf-8275-c8a86f457a49" testId="beae7429-a6a2-4b8b-91b8-2242ec45c77a" testName="ConflictOnAllowMultiBucket" computerName="HORVICKW7" duration="00:00:00.2785134" startTime="2010-03-19T21:19:43.5831834-04:00" endTime="2010-03-19T21:19:43.8792003-04:00" testType="13cdc9d9-ddb5-4fa4-a97d-d965ccfc6d4b" outcome="Passed" testListId="8c84fa94-04c1-424b-9868-57a2d4851a1d" relativeResultsDirectory="a6087196-27e2-47bf-8275-c8a86f457a49">
    </UnitTestResult>
    <UnitTestResult executionId="36a11b7e-a255-43a6-8571-2c863b425421" testId="7a71b779-6444-5633-f109-dc2d069ca31b" testName="GetAllSiblingsOnConflict" computerName="HORVICKW7" duration="00:00:00.3289125" startTime="2010-03-19T21:19:43.8862007-04:00" endTime="2010-03-19T21:19:44.2252201-04:00" testType="13cdc9d9-ddb5-4fa4-a97d-d965ccfc6d4b" outcome="Passed" testListId="8c84fa94-04c1-424b-9868-57a2d4851a1d" relativeResultsDirectory="36a11b7e-a255-43a6-8571-2c863b425421">
    </UnitTestResult>
    <UnitTestResult executionId="8f9d06c6-fbf1-4f67-a2c3-8b70834c60ef" testId="30d12b1b-aa49-8c08-bd4a-866243aceb48" testName="LinkWithRelationalUri" computerName="HORVICKW7" duration="00:00:00.0016772" startTime="2010-03-19T21:19:44.2312205-04:00" endTime="2010-03-19T21:19:44.2462213-04:00" testType="13cdc9d9-ddb5-4fa4-a97d-d965ccfc6d4b" outcome="Passed" testListId="8c84fa94-04c1-424b-9868-57a2d4851a1d" relativeResultsDirectory="8f9d06c6-fbf1-4f67-a2c3-8b70834c60ef">
    </UnitTestResult>
    <UnitTestResult executionId="cf9cd45a-f856-4fa7-87ec-2f62dc0f8ba0" testId="d79ef6f9-4e22-e7f6-a37e-b0e7a8cab61d" testName="LinkWithMultipleParameters" computerName="HORVICKW7" duration="00:00:00.0008569" startTime="2010-03-19T21:19:44.2522217-04:00" endTime="2010-03-19T21:19:44.2712228-04:00" testType="13cdc9d9-ddb5-4fa4-a97d-d965ccfc6d4b" outcome="Passed" testListId="8c84fa94-04c1-424b-9868-57a2d4851a1d" relativeResultsDirectory="cf9cd45a-f856-4fa7-87ec-2f62dc0f8ba0">
    </UnitTestResult>
    <UnitTestResult executionId="f37d5391-d6ab-433f-98a3-ae14f3a0d46b" testId="cb4b29f5-c7d3-2010-bb43-cecc9f41c474" testName="LinkOnNewKeyExistsAndParses" computerName="HORVICKW7" duration="00:00:00.1909601" startTime="2010-03-19T21:19:44.2752230-04:00" endTime="2010-03-19T21:19:44.4832349-04:00" testType="13cdc9d9-ddb5-4fa4-a97d-d965ccfc6d4b" outcome="Passed" testListId="8c84fa94-04c1-424b-9868-57a2d4851a1d" relativeResultsDirectory="f37d5391-d6ab-433f-98a3-ae14f3a0d46b">
    </UnitTestResult>
    <UnitTestResult executionId="6103ce19-0116-4063-ad27-dabb8d3929bd" testId="86d01318-0230-9e62-826b-6c3385d23407" testName="LinkOddlyFormedIsParsedAndNormalized" computerName="HORVICKW7" duration="00:00:00.0014148" startTime="2010-03-19T21:19:44.4922354-04:00" endTime="2010-03-19T21:19:44.5302376-04:00" testType="13cdc9d9-ddb5-4fa4-a97d-d965ccfc6d4b" outcome="Passed" testListId="8c84fa94-04c1-424b-9868-57a2d4851a1d" relativeResultsDirectory="6103ce19-0116-4063-ad27-dabb8d3929bd">
    </UnitTestResult>
    <UnitTestResult executionId="31ae2783-d6c0-4d33-ba01-eb5b72cb26f4" testId="80c6668e-527f-7ce0-c7fa-d368165124a1" testName="LinkCollectionOperationalTests" computerName="HORVICKW7" duration="00:00:00.0023884" startTime="2010-03-19T21:19:44.5382380-04:00" endTime="2010-03-19T21:19:44.5572391-04:00" testType="13cdc9d9-ddb5-4fa4-a97d-d965ccfc6d4b" outcome="Passed" testListId="8c84fa94-04c1-424b-9868-57a2d4851a1d" relativeResultsDirectory="31ae2783-d6c0-4d33-ba01-eb5b72cb26f4">
    </UnitTestResult>
  </Results>
</TestRun>