<?xml version="1.0" encoding="UTF-8"?>
<TestRun id="db29c83a-0a61-4010-b14f-e81263039f2e" name="Robert@HORVICKW7 2010-03-18 18:01:07" runUser="HORVICKW7\Robert" xmlns="http://microsoft.com/schemas/VisualStudio/TeamTest/2010">
  <TestSettings name="Local" id="cccf0ead-bb7b-4fa6-80c8-b697078887da">
    <Description>These are default test settings for a local test run.</Description>
    <Deployment enabled="false" runDeploymentRoot="Robert_HORVICKW7 2010-03-18 18_01_07" />
    <Execution>
      <TestTypeSpecific />
      <AgentRule name="Execution Agents">
      </AgentRule>
    </Execution>
  </TestSettings>
  <Times creation="2010-03-18T18:01:07.2168089-04:00" queuing="2010-03-18T18:01:10.6210036-04:00" start="2010-03-18T18:01:11.0590287-04:00" finish="2010-03-18T18:02:01.2388988-04:00" />
  <ResultSummary outcome="Error">
    <Counters total="6" executed="6" passed="5" error="0" failed="0" timeout="0" aborted="1" inconclusive="0" passedButRunAborted="0" notRunnable="0" notExecuted="0" disconnected="0" warning="0" completed="0" inProgress="0" pending="0" />
    <RunInfos>
      <RunInfo computerName="HORVICKW7" outcome="Error" timestamp="2010-03-18T18:02:01.2328985-04:00">
        <Text>Test host process exited unexpectedly.</Text>
      </RunInfo>
    </RunInfos>
  </ResultSummary>
  <TestDefinitions>
    <UnitTest name="SaveABinaryKeyValue" storage="c:\projects\riak.client\riak.tests\bin\debug\riak.tests.dll" id="4ad0d6cc-b6bb-6b71-fab7-7bd0c1927a9f">
      <Execution id="1b4c070e-47a2-45ae-bac4-e24146031b10" />
      <TestMethod codeBase="c:/projects/Riak.Client/Riak.Tests/bin/Debug/Riak.Tests.DLL" adapterTypeName="Microsoft.VisualStudio.TestTools.TestTypes.Unit.UnitTestAdapter, Microsoft.VisualStudio.QualityTools.Tips.UnitTest.Adapter, Version=10.0.0.0, Culture=neutral, PublicKeyToken=b03f5f7f11d50a3a" className="Riak.Tests.BucketTests, Riak.Tests, Version=1.0.0.0, Culture=neutral, PublicKeyToken=null" name="SaveABinaryKeyValue" />
    </UnitTest>
    <UnitTest name="DeleteExistingKeys" storage="c:\projects\riak.client\riak.tests\bin\debug\riak.tests.dll" id="ecb7a2ec-95c2-bcd4-9208-598a9a8227f1">
      <Execution id="32d96714-fdba-4a7e-91f9-768dddbbebdd" />
      <TestMethod codeBase="c:/projects/Riak.Client/Riak.Tests/bin/Debug/Riak.Tests.DLL" adapterTypeName="Microsoft.VisualStudio.TestTools.TestTypes.Unit.UnitTestAdapter, Microsoft.VisualStudio.QualityTools.Tips.UnitTest.Adapter, Version=10.0.0.0, Culture=neutral, PublicKeyToken=b03f5f7f11d50a3a" className="Riak.Tests.BucketTests, Riak.Tests, Version=1.0.0.0, Culture=neutral, PublicKeyToken=null" name="DeleteExistingKeys" />
    </UnitTest>
    <UnitTest name="SaveAStringKeyValue" storage="c:\projects\riak.client\riak.tests\bin\debug\riak.tests.dll" id="58939138-4342-8e72-2f65-c6ec6d5362d3">
      <Execution id="38539d83-cddf-448c-8fae-369b25c9a9d2" />
      <TestMethod codeBase="c:/projects/Riak.Client/Riak.Tests/bin/Debug/Riak.Tests.DLL" adapterTypeName="Microsoft.VisualStudio.TestTools.TestTypes.Unit.UnitTestAdapter, Microsoft.VisualStudio.QualityTools.Tips.UnitTest.Adapter, Version=10.0.0.0, Culture=neutral, PublicKeyToken=b03f5f7f11d50a3a" className="Riak.Tests.BucketTests, Riak.Tests, Version=1.0.0.0, Culture=neutral, PublicKeyToken=null" name="SaveAStringKeyValue" />
    </UnitTest>
    <UnitTest name="GetKeyFromBucket" storage="c:\projects\riak.client\riak.tests\bin\debug\riak.tests.dll" id="7ec93923-9b63-896f-6fbc-0de4f66812a0">
      <Execution id="eac320f0-70c3-4aee-ba6b-95872800b047" />
      <TestMethod codeBase="c:/projects/Riak.Client/Riak.Tests/bin/Debug/Riak.Tests.DLL" adapterTypeName="Microsoft.VisualStudio.TestTools.TestTypes.Unit.UnitTestAdapter, Microsoft.VisualStudio.QualityTools.Tips.UnitTest.Adapter, Version=10.0.0.0, Culture=neutral, PublicKeyToken=b03f5f7f11d50a3a" className="Riak.Tests.RiakRequestTests, Riak.Tests, Version=1.0.0.0, Culture=neutral, PublicKeyToken=null" name="GetKeyFromBucket" />
    </UnitTest>
    <UnitTest name="TestMethod1" storage="c:\projects\riak.client\riak.tests\bin\debug\riak.tests.dll" id="4218db0c-c3cd-af6c-7a89-5cbb6ed4b0b4">
      <Execution id="eb9d2de3-f3e9-467e-80a7-5db581008f60" />
      <TestMethod codeBase="c:/projects/Riak.Client/Riak.Tests/bin/Debug/Riak.Tests.DLL" adapterTypeName="Microsoft.VisualStudio.TestTools.TestTypes.Unit.UnitTestAdapter, Microsoft.VisualStudio.QualityTools.Tips.UnitTest.Adapter, Version=10.0.0.0, Culture=neutral, PublicKeyToken=b03f5f7f11d50a3a" className="Riak.Tests.RiakRequestTests, Riak.Tests, Version=1.0.0.0, Culture=neutral, PublicKeyToken=null" name="TestMethod1" />
    </UnitTest>
    <UnitTest name="DeleteMissingKeys" storage="c:\projects\riak.client\riak.tests\bin\debug\riak.tests.dll" id="8adbc453-a093-0889-b145-79d2f69be902">
      <Execution id="c2750223-3223-470a-b01c-41a5ad495e0c" />
      <TestMethod codeBase="c:/projects/Riak.Client/Riak.Tests/bin/Debug/Riak.Tests.DLL" adapterTypeName="Microsoft.VisualStudio.TestTools.TestTypes.Unit.UnitTestAdapter, Microsoft.VisualStudio.QualityTools.Tips.UnitTest.Adapter, Version=10.0.0.0, Culture=neutral, PublicKeyToken=b03f5f7f11d50a3a" className="Riak.Tests.BucketTests, Riak.Tests, Version=1.0.0.0, Culture=neutral, PublicKeyToken=null" name="DeleteMissingKeys" />
    </UnitTest>
  </TestDefinitions>
  <TestLists>
    <TestList name="Results Not in a List" id="8c84fa94-04c1-424b-9868-57a2d4851a1d" />
    <TestList name="All Loaded Results" id="19431567-8539-422a-85d7-44ee4e166bda" />
  </TestLists>
  <TestEntries>
    <TestEntry testId="4218db0c-c3cd-af6c-7a89-5cbb6ed4b0b4" executionId="eb9d2de3-f3e9-467e-80a7-5db581008f60" testListId="8c84fa94-04c1-424b-9868-57a2d4851a1d" />
    <TestEntry testId="7ec93923-9b63-896f-6fbc-0de4f66812a0" executionId="eac320f0-70c3-4aee-ba6b-95872800b047" testListId="8c84fa94-04c1-424b-9868-57a2d4851a1d" />
    <TestEntry testId="58939138-4342-8e72-2f65-c6ec6d5362d3" executionId="38539d83-cddf-448c-8fae-369b25c9a9d2" testListId="8c84fa94-04c1-424b-9868-57a2d4851a1d" />
    <TestEntry testId="4ad0d6cc-b6bb-6b71-fab7-7bd0c1927a9f" executionId="1b4c070e-47a2-45ae-bac4-e24146031b10" testListId="8c84fa94-04c1-424b-9868-57a2d4851a1d" />
    <TestEntry testId="ecb7a2ec-95c2-bcd4-9208-598a9a8227f1" executionId="32d96714-fdba-4a7e-91f9-768dddbbebdd" testListId="8c84fa94-04c1-424b-9868-57a2d4851a1d" />
    <TestEntry testId="8adbc453-a093-0889-b145-79d2f69be902" executionId="c2750223-3223-470a-b01c-41a5ad495e0c" testListId="8c84fa94-04c1-424b-9868-57a2d4851a1d" />
  </TestEntries>
  <Results>
    <UnitTestResult executionId="eb9d2de3-f3e9-467e-80a7-5db581008f60" testId="4218db0c-c3cd-af6c-7a89-5cbb6ed4b0b4" testName="TestMethod1" computerName="HORVICKW7" duration="00:00:00.0732183" startTime="2010-03-18T18:01:11.4400505-04:00" endTime="2010-03-18T18:01:13.3351589-04:00" testType="13cdc9d9-ddb5-4fa4-a97d-d965ccfc6d4b" outcome="Passed" testListId="8c84fa94-04c1-424b-9868-57a2d4851a1d" relativeResultsDirectory="eb9d2de3-f3e9-467e-80a7-5db581008f60">
    </UnitTestResult>
    <UnitTestResult executionId="eac320f0-70c3-4aee-ba6b-95872800b047" testId="7ec93923-9b63-896f-6fbc-0de4f66812a0" testName="GetKeyFromBucket" computerName="HORVICKW7" duration="00:00:00.3647200" startTime="2010-03-18T18:01:13.3881619-04:00" endTime="2010-03-18T18:01:13.8121861-04:00" testType="13cdc9d9-ddb5-4fa4-a97d-d965ccfc6d4b" outcome="Passed" testListId="8c84fa94-04c1-424b-9868-57a2d4851a1d" relativeResultsDirectory="eac320f0-70c3-4aee-ba6b-95872800b047">
    </UnitTestResult>
    <UnitTestResult executionId="38539d83-cddf-448c-8fae-369b25c9a9d2" testId="58939138-4342-8e72-2f65-c6ec6d5362d3" testName="SaveAStringKeyValue" computerName="HORVICKW7" duration="00:00:00.3085444" startTime="2010-03-18T18:01:13.8601889-04:00" endTime="2010-03-18T18:01:14.1872076-04:00" testType="13cdc9d9-ddb5-4fa4-a97d-d965ccfc6d4b" outcome="Passed" testListId="8c84fa94-04c1-424b-9868-57a2d4851a1d" relativeResultsDirectory="38539d83-cddf-448c-8fae-369b25c9a9d2">
    </UnitTestResult>
    <UnitTestResult executionId="1b4c070e-47a2-45ae-bac4-e24146031b10" testId="4ad0d6cc-b6bb-6b71-fab7-7bd0c1927a9f" testName="SaveABinaryKeyValue" computerName="HORVICKW7" duration="00:00:00.1979248" startTime="2010-03-18T18:01:14.2122090-04:00" endTime="2010-03-18T18:01:14.4312216-04:00" testType="13cdc9d9-ddb5-4fa4-a97d-d965ccfc6d4b" outcome="Passed" testListId="8c84fa94-04c1-424b-9868-57a2d4851a1d" relativeResultsDirectory="1b4c070e-47a2-45ae-bac4-e24146031b10">
    </UnitTestResult>
    <UnitTestResult executionId="32d96714-fdba-4a7e-91f9-768dddbbebdd" testId="ecb7a2ec-95c2-bcd4-9208-598a9a8227f1" testName="DeleteExistingKeys" computerName="HORVICKW7" duration="00:00:00.5722438" startTime="2010-03-18T18:01:14.4582231-04:00" endTime="2010-03-18T18:01:15.0562573-04:00" testType="13cdc9d9-ddb5-4fa4-a97d-d965ccfc6d4b" outcome="Passed" testListId="8c84fa94-04c1-424b-9868-57a2d4851a1d" relativeResultsDirectory="32d96714-fdba-4a7e-91f9-768dddbbebdd">
    </UnitTestResult>
    <UnitTestResult executionId="c2750223-3223-470a-b01c-41a5ad495e0c" testId="8adbc453-a093-0889-b145-79d2f69be902" testName="DeleteMissingKeys" computerName="HORVICKW7" duration="00:00:46.1556399" startTime="2010-03-18T18:01:15.0802587-04:00" endTime="2010-03-18T18:02:01.2358986-04:00" testType="13cdc9d9-ddb5-4fa4-a97d-d965ccfc6d4b" outcome="Aborted" testListId="8c84fa94-04c1-424b-9868-57a2d4851a1d" relativeResultsDirectory="c2750223-3223-470a-b01c-41a5ad495e0c">
    </UnitTestResult>
  </Results>
</TestRun>