<?xml version="1.0" encoding="UTF-8"?>
<TestRun id="aa586081-1f91-4c17-8710-7133b9931d03" name="Robert@HORVICKW7 2010-03-20 11:52:40" runUser="HORVICKW7\Robert" xmlns="http://microsoft.com/schemas/VisualStudio/TeamTest/2010">
  <TestSettings name="Local" id="cccf0ead-bb7b-4fa6-80c8-b697078887da">
    <Description>These are default test settings for a local test run.</Description>
    <Deployment userDeploymentRoot="c:\projects\Riak.Client\TestResults" useDefaultDeploymentRoot="false" runDeploymentRoot="Robert_HORVICKW7 2010-03-20 11_52_40" />
    <Execution>
      <TestTypeSpecific>
        <UnitTestRunConfig testTypeId="13cdc9d9-ddb5-4fa4-a97d-d965ccfc6d4b">
          <AssemblyResolution>
            <TestDirectory useLoadContext="true" />
          </AssemblyResolution>
        </UnitTestRunConfig>
        <WebTestRunConfiguration testTypeId="4e7599fa-5ecb-43e9-a887-cd63cf72d207">
          <Browser name="Internet Explorer 7.0">
            <Headers>
              <Header name="User-Agent" value="Mozilla/4.0 (compatible; MSIE 7.0; Windows NT 5.1)" />
              <Header name="Accept" value="*/*" />
              <Header name="Accept-Language" value="{{$IEAcceptLanguage}}" />
              <Header name="Accept-Encoding" value="GZIP" />
            </Headers>
          </Browser>
        </WebTestRunConfiguration>
      </TestTypeSpecific>
      <AgentRule name="LocalMachineDefaultRole">
        <DataCollectors>
          <DataCollector uri="datacollector://microsoft/CodeCoverage/1.0" assemblyQualifiedName="Microsoft.VisualStudio.TestTools.CodeCoverage.CoveragePlugIn, Microsoft.VisualStudio.QualityTools.Plugins.CodeCoverage, Version=10.0.0.0, Culture=neutral, PublicKeyToken=b03f5f7f11d50a3a" friendlyName="Code Coverage" enabled="false">
            <Configuration>
              <CodeCoverage xmlns="">
                <Regular>
                  <CodeCoverageItem binaryFile="c:\projects\Riak.Client\Riak.Client\bin\Debug\Riak.Client.dll" pdbFile="c:\projects\Riak.Client\Riak.Client\bin\Debug\Riak.Client.instr.pdb" instrumentInPlace="true" />
                </Regular>
              </CodeCoverage>
            </Configuration>
          </DataCollector>
        </DataCollectors>
      </AgentRule>
    </Execution>
  </TestSettings>
  <Times creation="2010-03-20T11:52:40.3689642-04:00" queuing="2010-03-20T11:52:50.8755651-04:00" start="2010-03-20T11:52:51.6926119-04:00" finish="2010-03-20T11:53:55.0622364-04:00" />
  <ResultSummary outcome="Failed">
    <Counters total="7" executed="7" error="0" failed="7" timeout="0" aborted="0" inconclusive="0" passedButRunAborted="0" notRunnable="0" notExecuted="0" disconnected="0" warning="0" passed="0" completed="0" inProgress="0" pending="0" />
  </ResultSummary>
  <TestDefinitions>
    <UnitTest name="LinkOnNewKeyExistsAndParses" storage="c:\projects\riak.client\riak.tests\bin\debug\riak.tests.dll" id="cb4b29f5-c7d3-2010-bb43-cecc9f41c474">
      <Execution id="d5ddff44-bd02-4ebf-a6a9-98afc0c15c51" />
      <TestMethod codeBase="c:/projects/Riak.Client/Riak.Tests/bin/Debug/Riak.Tests.DLL" adapterTypeName="Microsoft.VisualStudio.TestTools.TestTypes.Unit.UnitTestAdapter, Microsoft.VisualStudio.QualityTools.Tips.UnitTest.Adapter, Version=10.0.0.0, Culture=neutral, PublicKeyToken=b03f5f7f11d50a3a" className="Riak.Tests.LinkTests, Riak.Tests, Version=1.0.0.0, Culture=neutral, PublicKeyToken=null" name="LinkOnNewKeyExistsAndParses" />
    </UnitTest>
    <UnitTest name="SaveABinaryKeyValue" storage="c:\projects\riak.client\riak.tests\bin\debug\riak.tests.dll" id="4ad0d6cc-b6bb-6b71-fab7-7bd0c1927a9f">
      <Execution id="21a85934-ce76-46ef-9a09-b343aae191c0" />
      <TestMethod codeBase="c:/projects/Riak.Client/Riak.Tests/bin/Debug/Riak.Tests.DLL" adapterTypeName="Microsoft.VisualStudio.TestTools.TestTypes.Unit.UnitTestAdapter, Microsoft.VisualStudio.QualityTools.Tips.UnitTest.Adapter, Version=10.0.0.0, Culture=neutral, PublicKeyToken=b03f5f7f11d50a3a" className="Riak.Tests.BucketTests, Riak.Tests, Version=1.0.0.0, Culture=neutral, PublicKeyToken=null" name="SaveABinaryKeyValue" />
    </UnitTest>
    <UnitTest name="GetAllTextData" storage="c:\projects\riak.client\riak.tests\bin\debug\riak.tests.dll" id="4312a9d7-4905-c365-94ac-da54845d713f">
      <Execution id="8342b9f0-6953-4ee6-85aa-1d6f4e2695d8" />
      <TestMethod codeBase="c:/projects/Riak.Client/Riak.Tests/bin/Debug/Riak.Tests.DLL" adapterTypeName="Microsoft.VisualStudio.TestTools.TestTypes.Unit.UnitTestAdapter, Microsoft.VisualStudio.QualityTools.Tips.UnitTest.Adapter, Version=10.0.0.0, Culture=neutral, PublicKeyToken=b03f5f7f11d50a3a" className="Riak.Tests.MultiPartResponseTests, Riak.Tests, Version=1.0.0.0, Culture=neutral, PublicKeyToken=null" name="GetAllTextData" />
    </UnitTest>
    <UnitTest name="ConflictOnAllowMultiBucket" storage="c:\projects\riak.client\riak.tests\bin\debug\riak.tests.dll" id="beae7429-a6a2-4b8b-91b8-2242ec45c77a">
      <Execution id="3238507d-eeaf-43dd-9eb9-170d13385e00" />
      <TestMethod codeBase="c:/projects/Riak.Client/Riak.Tests/bin/Debug/Riak.Tests.DLL" adapterTypeName="Microsoft.VisualStudio.TestTools.TestTypes.Unit.UnitTestAdapter, Microsoft.VisualStudio.QualityTools.Tips.UnitTest.Adapter, Version=10.0.0.0, Culture=neutral, PublicKeyToken=b03f5f7f11d50a3a" className="Riak.Tests.BucketTests, Riak.Tests, Version=1.0.0.0, Culture=neutral, PublicKeyToken=null" name="ConflictOnAllowMultiBucket" />
    </UnitTest>
    <UnitTest name="ConflictOnNonMultiBucket" storage="c:\projects\riak.client\riak.tests\bin\debug\riak.tests.dll" id="06a22416-08af-c0dc-b70f-5cec4761aa09">
      <Execution id="09c52f8f-24e5-46bd-8974-4af9a19b9fff" />
      <TestMethod codeBase="c:/projects/Riak.Client/Riak.Tests/bin/Debug/Riak.Tests.DLL" adapterTypeName="Microsoft.VisualStudio.TestTools.TestTypes.Unit.UnitTestAdapter, Microsoft.VisualStudio.QualityTools.Tips.UnitTest.Adapter, Version=10.0.0.0, Culture=neutral, PublicKeyToken=b03f5f7f11d50a3a" className="Riak.Tests.BucketTests, Riak.Tests, Version=1.0.0.0, Culture=neutral, PublicKeyToken=null" name="ConflictOnNonMultiBucket" />
    </UnitTest>
    <UnitTest name="SaveAStringKeyValue" storage="c:\projects\riak.client\riak.tests\bin\debug\riak.tests.dll" id="58939138-4342-8e72-2f65-c6ec6d5362d3">
      <Execution id="7c4e274e-8f00-461e-93cd-0e3c4ad82ae2" />
      <TestMethod codeBase="c:/projects/Riak.Client/Riak.Tests/bin/Debug/Riak.Tests.DLL" adapterTypeName="Microsoft.VisualStudio.TestTools.TestTypes.Unit.UnitTestAdapter, Microsoft.VisualStudio.QualityTools.Tips.UnitTest.Adapter, Version=10.0.0.0, Culture=neutral, PublicKeyToken=b03f5f7f11d50a3a" className="Riak.Tests.BucketTests, Riak.Tests, Version=1.0.0.0, Culture=neutral, PublicKeyToken=null" name="SaveAStringKeyValue" />
    </UnitTest>
    <UnitTest name="GetAllSiblingsOnConflict" storage="c:\projects\riak.client\riak.tests\bin\debug\riak.tests.dll" id="7a71b779-6444-5633-f109-dc2d069ca31b">
      <Execution id="190b2e73-cbc2-4fba-876d-692b19c4a167" />
      <TestMethod codeBase="c:/projects/Riak.Client/Riak.Tests/bin/Debug/Riak.Tests.DLL" adapterTypeName="Microsoft.VisualStudio.TestTools.TestTypes.Unit.UnitTestAdapter, Microsoft.VisualStudio.QualityTools.Tips.UnitTest.Adapter, Version=10.0.0.0, Culture=neutral, PublicKeyToken=b03f5f7f11d50a3a" className="Riak.Tests.BucketTests, Riak.Tests, Version=1.0.0.0, Culture=neutral, PublicKeyToken=null" name="GetAllSiblingsOnConflict" />
    </UnitTest>
  </TestDefinitions>
  <TestLists>
    <TestList name="Results Not in a List" id="8c84fa94-04c1-424b-9868-57a2d4851a1d" />
    <TestList name="All Loaded Results" id="19431567-8539-422a-85d7-44ee4e166bda" />
  </TestLists>
  <TestEntries>
    <TestEntry testId="cb4b29f5-c7d3-2010-bb43-cecc9f41c474" executionId="d5ddff44-bd02-4ebf-a6a9-98afc0c15c51" testListId="8c84fa94-04c1-424b-9868-57a2d4851a1d" />
    <TestEntry testId="4312a9d7-4905-c365-94ac-da54845d713f" executionId="8342b9f0-6953-4ee6-85aa-1d6f4e2695d8" testListId="8c84fa94-04c1-424b-9868-57a2d4851a1d" />
    <TestEntry testId="06a22416-08af-c0dc-b70f-5cec4761aa09" executionId="09c52f8f-24e5-46bd-8974-4af9a19b9fff" testListId="8c84fa94-04c1-424b-9868-57a2d4851a1d" />
    <TestEntry testId="7a71b779-6444-5633-f109-dc2d069ca31b" executionId="190b2e73-cbc2-4fba-876d-692b19c4a167" testListId="8c84fa94-04c1-424b-9868-57a2d4851a1d" />
    <TestEntry testId="beae7429-a6a2-4b8b-91b8-2242ec45c77a" executionId="3238507d-eeaf-43dd-9eb9-170d13385e00" testListId="8c84fa94-04c1-424b-9868-57a2d4851a1d" />
    <TestEntry testId="58939138-4342-8e72-2f65-c6ec6d5362d3" executionId="7c4e274e-8f00-461e-93cd-0e3c4ad82ae2" testListId="8c84fa94-04c1-424b-9868-57a2d4851a1d" />
    <TestEntry testId="4ad0d6cc-b6bb-6b71-fab7-7bd0c1927a9f" executionId="21a85934-ce76-46ef-9a09-b343aae191c0" testListId="8c84fa94-04c1-424b-9868-57a2d4851a1d" />
  </TestEntries>
  <Results>
    <UnitTestResult executionId="d5ddff44-bd02-4ebf-a6a9-98afc0c15c51" testId="cb4b29f5-c7d3-2010-bb43-cecc9f41c474" testName="LinkOnNewKeyExistsAndParses" computerName="HORVICKW7" duration="00:00:01.3024669" startTime="2010-03-20T11:52:52.4726565-04:00" endTime="2010-03-20T11:52:56.3668792-04:00" testType="13cdc9d9-ddb5-4fa4-a97d-d965ccfc6d4b" outcome="Failed" testListId="8c84fa94-04c1-424b-9868-57a2d4851a1d" relativeResultsDirectory="d5ddff44-bd02-4ebf-a6a9-98afc0c15c51">
      <Output>
        <DebugTrace>X-Riak-Vclock: a85hYGBgzGDKBVIsjOLpUzOYEhnzWBk+Zkke5csCAA==
Link: 
</DebugTrace>
        <ErrorInfo>
          <Message>Assert.AreEqual failed. Expected:&lt;d86dc176-ba2b-40a8-a4dc-6bf751c6a61b&gt;. Actual:&lt;&gt;. </Message>
          <StackTrace>   at Riak.Tests.LinkTests.LinkOnNewKeyExistsAndParses() in c:\projects\Riak.Client\Riak.Tests\LinkTests.cs:line 112
</StackTrace>
        </ErrorInfo>
      </Output>
    </UnitTestResult>
    <UnitTestResult executionId="8342b9f0-6953-4ee6-85aa-1d6f4e2695d8" testId="4312a9d7-4905-c365-94ac-da54845d713f" testName="GetAllTextData" computerName="HORVICKW7" duration="00:00:00.7991933" startTime="2010-03-20T11:52:56.4478839-04:00" endTime="2010-03-20T11:52:57.2859318-04:00" testType="13cdc9d9-ddb5-4fa4-a97d-d965ccfc6d4b" outcome="Failed" testListId="8c84fa94-04c1-424b-9868-57a2d4851a1d" relativeResultsDirectory="8342b9f0-6953-4ee6-85aa-1d6f4e2695d8">
      <Output>
        <DebugTrace>X-Riak-Vclock: a85hYGBgymDKBVIsDNfk4zKYElnyWBmM/CSP8kGFmWbri0GFP2UBhbMA
Link: 
X-Riak-Vclock: a85hYGBgzmDKBVIsDNfk4zKYElnyWBmM/CSP8kGFmWbri0GFP2UhCV+o4gAKMwKFI7KBwlkA
Link: 
X-Riak-Vclock: a85hYGBgzmDKBVIsDNfk4zKYElnyWBmM/CSP8kGFmWbri0GFP2UhCV+o4gAKMwGFI7KBwlkA
Link: 
X-Riak-Vclock: a85hYGBgzmDKBVIsDNfk4zKYElnyWBmM/CSP8kGFmWbri0GFP2UhCV+o4gAKMwOFI7KBwlkA
Link: 
</DebugTrace>
        <ErrorInfo>
          <Message>Assert.Fail failed. fail</Message>
          <StackTrace>   at Riak.Tests.MultiPartResponseTests.GetAllTextData() in c:\projects\Riak.Client\Riak.Tests\MultiPartResponseTests.cs:line 51
</StackTrace>
        </ErrorInfo>
      </Output>
    </UnitTestResult>
    <UnitTestResult executionId="09c52f8f-24e5-46bd-8974-4af9a19b9fff" testId="06a22416-08af-c0dc-b70f-5cec4761aa09" testName="ConflictOnNonMultiBucket" computerName="HORVICKW7" duration="00:00:00.5521238" startTime="2010-03-20T11:52:57.3119333-04:00" endTime="2010-03-20T11:52:57.9019670-04:00" testType="13cdc9d9-ddb5-4fa4-a97d-d965ccfc6d4b" outcome="Failed" testListId="8c84fa94-04c1-424b-9868-57a2d4851a1d" relativeResultsDirectory="09c52f8f-24e5-46bd-8974-4af9a19b9fff">
      <Output>
        <DebugTrace>X-Riak-Vclock: a85hYGBgzGDKBVIsjFuj7TKYEhnzWBkisyWP8mUBAA==
Link: 
X-Riak-Vclock: a85hYGBgzGDKBVIsjFuj7TKYEhnzWBkisyWP8mUBAA==
Link: 
</DebugTrace>
        <ErrorInfo>
          <Message>Assert.AreEqual failed. Expected:&lt;&gt;. Actual:&lt;Conflict2&gt;. </Message>
          <StackTrace>   at Riak.Tests.BucketTests.ConflictOnNonMultiBucket() in c:\projects\Riak.Client\Riak.Tests\BucketTests.cs:line 133
</StackTrace>
        </ErrorInfo>
      </Output>
    </UnitTestResult>
    <UnitTestResult executionId="190b2e73-cbc2-4fba-876d-692b19c4a167" testId="7a71b779-6444-5633-f109-dc2d069ca31b" testName="GetAllSiblingsOnConflict" computerName="HORVICKW7" duration="00:00:00.5543672" startTime="2010-03-20T11:52:57.9429694-04:00" endTime="2010-03-20T11:52:58.5230025-04:00" testType="13cdc9d9-ddb5-4fa4-a97d-d965ccfc6d4b" outcome="Failed" testListId="8c84fa94-04c1-424b-9868-57a2d4851a1d" relativeResultsDirectory="190b2e73-cbc2-4fba-876d-692b19c4a167">
      <Output>
        <DebugTrace>X-Riak-Vclock: a85hYGBgzGDKBVIsTA1zV2YwJTLmsTJEZUse5csCAA==
Link: 
X-Riak-Vclock: a85hYGBgzGDKBVIsTA1zV2YwJTLmsTJEZUse5csCAA==
Link: 
</DebugTrace>
        <ErrorInfo>
          <Message>Assert.IsTrue failed. </Message>
          <StackTrace>   at Riak.Tests.BucketTests.GetAllSiblingsOnConflict() in c:\projects\Riak.Client\Riak.Tests\BucketTests.cs:line 234
</StackTrace>
        </ErrorInfo>
      </Output>
    </UnitTestResult>
    <UnitTestResult executionId="3238507d-eeaf-43dd-9eb9-170d13385e00" testId="beae7429-a6a2-4b8b-91b8-2242ec45c77a" testName="ConflictOnAllowMultiBucket" computerName="HORVICKW7" duration="00:00:00.9448417" startTime="2010-03-20T11:52:58.5550044-04:00" endTime="2010-03-20T11:52:59.5260599-04:00" testType="13cdc9d9-ddb5-4fa4-a97d-d965ccfc6d4b" outcome="Failed" testListId="8c84fa94-04c1-424b-9868-57a2d4851a1d" relativeResultsDirectory="3238507d-eeaf-43dd-9eb9-170d13385e00">
      <Output>
        <DebugTrace>X-Riak-Vclock: a85hYGBgzGDKBVIszMWnz2YwJTLmsTJEZ0se5csCAA==
Link: 
X-Riak-Vclock: a85hYGBgzGDKBVIszMWnz2YwJTLmsTJEZ0se5csCAA==
Link: 
QTAgent32.exe Error: 0 : HTTP error Ambiguous performing GET request at http://192.168.137.50:8098/riak/ConflictOnAllowMultiBucket/eac549fe-b6a0-436c-9051-3a37a73f97b8
QTAgent32.exe Error: 0 : Siblings:
1Nrj49DGj6MB8tgvYULhlY
1Nrj49DGj6MB8tgvYULhlY

</DebugTrace>
        <ErrorInfo>
          <Message>Test method Riak.Tests.BucketTests.ConflictOnAllowMultiBucket threw exception Riak.Client.RiakServerException, but exception Riak.Client.RiakUnresolvedConflictException was expected. Exception message: Riak.Client.RiakServerException: HTTP error Ambiguous performing GET request at http://192.168.137.50:8098/riak/ConflictOnAllowMultiBucket/eac549fe-b6a0-436c-9051-3a37a73f97b8</Message>
          <StackTrace>    at Riak.Client.HttpHandler.Execute(WebRequestVerb verb, Uri uri, Dictionary`2 headers, ICollection`1 allowedCodes, Stream requestDataStream) in c:\projects\Riak.Client\Riak.Client\HttpHandler.cs:line 208
   at Riak.Client.HttpHandler.Get(Uri uri, String accept, ICollection`1 allowedCodes) in c:\projects\Riak.Client\Riak.Client\HttpHandler.cs:line 56
   at Riak.Client.HttpHandler.Get(Uri uri, String accept) in c:\projects\Riak.Client\Riak.Client\HttpHandler.cs:line 46
   at Riak.Client.HttpHandler.Get(Uri uri) in c:\projects\Riak.Client\Riak.Client\HttpHandler.cs:line 41
   at Riak.Client.RiakObject.get_Data() in c:\projects\Riak.Client\Riak.Client\RiakObject.cs:line 22
   at Riak.Tests.BucketTests.ConflictOnAllowMultiBucket() in c:\projects\Riak.Client\Riak.Tests\BucketTests.cs:line 192
</StackTrace>
        </ErrorInfo>
      </Output>
    </UnitTestResult>
    <UnitTestResult executionId="7c4e274e-8f00-461e-93cd-0e3c4ad82ae2" testId="58939138-4342-8e72-2f65-c6ec6d5362d3" testName="SaveAStringKeyValue" computerName="HORVICKW7" duration="00:00:54.1516927" startTime="2010-03-20T11:52:59.5600619-04:00" endTime="2010-03-20T11:53:53.9961754-04:00" testType="13cdc9d9-ddb5-4fa4-a97d-d965ccfc6d4b" outcome="Failed" testListId="8c84fa94-04c1-424b-9868-57a2d4851a1d" relativeResultsDirectory="7c4e274e-8f00-461e-93cd-0e3c4ad82ae2">
      <Output>
        <DebugTrace>X-Riak-Vclock: a85hYGBgymDKBVIsjOLpUzOYEhnzWBk+Zkke5YMKM/ibHYAKR2QDhbMA
Link: 
</DebugTrace>
        <ErrorInfo>
          <Message>Assert.AreEqual failed. Expected:&lt;9551b947-2f99-4fd2-9aea-9f1f491eff93&gt;. Actual:&lt;&gt;. </Message>
          <StackTrace>   at Riak.Tests.BucketTests.SaveAStringKeyValue() in c:\projects\Riak.Client\Riak.Tests\BucketTests.cs:line 27
</StackTrace>
        </ErrorInfo>
      </Output>
    </UnitTestResult>
    <UnitTestResult executionId="21a85934-ce76-46ef-9a09-b343aae191c0" testId="4ad0d6cc-b6bb-6b71-fab7-7bd0c1927a9f" testName="SaveABinaryKeyValue" computerName="HORVICKW7" duration="00:00:00.4190639" startTime="2010-03-20T11:53:54.0321775-04:00" endTime="2010-03-20T11:53:54.4772029-04:00" testType="13cdc9d9-ddb5-4fa4-a97d-d965ccfc6d4b" outcome="Failed" testListId="8c84fa94-04c1-424b-9868-57a2d4851a1d" relativeResultsDirectory="21a85934-ce76-46ef-9a09-b343aae191c0">
      <Output>
        <ErrorInfo>
          <Message>Assert.AreEqual failed. Expected:&lt;Sample Stream Data&gt;. Actual:&lt;&gt;. </Message>
          <StackTrace>   at Riak.Tests.BucketTests.SaveABinaryKeyValue() in c:\projects\Riak.Client\Riak.Tests\BucketTests.cs:line 47
</StackTrace>
        </ErrorInfo>
      </Output>
    </UnitTestResult>
  </Results>
</TestRun>