<?xml version="1.0" encoding="UTF-8"?>
<TestRun id="687bdadf-4c11-46c2-b701-3f6918290d42" name="Robert@HORVICKW7 2010-03-20 14:32:32" runUser="HORVICKW7\Robert" xmlns="http://microsoft.com/schemas/VisualStudio/TeamTest/2010">
  <TestSettings name="Local" id="cccf0ead-bb7b-4fa6-80c8-b697078887da">
    <Description>These are default test settings for a local test run.</Description>
    <Execution>
      <TestTypeSpecific>
        <UnitTestRunConfig testTypeId="13cdc9d9-ddb5-4fa4-a97d-d965ccfc6d4b">
          <AssemblyResolution>
            <TestDirectory useLoadContext="true" />
          </AssemblyResolution>
        </UnitTestRunConfig>
        <WebTestRunConfiguration testTypeId="4e7599fa-5ecb-43e9-a887-cd63cf72d207">
          <Browser name="Internet Explorer 7.0">
            <Headers>
              <Header name="User-Agent" value="Mozilla/4.0 (compatible; MSIE 7.0; Windows NT 5.1)" />
              <Header name="Accept" value="*/*" />
              <Header name="Accept-Language" value="{{$IEAcceptLanguage}}" />
              <Header name="Accept-Encoding" value="GZIP" />
            </Headers>
          </Browser>
        </WebTestRunConfiguration>
      </TestTypeSpecific>
      <AgentRule name="LocalMachineDefaultRole">
        <DataCollectors>
          <DataCollector uri="datacollector://microsoft/CodeCoverage/1.0" assemblyQualifiedName="Microsoft.VisualStudio.TestTools.CodeCoverage.CoveragePlugIn, Microsoft.VisualStudio.QualityTools.Plugins.CodeCoverage, Version=10.0.0.0, Culture=neutral, PublicKeyToken=b03f5f7f11d50a3a" friendlyName="Code Coverage">
            <Configuration>
              <CodeCoverage xmlns="">
                <Regular>
                  <CodeCoverageItem binaryFile="c:\projects\Riak.Client\Riak.Client\bin\Debug\Riak.Client.dll" pdbFile="c:\projects\Riak.Client\Riak.Client\bin\Debug\Riak.Client.instr.pdb" instrumentInPlace="true" />
                </Regular>
              </CodeCoverage>
            </Configuration>
          </DataCollector>
        </DataCollectors>
      </AgentRule>
    </Execution>
    <Deployment runDeploymentRoot="Robert_HORVICKW7 2010-03-20 14_32_32" />
  </TestSettings>
  <Times creation="2010-03-20T14:32:32.1725840-04:00" queuing="2010-03-20T14:32:34.1406966-04:00" start="2010-03-20T14:32:34.2737042-04:00" finish="2010-03-20T14:32:45.7043580-04:00" />
  <ResultSummary outcome="Failed">
    <Counters total="17" executed="17" passed="16" error="0" failed="1" timeout="0" aborted="0" inconclusive="0" passedButRunAborted="0" notRunnable="0" notExecuted="0" disconnected="0" warning="0" completed="0" inProgress="0" pending="0" />
    <ResultFiles>
      <ResultFile path="HORVICKW7\data.coverage" />
    </ResultFiles>
  </ResultSummary>
  <TestDefinitions>
    <UnitTest name="LinkWithMultipleParameters" storage="c:\projects\riak.client\riak.tests\bin\debug\riak.tests.dll" id="d79ef6f9-4e22-e7f6-a37e-b0e7a8cab61d">
      <Execution id="07460dac-c5e2-4b2e-beab-57c26a7205c9" />
      <TestMethod codeBase="c:/projects/Riak.Client/Riak.Tests/bin/Debug/Riak.Tests.DLL" adapterTypeName="Microsoft.VisualStudio.TestTools.TestTypes.Unit.UnitTestAdapter, Microsoft.VisualStudio.QualityTools.Tips.UnitTest.Adapter, Version=10.0.0.0, Culture=neutral, PublicKeyToken=b03f5f7f11d50a3a" className="Riak.Tests.LinkTests, Riak.Tests, Version=1.0.0.0, Culture=neutral, PublicKeyToken=null" name="LinkWithMultipleParameters" />
    </UnitTest>
    <UnitTest name="LinkFollowing" storage="c:\projects\riak.client\riak.tests\bin\debug\riak.tests.dll" id="e59f5b3d-3a7c-4505-e293-67664a703224">
      <Execution id="3e273d6f-8587-4cee-925b-cb5b14c6e320" />
      <TestMethod codeBase="c:/projects/Riak.Client/Riak.Tests/bin/Debug/Riak.Tests.DLL" adapterTypeName="Microsoft.VisualStudio.TestTools.TestTypes.Unit.UnitTestAdapter, Microsoft.VisualStudio.QualityTools.Tips.UnitTest.Adapter, Version=10.0.0.0, Culture=neutral, PublicKeyToken=b03f5f7f11d50a3a" className="Riak.Tests.LinkTests, Riak.Tests, Version=1.0.0.0, Culture=neutral, PublicKeyToken=null" name="LinkFollowing" />
    </UnitTest>
    <UnitTest name="SettingAllowMultiPersistsCorrectly" storage="c:\projects\riak.client\riak.tests\bin\debug\riak.tests.dll" id="33d4d279-34bd-6d5a-280e-4b82973def51">
      <Execution id="ee6f222d-2c45-456c-9532-32e585981ed5" />
      <TestMethod codeBase="c:/projects/Riak.Client/Riak.Tests/bin/Debug/Riak.Tests.DLL" adapterTypeName="Microsoft.VisualStudio.TestTools.TestTypes.Unit.UnitTestAdapter, Microsoft.VisualStudio.QualityTools.Tips.UnitTest.Adapter, Version=10.0.0.0, Culture=neutral, PublicKeyToken=b03f5f7f11d50a3a" className="Riak.Tests.BucketTests, Riak.Tests, Version=1.0.0.0, Culture=neutral, PublicKeyToken=null" name="SettingAllowMultiPersistsCorrectly" />
    </UnitTest>
    <UnitTest name="LinkCollectionOperationalTests" storage="c:\projects\riak.client\riak.tests\bin\debug\riak.tests.dll" id="80c6668e-527f-7ce0-c7fa-d368165124a1">
      <Execution id="03756ee2-ffd5-4307-9bc3-7a29d3e36857" />
      <TestMethod codeBase="c:/projects/Riak.Client/Riak.Tests/bin/Debug/Riak.Tests.DLL" adapterTypeName="Microsoft.VisualStudio.TestTools.TestTypes.Unit.UnitTestAdapter, Microsoft.VisualStudio.QualityTools.Tips.UnitTest.Adapter, Version=10.0.0.0, Culture=neutral, PublicKeyToken=b03f5f7f11d50a3a" className="Riak.Tests.LinkTests, Riak.Tests, Version=1.0.0.0, Culture=neutral, PublicKeyToken=null" name="LinkCollectionOperationalTests" />
    </UnitTest>
    <UnitTest name="GetAllSiblingsOnConflict" storage="c:\projects\riak.client\riak.tests\bin\debug\riak.tests.dll" id="7a71b779-6444-5633-f109-dc2d069ca31b">
      <Execution id="09595cba-be83-4ffb-9e1c-fb0175f44807" />
      <TestMethod codeBase="c:/projects/Riak.Client/Riak.Tests/bin/Debug/Riak.Tests.DLL" adapterTypeName="Microsoft.VisualStudio.TestTools.TestTypes.Unit.UnitTestAdapter, Microsoft.VisualStudio.QualityTools.Tips.UnitTest.Adapter, Version=10.0.0.0, Culture=neutral, PublicKeyToken=b03f5f7f11d50a3a" className="Riak.Tests.BucketTests, Riak.Tests, Version=1.0.0.0, Culture=neutral, PublicKeyToken=null" name="GetAllSiblingsOnConflict" />
    </UnitTest>
    <UnitTest name="SaveAStringKeyValue" storage="c:\projects\riak.client\riak.tests\bin\debug\riak.tests.dll" id="58939138-4342-8e72-2f65-c6ec6d5362d3">
      <Execution id="dec25edb-f55d-4cee-9468-9fb8e2b64d63" />
      <TestMethod codeBase="c:/projects/Riak.Client/Riak.Tests/bin/Debug/Riak.Tests.DLL" adapterTypeName="Microsoft.VisualStudio.TestTools.TestTypes.Unit.UnitTestAdapter, Microsoft.VisualStudio.QualityTools.Tips.UnitTest.Adapter, Version=10.0.0.0, Culture=neutral, PublicKeyToken=b03f5f7f11d50a3a" className="Riak.Tests.BucketTests, Riak.Tests, Version=1.0.0.0, Culture=neutral, PublicKeyToken=null" name="SaveAStringKeyValue" />
    </UnitTest>
    <UnitTest name="LinkOddlyFormedIsParsedAndNormalized" storage="c:\projects\riak.client\riak.tests\bin\debug\riak.tests.dll" id="86d01318-0230-9e62-826b-6c3385d23407">
      <Execution id="8a4e5cab-98fd-4de9-9901-c3900768b2f8" />
      <TestMethod codeBase="c:/projects/Riak.Client/Riak.Tests/bin/Debug/Riak.Tests.DLL" adapterTypeName="Microsoft.VisualStudio.TestTools.TestTypes.Unit.UnitTestAdapter, Microsoft.VisualStudio.QualityTools.Tips.UnitTest.Adapter, Version=10.0.0.0, Culture=neutral, PublicKeyToken=b03f5f7f11d50a3a" className="Riak.Tests.LinkTests, Riak.Tests, Version=1.0.0.0, Culture=neutral, PublicKeyToken=null" name="LinkOddlyFormedIsParsedAndNormalized" />
    </UnitTest>
    <UnitTest name="SaveABinaryKeyValue" storage="c:\projects\riak.client\riak.tests\bin\debug\riak.tests.dll" id="4ad0d6cc-b6bb-6b71-fab7-7bd0c1927a9f">
      <Execution id="d2c44273-31d3-40cf-99ea-1a875ae460f9" />
      <TestMethod codeBase="c:/projects/Riak.Client/Riak.Tests/bin/Debug/Riak.Tests.DLL" adapterTypeName="Microsoft.VisualStudio.TestTools.TestTypes.Unit.UnitTestAdapter, Microsoft.VisualStudio.QualityTools.Tips.UnitTest.Adapter, Version=10.0.0.0, Culture=neutral, PublicKeyToken=b03f5f7f11d50a3a" className="Riak.Tests.BucketTests, Riak.Tests, Version=1.0.0.0, Culture=neutral, PublicKeyToken=null" name="SaveABinaryKeyValue" />
    </UnitTest>
    <UnitTest name="LinkWithRelationalUri" storage="c:\projects\riak.client\riak.tests\bin\debug\riak.tests.dll" id="30d12b1b-aa49-8c08-bd4a-866243aceb48">
      <Execution id="1cc48b6d-7b29-47b0-8abc-34b712eb149e" />
      <TestMethod codeBase="c:/projects/Riak.Client/Riak.Tests/bin/Debug/Riak.Tests.DLL" adapterTypeName="Microsoft.VisualStudio.TestTools.TestTypes.Unit.UnitTestAdapter, Microsoft.VisualStudio.QualityTools.Tips.UnitTest.Adapter, Version=10.0.0.0, Culture=neutral, PublicKeyToken=b03f5f7f11d50a3a" className="Riak.Tests.LinkTests, Riak.Tests, Version=1.0.0.0, Culture=neutral, PublicKeyToken=null" name="LinkWithRelationalUri" />
    </UnitTest>
    <UnitTest name="GetAllTextData" storage="c:\projects\riak.client\riak.tests\bin\debug\riak.tests.dll" id="4312a9d7-4905-c365-94ac-da54845d713f">
      <Execution id="8cd7f75c-d84e-4a9f-93cb-99f2634d9f50" />
      <TestMethod codeBase="c:/projects/Riak.Client/Riak.Tests/bin/Debug/Riak.Tests.DLL" adapterTypeName="Microsoft.VisualStudio.TestTools.TestTypes.Unit.UnitTestAdapter, Microsoft.VisualStudio.QualityTools.Tips.UnitTest.Adapter, Version=10.0.0.0, Culture=neutral, PublicKeyToken=b03f5f7f11d50a3a" className="Riak.Tests.MultiPartResponseTests, Riak.Tests, Version=1.0.0.0, Culture=neutral, PublicKeyToken=null" name="GetAllTextData" />
    </UnitTest>
    <UnitTest name="ConflictOnAllowMultiBucket" storage="c:\projects\riak.client\riak.tests\bin\debug\riak.tests.dll" id="beae7429-a6a2-4b8b-91b8-2242ec45c77a">
      <Execution id="99c1d0d1-8861-4232-bc9a-f222263a2d3d" />
      <TestMethod codeBase="c:/projects/Riak.Client/Riak.Tests/bin/Debug/Riak.Tests.DLL" adapterTypeName="Microsoft.VisualStudio.TestTools.TestTypes.Unit.UnitTestAdapter, Microsoft.VisualStudio.QualityTools.Tips.UnitTest.Adapter, Version=10.0.0.0, Culture=neutral, PublicKeyToken=b03f5f7f11d50a3a" className="Riak.Tests.BucketTests, Riak.Tests, Version=1.0.0.0, Culture=neutral, PublicKeyToken=null" name="ConflictOnAllowMultiBucket" />
    </UnitTest>
    <UnitTest name="LinkWithUnknownParameters" storage="c:\projects\riak.client\riak.tests\bin\debug\riak.tests.dll" id="d9c44692-30b5-c679-747b-7d385a54ef67">
      <Execution id="92488f9f-fbb0-4222-9f64-06d31ba19693" />
      <TestMethod codeBase="c:/projects/Riak.Client/Riak.Tests/bin/Debug/Riak.Tests.DLL" adapterTypeName="Microsoft.VisualStudio.TestTools.TestTypes.Unit.UnitTestAdapter, Microsoft.VisualStudio.QualityTools.Tips.UnitTest.Adapter, Version=10.0.0.0, Culture=neutral, PublicKeyToken=b03f5f7f11d50a3a" className="Riak.Tests.LinkTests, Riak.Tests, Version=1.0.0.0, Culture=neutral, PublicKeyToken=null" name="LinkWithUnknownParameters" />
    </UnitTest>
    <UnitTest name="LinkRoundTripping" storage="c:\projects\riak.client\riak.tests\bin\debug\riak.tests.dll" id="8bc468f8-eee0-673a-92b7-930506440e84">
      <Execution id="5dd8b65b-d4de-4e02-8ad6-16f97cfa684f" />
      <TestMethod codeBase="c:/projects/Riak.Client/Riak.Tests/bin/Debug/Riak.Tests.DLL" adapterTypeName="Microsoft.VisualStudio.TestTools.TestTypes.Unit.UnitTestAdapter, Microsoft.VisualStudio.QualityTools.Tips.UnitTest.Adapter, Version=10.0.0.0, Culture=neutral, PublicKeyToken=b03f5f7f11d50a3a" className="Riak.Tests.LinkTests, Riak.Tests, Version=1.0.0.0, Culture=neutral, PublicKeyToken=null" name="LinkRoundTripping" />
    </UnitTest>
    <UnitTest name="DeleteMissingKeys" storage="c:\projects\riak.client\riak.tests\bin\debug\riak.tests.dll" id="8adbc453-a093-0889-b145-79d2f69be902">
      <Execution id="6a8e6d9b-caea-4499-9149-9b21fff449e0" />
      <TestMethod codeBase="c:/projects/Riak.Client/Riak.Tests/bin/Debug/Riak.Tests.DLL" adapterTypeName="Microsoft.VisualStudio.TestTools.TestTypes.Unit.UnitTestAdapter, Microsoft.VisualStudio.QualityTools.Tips.UnitTest.Adapter, Version=10.0.0.0, Culture=neutral, PublicKeyToken=b03f5f7f11d50a3a" className="Riak.Tests.BucketTests, Riak.Tests, Version=1.0.0.0, Culture=neutral, PublicKeyToken=null" name="DeleteMissingKeys" />
    </UnitTest>
    <UnitTest name="DeleteExistingKeys" storage="c:\projects\riak.client\riak.tests\bin\debug\riak.tests.dll" id="ecb7a2ec-95c2-bcd4-9208-598a9a8227f1">
      <Execution id="017f6223-4958-44a3-adec-90f13c51b7ae" />
      <TestMethod codeBase="c:/projects/Riak.Client/Riak.Tests/bin/Debug/Riak.Tests.DLL" adapterTypeName="Microsoft.VisualStudio.TestTools.TestTypes.Unit.UnitTestAdapter, Microsoft.VisualStudio.QualityTools.Tips.UnitTest.Adapter, Version=10.0.0.0, Culture=neutral, PublicKeyToken=b03f5f7f11d50a3a" className="Riak.Tests.BucketTests, Riak.Tests, Version=1.0.0.0, Culture=neutral, PublicKeyToken=null" name="DeleteExistingKeys" />
    </UnitTest>
    <UnitTest name="ConflictOnNonMultiBucket" storage="c:\projects\riak.client\riak.tests\bin\debug\riak.tests.dll" id="06a22416-08af-c0dc-b70f-5cec4761aa09">
      <Execution id="0a360c94-b89f-4e79-bce7-68ea5e20ee30" />
      <TestMethod codeBase="c:/projects/Riak.Client/Riak.Tests/bin/Debug/Riak.Tests.DLL" adapterTypeName="Microsoft.VisualStudio.TestTools.TestTypes.Unit.UnitTestAdapter, Microsoft.VisualStudio.QualityTools.Tips.UnitTest.Adapter, Version=10.0.0.0, Culture=neutral, PublicKeyToken=b03f5f7f11d50a3a" className="Riak.Tests.BucketTests, Riak.Tests, Version=1.0.0.0, Culture=neutral, PublicKeyToken=null" name="ConflictOnNonMultiBucket" />
    </UnitTest>
    <UnitTest name="LinkOnNewKeyExistsAndParses" storage="c:\projects\riak.client\riak.tests\bin\debug\riak.tests.dll" id="cb4b29f5-c7d3-2010-bb43-cecc9f41c474">
      <Execution id="4579f7a9-d665-461b-a3f5-e2fd8c6197fb" />
      <TestMethod codeBase="c:/projects/Riak.Client/Riak.Tests/bin/Debug/Riak.Tests.DLL" adapterTypeName="Microsoft.VisualStudio.TestTools.TestTypes.Unit.UnitTestAdapter, Microsoft.VisualStudio.QualityTools.Tips.UnitTest.Adapter, Version=10.0.0.0, Culture=neutral, PublicKeyToken=b03f5f7f11d50a3a" className="Riak.Tests.LinkTests, Riak.Tests, Version=1.0.0.0, Culture=neutral, PublicKeyToken=null" name="LinkOnNewKeyExistsAndParses" />
    </UnitTest>
  </TestDefinitions>
  <TestLists>
    <TestList name="Results Not in a List" id="8c84fa94-04c1-424b-9868-57a2d4851a1d" />
    <TestList name="All Loaded Results" id="19431567-8539-422a-85d7-44ee4e166bda" />
  </TestLists>
  <TestEntries>
    <TestEntry testId="58939138-4342-8e72-2f65-c6ec6d5362d3" executionId="dec25edb-f55d-4cee-9468-9fb8e2b64d63" testListId="8c84fa94-04c1-424b-9868-57a2d4851a1d" />
    <TestEntry testId="4ad0d6cc-b6bb-6b71-fab7-7bd0c1927a9f" executionId="d2c44273-31d3-40cf-99ea-1a875ae460f9" testListId="8c84fa94-04c1-424b-9868-57a2d4851a1d" />
    <TestEntry testId="ecb7a2ec-95c2-bcd4-9208-598a9a8227f1" executionId="017f6223-4958-44a3-adec-90f13c51b7ae" testListId="8c84fa94-04c1-424b-9868-57a2d4851a1d" />
    <TestEntry testId="8adbc453-a093-0889-b145-79d2f69be902" executionId="6a8e6d9b-caea-4499-9149-9b21fff449e0" testListId="8c84fa94-04c1-424b-9868-57a2d4851a1d" />
    <TestEntry testId="06a22416-08af-c0dc-b70f-5cec4761aa09" executionId="0a360c94-b89f-4e79-bce7-68ea5e20ee30" testListId="8c84fa94-04c1-424b-9868-57a2d4851a1d" />
    <TestEntry testId="33d4d279-34bd-6d5a-280e-4b82973def51" executionId="ee6f222d-2c45-456c-9532-32e585981ed5" testListId="8c84fa94-04c1-424b-9868-57a2d4851a1d" />
    <TestEntry testId="beae7429-a6a2-4b8b-91b8-2242ec45c77a" executionId="99c1d0d1-8861-4232-bc9a-f222263a2d3d" testListId="8c84fa94-04c1-424b-9868-57a2d4851a1d" />
    <TestEntry testId="7a71b779-6444-5633-f109-dc2d069ca31b" executionId="09595cba-be83-4ffb-9e1c-fb0175f44807" testListId="8c84fa94-04c1-424b-9868-57a2d4851a1d" />
    <TestEntry testId="30d12b1b-aa49-8c08-bd4a-866243aceb48" executionId="1cc48b6d-7b29-47b0-8abc-34b712eb149e" testListId="8c84fa94-04c1-424b-9868-57a2d4851a1d" />
    <TestEntry testId="d79ef6f9-4e22-e7f6-a37e-b0e7a8cab61d" executionId="07460dac-c5e2-4b2e-beab-57c26a7205c9" testListId="8c84fa94-04c1-424b-9868-57a2d4851a1d" />
    <TestEntry testId="cb4b29f5-c7d3-2010-bb43-cecc9f41c474" executionId="4579f7a9-d665-461b-a3f5-e2fd8c6197fb" testListId="8c84fa94-04c1-424b-9868-57a2d4851a1d" />
    <TestEntry testId="86d01318-0230-9e62-826b-6c3385d23407" executionId="8a4e5cab-98fd-4de9-9901-c3900768b2f8" testListId="8c84fa94-04c1-424b-9868-57a2d4851a1d" />
    <TestEntry testId="80c6668e-527f-7ce0-c7fa-d368165124a1" executionId="03756ee2-ffd5-4307-9bc3-7a29d3e36857" testListId="8c84fa94-04c1-424b-9868-57a2d4851a1d" />
    <TestEntry testId="d9c44692-30b5-c679-747b-7d385a54ef67" executionId="92488f9f-fbb0-4222-9f64-06d31ba19693" testListId="8c84fa94-04c1-424b-9868-57a2d4851a1d" />
    <TestEntry testId="8bc468f8-eee0-673a-92b7-930506440e84" executionId="5dd8b65b-d4de-4e02-8ad6-16f97cfa684f" testListId="8c84fa94-04c1-424b-9868-57a2d4851a1d" />
    <TestEntry testId="e59f5b3d-3a7c-4505-e293-67664a703224" executionId="3e273d6f-8587-4cee-925b-cb5b14c6e320" testListId="8c84fa94-04c1-424b-9868-57a2d4851a1d" />
    <TestEntry testId="4312a9d7-4905-c365-94ac-da54845d713f" executionId="8cd7f75c-d84e-4a9f-93cb-99f2634d9f50" testListId="8c84fa94-04c1-424b-9868-57a2d4851a1d" />
  </TestEntries>
  <Results>
    <UnitTestResult executionId="dec25edb-f55d-4cee-9468-9fb8e2b64d63" testId="58939138-4342-8e72-2f65-c6ec6d5362d3" testName="SaveAStringKeyValue" computerName="HORVICKW7" duration="00:00:00.7147279" startTime="2010-03-20T14:32:36.7598464-04:00" endTime="2010-03-20T14:32:38.0419197-04:00" testType="13cdc9d9-ddb5-4fa4-a97d-d965ccfc6d4b" outcome="Passed" testListId="8c84fa94-04c1-424b-9868-57a2d4851a1d" relativeResultsDirectory="dec25edb-f55d-4cee-9468-9fb8e2b64d63">
      <Output>
        <DebugTrace>GET: http://192.168.137.50:8098/riak/BucketTest
HEAD: http://192.168.137.50:8098/riak/BucketTest/StringKey
X-Riak-Vclock: a85hYGBgzGDKBVIs7FLmshlMiYx5rAxzuyWP8mUBAA==
Link: 
PUT: http://192.168.137.50:8098/riak/BucketTest/StringKey
GET: http://192.168.137.50:8098/riak/BucketTest/StringKey
</DebugTrace>
      </Output>
    </UnitTestResult>
    <UnitTestResult executionId="d2c44273-31d3-40cf-99ea-1a875ae460f9" testId="4ad0d6cc-b6bb-6b71-fab7-7bd0c1927a9f" testName="SaveABinaryKeyValue" computerName="HORVICKW7" duration="00:00:00.3194089" startTime="2010-03-20T14:32:38.0539204-04:00" endTime="2010-03-20T14:32:38.3839393-04:00" testType="13cdc9d9-ddb5-4fa4-a97d-d965ccfc6d4b" outcome="Passed" testListId="8c84fa94-04c1-424b-9868-57a2d4851a1d" relativeResultsDirectory="d2c44273-31d3-40cf-99ea-1a875ae460f9">
      <Output>
        <DebugTrace>GET: http://192.168.137.50:8098/riak/BucketTest
HEAD: http://192.168.137.50:8098/riak/BucketTest/BinaryKey
PUT: http://192.168.137.50:8098/riak/BucketTest/BinaryKey
GET: http://192.168.137.50:8098/riak/BucketTest/BinaryKey
HEAD: http://192.168.137.50:8098/riak/BucketTest/BinaryKey
</DebugTrace>
      </Output>
    </UnitTestResult>
    <UnitTestResult executionId="017f6223-4958-44a3-adec-90f13c51b7ae" testId="ecb7a2ec-95c2-bcd4-9208-598a9a8227f1" testName="DeleteExistingKeys" computerName="HORVICKW7" duration="00:00:00.6735434" startTime="2010-03-20T14:32:38.3929398-04:00" endTime="2010-03-20T14:32:39.0759788-04:00" testType="13cdc9d9-ddb5-4fa4-a97d-d965ccfc6d4b" outcome="Passed" testListId="8c84fa94-04c1-424b-9868-57a2d4851a1d" relativeResultsDirectory="017f6223-4958-44a3-adec-90f13c51b7ae">
      <Output>
        <DebugTrace>GET: http://192.168.137.50:8098/riak/BucketTest
GET: http://192.168.137.50:8098/riak/BucketTest
HEAD: http://192.168.137.50:8098/riak/BucketTest/BinaryKey
X-Riak-Vclock: a85hYGBgzGDKBVIszNsuh2YwJTLmsTIcmyB5lC8LAA==
DELETE: http://192.168.137.50:8098/riak/BucketTest/BinaryKey
HEAD: http://192.168.137.50:8098/riak/BucketTest/StringKey
X-Riak-Vclock: a85hYGBgymDKBVIs7FLmshlMiYx5rAxzuyWP8kGFme/edoEKH50AFM4CAA==
DELETE: http://192.168.137.50:8098/riak/BucketTest/StringKey
GET: http://192.168.137.50:8098/riak/BucketTest
</DebugTrace>
      </Output>
    </UnitTestResult>
    <UnitTestResult executionId="6a8e6d9b-caea-4499-9149-9b21fff449e0" testId="8adbc453-a093-0889-b145-79d2f69be902" testName="DeleteMissingKeys" computerName="HORVICKW7" duration="00:00:01.0070493" startTime="2010-03-20T14:32:39.0879795-04:00" endTime="2010-03-20T14:32:40.1110380-04:00" testType="13cdc9d9-ddb5-4fa4-a97d-d965ccfc6d4b" outcome="Passed" testListId="8c84fa94-04c1-424b-9868-57a2d4851a1d" relativeResultsDirectory="6a8e6d9b-caea-4499-9149-9b21fff449e0">
      <Output>
        <DebugTrace>GET: http://192.168.137.50:8098/riak/BucketTest
HEAD: http://192.168.137.50:8098/riak/BucketTest/0
PUT: http://192.168.137.50:8098/riak/BucketTest/0
HEAD: http://192.168.137.50:8098/riak/BucketTest/1
PUT: http://192.168.137.50:8098/riak/BucketTest/1
HEAD: http://192.168.137.50:8098/riak/BucketTest/2
PUT: http://192.168.137.50:8098/riak/BucketTest/2
HEAD: http://192.168.137.50:8098/riak/BucketTest/3
PUT: http://192.168.137.50:8098/riak/BucketTest/3
HEAD: http://192.168.137.50:8098/riak/BucketTest/4
PUT: http://192.168.137.50:8098/riak/BucketTest/4
HEAD: http://192.168.137.50:8098/riak/BucketTest/5
PUT: http://192.168.137.50:8098/riak/BucketTest/5
HEAD: http://192.168.137.50:8098/riak/BucketTest/6
PUT: http://192.168.137.50:8098/riak/BucketTest/6
HEAD: http://192.168.137.50:8098/riak/BucketTest/7
PUT: http://192.168.137.50:8098/riak/BucketTest/7
HEAD: http://192.168.137.50:8098/riak/BucketTest/8
PUT: http://192.168.137.50:8098/riak/BucketTest/8
HEAD: http://192.168.137.50:8098/riak/BucketTest/9
PUT: http://192.168.137.50:8098/riak/BucketTest/9
GET: http://192.168.137.50:8098/riak/BucketTest
HEAD: http://192.168.137.50:8098/riak/BucketTest/0
X-Riak-Vclock: a85hYGBgzGDKBVIsbJf152YwJTLmsTIcnyB5lC8LAA==
DELETE: http://192.168.137.50:8098/riak/BucketTest/0
X-Riak-Vclock: a85hYGBgzGDKBVIsbJf152YwJTLmsTIcnyB5lC8LAA==
DELETE: http://192.168.137.50:8098/riak/BucketTest/0
HEAD: http://192.168.137.50:8098/riak/BucketTest/1
X-Riak-Vclock: a85hYGBgzGDKBVIsbJf152YwJTLmsTIcnyB5lC8LAA==
DELETE: http://192.168.137.50:8098/riak/BucketTest/1
X-Riak-Vclock: a85hYGBgzGDKBVIsbJf152YwJTLmsTIcnyB5lC8LAA==
DELETE: http://192.168.137.50:8098/riak/BucketTest/1
HEAD: http://192.168.137.50:8098/riak/BucketTest/2
X-Riak-Vclock: a85hYGBgzGDKBVIsbJf152YwJTLmsTIcnyB5lC8LAA==
DELETE: http://192.168.137.50:8098/riak/BucketTest/2
X-Riak-Vclock: a85hYGBgzGDKBVIsbJf152YwJTLmsTIcnyB5lC8LAA==
DELETE: http://192.168.137.50:8098/riak/BucketTest/2
HEAD: http://192.168.137.50:8098/riak/BucketTest/3
X-Riak-Vclock: a85hYGBgzGDKBVIsbJf152YwJTLmsTIcnyB5lC8LAA==
DELETE: http://192.168.137.50:8098/riak/BucketTest/3
X-Riak-Vclock: a85hYGBgzGDKBVIsbJf152YwJTLmsTIcnyB5lC8LAA==
DELETE: http://192.168.137.50:8098/riak/BucketTest/3
HEAD: http://192.168.137.50:8098/riak/BucketTest/4
X-Riak-Vclock: a85hYGBgzGDKBVIsbJf152YwJTLmsTIcnyB5lC8LAA==
DELETE: http://192.168.137.50:8098/riak/BucketTest/4
X-Riak-Vclock: a85hYGBgzGDKBVIsbJf152YwJTLmsTIcnyB5lC8LAA==
DELETE: http://192.168.137.50:8098/riak/BucketTest/4
HEAD: http://192.168.137.50:8098/riak/BucketTest/5
X-Riak-Vclock: a85hYGBgzGDKBVIsbJf152YwJTLmsTIcnyB5lC8LAA==
DELETE: http://192.168.137.50:8098/riak/BucketTest/5
X-Riak-Vclock: a85hYGBgzGDKBVIsbJf152YwJTLmsTIcnyB5lC8LAA==
DELETE: http://192.168.137.50:8098/riak/BucketTest/5
HEAD: http://192.168.137.50:8098/riak/BucketTest/6
X-Riak-Vclock: a85hYGBgzGDKBVIsbJf152YwJTLmsTIcnyB5lC8LAA==
DELETE: http://192.168.137.50:8098/riak/BucketTest/6
X-Riak-Vclock: a85hYGBgzGDKBVIsbJf152YwJTLmsTIcnyB5lC8LAA==
DELETE: http://192.168.137.50:8098/riak/BucketTest/6
HEAD: http://192.168.137.50:8098/riak/BucketTest/7
X-Riak-Vclock: a85hYGBgzGDKBVIsbJf152YwJTLmsTIcnyB5lC8LAA==
DELETE: http://192.168.137.50:8098/riak/BucketTest/7
X-Riak-Vclock: a85hYGBgzGDKBVIsbJf152YwJTLmsTIcnyB5lC8LAA==
DELETE: http://192.168.137.50:8098/riak/BucketTest/7
HEAD: http://192.168.137.50:8098/riak/BucketTest/8
X-Riak-Vclock: a85hYGBgzGDKBVIsbJf152YwJTLmsTIcnyB5lC8LAA==
DELETE: http://192.168.137.50:8098/riak/BucketTest/8
X-Riak-Vclock: a85hYGBgzGDKBVIsbJf152YwJTLmsTIcnyB5lC8LAA==
DELETE: http://192.168.137.50:8098/riak/BucketTest/8
HEAD: http://192.168.137.50:8098/riak/BucketTest/9
X-Riak-Vclock: a85hYGBgzGDKBVIsbJf152YwJTLmsTIcnyB5lC8LAA==
DELETE: http://192.168.137.50:8098/riak/BucketTest/9
X-Riak-Vclock: a85hYGBgzGDKBVIsbJf152YwJTLmsTIcnyB5lC8LAA==
DELETE: http://192.168.137.50:8098/riak/BucketTest/9
HEAD: http://192.168.137.50:8098/riak/BucketTest/0
DELETE: http://192.168.137.50:8098/riak/BucketTest/0
HEAD: http://192.168.137.50:8098/riak/BucketTest/1
DELETE: http://192.168.137.50:8098/riak/BucketTest/1
HEAD: http://192.168.137.50:8098/riak/BucketTest/2
DELETE: http://192.168.137.50:8098/riak/BucketTest/2
HEAD: http://192.168.137.50:8098/riak/BucketTest/3
DELETE: http://192.168.137.50:8098/riak/BucketTest/3
HEAD: http://192.168.137.50:8098/riak/BucketTest/4
DELETE: http://192.168.137.50:8098/riak/BucketTest/4
HEAD: http://192.168.137.50:8098/riak/BucketTest/5
DELETE: http://192.168.137.50:8098/riak/BucketTest/5
HEAD: http://192.168.137.50:8098/riak/BucketTest/6
DELETE: http://192.168.137.50:8098/riak/BucketTest/6
HEAD: http://192.168.137.50:8098/riak/BucketTest/7
DELETE: http://192.168.137.50:8098/riak/BucketTest/7
HEAD: http://192.168.137.50:8098/riak/BucketTest/8
DELETE: http://192.168.137.50:8098/riak/BucketTest/8
HEAD: http://192.168.137.50:8098/riak/BucketTest/9
DELETE: http://192.168.137.50:8098/riak/BucketTest/9
</DebugTrace>
      </Output>
    </UnitTestResult>
    <UnitTestResult executionId="0a360c94-b89f-4e79-bce7-68ea5e20ee30" testId="06a22416-08af-c0dc-b70f-5cec4761aa09" testName="ConflictOnNonMultiBucket" computerName="HORVICKW7" duration="00:00:00.3452676" startTime="2010-03-20T14:32:40.1190385-04:00" endTime="2010-03-20T14:32:40.4760589-04:00" testType="13cdc9d9-ddb5-4fa4-a97d-d965ccfc6d4b" outcome="Passed" testListId="8c84fa94-04c1-424b-9868-57a2d4851a1d" relativeResultsDirectory="0a360c94-b89f-4e79-bce7-68ea5e20ee30">
      <Output>
        <DebugTrace>GET: http://192.168.137.50:8098/riak/NonMultiBucket
HEAD: http://192.168.137.50:8098/riak/NonMultiBucket/54c0f230-6026-412d-aa3c-cb160a8cdf9d
PUT: http://192.168.137.50:8098/riak/NonMultiBucket/54c0f230-6026-412d-aa3c-cb160a8cdf9d
HEAD: http://192.168.137.50:8098/riak/NonMultiBucket/54c0f230-6026-412d-aa3c-cb160a8cdf9d
GET: http://192.168.137.50:8098/riak/NonMultiBucket/54c0f230-6026-412d-aa3c-cb160a8cdf9d
HEAD: http://192.168.137.50:8098/riak/NonMultiBucket/54c0f230-6026-412d-aa3c-cb160a8cdf9d
GET: http://192.168.137.50:8098/riak/NonMultiBucket/54c0f230-6026-412d-aa3c-cb160a8cdf9d
X-Riak-Vclock: a85hYGBgzGDKBVIsbAd7GzKYEhnzWBlOTJA8ypcFAA==
Link: 
PUT: http://192.168.137.50:8098/riak/NonMultiBucket/54c0f230-6026-412d-aa3c-cb160a8cdf9d
X-Riak-Vclock: a85hYGBgzGDKBVIsbAd7GzKYEhnzWBlOTJA8ypcFAA==
Link: 
PUT: http://192.168.137.50:8098/riak/NonMultiBucket/54c0f230-6026-412d-aa3c-cb160a8cdf9d
GET: http://192.168.137.50:8098/riak/NonMultiBucket/54c0f230-6026-412d-aa3c-cb160a8cdf9d
</DebugTrace>
      </Output>
    </UnitTestResult>
    <UnitTestResult executionId="ee6f222d-2c45-456c-9532-32e585981ed5" testId="33d4d279-34bd-6d5a-280e-4b82973def51" testName="SettingAllowMultiPersistsCorrectly" computerName="HORVICKW7" duration="00:00:00.8940779" startTime="2010-03-20T14:32:40.4940599-04:00" endTime="2010-03-20T14:32:41.4011118-04:00" testType="13cdc9d9-ddb5-4fa4-a97d-d965ccfc6d4b" outcome="Passed" testListId="8c84fa94-04c1-424b-9868-57a2d4851a1d" relativeResultsDirectory="ee6f222d-2c45-456c-9532-32e585981ed5">
      <Output>
        <DebugTrace>GET: http://192.168.137.50:8098/riak/SettingAllowMultiPersistsCorrectly
PUT: http://192.168.137.50:8098/riak/SettingAllowMultiPersistsCorrectly
GET: http://192.168.137.50:8098/riak/SettingAllowMultiPersistsCorrectly
PUT: http://192.168.137.50:8098/riak/SettingAllowMultiPersistsCorrectly
GET: http://192.168.137.50:8098/riak/SettingAllowMultiPersistsCorrectly
PUT: http://192.168.137.50:8098/riak/SettingAllowMultiPersistsCorrectly
GET: http://192.168.137.50:8098/riak/SettingAllowMultiPersistsCorrectly
</DebugTrace>
      </Output>
    </UnitTestResult>
    <UnitTestResult executionId="99c1d0d1-8861-4232-bc9a-f222263a2d3d" testId="beae7429-a6a2-4b8b-91b8-2242ec45c77a" testName="ConflictOnAllowMultiBucket" computerName="HORVICKW7" duration="00:00:00.3648509" startTime="2010-03-20T14:32:41.4141126-04:00" endTime="2010-03-20T14:32:41.7901341-04:00" testType="13cdc9d9-ddb5-4fa4-a97d-d965ccfc6d4b" outcome="Passed" testListId="8c84fa94-04c1-424b-9868-57a2d4851a1d" relativeResultsDirectory="99c1d0d1-8861-4232-bc9a-f222263a2d3d">
      <Output>
        <DebugTrace>GET: http://192.168.137.50:8098/riak/ConflictOnAllowMultiBucket
PUT: http://192.168.137.50:8098/riak/ConflictOnAllowMultiBucket
HEAD: http://192.168.137.50:8098/riak/ConflictOnAllowMultiBucket/b0060085-ed20-4fac-90b9-e96a6988d2d4
PUT: http://192.168.137.50:8098/riak/ConflictOnAllowMultiBucket/b0060085-ed20-4fac-90b9-e96a6988d2d4
HEAD: http://192.168.137.50:8098/riak/ConflictOnAllowMultiBucket/b0060085-ed20-4fac-90b9-e96a6988d2d4
GET: http://192.168.137.50:8098/riak/ConflictOnAllowMultiBucket/b0060085-ed20-4fac-90b9-e96a6988d2d4
HEAD: http://192.168.137.50:8098/riak/ConflictOnAllowMultiBucket/b0060085-ed20-4fac-90b9-e96a6988d2d4
GET: http://192.168.137.50:8098/riak/ConflictOnAllowMultiBucket/b0060085-ed20-4fac-90b9-e96a6988d2d4
X-Riak-Vclock: a85hYGBgzGDKBVIsbBO3x2UwJTLmsTKcnCB5lC8LAA==
Link: 
PUT: http://192.168.137.50:8098/riak/ConflictOnAllowMultiBucket/b0060085-ed20-4fac-90b9-e96a6988d2d4
X-Riak-Vclock: a85hYGBgzGDKBVIsbBO3x2UwJTLmsTKcnCB5lC8LAA==
Link: 
PUT: http://192.168.137.50:8098/riak/ConflictOnAllowMultiBucket/b0060085-ed20-4fac-90b9-e96a6988d2d4
HEAD: http://192.168.137.50:8098/riak/ConflictOnAllowMultiBucket/b0060085-ed20-4fac-90b9-e96a6988d2d4
HEAD: http://192.168.137.50:8098/riak/ConflictOnAllowMultiBucket/b0060085-ed20-4fac-90b9-e96a6988d2d4
HEAD: http://192.168.137.50:8098/riak/ConflictOnAllowMultiBucket/b0060085-ed20-4fac-90b9-e96a6988d2d4
</DebugTrace>
      </Output>
    </UnitTestResult>
    <UnitTestResult executionId="09595cba-be83-4ffb-9e1c-fb0175f44807" testId="7a71b779-6444-5633-f109-dc2d069ca31b" testName="GetAllSiblingsOnConflict" computerName="HORVICKW7" duration="00:00:00.4112761" startTime="2010-03-20T14:32:41.8011347-04:00" endTime="2010-03-20T14:32:42.2361596-04:00" testType="13cdc9d9-ddb5-4fa4-a97d-d965ccfc6d4b" outcome="Passed" testListId="8c84fa94-04c1-424b-9868-57a2d4851a1d" relativeResultsDirectory="09595cba-be83-4ffb-9e1c-fb0175f44807">
      <Output>
        <DebugTrace>GET: http://192.168.137.50:8098/riak/ConflictOnAllowMultiBucket
PUT: http://192.168.137.50:8098/riak/ConflictOnAllowMultiBucket
HEAD: http://192.168.137.50:8098/riak/ConflictOnAllowMultiBucket/1853ff66-61c5-44db-9b9b-cb01bd9ce7e1
PUT: http://192.168.137.50:8098/riak/ConflictOnAllowMultiBucket/1853ff66-61c5-44db-9b9b-cb01bd9ce7e1
HEAD: http://192.168.137.50:8098/riak/ConflictOnAllowMultiBucket/1853ff66-61c5-44db-9b9b-cb01bd9ce7e1
GET: http://192.168.137.50:8098/riak/ConflictOnAllowMultiBucket/1853ff66-61c5-44db-9b9b-cb01bd9ce7e1
HEAD: http://192.168.137.50:8098/riak/ConflictOnAllowMultiBucket/1853ff66-61c5-44db-9b9b-cb01bd9ce7e1
GET: http://192.168.137.50:8098/riak/ConflictOnAllowMultiBucket/1853ff66-61c5-44db-9b9b-cb01bd9ce7e1
X-Riak-Vclock: a85hYGBgzGDKBVIsrCYv/mYwJTLmsTKcmiB5lC8LAA==
Link: 
PUT: http://192.168.137.50:8098/riak/ConflictOnAllowMultiBucket/1853ff66-61c5-44db-9b9b-cb01bd9ce7e1
X-Riak-Vclock: a85hYGBgzGDKBVIsrCYv/mYwJTLmsTKcmiB5lC8LAA==
Link: 
PUT: http://192.168.137.50:8098/riak/ConflictOnAllowMultiBucket/1853ff66-61c5-44db-9b9b-cb01bd9ce7e1
HEAD: http://192.168.137.50:8098/riak/ConflictOnAllowMultiBucket/1853ff66-61c5-44db-9b9b-cb01bd9ce7e1
HEAD: http://192.168.137.50:8098/riak/ConflictOnAllowMultiBucket/1853ff66-61c5-44db-9b9b-cb01bd9ce7e1
HEAD: http://192.168.137.50:8098/riak/ConflictOnAllowMultiBucket/1853ff66-61c5-44db-9b9b-cb01bd9ce7e1
GET: http://192.168.137.50:8098/riak/ConflictOnAllowMultiBucket/1853ff66-61c5-44db-9b9b-cb01bd9ce7e1
HEAD: http://192.168.137.50:8098/riak/ConflictOnAllowMultiBucket/1853ff66-61c5-44db-9b9b-cb01bd9ce7e1?vtag=5zOrMSxPjVsntgdc8qg2Bq
HEAD: http://192.168.137.50:8098/riak/ConflictOnAllowMultiBucket/1853ff66-61c5-44db-9b9b-cb01bd9ce7e1?vtag=5zOrMSxPjVsntgdc8qg2Bq
GET: http://192.168.137.50:8098/riak/ConflictOnAllowMultiBucket/1853ff66-61c5-44db-9b9b-cb01bd9ce7e1?vtag=5zOrMSxPjVsntgdc8qg2Bq
GET: http://192.168.137.50:8098/riak/ConflictOnAllowMultiBucket/1853ff66-61c5-44db-9b9b-cb01bd9ce7e1?vtag=5zOrMSxPjVsntgdc8qg2Bq
</DebugTrace>
      </Output>
    </UnitTestResult>
    <UnitTestResult executionId="1cc48b6d-7b29-47b0-8abc-34b712eb149e" testId="30d12b1b-aa49-8c08-bd4a-866243aceb48" testName="LinkWithRelationalUri" computerName="HORVICKW7" duration="00:00:00.0031423" startTime="2010-03-20T14:32:42.2431600-04:00" endTime="2010-03-20T14:32:42.2561607-04:00" testType="13cdc9d9-ddb5-4fa4-a97d-d965ccfc6d4b" outcome="Passed" testListId="8c84fa94-04c1-424b-9868-57a2d4851a1d" relativeResultsDirectory="1cc48b6d-7b29-47b0-8abc-34b712eb149e">
    </UnitTestResult>
    <UnitTestResult executionId="07460dac-c5e2-4b2e-beab-57c26a7205c9" testId="d79ef6f9-4e22-e7f6-a37e-b0e7a8cab61d" testName="LinkWithMultipleParameters" computerName="HORVICKW7" duration="00:00:00.0010204" startTime="2010-03-20T14:32:42.3041635-04:00" endTime="2010-03-20T14:32:42.3171642-04:00" testType="13cdc9d9-ddb5-4fa4-a97d-d965ccfc6d4b" outcome="Passed" testListId="8c84fa94-04c1-424b-9868-57a2d4851a1d" relativeResultsDirectory="07460dac-c5e2-4b2e-beab-57c26a7205c9">
    </UnitTestResult>
    <UnitTestResult executionId="4579f7a9-d665-461b-a3f5-e2fd8c6197fb" testId="cb4b29f5-c7d3-2010-bb43-cecc9f41c474" testName="LinkOnNewKeyExistsAndParses" computerName="HORVICKW7" duration="00:00:00.2997924" startTime="2010-03-20T14:32:42.3321651-04:00" endTime="2010-03-20T14:32:42.6431829-04:00" testType="13cdc9d9-ddb5-4fa4-a97d-d965ccfc6d4b" outcome="Passed" testListId="8c84fa94-04c1-424b-9868-57a2d4851a1d" relativeResultsDirectory="4579f7a9-d665-461b-a3f5-e2fd8c6197fb">
      <Output>
        <DebugTrace>GET: http://192.168.137.50:8098/riak/BucketTest
HEAD: http://192.168.137.50:8098/riak/BucketTest/StringKey
PUT: http://192.168.137.50:8098/riak/BucketTest/StringKey
GET: http://192.168.137.50:8098/riak/BucketTest/StringKey
HEAD: http://192.168.137.50:8098/riak/BucketTest/StringKey
</DebugTrace>
      </Output>
    </UnitTestResult>
    <UnitTestResult executionId="8a4e5cab-98fd-4de9-9901-c3900768b2f8" testId="86d01318-0230-9e62-826b-6c3385d23407" testName="LinkOddlyFormedIsParsedAndNormalized" computerName="HORVICKW7" duration="00:00:00.0007479" startTime="2010-03-20T14:32:42.6531834-04:00" endTime="2010-03-20T14:32:42.6651841-04:00" testType="13cdc9d9-ddb5-4fa4-a97d-d965ccfc6d4b" outcome="Passed" testListId="8c84fa94-04c1-424b-9868-57a2d4851a1d" relativeResultsDirectory="8a4e5cab-98fd-4de9-9901-c3900768b2f8">
    </UnitTestResult>
    <UnitTestResult executionId="03756ee2-ffd5-4307-9bc3-7a29d3e36857" testId="80c6668e-527f-7ce0-c7fa-d368165124a1" testName="LinkCollectionOperationalTests" computerName="HORVICKW7" duration="00:00:00.0040147" startTime="2010-03-20T14:32:42.6731846-04:00" endTime="2010-03-20T14:32:42.6911856-04:00" testType="13cdc9d9-ddb5-4fa4-a97d-d965ccfc6d4b" outcome="Passed" testListId="8c84fa94-04c1-424b-9868-57a2d4851a1d" relativeResultsDirectory="03756ee2-ffd5-4307-9bc3-7a29d3e36857">
    </UnitTestResult>
    <UnitTestResult executionId="92488f9f-fbb0-4222-9f64-06d31ba19693" testId="d9c44692-30b5-c679-747b-7d385a54ef67" testName="LinkWithUnknownParameters" computerName="HORVICKW7" duration="00:00:00.0009546" startTime="2010-03-20T14:32:42.7001861-04:00" endTime="2010-03-20T14:32:42.7111868-04:00" testType="13cdc9d9-ddb5-4fa4-a97d-d965ccfc6d4b" outcome="Passed" testListId="8c84fa94-04c1-424b-9868-57a2d4851a1d" relativeResultsDirectory="92488f9f-fbb0-4222-9f64-06d31ba19693">
    </UnitTestResult>
    <UnitTestResult executionId="5dd8b65b-d4de-4e02-8ad6-16f97cfa684f" testId="8bc468f8-eee0-673a-92b7-930506440e84" testName="LinkRoundTripping" computerName="HORVICKW7" duration="00:00:00.0011323" startTime="2010-03-20T14:32:42.7201873-04:00" endTime="2010-03-20T14:32:42.7331880-04:00" testType="13cdc9d9-ddb5-4fa4-a97d-d965ccfc6d4b" outcome="Passed" testListId="8c84fa94-04c1-424b-9868-57a2d4851a1d" relativeResultsDirectory="5dd8b65b-d4de-4e02-8ad6-16f97cfa684f">
    </UnitTestResult>
    <UnitTestResult executionId="3e273d6f-8587-4cee-925b-cb5b14c6e320" testId="e59f5b3d-3a7c-4505-e293-67664a703224" testName="LinkFollowing" computerName="HORVICKW7" duration="00:00:00.6522373" startTime="2010-03-20T14:32:42.7411885-04:00" endTime="2010-03-20T14:32:43.4082266-04:00" testType="13cdc9d9-ddb5-4fa4-a97d-d965ccfc6d4b" outcome="Passed" testListId="8c84fa94-04c1-424b-9868-57a2d4851a1d" relativeResultsDirectory="3e273d6f-8587-4cee-925b-cb5b14c6e320">
      <Output>
        <DebugTrace>GET: http://192.168.137.50:8098/riak/Artist
HEAD: http://192.168.137.50:8098/riak/Artist/Miles%20Davis
X-Riak-Vclock: a85hYGBgzGDKBVIsrGmeohlMiUx5rAzzuiWP8mUBAA==
DELETE: http://192.168.137.50:8098/riak/Artist/Miles%20Davis
HEAD: http://192.168.137.50:8098/riak/Artist/Miles%20Davis
PUT: http://192.168.137.50:8098/riak/Artist/Miles%20Davis
HEAD: http://192.168.137.50:8098/riak/Artist/Miles%20Davis
GET: http://192.168.137.50:8098/riak/Album
HEAD: http://192.168.137.50:8098/riak/Album/Dig
X-Riak-Vclock: a85hYGBgzGDKBVIsrGmeohlMiUx5rAzzuiWP8mUBAA==
DELETE: http://192.168.137.50:8098/riak/Album/Dig
HEAD: http://192.168.137.50:8098/riak/Album/Conception
X-Riak-Vclock: a85hYGBgzGDKBVIsrGmeohlMiUx5rAzzuiWP8mUBAA==
DELETE: http://192.168.137.50:8098/riak/Album/Conception
HEAD: http://192.168.137.50:8098/riak/Album/Blue
X-Riak-Vclock: a85hYGBgzGDKBVIsrGmeohlMiUx5rAzzuiWP8mUBAA==
DELETE: http://192.168.137.50:8098/riak/Album/Blue
HEAD: http://192.168.137.50:8098/riak/Album/Kind%20of%20Blue
X-Riak-Vclock: a85hYGBgzGDKBVIsrGmeohlMiUx5rAzzuiWP8mUBAA==
DELETE: http://192.168.137.50:8098/riak/Album/Kind%20of%20Blue
HEAD: http://192.168.137.50:8098/riak/Album/Kind%20of%20Blue
PUT: http://192.168.137.50:8098/riak/Album/Kind%20of%20Blue
HEAD: http://192.168.137.50:8098/riak/Album/Kind%20of%20Blue
HEAD: http://192.168.137.50:8098/riak/Album/Conception
PUT: http://192.168.137.50:8098/riak/Album/Conception
HEAD: http://192.168.137.50:8098/riak/Album/Conception
HEAD: http://192.168.137.50:8098/riak/Album/Blue
PUT: http://192.168.137.50:8098/riak/Album/Blue
HEAD: http://192.168.137.50:8098/riak/Album/Blue
HEAD: http://192.168.137.50:8098/riak/Album/Dig
PUT: http://192.168.137.50:8098/riak/Album/Dig
HEAD: http://192.168.137.50:8098/riak/Album/Dig
X-Riak-Vclock: a85hYGBgzGDKBVIsbF94Z2QwJTLmsTKcmiB5lC8LAA==
Link: &lt;/riak/Album/Kind%20of%20Blue&gt;; riaktag="album", &lt;/riak/Album/Conception&gt;; riaktag="album", &lt;/riak/Album/Blue&gt;; riaktag="album", &lt;/riak/Album/Dig&gt;; riaktag="album"
PUT: http://192.168.137.50:8098/riak/Artist/Miles%20Davis
X-Riak-Vclock: a85hYGBgzGDKBVIsbF94Z2QwJTLmsTKcniB5lC8LAA==
Link: &lt;/riak/Artist/Miles%20Davis&gt;; riaktag="artist"
PUT: http://192.168.137.50:8098/riak/Album/Kind%20of%20Blue
X-Riak-Vclock: a85hYGBgzGDKBVIsbF94Z2QwJTLmsTKcniB5lC8LAA==
Link: &lt;/riak/Artist/Miles%20Davis&gt;; riaktag="artist"
PUT: http://192.168.137.50:8098/riak/Album/Conception
X-Riak-Vclock: a85hYGBgzGDKBVIsbF94Z2QwJTLmsTKcniB5lC8LAA==
Link: &lt;/riak/Artist/Miles%20Davis&gt;; riaktag="artist"
PUT: http://192.168.137.50:8098/riak/Album/Blue
X-Riak-Vclock: a85hYGBgzGDKBVIsbF94Z2QwJTLmsTKcniB5lC8LAA==
Link: &lt;/riak/Artist/Miles%20Davis&gt;; riaktag="artist"
PUT: http://192.168.137.50:8098/riak/Album/Dig
HEAD: http://192.168.137.50:8098/riak/Artist/Miles%20Davis
</DebugTrace>
      </Output>
    </UnitTestResult>
    <UnitTestResult executionId="8cd7f75c-d84e-4a9f-93cb-99f2634d9f50" testId="4312a9d7-4905-c365-94ac-da54845d713f" testName="GetAllTextData" computerName="HORVICKW7" duration="00:00:00.5855637" startTime="2010-03-20T14:32:43.4212274-04:00" endTime="2010-03-20T14:32:44.0172615-04:00" testType="13cdc9d9-ddb5-4fa4-a97d-d965ccfc6d4b" outcome="Failed" testListId="8c84fa94-04c1-424b-9868-57a2d4851a1d" relativeResultsDirectory="8cd7f75c-d84e-4a9f-93cb-99f2634d9f50">
      <Output>
        <DebugTrace>GET: http://192.168.137.50:8098/riak/41609e6d-3d65-47f4-872e-1f809770be4c
PUT: http://192.168.137.50:8098/riak/41609e6d-3d65-47f4-872e-1f809770be4c
HEAD: http://192.168.137.50:8098/riak/41609e6d-3d65-47f4-872e-1f809770be4c/AllTextKey
HEAD: http://192.168.137.50:8098/riak/41609e6d-3d65-47f4-872e-1f809770be4c/AllTextKey
HEAD: http://192.168.137.50:8098/riak/41609e6d-3d65-47f4-872e-1f809770be4c/AllTextKey
HEAD: http://192.168.137.50:8098/riak/41609e6d-3d65-47f4-872e-1f809770be4c/AllTextKey
PUT: http://192.168.137.50:8098/riak/41609e6d-3d65-47f4-872e-1f809770be4c/AllTextKey
PUT: http://192.168.137.50:8098/riak/41609e6d-3d65-47f4-872e-1f809770be4c/AllTextKey
PUT: http://192.168.137.50:8098/riak/41609e6d-3d65-47f4-872e-1f809770be4c/AllTextKey
PUT: http://192.168.137.50:8098/riak/41609e6d-3d65-47f4-872e-1f809770be4c/AllTextKey
GET: http://192.168.137.50:8098/riak/41609e6d-3d65-47f4-872e-1f809770be4c
GET: http://192.168.137.50:8098/riak/41609e6d-3d65-47f4-872e-1f809770be4c/AllTextKey
</DebugTrace>
        <ErrorInfo>
          <Message>Test method Riak.Tests.MultiPartResponseTests.GetAllTextData threw exception: 
System.NotImplementedException: The method or operation is not implemented.</Message>
          <StackTrace>    at Riak.Client.Bucket.LoadSiblingObjects(RiakHttpResponse response, String keyName) in c:\projects\Riak.Client\Riak.Client\Bucket.cs:line 126
   at Riak.Client.Bucket.GetAll(String keyName, Boolean lazy) in c:\projects\Riak.Client\Riak.Client\Bucket.cs:line 114
   at Riak.Tests.MultiPartResponseTests.GetAllTextData() in c:\projects\Riak.Client\Riak.Tests\MultiPartResponseTests.cs:line 55
</StackTrace>
        </ErrorInfo>
      </Output>
    </UnitTestResult>
  </Results>
</TestRun>