<?xml version="1.0" encoding="UTF-8"?>
<TestRun id="e6eb0b51-ab62-435f-9eed-29cb2725a688" name="Robert@HORVICKW7 2010-03-20 01:32:26" runUser="HORVICKW7\Robert" xmlns="http://microsoft.com/schemas/VisualStudio/TeamTest/2010">
  <TestSettings name="Local" id="cccf0ead-bb7b-4fa6-80c8-b697078887da">
    <Description>These are default test settings for a local test run.</Description>
    <Execution>
      <TestTypeSpecific>
        <UnitTestRunConfig testTypeId="13cdc9d9-ddb5-4fa4-a97d-d965ccfc6d4b">
          <AssemblyResolution>
            <TestDirectory useLoadContext="true" />
          </AssemblyResolution>
        </UnitTestRunConfig>
        <WebTestRunConfiguration testTypeId="4e7599fa-5ecb-43e9-a887-cd63cf72d207">
          <Browser name="Internet Explorer 7.0">
            <Headers>
              <Header name="User-Agent" value="Mozilla/4.0 (compatible; MSIE 7.0; Windows NT 5.1)" />
              <Header name="Accept" value="*/*" />
              <Header name="Accept-Language" value="{{$IEAcceptLanguage}}" />
              <Header name="Accept-Encoding" value="GZIP" />
            </Headers>
          </Browser>
        </WebTestRunConfiguration>
      </TestTypeSpecific>
      <AgentRule name="LocalMachineDefaultRole">
        <DataCollectors>
          <DataCollector uri="datacollector://microsoft/CodeCoverage/1.0" assemblyQualifiedName="Microsoft.VisualStudio.TestTools.CodeCoverage.CoveragePlugIn, Microsoft.VisualStudio.QualityTools.Plugins.CodeCoverage, Version=10.0.0.0, Culture=neutral, PublicKeyToken=b03f5f7f11d50a3a" friendlyName="Code Coverage">
            <Configuration>
              <CodeCoverage xmlns="">
                <Regular>
                  <CodeCoverageItem binaryFile="c:\projects\Riak.Client\Riak.Client\bin\Debug\Riak.Client.dll" pdbFile="c:\projects\Riak.Client\Riak.Client\bin\Debug\Riak.Client.instr.pdb" instrumentInPlace="true" />
                </Regular>
              </CodeCoverage>
            </Configuration>
          </DataCollector>
        </DataCollectors>
      </AgentRule>
    </Execution>
    <Deployment runDeploymentRoot="Robert_HORVICKW7 2010-03-20 01_32_26" />
  </TestSettings>
  <Times creation="2010-03-20T01:32:26.1134305-04:00" queuing="2010-03-20T01:32:28.0485412-04:00" start="2010-03-20T01:32:28.3295573-04:00" finish="2010-03-20T01:32:43.7254379-04:00" />
  <ResultSummary outcome="Completed">
    <Counters total="16" executed="16" passed="16" error="0" failed="0" timeout="0" aborted="0" inconclusive="0" passedButRunAborted="0" notRunnable="0" notExecuted="0" disconnected="0" warning="0" completed="0" inProgress="0" pending="0" />
    <ResultFiles>
      <ResultFile path="HORVICKW7\data.coverage" />
    </ResultFiles>
  </ResultSummary>
  <TestDefinitions>
    <UnitTest name="LinkWithMultipleParameters" storage="c:\projects\riak.client\riak.tests\bin\debug\riak.tests.dll" id="d79ef6f9-4e22-e7f6-a37e-b0e7a8cab61d">
      <Execution id="949e51e7-99bf-42e2-ba63-ceef74f6944c" />
      <TestMethod codeBase="c:/projects/Riak.Client/Riak.Tests/bin/Debug/Riak.Tests.DLL" adapterTypeName="Microsoft.VisualStudio.TestTools.TestTypes.Unit.UnitTestAdapter, Microsoft.VisualStudio.QualityTools.Tips.UnitTest.Adapter, Version=10.0.0.0, Culture=neutral, PublicKeyToken=b03f5f7f11d50a3a" className="Riak.Tests.LinkTests, Riak.Tests, Version=1.0.0.0, Culture=neutral, PublicKeyToken=null" name="LinkWithMultipleParameters" />
    </UnitTest>
    <UnitTest name="LinkFollowing" storage="c:\projects\riak.client\riak.tests\bin\debug\riak.tests.dll" id="e59f5b3d-3a7c-4505-e293-67664a703224">
      <Execution id="d2057404-e243-4774-8a3e-bbbc12130f31" />
      <TestMethod codeBase="c:/projects/Riak.Client/Riak.Tests/bin/Debug/Riak.Tests.DLL" adapterTypeName="Microsoft.VisualStudio.TestTools.TestTypes.Unit.UnitTestAdapter, Microsoft.VisualStudio.QualityTools.Tips.UnitTest.Adapter, Version=10.0.0.0, Culture=neutral, PublicKeyToken=b03f5f7f11d50a3a" className="Riak.Tests.LinkTests, Riak.Tests, Version=1.0.0.0, Culture=neutral, PublicKeyToken=null" name="LinkFollowing" />
    </UnitTest>
    <UnitTest name="SettingAllowMultiPersistsCorrectly" storage="c:\projects\riak.client\riak.tests\bin\debug\riak.tests.dll" id="33d4d279-34bd-6d5a-280e-4b82973def51">
      <Execution id="6de94aec-d41d-4bd8-81a3-1554d6cc9266" />
      <TestMethod codeBase="c:/projects/Riak.Client/Riak.Tests/bin/Debug/Riak.Tests.DLL" adapterTypeName="Microsoft.VisualStudio.TestTools.TestTypes.Unit.UnitTestAdapter, Microsoft.VisualStudio.QualityTools.Tips.UnitTest.Adapter, Version=10.0.0.0, Culture=neutral, PublicKeyToken=b03f5f7f11d50a3a" className="Riak.Tests.BucketTests, Riak.Tests, Version=1.0.0.0, Culture=neutral, PublicKeyToken=null" name="SettingAllowMultiPersistsCorrectly" />
    </UnitTest>
    <UnitTest name="LinkCollectionOperationalTests" storage="c:\projects\riak.client\riak.tests\bin\debug\riak.tests.dll" id="80c6668e-527f-7ce0-c7fa-d368165124a1">
      <Execution id="85c6c3ba-4693-4f3a-a05e-dd2e240275b1" />
      <TestMethod codeBase="c:/projects/Riak.Client/Riak.Tests/bin/Debug/Riak.Tests.DLL" adapterTypeName="Microsoft.VisualStudio.TestTools.TestTypes.Unit.UnitTestAdapter, Microsoft.VisualStudio.QualityTools.Tips.UnitTest.Adapter, Version=10.0.0.0, Culture=neutral, PublicKeyToken=b03f5f7f11d50a3a" className="Riak.Tests.LinkTests, Riak.Tests, Version=1.0.0.0, Culture=neutral, PublicKeyToken=null" name="LinkCollectionOperationalTests" />
    </UnitTest>
    <UnitTest name="GetAllSiblingsOnConflict" storage="c:\projects\riak.client\riak.tests\bin\debug\riak.tests.dll" id="7a71b779-6444-5633-f109-dc2d069ca31b">
      <Execution id="e4b3bf97-ca65-49ee-86ce-9edb788866ef" />
      <TestMethod codeBase="c:/projects/Riak.Client/Riak.Tests/bin/Debug/Riak.Tests.DLL" adapterTypeName="Microsoft.VisualStudio.TestTools.TestTypes.Unit.UnitTestAdapter, Microsoft.VisualStudio.QualityTools.Tips.UnitTest.Adapter, Version=10.0.0.0, Culture=neutral, PublicKeyToken=b03f5f7f11d50a3a" className="Riak.Tests.BucketTests, Riak.Tests, Version=1.0.0.0, Culture=neutral, PublicKeyToken=null" name="GetAllSiblingsOnConflict" />
    </UnitTest>
    <UnitTest name="SaveAStringKeyValue" storage="c:\projects\riak.client\riak.tests\bin\debug\riak.tests.dll" id="58939138-4342-8e72-2f65-c6ec6d5362d3">
      <Execution id="1e2f56a7-9c3d-41b4-a341-76c3a3bd06ea" />
      <TestMethod codeBase="c:/projects/Riak.Client/Riak.Tests/bin/Debug/Riak.Tests.DLL" adapterTypeName="Microsoft.VisualStudio.TestTools.TestTypes.Unit.UnitTestAdapter, Microsoft.VisualStudio.QualityTools.Tips.UnitTest.Adapter, Version=10.0.0.0, Culture=neutral, PublicKeyToken=b03f5f7f11d50a3a" className="Riak.Tests.BucketTests, Riak.Tests, Version=1.0.0.0, Culture=neutral, PublicKeyToken=null" name="SaveAStringKeyValue" />
    </UnitTest>
    <UnitTest name="LinkOddlyFormedIsParsedAndNormalized" storage="c:\projects\riak.client\riak.tests\bin\debug\riak.tests.dll" id="86d01318-0230-9e62-826b-6c3385d23407">
      <Execution id="60ec6228-c285-4af4-9cd3-3fbbfa9f40c7" />
      <TestMethod codeBase="c:/projects/Riak.Client/Riak.Tests/bin/Debug/Riak.Tests.DLL" adapterTypeName="Microsoft.VisualStudio.TestTools.TestTypes.Unit.UnitTestAdapter, Microsoft.VisualStudio.QualityTools.Tips.UnitTest.Adapter, Version=10.0.0.0, Culture=neutral, PublicKeyToken=b03f5f7f11d50a3a" className="Riak.Tests.LinkTests, Riak.Tests, Version=1.0.0.0, Culture=neutral, PublicKeyToken=null" name="LinkOddlyFormedIsParsedAndNormalized" />
    </UnitTest>
    <UnitTest name="SaveABinaryKeyValue" storage="c:\projects\riak.client\riak.tests\bin\debug\riak.tests.dll" id="4ad0d6cc-b6bb-6b71-fab7-7bd0c1927a9f">
      <Execution id="1bf05a0c-4d36-45f9-b038-5688e1ac963b" />
      <TestMethod codeBase="c:/projects/Riak.Client/Riak.Tests/bin/Debug/Riak.Tests.DLL" adapterTypeName="Microsoft.VisualStudio.TestTools.TestTypes.Unit.UnitTestAdapter, Microsoft.VisualStudio.QualityTools.Tips.UnitTest.Adapter, Version=10.0.0.0, Culture=neutral, PublicKeyToken=b03f5f7f11d50a3a" className="Riak.Tests.BucketTests, Riak.Tests, Version=1.0.0.0, Culture=neutral, PublicKeyToken=null" name="SaveABinaryKeyValue" />
    </UnitTest>
    <UnitTest name="LinkWithRelationalUri" storage="c:\projects\riak.client\riak.tests\bin\debug\riak.tests.dll" id="30d12b1b-aa49-8c08-bd4a-866243aceb48">
      <Execution id="23816784-665b-46ef-bfbe-f35f8a680904" />
      <TestMethod codeBase="c:/projects/Riak.Client/Riak.Tests/bin/Debug/Riak.Tests.DLL" adapterTypeName="Microsoft.VisualStudio.TestTools.TestTypes.Unit.UnitTestAdapter, Microsoft.VisualStudio.QualityTools.Tips.UnitTest.Adapter, Version=10.0.0.0, Culture=neutral, PublicKeyToken=b03f5f7f11d50a3a" className="Riak.Tests.LinkTests, Riak.Tests, Version=1.0.0.0, Culture=neutral, PublicKeyToken=null" name="LinkWithRelationalUri" />
    </UnitTest>
    <UnitTest name="ConflictOnAllowMultiBucket" storage="c:\projects\riak.client\riak.tests\bin\debug\riak.tests.dll" id="beae7429-a6a2-4b8b-91b8-2242ec45c77a">
      <Execution id="2feac6c4-6754-459c-935c-2c5c8431b2fb" />
      <TestMethod codeBase="c:/projects/Riak.Client/Riak.Tests/bin/Debug/Riak.Tests.DLL" adapterTypeName="Microsoft.VisualStudio.TestTools.TestTypes.Unit.UnitTestAdapter, Microsoft.VisualStudio.QualityTools.Tips.UnitTest.Adapter, Version=10.0.0.0, Culture=neutral, PublicKeyToken=b03f5f7f11d50a3a" className="Riak.Tests.BucketTests, Riak.Tests, Version=1.0.0.0, Culture=neutral, PublicKeyToken=null" name="ConflictOnAllowMultiBucket" />
    </UnitTest>
    <UnitTest name="LinkWithUnknownParameters" storage="c:\projects\riak.client\riak.tests\bin\debug\riak.tests.dll" id="d9c44692-30b5-c679-747b-7d385a54ef67">
      <Execution id="1d55c824-4d10-45ca-a71e-c452a40a1038" />
      <TestMethod codeBase="c:/projects/Riak.Client/Riak.Tests/bin/Debug/Riak.Tests.DLL" adapterTypeName="Microsoft.VisualStudio.TestTools.TestTypes.Unit.UnitTestAdapter, Microsoft.VisualStudio.QualityTools.Tips.UnitTest.Adapter, Version=10.0.0.0, Culture=neutral, PublicKeyToken=b03f5f7f11d50a3a" className="Riak.Tests.LinkTests, Riak.Tests, Version=1.0.0.0, Culture=neutral, PublicKeyToken=null" name="LinkWithUnknownParameters" />
    </UnitTest>
    <UnitTest name="LinkRoundTripping" storage="c:\projects\riak.client\riak.tests\bin\debug\riak.tests.dll" id="8bc468f8-eee0-673a-92b7-930506440e84">
      <Execution id="3c997d5c-12fa-4e9f-83e7-a6d0d44c5891" />
      <TestMethod codeBase="c:/projects/Riak.Client/Riak.Tests/bin/Debug/Riak.Tests.DLL" adapterTypeName="Microsoft.VisualStudio.TestTools.TestTypes.Unit.UnitTestAdapter, Microsoft.VisualStudio.QualityTools.Tips.UnitTest.Adapter, Version=10.0.0.0, Culture=neutral, PublicKeyToken=b03f5f7f11d50a3a" className="Riak.Tests.LinkTests, Riak.Tests, Version=1.0.0.0, Culture=neutral, PublicKeyToken=null" name="LinkRoundTripping" />
    </UnitTest>
    <UnitTest name="DeleteMissingKeys" storage="c:\projects\riak.client\riak.tests\bin\debug\riak.tests.dll" id="8adbc453-a093-0889-b145-79d2f69be902">
      <Execution id="0c2f1215-f570-4ce9-b834-9af682bfa30a" />
      <TestMethod codeBase="c:/projects/Riak.Client/Riak.Tests/bin/Debug/Riak.Tests.DLL" adapterTypeName="Microsoft.VisualStudio.TestTools.TestTypes.Unit.UnitTestAdapter, Microsoft.VisualStudio.QualityTools.Tips.UnitTest.Adapter, Version=10.0.0.0, Culture=neutral, PublicKeyToken=b03f5f7f11d50a3a" className="Riak.Tests.BucketTests, Riak.Tests, Version=1.0.0.0, Culture=neutral, PublicKeyToken=null" name="DeleteMissingKeys" />
    </UnitTest>
    <UnitTest name="DeleteExistingKeys" storage="c:\projects\riak.client\riak.tests\bin\debug\riak.tests.dll" id="ecb7a2ec-95c2-bcd4-9208-598a9a8227f1">
      <Execution id="563c126e-39a3-4d14-9855-cd2fd8aa4155" />
      <TestMethod codeBase="c:/projects/Riak.Client/Riak.Tests/bin/Debug/Riak.Tests.DLL" adapterTypeName="Microsoft.VisualStudio.TestTools.TestTypes.Unit.UnitTestAdapter, Microsoft.VisualStudio.QualityTools.Tips.UnitTest.Adapter, Version=10.0.0.0, Culture=neutral, PublicKeyToken=b03f5f7f11d50a3a" className="Riak.Tests.BucketTests, Riak.Tests, Version=1.0.0.0, Culture=neutral, PublicKeyToken=null" name="DeleteExistingKeys" />
    </UnitTest>
    <UnitTest name="ConflictOnNonMultiBucket" storage="c:\projects\riak.client\riak.tests\bin\debug\riak.tests.dll" id="06a22416-08af-c0dc-b70f-5cec4761aa09">
      <Execution id="26433c3d-d085-43d2-967c-8140ae64cba0" />
      <TestMethod codeBase="c:/projects/Riak.Client/Riak.Tests/bin/Debug/Riak.Tests.DLL" adapterTypeName="Microsoft.VisualStudio.TestTools.TestTypes.Unit.UnitTestAdapter, Microsoft.VisualStudio.QualityTools.Tips.UnitTest.Adapter, Version=10.0.0.0, Culture=neutral, PublicKeyToken=b03f5f7f11d50a3a" className="Riak.Tests.BucketTests, Riak.Tests, Version=1.0.0.0, Culture=neutral, PublicKeyToken=null" name="ConflictOnNonMultiBucket" />
    </UnitTest>
    <UnitTest name="LinkOnNewKeyExistsAndParses" storage="c:\projects\riak.client\riak.tests\bin\debug\riak.tests.dll" id="cb4b29f5-c7d3-2010-bb43-cecc9f41c474">
      <Execution id="7cf590f6-8541-4db5-9a3c-3dcbef8cd141" />
      <TestMethod codeBase="c:/projects/Riak.Client/Riak.Tests/bin/Debug/Riak.Tests.DLL" adapterTypeName="Microsoft.VisualStudio.TestTools.TestTypes.Unit.UnitTestAdapter, Microsoft.VisualStudio.QualityTools.Tips.UnitTest.Adapter, Version=10.0.0.0, Culture=neutral, PublicKeyToken=b03f5f7f11d50a3a" className="Riak.Tests.LinkTests, Riak.Tests, Version=1.0.0.0, Culture=neutral, PublicKeyToken=null" name="LinkOnNewKeyExistsAndParses" />
    </UnitTest>
  </TestDefinitions>
  <TestLists>
    <TestList name="Results Not in a List" id="8c84fa94-04c1-424b-9868-57a2d4851a1d" />
    <TestList name="All Loaded Results" id="19431567-8539-422a-85d7-44ee4e166bda" />
  </TestLists>
  <TestEntries>
    <TestEntry testId="58939138-4342-8e72-2f65-c6ec6d5362d3" executionId="1e2f56a7-9c3d-41b4-a341-76c3a3bd06ea" testListId="8c84fa94-04c1-424b-9868-57a2d4851a1d" />
    <TestEntry testId="4ad0d6cc-b6bb-6b71-fab7-7bd0c1927a9f" executionId="1bf05a0c-4d36-45f9-b038-5688e1ac963b" testListId="8c84fa94-04c1-424b-9868-57a2d4851a1d" />
    <TestEntry testId="ecb7a2ec-95c2-bcd4-9208-598a9a8227f1" executionId="563c126e-39a3-4d14-9855-cd2fd8aa4155" testListId="8c84fa94-04c1-424b-9868-57a2d4851a1d" />
    <TestEntry testId="8adbc453-a093-0889-b145-79d2f69be902" executionId="0c2f1215-f570-4ce9-b834-9af682bfa30a" testListId="8c84fa94-04c1-424b-9868-57a2d4851a1d" />
    <TestEntry testId="06a22416-08af-c0dc-b70f-5cec4761aa09" executionId="26433c3d-d085-43d2-967c-8140ae64cba0" testListId="8c84fa94-04c1-424b-9868-57a2d4851a1d" />
    <TestEntry testId="33d4d279-34bd-6d5a-280e-4b82973def51" executionId="6de94aec-d41d-4bd8-81a3-1554d6cc9266" testListId="8c84fa94-04c1-424b-9868-57a2d4851a1d" />
    <TestEntry testId="beae7429-a6a2-4b8b-91b8-2242ec45c77a" executionId="2feac6c4-6754-459c-935c-2c5c8431b2fb" testListId="8c84fa94-04c1-424b-9868-57a2d4851a1d" />
    <TestEntry testId="7a71b779-6444-5633-f109-dc2d069ca31b" executionId="e4b3bf97-ca65-49ee-86ce-9edb788866ef" testListId="8c84fa94-04c1-424b-9868-57a2d4851a1d" />
    <TestEntry testId="30d12b1b-aa49-8c08-bd4a-866243aceb48" executionId="23816784-665b-46ef-bfbe-f35f8a680904" testListId="8c84fa94-04c1-424b-9868-57a2d4851a1d" />
    <TestEntry testId="d79ef6f9-4e22-e7f6-a37e-b0e7a8cab61d" executionId="949e51e7-99bf-42e2-ba63-ceef74f6944c" testListId="8c84fa94-04c1-424b-9868-57a2d4851a1d" />
    <TestEntry testId="cb4b29f5-c7d3-2010-bb43-cecc9f41c474" executionId="7cf590f6-8541-4db5-9a3c-3dcbef8cd141" testListId="8c84fa94-04c1-424b-9868-57a2d4851a1d" />
    <TestEntry testId="86d01318-0230-9e62-826b-6c3385d23407" executionId="60ec6228-c285-4af4-9cd3-3fbbfa9f40c7" testListId="8c84fa94-04c1-424b-9868-57a2d4851a1d" />
    <TestEntry testId="80c6668e-527f-7ce0-c7fa-d368165124a1" executionId="85c6c3ba-4693-4f3a-a05e-dd2e240275b1" testListId="8c84fa94-04c1-424b-9868-57a2d4851a1d" />
    <TestEntry testId="d9c44692-30b5-c679-747b-7d385a54ef67" executionId="1d55c824-4d10-45ca-a71e-c452a40a1038" testListId="8c84fa94-04c1-424b-9868-57a2d4851a1d" />
    <TestEntry testId="8bc468f8-eee0-673a-92b7-930506440e84" executionId="3c997d5c-12fa-4e9f-83e7-a6d0d44c5891" testListId="8c84fa94-04c1-424b-9868-57a2d4851a1d" />
    <TestEntry testId="e59f5b3d-3a7c-4505-e293-67664a703224" executionId="d2057404-e243-4774-8a3e-bbbc12130f31" testListId="8c84fa94-04c1-424b-9868-57a2d4851a1d" />
  </TestEntries>
  <Results>
    <UnitTestResult executionId="1e2f56a7-9c3d-41b4-a341-76c3a3bd06ea" testId="58939138-4342-8e72-2f65-c6ec6d5362d3" testName="SaveAStringKeyValue" computerName="HORVICKW7" duration="00:00:00.7243819" startTime="2010-03-20T01:32:36.1700057-04:00" endTime="2010-03-20T01:32:37.4970816-04:00" testType="13cdc9d9-ddb5-4fa4-a97d-d965ccfc6d4b" outcome="Passed" testListId="8c84fa94-04c1-424b-9868-57a2d4851a1d" relativeResultsDirectory="1e2f56a7-9c3d-41b4-a341-76c3a3bd06ea">
      <Output>
        <DebugTrace>X-Riak-Vclock: a85hYGBgzGDKBVIsDBamuzOYEhnzWBlcL0kc5csCAA==
Link: &lt;/riak/BucketTest&gt;; rel="up"
</DebugTrace>
      </Output>
    </UnitTestResult>
    <UnitTestResult executionId="1bf05a0c-4d36-45f9-b038-5688e1ac963b" testId="4ad0d6cc-b6bb-6b71-fab7-7bd0c1927a9f" testName="SaveABinaryKeyValue" computerName="HORVICKW7" duration="00:00:00.3100889" startTime="2010-03-20T01:32:37.5810864-04:00" endTime="2010-03-20T01:32:37.9071051-04:00" testType="13cdc9d9-ddb5-4fa4-a97d-d965ccfc6d4b" outcome="Passed" testListId="8c84fa94-04c1-424b-9868-57a2d4851a1d" relativeResultsDirectory="1bf05a0c-4d36-45f9-b038-5688e1ac963b">
    </UnitTestResult>
    <UnitTestResult executionId="563c126e-39a3-4d14-9855-cd2fd8aa4155" testId="ecb7a2ec-95c2-bcd4-9208-598a9a8227f1" testName="DeleteExistingKeys" computerName="HORVICKW7" duration="00:00:00.5987338" startTime="2010-03-20T01:32:37.9371068-04:00" endTime="2010-03-20T01:32:38.5501419-04:00" testType="13cdc9d9-ddb5-4fa4-a97d-d965ccfc6d4b" outcome="Passed" testListId="8c84fa94-04c1-424b-9868-57a2d4851a1d" relativeResultsDirectory="563c126e-39a3-4d14-9855-cd2fd8aa4155">
      <Output>
        <DebugTrace>X-Riak-Vclock: a85hYGBgzGDKBVIsbPeaNmcwJTLmsTJ8vSlxlC8LAA==
X-Riak-Vclock: a85hYGBgymDKBVIsDBamuzOYEhnzWBlcL0kc5YMJW5sFQYW/3gQKZwEA
</DebugTrace>
      </Output>
    </UnitTestResult>
    <UnitTestResult executionId="0c2f1215-f570-4ce9-b834-9af682bfa30a" testId="8adbc453-a093-0889-b145-79d2f69be902" testName="DeleteMissingKeys" computerName="HORVICKW7" duration="00:00:00.8825365" startTime="2010-03-20T01:32:38.5551422-04:00" endTime="2010-03-20T01:32:39.4471932-04:00" testType="13cdc9d9-ddb5-4fa4-a97d-d965ccfc6d4b" outcome="Passed" testListId="8c84fa94-04c1-424b-9868-57a2d4851a1d" relativeResultsDirectory="0c2f1215-f570-4ce9-b834-9af682bfa30a">
      <Output>
        <DebugTrace>X-Riak-Vclock: a85hYGBgzGDKBVIs7B8Ou2YwJTLmsTJ8uylxlC8LAA==
X-Riak-Vclock: a85hYGBgzGDKBVIs7B8Ou2YwJTLmsTJ8uylxlC8LAA==
X-Riak-Vclock: a85hYGBgzGDKBVIs7B8Ou2YwJTLmsTJ8uylxlC8LAA==
X-Riak-Vclock: a85hYGBgzGDKBVIs7B8Ou2YwJTLmsTJ8uylxlC8LAA==
X-Riak-Vclock: a85hYGBgzGDKBVIs7B8Ou2YwJTLmsTJ8uylxlC8LAA==
X-Riak-Vclock: a85hYGBgzGDKBVIs7B8Ou2YwJTLmsTJ8uylxlC8LAA==
X-Riak-Vclock: a85hYGBgzGDKBVIs7B8Ou2YwJTLmsTJ8uylxlC8LAA==
X-Riak-Vclock: a85hYGBgzGDKBVIs7B8Ou2YwJTLmsTJ8uylxlC8LAA==
X-Riak-Vclock: a85hYGBgzGDKBVIs7B8Ou2YwJTLmsTJ8uylxlC8LAA==
X-Riak-Vclock: a85hYGBgzGDKBVIs7B8Ou2YwJTLmsTJ8uylxlC8LAA==
X-Riak-Vclock: a85hYGBgzGDKBVIs7B8Ou2YwJTLmsTJ8uylxlC8LAA==
X-Riak-Vclock: a85hYGBgzGDKBVIs7B8Ou2YwJTLmsTJ8uylxlC8LAA==
X-Riak-Vclock: a85hYGBgzGDKBVIs7B8Ou2YwJTLmsTJ8uylxlC8LAA==
X-Riak-Vclock: a85hYGBgzGDKBVIs7B8Ou2YwJTLmsTJ8uylxlC8LAA==
X-Riak-Vclock: a85hYGBgzGDKBVIs7B8Ou2YwJTLmsTJ8uylxlC8LAA==
X-Riak-Vclock: a85hYGBgzGDKBVIs7B8Ou2YwJTLmsTJ8uylxlC8LAA==
X-Riak-Vclock: a85hYGBgzGDKBVIs7B8Ou2YwJTLmsTJ8uylxlC8LAA==
X-Riak-Vclock: a85hYGBgzGDKBVIs7B8Ou2YwJTLmsTJ8uylxlC8LAA==
X-Riak-Vclock: a85hYGBgzGDKBVIs7B8Ou2YwJTLmsTJ8uylxlC8LAA==
X-Riak-Vclock: a85hYGBgzGDKBVIs7B8Ou2YwJTLmsTJ8uylxlC8LAA==
</DebugTrace>
      </Output>
    </UnitTestResult>
    <UnitTestResult executionId="26433c3d-d085-43d2-967c-8140ae64cba0" testId="06a22416-08af-c0dc-b70f-5cec4761aa09" testName="ConflictOnNonMultiBucket" computerName="HORVICKW7" duration="00:00:00.3343195" startTime="2010-03-20T01:32:39.4561937-04:00" endTime="2010-03-20T01:32:39.8002134-04:00" testType="13cdc9d9-ddb5-4fa4-a97d-d965ccfc6d4b" outcome="Passed" testListId="8c84fa94-04c1-424b-9868-57a2d4851a1d" relativeResultsDirectory="26433c3d-d085-43d2-967c-8140ae64cba0">
      <Output>
        <DebugTrace>X-Riak-Vclock: a85hYGBgzGDKBVIsrNH3pmYwJTLmsTJ8vylxlC8LAA==
Link: &lt;/riak/NonMultiBucket&gt;; rel="up"
X-Riak-Vclock: a85hYGBgzGDKBVIsrNH3pmYwJTLmsTJ8vylxlC8LAA==
Link: &lt;/riak/NonMultiBucket&gt;; rel="up"
</DebugTrace>
      </Output>
    </UnitTestResult>
    <UnitTestResult executionId="6de94aec-d41d-4bd8-81a3-1554d6cc9266" testId="33d4d279-34bd-6d5a-280e-4b82973def51" testName="SettingAllowMultiPersistsCorrectly" computerName="HORVICKW7" duration="00:00:00.7778516" startTime="2010-03-20T01:32:39.8132141-04:00" endTime="2010-03-20T01:32:40.6172601-04:00" testType="13cdc9d9-ddb5-4fa4-a97d-d965ccfc6d4b" outcome="Passed" testListId="8c84fa94-04c1-424b-9868-57a2d4851a1d" relativeResultsDirectory="6de94aec-d41d-4bd8-81a3-1554d6cc9266">
    </UnitTestResult>
    <UnitTestResult executionId="2feac6c4-6754-459c-935c-2c5c8431b2fb" testId="beae7429-a6a2-4b8b-91b8-2242ec45c77a" testName="ConflictOnAllowMultiBucket" computerName="HORVICKW7" duration="00:00:00.3279619" startTime="2010-03-20T01:32:40.6332610-04:00" endTime="2010-03-20T01:32:40.9722804-04:00" testType="13cdc9d9-ddb5-4fa4-a97d-d965ccfc6d4b" outcome="Passed" testListId="8c84fa94-04c1-424b-9868-57a2d4851a1d" relativeResultsDirectory="2feac6c4-6754-459c-935c-2c5c8431b2fb">
      <Output>
        <DebugTrace>X-Riak-Vclock: a85hYGBgzGDKBVIsjBbzuzOYEhnzWBl+3JQ4ypcFAA==
Link: &lt;/riak/ConflictOnAllowMultiBucket&gt;; rel="up"
X-Riak-Vclock: a85hYGBgzGDKBVIsjBbzuzOYEhnzWBl+3JQ4ypcFAA==
Link: &lt;/riak/ConflictOnAllowMultiBucket&gt;; rel="up"
</DebugTrace>
      </Output>
    </UnitTestResult>
    <UnitTestResult executionId="e4b3bf97-ca65-49ee-86ce-9edb788866ef" testId="7a71b779-6444-5633-f109-dc2d069ca31b" testName="GetAllSiblingsOnConflict" computerName="HORVICKW7" duration="00:00:00.3879516" startTime="2010-03-20T01:32:40.9962818-04:00" endTime="2010-03-20T01:32:41.4043051-04:00" testType="13cdc9d9-ddb5-4fa4-a97d-d965ccfc6d4b" outcome="Passed" testListId="8c84fa94-04c1-424b-9868-57a2d4851a1d" relativeResultsDirectory="e4b3bf97-ca65-49ee-86ce-9edb788866ef">
      <Output>
        <DebugTrace>X-Riak-Vclock: a85hYGBgzGDKBVIsTPlxohlMiYx5rAw/b0oc5csCAA==
Link: &lt;/riak/ConflictOnAllowMultiBucket&gt;; rel="up"
X-Riak-Vclock: a85hYGBgzGDKBVIsTPlxohlMiYx5rAw/b0oc5csCAA==
Link: &lt;/riak/ConflictOnAllowMultiBucket&gt;; rel="up"
</DebugTrace>
      </Output>
    </UnitTestResult>
    <UnitTestResult executionId="23816784-665b-46ef-bfbe-f35f8a680904" testId="30d12b1b-aa49-8c08-bd4a-866243aceb48" testName="LinkWithRelationalUri" computerName="HORVICKW7" duration="00:00:00.0073519" startTime="2010-03-20T01:32:41.4363070-04:00" endTime="2010-03-20T01:32:41.4533079-04:00" testType="13cdc9d9-ddb5-4fa4-a97d-d965ccfc6d4b" outcome="Passed" testListId="8c84fa94-04c1-424b-9868-57a2d4851a1d" relativeResultsDirectory="23816784-665b-46ef-bfbe-f35f8a680904">
    </UnitTestResult>
    <UnitTestResult executionId="949e51e7-99bf-42e2-ba63-ceef74f6944c" testId="d79ef6f9-4e22-e7f6-a37e-b0e7a8cab61d" testName="LinkWithMultipleParameters" computerName="HORVICKW7" duration="00:00:00.0007473" startTime="2010-03-20T01:32:41.4613084-04:00" endTime="2010-03-20T01:32:41.4773093-04:00" testType="13cdc9d9-ddb5-4fa4-a97d-d965ccfc6d4b" outcome="Passed" testListId="8c84fa94-04c1-424b-9868-57a2d4851a1d" relativeResultsDirectory="949e51e7-99bf-42e2-ba63-ceef74f6944c">
    </UnitTestResult>
    <UnitTestResult executionId="7cf590f6-8541-4db5-9a3c-3dcbef8cd141" testId="cb4b29f5-c7d3-2010-bb43-cecc9f41c474" testName="LinkOnNewKeyExistsAndParses" computerName="HORVICKW7" duration="00:00:00.2767865" startTime="2010-03-20T01:32:41.4853098-04:00" endTime="2010-03-20T01:32:41.7733262-04:00" testType="13cdc9d9-ddb5-4fa4-a97d-d965ccfc6d4b" outcome="Passed" testListId="8c84fa94-04c1-424b-9868-57a2d4851a1d" relativeResultsDirectory="7cf590f6-8541-4db5-9a3c-3dcbef8cd141">
    </UnitTestResult>
    <UnitTestResult executionId="60ec6228-c285-4af4-9cd3-3fbbfa9f40c7" testId="86d01318-0230-9e62-826b-6c3385d23407" testName="LinkOddlyFormedIsParsedAndNormalized" computerName="HORVICKW7" duration="00:00:00.0104801" startTime="2010-03-20T01:32:41.7953275-04:00" endTime="2010-03-20T01:32:41.8363298-04:00" testType="13cdc9d9-ddb5-4fa4-a97d-d965ccfc6d4b" outcome="Passed" testListId="8c84fa94-04c1-424b-9868-57a2d4851a1d" relativeResultsDirectory="60ec6228-c285-4af4-9cd3-3fbbfa9f40c7">
    </UnitTestResult>
    <UnitTestResult executionId="85c6c3ba-4693-4f3a-a05e-dd2e240275b1" testId="80c6668e-527f-7ce0-c7fa-d368165124a1" testName="LinkCollectionOperationalTests" computerName="HORVICKW7" duration="00:00:00.0034213" startTime="2010-03-20T01:32:41.8583311-04:00" endTime="2010-03-20T01:32:41.8753321-04:00" testType="13cdc9d9-ddb5-4fa4-a97d-d965ccfc6d4b" outcome="Passed" testListId="8c84fa94-04c1-424b-9868-57a2d4851a1d" relativeResultsDirectory="85c6c3ba-4693-4f3a-a05e-dd2e240275b1">
    </UnitTestResult>
    <UnitTestResult executionId="1d55c824-4d10-45ca-a71e-c452a40a1038" testId="d9c44692-30b5-c679-747b-7d385a54ef67" testName="LinkWithUnknownParameters" computerName="HORVICKW7" duration="00:00:00.0023251" startTime="2010-03-20T01:32:41.8843326-04:00" endTime="2010-03-20T01:32:41.9003335-04:00" testType="13cdc9d9-ddb5-4fa4-a97d-d965ccfc6d4b" outcome="Passed" testListId="8c84fa94-04c1-424b-9868-57a2d4851a1d" relativeResultsDirectory="1d55c824-4d10-45ca-a71e-c452a40a1038">
    </UnitTestResult>
    <UnitTestResult executionId="3c997d5c-12fa-4e9f-83e7-a6d0d44c5891" testId="8bc468f8-eee0-673a-92b7-930506440e84" testName="LinkRoundTripping" computerName="HORVICKW7" duration="00:00:00.0026176" startTime="2010-03-20T01:32:41.9153344-04:00" endTime="2010-03-20T01:32:41.9303352-04:00" testType="13cdc9d9-ddb5-4fa4-a97d-d965ccfc6d4b" outcome="Passed" testListId="8c84fa94-04c1-424b-9868-57a2d4851a1d" relativeResultsDirectory="3c997d5c-12fa-4e9f-83e7-a6d0d44c5891">
    </UnitTestResult>
    <UnitTestResult executionId="d2057404-e243-4774-8a3e-bbbc12130f31" testId="e59f5b3d-3a7c-4505-e293-67664a703224" testName="LinkFollowing" computerName="HORVICKW7" duration="00:00:00.5690499" startTime="2010-03-20T01:32:41.9403358-04:00" endTime="2010-03-20T01:32:42.5213690-04:00" testType="13cdc9d9-ddb5-4fa4-a97d-d965ccfc6d4b" outcome="Passed" testListId="8c84fa94-04c1-424b-9868-57a2d4851a1d" relativeResultsDirectory="d2057404-e243-4774-8a3e-bbbc12130f31">
      <Output>
        <DebugTrace>X-Riak-Vclock: a85hYGBgzGDKBVIs7Pmrz2cwJTLlsTI8vClxlC8LAA==
X-Riak-Vclock: a85hYGBgzGDKBVIs7Pmrz2cwJTLlsTI8vClxlC8LAA==
X-Riak-Vclock: a85hYGBgzGDKBVIs7Pmrz2cwJTLlsTI8vClxlC8LAA==
X-Riak-Vclock: a85hYGBgzGDKBVIs7Pmrz2cwJTLlsTI8vClxlC8LAA==
X-Riak-Vclock: a85hYGBgzGDKBVIs7Pmrz2cwJTLlsTI8vClxlC8LAA==
X-Riak-Vclock: a85hYGBgzGDKBVIszIFcfzKYEhnzWBl+3ZQ4ypcFAA==
Link: &lt;/riak/Artist&gt;; rel="up", &lt;/riak/Album/Kind%20of%20Blue&gt;; riaktag="album", &lt;/riak/Album/Conception&gt;; riaktag="album", &lt;/riak/Album/Blue&gt;; riaktag="album", &lt;/riak/Album/Dig&gt;; riaktag="album"
X-Riak-Vclock: a85hYGBgzGDKBVIszIFcfzKYEhnzWBl+3ZQ4ypcFAA==
Link: &lt;/riak/Album&gt;; rel="up", &lt;/riak/Artist/Miles%20Davis&gt;; riaktag="artist"
X-Riak-Vclock: a85hYGBgzGDKBVIszIFcfzKYEhnzWBl+3ZQ4ypcFAA==
Link: &lt;/riak/Album&gt;; rel="up", &lt;/riak/Artist/Miles%20Davis&gt;; riaktag="artist"
X-Riak-Vclock: a85hYGBgzGDKBVIszIFcfzKYEhnzWBl+3ZQ4ypcFAA==
Link: &lt;/riak/Album&gt;; rel="up", &lt;/riak/Artist/Miles%20Davis&gt;; riaktag="artist"
X-Riak-Vclock: a85hYGBgzGDKBVIszIFcfzKYEhnzWBl+3ZQ4ypcFAA==
Link: &lt;/riak/Album&gt;; rel="up", &lt;/riak/Artist/Miles%20Davis&gt;; riaktag="artist"
</DebugTrace>
      </Output>
    </UnitTestResult>
  </Results>
</TestRun>