<?xml version="1.0" encoding="UTF-8"?>
<TestRun id="add4cad9-3864-4589-a742-9a7568837c6a" name="Robert@HORVICKW7 2010-03-19 16:30:55" runUser="HORVICKW7\Robert" xmlns="http://microsoft.com/schemas/VisualStudio/TeamTest/2010">
  <TestSettings name="Local" id="cccf0ead-bb7b-4fa6-80c8-b697078887da">
    <Description>These are default test settings for a local test run.</Description>
    <Execution>
      <TestTypeSpecific>
        <UnitTestRunConfig testTypeId="13cdc9d9-ddb5-4fa4-a97d-d965ccfc6d4b">
          <AssemblyResolution>
            <TestDirectory useLoadContext="true" />
          </AssemblyResolution>
        </UnitTestRunConfig>
        <WebTestRunConfiguration testTypeId="4e7599fa-5ecb-43e9-a887-cd63cf72d207">
          <Browser name="Internet Explorer 7.0">
            <Headers>
              <Header name="User-Agent" value="Mozilla/4.0 (compatible; MSIE 7.0; Windows NT 5.1)" />
              <Header name="Accept" value="*/*" />
              <Header name="Accept-Language" value="{{$IEAcceptLanguage}}" />
              <Header name="Accept-Encoding" value="GZIP" />
            </Headers>
          </Browser>
        </WebTestRunConfiguration>
      </TestTypeSpecific>
      <AgentRule name="LocalMachineDefaultRole">
        <DataCollectors>
          <DataCollector uri="datacollector://microsoft/CodeCoverage/1.0" assemblyQualifiedName="Microsoft.VisualStudio.TestTools.CodeCoverage.CoveragePlugIn, Microsoft.VisualStudio.QualityTools.Plugins.CodeCoverage, Version=10.0.0.0, Culture=neutral, PublicKeyToken=b03f5f7f11d50a3a" friendlyName="Code Coverage" enabled="false">
            <Configuration>
              <CodeCoverage xmlns="">
                <Regular>
                  <CodeCoverageItem binaryFile="Riak.Client\bin\Debug\Riak.Client.dll" pdbFile="Riak.Client\bin\Debug\Riak.Client.pdb" instrumentInPlace="true" />
                </Regular>
              </CodeCoverage>
            </Configuration>
          </DataCollector>
        </DataCollectors>
      </AgentRule>
    </Execution>
    <Deployment runDeploymentRoot="Robert_HORVICKW7 2010-03-19 16_30_55" />
  </TestSettings>
  <Times creation="2010-03-19T16:30:55.4320699-04:00" queuing="2010-03-19T16:31:11.7910055-04:00" start="2010-03-19T16:31:14.8591810-04:00" finish="2010-03-19T16:32:49.0865705-04:00" />
  <ResultSummary outcome="Failed">
    <Counters total="8" executed="8" passed="7" error="0" failed="1" timeout="0" aborted="0" inconclusive="0" passedButRunAborted="0" notRunnable="0" notExecuted="0" disconnected="0" warning="0" completed="0" inProgress="0" pending="0" />
  </ResultSummary>
  <TestDefinitions>
    <UnitTest name="SaveABinaryKeyValue" storage="c:\projects\riak.client\riak.tests\bin\debug\riak.tests.dll" id="4ad0d6cc-b6bb-6b71-fab7-7bd0c1927a9f">
      <Execution id="90488c0b-3674-4001-a07c-9db477d1917c" />
      <TestMethod codeBase="c:/projects/Riak.Client/Riak.Tests/bin/Debug/Riak.Tests.DLL" adapterTypeName="Microsoft.VisualStudio.TestTools.TestTypes.Unit.UnitTestAdapter, Microsoft.VisualStudio.QualityTools.Tips.UnitTest.Adapter, Version=10.0.0.0, Culture=neutral, PublicKeyToken=b03f5f7f11d50a3a" className="Riak.Tests.BucketTests, Riak.Tests, Version=1.0.0.0, Culture=neutral, PublicKeyToken=null" name="SaveABinaryKeyValue" />
    </UnitTest>
    <UnitTest name="SaveAStringKeyValue" storage="c:\projects\riak.client\riak.tests\bin\debug\riak.tests.dll" id="58939138-4342-8e72-2f65-c6ec6d5362d3">
      <Execution id="1ce583e2-4c96-4298-9f41-c86799308078" />
      <TestMethod codeBase="c:/projects/Riak.Client/Riak.Tests/bin/Debug/Riak.Tests.DLL" adapterTypeName="Microsoft.VisualStudio.TestTools.TestTypes.Unit.UnitTestAdapter, Microsoft.VisualStudio.QualityTools.Tips.UnitTest.Adapter, Version=10.0.0.0, Culture=neutral, PublicKeyToken=b03f5f7f11d50a3a" className="Riak.Tests.BucketTests, Riak.Tests, Version=1.0.0.0, Culture=neutral, PublicKeyToken=null" name="SaveAStringKeyValue" />
    </UnitTest>
    <UnitTest name="ConflictOnAllowMultiBucket" storage="c:\projects\riak.client\riak.tests\bin\debug\riak.tests.dll" id="beae7429-a6a2-4b8b-91b8-2242ec45c77a">
      <Execution id="c53c38bc-1a07-4236-93ec-b3575410a6c2" />
      <TestMethod codeBase="c:/projects/Riak.Client/Riak.Tests/bin/Debug/Riak.Tests.DLL" adapterTypeName="Microsoft.VisualStudio.TestTools.TestTypes.Unit.UnitTestAdapter, Microsoft.VisualStudio.QualityTools.Tips.UnitTest.Adapter, Version=10.0.0.0, Culture=neutral, PublicKeyToken=b03f5f7f11d50a3a" className="Riak.Tests.BucketTests, Riak.Tests, Version=1.0.0.0, Culture=neutral, PublicKeyToken=null" name="ConflictOnAllowMultiBucket" />
    </UnitTest>
    <UnitTest name="ConflictOnNonMultiBucket" storage="c:\projects\riak.client\riak.tests\bin\debug\riak.tests.dll" id="06a22416-08af-c0dc-b70f-5cec4761aa09">
      <Execution id="d71171d0-0543-468f-90b3-6adf9e210347" />
      <TestMethod codeBase="c:/projects/Riak.Client/Riak.Tests/bin/Debug/Riak.Tests.DLL" adapterTypeName="Microsoft.VisualStudio.TestTools.TestTypes.Unit.UnitTestAdapter, Microsoft.VisualStudio.QualityTools.Tips.UnitTest.Adapter, Version=10.0.0.0, Culture=neutral, PublicKeyToken=b03f5f7f11d50a3a" className="Riak.Tests.BucketTests, Riak.Tests, Version=1.0.0.0, Culture=neutral, PublicKeyToken=null" name="ConflictOnNonMultiBucket" />
    </UnitTest>
    <UnitTest name="DeleteExistingKeys" storage="c:\projects\riak.client\riak.tests\bin\debug\riak.tests.dll" id="ecb7a2ec-95c2-bcd4-9208-598a9a8227f1">
      <Execution id="473076f6-79e4-4db6-8a3b-766d5bb9427c" />
      <TestMethod codeBase="c:/projects/Riak.Client/Riak.Tests/bin/Debug/Riak.Tests.DLL" adapterTypeName="Microsoft.VisualStudio.TestTools.TestTypes.Unit.UnitTestAdapter, Microsoft.VisualStudio.QualityTools.Tips.UnitTest.Adapter, Version=10.0.0.0, Culture=neutral, PublicKeyToken=b03f5f7f11d50a3a" className="Riak.Tests.BucketTests, Riak.Tests, Version=1.0.0.0, Culture=neutral, PublicKeyToken=null" name="DeleteExistingKeys" />
    </UnitTest>
    <UnitTest name="DeleteMissingKeys" storage="c:\projects\riak.client\riak.tests\bin\debug\riak.tests.dll" id="8adbc453-a093-0889-b145-79d2f69be902">
      <Execution id="aa6370dc-676b-4908-a11f-807ac821faf2" />
      <TestMethod codeBase="c:/projects/Riak.Client/Riak.Tests/bin/Debug/Riak.Tests.DLL" adapterTypeName="Microsoft.VisualStudio.TestTools.TestTypes.Unit.UnitTestAdapter, Microsoft.VisualStudio.QualityTools.Tips.UnitTest.Adapter, Version=10.0.0.0, Culture=neutral, PublicKeyToken=b03f5f7f11d50a3a" className="Riak.Tests.BucketTests, Riak.Tests, Version=1.0.0.0, Culture=neutral, PublicKeyToken=null" name="DeleteMissingKeys" />
    </UnitTest>
    <UnitTest name="SettingAllowMultiPersistsCorrectly" storage="c:\projects\riak.client\riak.tests\bin\debug\riak.tests.dll" id="33d4d279-34bd-6d5a-280e-4b82973def51">
      <Execution id="e0f5dfea-6dff-4467-b5e0-a501a7b863a3" />
      <TestMethod codeBase="c:/projects/Riak.Client/Riak.Tests/bin/Debug/Riak.Tests.DLL" adapterTypeName="Microsoft.VisualStudio.TestTools.TestTypes.Unit.UnitTestAdapter, Microsoft.VisualStudio.QualityTools.Tips.UnitTest.Adapter, Version=10.0.0.0, Culture=neutral, PublicKeyToken=b03f5f7f11d50a3a" className="Riak.Tests.BucketTests, Riak.Tests, Version=1.0.0.0, Culture=neutral, PublicKeyToken=null" name="SettingAllowMultiPersistsCorrectly" />
    </UnitTest>
    <UnitTest name="GetAllSiblingsOnConflict" storage="c:\projects\riak.client\riak.tests\bin\debug\riak.tests.dll" id="7a71b779-6444-5633-f109-dc2d069ca31b">
      <Execution id="14efa905-0f05-42cd-9909-b97edda080b1" />
      <TestMethod codeBase="c:/projects/Riak.Client/Riak.Tests/bin/Debug/Riak.Tests.DLL" adapterTypeName="Microsoft.VisualStudio.TestTools.TestTypes.Unit.UnitTestAdapter, Microsoft.VisualStudio.QualityTools.Tips.UnitTest.Adapter, Version=10.0.0.0, Culture=neutral, PublicKeyToken=b03f5f7f11d50a3a" className="Riak.Tests.BucketTests, Riak.Tests, Version=1.0.0.0, Culture=neutral, PublicKeyToken=null" name="GetAllSiblingsOnConflict" />
    </UnitTest>
  </TestDefinitions>
  <TestLists>
    <TestList name="Results Not in a List" id="8c84fa94-04c1-424b-9868-57a2d4851a1d" />
    <TestList name="All Loaded Results" id="19431567-8539-422a-85d7-44ee4e166bda" />
  </TestLists>
  <TestEntries>
    <TestEntry testId="58939138-4342-8e72-2f65-c6ec6d5362d3" executionId="1ce583e2-4c96-4298-9f41-c86799308078" testListId="8c84fa94-04c1-424b-9868-57a2d4851a1d" />
    <TestEntry testId="4ad0d6cc-b6bb-6b71-fab7-7bd0c1927a9f" executionId="90488c0b-3674-4001-a07c-9db477d1917c" testListId="8c84fa94-04c1-424b-9868-57a2d4851a1d" />
    <TestEntry testId="ecb7a2ec-95c2-bcd4-9208-598a9a8227f1" executionId="473076f6-79e4-4db6-8a3b-766d5bb9427c" testListId="8c84fa94-04c1-424b-9868-57a2d4851a1d" />
    <TestEntry testId="8adbc453-a093-0889-b145-79d2f69be902" executionId="aa6370dc-676b-4908-a11f-807ac821faf2" testListId="8c84fa94-04c1-424b-9868-57a2d4851a1d" />
    <TestEntry testId="06a22416-08af-c0dc-b70f-5cec4761aa09" executionId="d71171d0-0543-468f-90b3-6adf9e210347" testListId="8c84fa94-04c1-424b-9868-57a2d4851a1d" />
    <TestEntry testId="33d4d279-34bd-6d5a-280e-4b82973def51" executionId="e0f5dfea-6dff-4467-b5e0-a501a7b863a3" testListId="8c84fa94-04c1-424b-9868-57a2d4851a1d" />
    <TestEntry testId="beae7429-a6a2-4b8b-91b8-2242ec45c77a" executionId="c53c38bc-1a07-4236-93ec-b3575410a6c2" testListId="8c84fa94-04c1-424b-9868-57a2d4851a1d" />
    <TestEntry testId="7a71b779-6444-5633-f109-dc2d069ca31b" executionId="14efa905-0f05-42cd-9909-b97edda080b1" testListId="8c84fa94-04c1-424b-9868-57a2d4851a1d" />
  </TestEntries>
  <Results>
    <UnitTestResult executionId="1ce583e2-4c96-4298-9f41-c86799308078" testId="58939138-4342-8e72-2f65-c6ec6d5362d3" testName="SaveAStringKeyValue" computerName="HORVICKW7" duration="00:00:00.7270706" startTime="2010-03-19T16:31:16.1162529-04:00" endTime="2010-03-19T16:31:32.1281688-04:00" testType="13cdc9d9-ddb5-4fa4-a97d-d965ccfc6d4b" outcome="Passed" testListId="8c84fa94-04c1-424b-9868-57a2d4851a1d" relativeResultsDirectory="1ce583e2-4c96-4298-9f41-c86799308078">
    </UnitTestResult>
    <UnitTestResult executionId="90488c0b-3674-4001-a07c-9db477d1917c" testId="4ad0d6cc-b6bb-6b71-fab7-7bd0c1927a9f" testName="SaveABinaryKeyValue" computerName="HORVICKW7" duration="00:00:00.3526509" startTime="2010-03-19T16:31:32.1891722-04:00" endTime="2010-03-19T16:31:32.5721942-04:00" testType="13cdc9d9-ddb5-4fa4-a97d-d965ccfc6d4b" outcome="Passed" testListId="8c84fa94-04c1-424b-9868-57a2d4851a1d" relativeResultsDirectory="90488c0b-3674-4001-a07c-9db477d1917c">
    </UnitTestResult>
    <UnitTestResult executionId="473076f6-79e4-4db6-8a3b-766d5bb9427c" testId="ecb7a2ec-95c2-bcd4-9208-598a9a8227f1" testName="DeleteExistingKeys" computerName="HORVICKW7" duration="00:00:00.5908790" startTime="2010-03-19T16:31:32.6281974-04:00" endTime="2010-03-19T16:31:33.2532331-04:00" testType="13cdc9d9-ddb5-4fa4-a97d-d965ccfc6d4b" outcome="Passed" testListId="8c84fa94-04c1-424b-9868-57a2d4851a1d" relativeResultsDirectory="473076f6-79e4-4db6-8a3b-766d5bb9427c">
    </UnitTestResult>
    <UnitTestResult executionId="aa6370dc-676b-4908-a11f-807ac821faf2" testId="8adbc453-a093-0889-b145-79d2f69be902" testName="DeleteMissingKeys" computerName="HORVICKW7" duration="00:00:02.4224657" startTime="2010-03-19T16:31:33.2992357-04:00" endTime="2010-03-19T16:31:35.7453756-04:00" testType="13cdc9d9-ddb5-4fa4-a97d-d965ccfc6d4b" outcome="Passed" testListId="8c84fa94-04c1-424b-9868-57a2d4851a1d" relativeResultsDirectory="aa6370dc-676b-4908-a11f-807ac821faf2">
    </UnitTestResult>
    <UnitTestResult executionId="d71171d0-0543-468f-90b3-6adf9e210347" testId="06a22416-08af-c0dc-b70f-5cec4761aa09" testName="ConflictOnNonMultiBucket" computerName="HORVICKW7" duration="00:00:00.5167142" startTime="2010-03-19T16:31:35.7683770-04:00" endTime="2010-03-19T16:31:36.3094079-04:00" testType="13cdc9d9-ddb5-4fa4-a97d-d965ccfc6d4b" outcome="Passed" testListId="8c84fa94-04c1-424b-9868-57a2d4851a1d" relativeResultsDirectory="d71171d0-0543-468f-90b3-6adf9e210347">
    </UnitTestResult>
    <UnitTestResult executionId="e0f5dfea-6dff-4467-b5e0-a501a7b863a3" testId="33d4d279-34bd-6d5a-280e-4b82973def51" testName="SettingAllowMultiPersistsCorrectly" computerName="HORVICKW7" duration="00:00:00.8449889" startTime="2010-03-19T16:31:36.3654111-04:00" endTime="2010-03-19T16:31:37.2434613-04:00" testType="13cdc9d9-ddb5-4fa4-a97d-d965ccfc6d4b" outcome="Passed" testListId="8c84fa94-04c1-424b-9868-57a2d4851a1d" relativeResultsDirectory="e0f5dfea-6dff-4467-b5e0-a501a7b863a3">
    </UnitTestResult>
    <UnitTestResult executionId="c53c38bc-1a07-4236-93ec-b3575410a6c2" testId="beae7429-a6a2-4b8b-91b8-2242ec45c77a" testName="ConflictOnAllowMultiBucket" computerName="HORVICKW7" duration="00:00:00.6920975" startTime="2010-03-19T16:31:37.2984645-04:00" endTime="2010-03-19T16:31:38.0475073-04:00" testType="13cdc9d9-ddb5-4fa4-a97d-d965ccfc6d4b" outcome="Passed" testListId="8c84fa94-04c1-424b-9868-57a2d4851a1d" relativeResultsDirectory="c53c38bc-1a07-4236-93ec-b3575410a6c2">
    </UnitTestResult>
    <UnitTestResult executionId="14efa905-0f05-42cd-9909-b97edda080b1" testId="7a71b779-6444-5633-f109-dc2d069ca31b" testName="GetAllSiblingsOnConflict" computerName="HORVICKW7" duration="00:01:10.7087209" startTime="2010-03-19T16:31:38.1115110-04:00" endTime="2010-03-19T16:32:48.8375563-04:00" testType="13cdc9d9-ddb5-4fa4-a97d-d965ccfc6d4b" outcome="Failed" testListId="8c84fa94-04c1-424b-9868-57a2d4851a1d" relativeResultsDirectory="14efa905-0f05-42cd-9909-b97edda080b1">
      <Output>
        <ErrorInfo>
          <Message>Assert.IsTrue failed. </Message>
          <StackTrace>   at Riak.Tests.BucketTests.GetAllSiblingsOnConflict() in c:\projects\Riak.Client\Riak.Tests\BucketTests.cs:line 241
</StackTrace>
        </ErrorInfo>
      </Output>
    </UnitTestResult>
  </Results>
</TestRun>