<?xml version="1.0" encoding="UTF-8"?>
<TestRun id="0f5c14fb-f40e-426b-a346-9ba05e522955" name="Robert@HORVICKW7 2010-03-20 14:09:55" runUser="HORVICKW7\Robert" xmlns="http://microsoft.com/schemas/VisualStudio/TeamTest/2010">
  <TestSettings name="Local" id="cccf0ead-bb7b-4fa6-80c8-b697078887da">
    <Description>These are default test settings for a local test run.</Description>
    <Execution>
      <TestTypeSpecific>
        <UnitTestRunConfig testTypeId="13cdc9d9-ddb5-4fa4-a97d-d965ccfc6d4b">
          <AssemblyResolution>
            <TestDirectory useLoadContext="true" />
          </AssemblyResolution>
        </UnitTestRunConfig>
        <WebTestRunConfiguration testTypeId="4e7599fa-5ecb-43e9-a887-cd63cf72d207">
          <Browser name="Internet Explorer 7.0">
            <Headers>
              <Header name="User-Agent" value="Mozilla/4.0 (compatible; MSIE 7.0; Windows NT 5.1)" />
              <Header name="Accept" value="*/*" />
              <Header name="Accept-Language" value="{{$IEAcceptLanguage}}" />
              <Header name="Accept-Encoding" value="GZIP" />
            </Headers>
          </Browser>
        </WebTestRunConfiguration>
      </TestTypeSpecific>
      <AgentRule name="LocalMachineDefaultRole">
        <DataCollectors>
          <DataCollector uri="datacollector://microsoft/CodeCoverage/1.0" assemblyQualifiedName="Microsoft.VisualStudio.TestTools.CodeCoverage.CoveragePlugIn, Microsoft.VisualStudio.QualityTools.Plugins.CodeCoverage, Version=10.0.0.0, Culture=neutral, PublicKeyToken=b03f5f7f11d50a3a" friendlyName="Code Coverage">
            <Configuration>
              <CodeCoverage xmlns="">
                <Regular>
                  <CodeCoverageItem binaryFile="c:\projects\Riak.Client\Riak.Client\bin\Debug\Riak.Client.dll" pdbFile="c:\projects\Riak.Client\Riak.Client\bin\Debug\Riak.Client.instr.pdb" instrumentInPlace="true" />
                </Regular>
              </CodeCoverage>
            </Configuration>
          </DataCollector>
        </DataCollectors>
      </AgentRule>
    </Execution>
    <Deployment runDeploymentRoot="Robert_HORVICKW7 2010-03-20 14_09_55" />
  </TestSettings>
  <Times creation="2010-03-20T14:09:55.7720023-04:00" queuing="2010-03-20T14:09:58.1581388-04:00" start="2010-03-20T14:09:58.3471496-04:00" finish="2010-03-20T14:10:10.1628254-04:00" />
  <ResultSummary outcome="Failed">
    <Counters total="17" executed="17" passed="16" error="0" failed="1" timeout="0" aborted="0" inconclusive="0" passedButRunAborted="0" notRunnable="0" notExecuted="0" disconnected="0" warning="0" completed="0" inProgress="0" pending="0" />
    <ResultFiles>
      <ResultFile path="HORVICKW7\data.coverage" />
    </ResultFiles>
  </ResultSummary>
  <TestDefinitions>
    <UnitTest name="LinkWithMultipleParameters" storage="c:\projects\riak.client\riak.tests\bin\debug\riak.tests.dll" id="d79ef6f9-4e22-e7f6-a37e-b0e7a8cab61d">
      <Execution id="eb0b88b5-004e-4ce2-8712-91e73bdc878d" />
      <TestMethod codeBase="c:/projects/Riak.Client/Riak.Tests/bin/Debug/Riak.Tests.DLL" adapterTypeName="Microsoft.VisualStudio.TestTools.TestTypes.Unit.UnitTestAdapter, Microsoft.VisualStudio.QualityTools.Tips.UnitTest.Adapter, Version=10.0.0.0, Culture=neutral, PublicKeyToken=b03f5f7f11d50a3a" className="Riak.Tests.LinkTests, Riak.Tests, Version=1.0.0.0, Culture=neutral, PublicKeyToken=null" name="LinkWithMultipleParameters" />
    </UnitTest>
    <UnitTest name="LinkFollowing" storage="c:\projects\riak.client\riak.tests\bin\debug\riak.tests.dll" id="e59f5b3d-3a7c-4505-e293-67664a703224">
      <Execution id="8eb531ec-4334-4d1d-a7f3-3b4cfadb1e3b" />
      <TestMethod codeBase="c:/projects/Riak.Client/Riak.Tests/bin/Debug/Riak.Tests.DLL" adapterTypeName="Microsoft.VisualStudio.TestTools.TestTypes.Unit.UnitTestAdapter, Microsoft.VisualStudio.QualityTools.Tips.UnitTest.Adapter, Version=10.0.0.0, Culture=neutral, PublicKeyToken=b03f5f7f11d50a3a" className="Riak.Tests.LinkTests, Riak.Tests, Version=1.0.0.0, Culture=neutral, PublicKeyToken=null" name="LinkFollowing" />
    </UnitTest>
    <UnitTest name="SettingAllowMultiPersistsCorrectly" storage="c:\projects\riak.client\riak.tests\bin\debug\riak.tests.dll" id="33d4d279-34bd-6d5a-280e-4b82973def51">
      <Execution id="a1fb7d8e-e94d-4b36-ab72-efc8f870b6dc" />
      <TestMethod codeBase="c:/projects/Riak.Client/Riak.Tests/bin/Debug/Riak.Tests.DLL" adapterTypeName="Microsoft.VisualStudio.TestTools.TestTypes.Unit.UnitTestAdapter, Microsoft.VisualStudio.QualityTools.Tips.UnitTest.Adapter, Version=10.0.0.0, Culture=neutral, PublicKeyToken=b03f5f7f11d50a3a" className="Riak.Tests.BucketTests, Riak.Tests, Version=1.0.0.0, Culture=neutral, PublicKeyToken=null" name="SettingAllowMultiPersistsCorrectly" />
    </UnitTest>
    <UnitTest name="LinkCollectionOperationalTests" storage="c:\projects\riak.client\riak.tests\bin\debug\riak.tests.dll" id="80c6668e-527f-7ce0-c7fa-d368165124a1">
      <Execution id="c6c61061-8cd0-4a9d-9abd-5fb576f421a3" />
      <TestMethod codeBase="c:/projects/Riak.Client/Riak.Tests/bin/Debug/Riak.Tests.DLL" adapterTypeName="Microsoft.VisualStudio.TestTools.TestTypes.Unit.UnitTestAdapter, Microsoft.VisualStudio.QualityTools.Tips.UnitTest.Adapter, Version=10.0.0.0, Culture=neutral, PublicKeyToken=b03f5f7f11d50a3a" className="Riak.Tests.LinkTests, Riak.Tests, Version=1.0.0.0, Culture=neutral, PublicKeyToken=null" name="LinkCollectionOperationalTests" />
    </UnitTest>
    <UnitTest name="GetAllSiblingsOnConflict" storage="c:\projects\riak.client\riak.tests\bin\debug\riak.tests.dll" id="7a71b779-6444-5633-f109-dc2d069ca31b">
      <Execution id="7d45028a-00c8-4e37-8fa2-2d99da4fc872" />
      <TestMethod codeBase="c:/projects/Riak.Client/Riak.Tests/bin/Debug/Riak.Tests.DLL" adapterTypeName="Microsoft.VisualStudio.TestTools.TestTypes.Unit.UnitTestAdapter, Microsoft.VisualStudio.QualityTools.Tips.UnitTest.Adapter, Version=10.0.0.0, Culture=neutral, PublicKeyToken=b03f5f7f11d50a3a" className="Riak.Tests.BucketTests, Riak.Tests, Version=1.0.0.0, Culture=neutral, PublicKeyToken=null" name="GetAllSiblingsOnConflict" />
    </UnitTest>
    <UnitTest name="SaveAStringKeyValue" storage="c:\projects\riak.client\riak.tests\bin\debug\riak.tests.dll" id="58939138-4342-8e72-2f65-c6ec6d5362d3">
      <Execution id="67d933a7-1da1-4ddd-b09b-5cb79e92100c" />
      <TestMethod codeBase="c:/projects/Riak.Client/Riak.Tests/bin/Debug/Riak.Tests.DLL" adapterTypeName="Microsoft.VisualStudio.TestTools.TestTypes.Unit.UnitTestAdapter, Microsoft.VisualStudio.QualityTools.Tips.UnitTest.Adapter, Version=10.0.0.0, Culture=neutral, PublicKeyToken=b03f5f7f11d50a3a" className="Riak.Tests.BucketTests, Riak.Tests, Version=1.0.0.0, Culture=neutral, PublicKeyToken=null" name="SaveAStringKeyValue" />
    </UnitTest>
    <UnitTest name="LinkOddlyFormedIsParsedAndNormalized" storage="c:\projects\riak.client\riak.tests\bin\debug\riak.tests.dll" id="86d01318-0230-9e62-826b-6c3385d23407">
      <Execution id="e570a0c3-a135-4816-b433-c909427c5e74" />
      <TestMethod codeBase="c:/projects/Riak.Client/Riak.Tests/bin/Debug/Riak.Tests.DLL" adapterTypeName="Microsoft.VisualStudio.TestTools.TestTypes.Unit.UnitTestAdapter, Microsoft.VisualStudio.QualityTools.Tips.UnitTest.Adapter, Version=10.0.0.0, Culture=neutral, PublicKeyToken=b03f5f7f11d50a3a" className="Riak.Tests.LinkTests, Riak.Tests, Version=1.0.0.0, Culture=neutral, PublicKeyToken=null" name="LinkOddlyFormedIsParsedAndNormalized" />
    </UnitTest>
    <UnitTest name="SaveABinaryKeyValue" storage="c:\projects\riak.client\riak.tests\bin\debug\riak.tests.dll" id="4ad0d6cc-b6bb-6b71-fab7-7bd0c1927a9f">
      <Execution id="04613e27-2046-47d9-8ba2-f3a4ea2e7a50" />
      <TestMethod codeBase="c:/projects/Riak.Client/Riak.Tests/bin/Debug/Riak.Tests.DLL" adapterTypeName="Microsoft.VisualStudio.TestTools.TestTypes.Unit.UnitTestAdapter, Microsoft.VisualStudio.QualityTools.Tips.UnitTest.Adapter, Version=10.0.0.0, Culture=neutral, PublicKeyToken=b03f5f7f11d50a3a" className="Riak.Tests.BucketTests, Riak.Tests, Version=1.0.0.0, Culture=neutral, PublicKeyToken=null" name="SaveABinaryKeyValue" />
    </UnitTest>
    <UnitTest name="LinkWithRelationalUri" storage="c:\projects\riak.client\riak.tests\bin\debug\riak.tests.dll" id="30d12b1b-aa49-8c08-bd4a-866243aceb48">
      <Execution id="2092f3b9-ac36-4bae-b151-d7bc75eddcc9" />
      <TestMethod codeBase="c:/projects/Riak.Client/Riak.Tests/bin/Debug/Riak.Tests.DLL" adapterTypeName="Microsoft.VisualStudio.TestTools.TestTypes.Unit.UnitTestAdapter, Microsoft.VisualStudio.QualityTools.Tips.UnitTest.Adapter, Version=10.0.0.0, Culture=neutral, PublicKeyToken=b03f5f7f11d50a3a" className="Riak.Tests.LinkTests, Riak.Tests, Version=1.0.0.0, Culture=neutral, PublicKeyToken=null" name="LinkWithRelationalUri" />
    </UnitTest>
    <UnitTest name="GetAllTextData" storage="c:\projects\riak.client\riak.tests\bin\debug\riak.tests.dll" id="4312a9d7-4905-c365-94ac-da54845d713f">
      <Execution id="49a54566-aa9e-441e-8041-1df60db1ac4f" />
      <TestMethod codeBase="c:/projects/Riak.Client/Riak.Tests/bin/Debug/Riak.Tests.DLL" adapterTypeName="Microsoft.VisualStudio.TestTools.TestTypes.Unit.UnitTestAdapter, Microsoft.VisualStudio.QualityTools.Tips.UnitTest.Adapter, Version=10.0.0.0, Culture=neutral, PublicKeyToken=b03f5f7f11d50a3a" className="Riak.Tests.MultiPartResponseTests, Riak.Tests, Version=1.0.0.0, Culture=neutral, PublicKeyToken=null" name="GetAllTextData" />
    </UnitTest>
    <UnitTest name="ConflictOnAllowMultiBucket" storage="c:\projects\riak.client\riak.tests\bin\debug\riak.tests.dll" id="beae7429-a6a2-4b8b-91b8-2242ec45c77a">
      <Execution id="12b355dc-6ef9-4e1f-b318-929834a39331" />
      <TestMethod codeBase="c:/projects/Riak.Client/Riak.Tests/bin/Debug/Riak.Tests.DLL" adapterTypeName="Microsoft.VisualStudio.TestTools.TestTypes.Unit.UnitTestAdapter, Microsoft.VisualStudio.QualityTools.Tips.UnitTest.Adapter, Version=10.0.0.0, Culture=neutral, PublicKeyToken=b03f5f7f11d50a3a" className="Riak.Tests.BucketTests, Riak.Tests, Version=1.0.0.0, Culture=neutral, PublicKeyToken=null" name="ConflictOnAllowMultiBucket" />
    </UnitTest>
    <UnitTest name="LinkWithUnknownParameters" storage="c:\projects\riak.client\riak.tests\bin\debug\riak.tests.dll" id="d9c44692-30b5-c679-747b-7d385a54ef67">
      <Execution id="827c2276-115e-4e7f-a2e8-0b142de88ac3" />
      <TestMethod codeBase="c:/projects/Riak.Client/Riak.Tests/bin/Debug/Riak.Tests.DLL" adapterTypeName="Microsoft.VisualStudio.TestTools.TestTypes.Unit.UnitTestAdapter, Microsoft.VisualStudio.QualityTools.Tips.UnitTest.Adapter, Version=10.0.0.0, Culture=neutral, PublicKeyToken=b03f5f7f11d50a3a" className="Riak.Tests.LinkTests, Riak.Tests, Version=1.0.0.0, Culture=neutral, PublicKeyToken=null" name="LinkWithUnknownParameters" />
    </UnitTest>
    <UnitTest name="LinkRoundTripping" storage="c:\projects\riak.client\riak.tests\bin\debug\riak.tests.dll" id="8bc468f8-eee0-673a-92b7-930506440e84">
      <Execution id="9a298176-e118-4bf2-b4f6-5caca7072aeb" />
      <TestMethod codeBase="c:/projects/Riak.Client/Riak.Tests/bin/Debug/Riak.Tests.DLL" adapterTypeName="Microsoft.VisualStudio.TestTools.TestTypes.Unit.UnitTestAdapter, Microsoft.VisualStudio.QualityTools.Tips.UnitTest.Adapter, Version=10.0.0.0, Culture=neutral, PublicKeyToken=b03f5f7f11d50a3a" className="Riak.Tests.LinkTests, Riak.Tests, Version=1.0.0.0, Culture=neutral, PublicKeyToken=null" name="LinkRoundTripping" />
    </UnitTest>
    <UnitTest name="DeleteMissingKeys" storage="c:\projects\riak.client\riak.tests\bin\debug\riak.tests.dll" id="8adbc453-a093-0889-b145-79d2f69be902">
      <Execution id="a5810ca7-29b6-4191-9e5e-48612f9b8dcb" />
      <TestMethod codeBase="c:/projects/Riak.Client/Riak.Tests/bin/Debug/Riak.Tests.DLL" adapterTypeName="Microsoft.VisualStudio.TestTools.TestTypes.Unit.UnitTestAdapter, Microsoft.VisualStudio.QualityTools.Tips.UnitTest.Adapter, Version=10.0.0.0, Culture=neutral, PublicKeyToken=b03f5f7f11d50a3a" className="Riak.Tests.BucketTests, Riak.Tests, Version=1.0.0.0, Culture=neutral, PublicKeyToken=null" name="DeleteMissingKeys" />
    </UnitTest>
    <UnitTest name="DeleteExistingKeys" storage="c:\projects\riak.client\riak.tests\bin\debug\riak.tests.dll" id="ecb7a2ec-95c2-bcd4-9208-598a9a8227f1">
      <Execution id="a7d2a30b-1e71-4534-b23a-520f8a0cbca9" />
      <TestMethod codeBase="c:/projects/Riak.Client/Riak.Tests/bin/Debug/Riak.Tests.DLL" adapterTypeName="Microsoft.VisualStudio.TestTools.TestTypes.Unit.UnitTestAdapter, Microsoft.VisualStudio.QualityTools.Tips.UnitTest.Adapter, Version=10.0.0.0, Culture=neutral, PublicKeyToken=b03f5f7f11d50a3a" className="Riak.Tests.BucketTests, Riak.Tests, Version=1.0.0.0, Culture=neutral, PublicKeyToken=null" name="DeleteExistingKeys" />
    </UnitTest>
    <UnitTest name="ConflictOnNonMultiBucket" storage="c:\projects\riak.client\riak.tests\bin\debug\riak.tests.dll" id="06a22416-08af-c0dc-b70f-5cec4761aa09">
      <Execution id="5590c35a-d514-4f26-98f4-adab83d6fe9c" />
      <TestMethod codeBase="c:/projects/Riak.Client/Riak.Tests/bin/Debug/Riak.Tests.DLL" adapterTypeName="Microsoft.VisualStudio.TestTools.TestTypes.Unit.UnitTestAdapter, Microsoft.VisualStudio.QualityTools.Tips.UnitTest.Adapter, Version=10.0.0.0, Culture=neutral, PublicKeyToken=b03f5f7f11d50a3a" className="Riak.Tests.BucketTests, Riak.Tests, Version=1.0.0.0, Culture=neutral, PublicKeyToken=null" name="ConflictOnNonMultiBucket" />
    </UnitTest>
    <UnitTest name="LinkOnNewKeyExistsAndParses" storage="c:\projects\riak.client\riak.tests\bin\debug\riak.tests.dll" id="cb4b29f5-c7d3-2010-bb43-cecc9f41c474">
      <Execution id="5b80a919-aef2-46c0-a4c4-4b22a3e5ce97" />
      <TestMethod codeBase="c:/projects/Riak.Client/Riak.Tests/bin/Debug/Riak.Tests.DLL" adapterTypeName="Microsoft.VisualStudio.TestTools.TestTypes.Unit.UnitTestAdapter, Microsoft.VisualStudio.QualityTools.Tips.UnitTest.Adapter, Version=10.0.0.0, Culture=neutral, PublicKeyToken=b03f5f7f11d50a3a" className="Riak.Tests.LinkTests, Riak.Tests, Version=1.0.0.0, Culture=neutral, PublicKeyToken=null" name="LinkOnNewKeyExistsAndParses" />
    </UnitTest>
  </TestDefinitions>
  <TestLists>
    <TestList name="Results Not in a List" id="8c84fa94-04c1-424b-9868-57a2d4851a1d" />
    <TestList name="All Loaded Results" id="19431567-8539-422a-85d7-44ee4e166bda" />
  </TestLists>
  <TestEntries>
    <TestEntry testId="58939138-4342-8e72-2f65-c6ec6d5362d3" executionId="67d933a7-1da1-4ddd-b09b-5cb79e92100c" testListId="8c84fa94-04c1-424b-9868-57a2d4851a1d" />
    <TestEntry testId="4ad0d6cc-b6bb-6b71-fab7-7bd0c1927a9f" executionId="04613e27-2046-47d9-8ba2-f3a4ea2e7a50" testListId="8c84fa94-04c1-424b-9868-57a2d4851a1d" />
    <TestEntry testId="ecb7a2ec-95c2-bcd4-9208-598a9a8227f1" executionId="a7d2a30b-1e71-4534-b23a-520f8a0cbca9" testListId="8c84fa94-04c1-424b-9868-57a2d4851a1d" />
    <TestEntry testId="8adbc453-a093-0889-b145-79d2f69be902" executionId="a5810ca7-29b6-4191-9e5e-48612f9b8dcb" testListId="8c84fa94-04c1-424b-9868-57a2d4851a1d" />
    <TestEntry testId="06a22416-08af-c0dc-b70f-5cec4761aa09" executionId="5590c35a-d514-4f26-98f4-adab83d6fe9c" testListId="8c84fa94-04c1-424b-9868-57a2d4851a1d" />
    <TestEntry testId="33d4d279-34bd-6d5a-280e-4b82973def51" executionId="a1fb7d8e-e94d-4b36-ab72-efc8f870b6dc" testListId="8c84fa94-04c1-424b-9868-57a2d4851a1d" />
    <TestEntry testId="beae7429-a6a2-4b8b-91b8-2242ec45c77a" executionId="12b355dc-6ef9-4e1f-b318-929834a39331" testListId="8c84fa94-04c1-424b-9868-57a2d4851a1d" />
    <TestEntry testId="7a71b779-6444-5633-f109-dc2d069ca31b" executionId="7d45028a-00c8-4e37-8fa2-2d99da4fc872" testListId="8c84fa94-04c1-424b-9868-57a2d4851a1d" />
    <TestEntry testId="30d12b1b-aa49-8c08-bd4a-866243aceb48" executionId="2092f3b9-ac36-4bae-b151-d7bc75eddcc9" testListId="8c84fa94-04c1-424b-9868-57a2d4851a1d" />
    <TestEntry testId="d79ef6f9-4e22-e7f6-a37e-b0e7a8cab61d" executionId="eb0b88b5-004e-4ce2-8712-91e73bdc878d" testListId="8c84fa94-04c1-424b-9868-57a2d4851a1d" />
    <TestEntry testId="cb4b29f5-c7d3-2010-bb43-cecc9f41c474" executionId="5b80a919-aef2-46c0-a4c4-4b22a3e5ce97" testListId="8c84fa94-04c1-424b-9868-57a2d4851a1d" />
    <TestEntry testId="86d01318-0230-9e62-826b-6c3385d23407" executionId="e570a0c3-a135-4816-b433-c909427c5e74" testListId="8c84fa94-04c1-424b-9868-57a2d4851a1d" />
    <TestEntry testId="80c6668e-527f-7ce0-c7fa-d368165124a1" executionId="c6c61061-8cd0-4a9d-9abd-5fb576f421a3" testListId="8c84fa94-04c1-424b-9868-57a2d4851a1d" />
    <TestEntry testId="d9c44692-30b5-c679-747b-7d385a54ef67" executionId="827c2276-115e-4e7f-a2e8-0b142de88ac3" testListId="8c84fa94-04c1-424b-9868-57a2d4851a1d" />
    <TestEntry testId="8bc468f8-eee0-673a-92b7-930506440e84" executionId="9a298176-e118-4bf2-b4f6-5caca7072aeb" testListId="8c84fa94-04c1-424b-9868-57a2d4851a1d" />
    <TestEntry testId="e59f5b3d-3a7c-4505-e293-67664a703224" executionId="8eb531ec-4334-4d1d-a7f3-3b4cfadb1e3b" testListId="8c84fa94-04c1-424b-9868-57a2d4851a1d" />
    <TestEntry testId="4312a9d7-4905-c365-94ac-da54845d713f" executionId="49a54566-aa9e-441e-8041-1df60db1ac4f" testListId="8c84fa94-04c1-424b-9868-57a2d4851a1d" />
  </TestEntries>
  <Results>
    <UnitTestResult executionId="67d933a7-1da1-4ddd-b09b-5cb79e92100c" testId="58939138-4342-8e72-2f65-c6ec6d5362d3" testName="SaveAStringKeyValue" computerName="HORVICKW7" duration="00:00:00.6740042" startTime="2010-03-20T14:10:01.5773344-04:00" endTime="2010-03-20T14:10:02.8604077-04:00" testType="13cdc9d9-ddb5-4fa4-a97d-d965ccfc6d4b" outcome="Passed" testListId="8c84fa94-04c1-424b-9868-57a2d4851a1d" relativeResultsDirectory="67d933a7-1da1-4ddd-b09b-5cb79e92100c">
      <Output>
        <DebugTrace>X-Riak-Vclock: a85hYGBgzGDKBVIsDAGCpzOYEhnzWBn0uiSP8mUBAA==
Link: 
</DebugTrace>
      </Output>
    </UnitTestResult>
    <UnitTestResult executionId="04613e27-2046-47d9-8ba2-f3a4ea2e7a50" testId="4ad0d6cc-b6bb-6b71-fab7-7bd0c1927a9f" testName="SaveABinaryKeyValue" computerName="HORVICKW7" duration="00:00:00.2228045" startTime="2010-03-20T14:10:02.8694083-04:00" endTime="2010-03-20T14:10:03.1054218-04:00" testType="13cdc9d9-ddb5-4fa4-a97d-d965ccfc6d4b" outcome="Passed" testListId="8c84fa94-04c1-424b-9868-57a2d4851a1d" relativeResultsDirectory="04613e27-2046-47d9-8ba2-f3a4ea2e7a50">
    </UnitTestResult>
    <UnitTestResult executionId="a7d2a30b-1e71-4534-b23a-520f8a0cbca9" testId="ecb7a2ec-95c2-bcd4-9208-598a9a8227f1" testName="DeleteExistingKeys" computerName="HORVICKW7" duration="00:00:00.6783778" startTime="2010-03-20T14:10:03.1104220-04:00" endTime="2010-03-20T14:10:03.8014616-04:00" testType="13cdc9d9-ddb5-4fa4-a97d-d965ccfc6d4b" outcome="Passed" testListId="8c84fa94-04c1-424b-9868-57a2d4851a1d" relativeResultsDirectory="a7d2a30b-1e71-4534-b23a-520f8a0cbca9">
      <Output>
        <DebugTrace>X-Riak-Vclock: a85hYGBgzGDKBVIsbMcYQzOYEhnzWBmquyWP8mUBAA==
X-Riak-Vclock: a85hYGBgymDKBVIsDAGCpzOYEhnzWBn0uiSP8kGFWU4fewsVruoGCmcBAA==
</DebugTrace>
      </Output>
    </UnitTestResult>
    <UnitTestResult executionId="a5810ca7-29b6-4191-9e5e-48612f9b8dcb" testId="8adbc453-a093-0889-b145-79d2f69be902" testName="DeleteMissingKeys" computerName="HORVICKW7" duration="00:00:00.8621927" startTime="2010-03-20T14:10:03.8124622-04:00" endTime="2010-03-20T14:10:04.6855121-04:00" testType="13cdc9d9-ddb5-4fa4-a97d-d965ccfc6d4b" outcome="Passed" testListId="8c84fa94-04c1-424b-9868-57a2d4851a1d" relativeResultsDirectory="a5810ca7-29b6-4191-9e5e-48612f9b8dcb">
      <Output>
        <DebugTrace>X-Riak-Vclock: a85hYGBgzGDKBVIszBVTTmUwJTLmsTJUd0se5csCAA==
X-Riak-Vclock: a85hYGBgzGDKBVIszBVTTmUwJTLmsTJUd0se5csCAA==
X-Riak-Vclock: a85hYGBgzGDKBVIszBVTTmUwJTLmsTJUd0se5csCAA==
X-Riak-Vclock: a85hYGBgzGDKBVIszBVTTmUwJTLmsTJUd0se5csCAA==
X-Riak-Vclock: a85hYGBgzGDKBVIszBVTTmUwJTLmsTJUd0se5csCAA==
X-Riak-Vclock: a85hYGBgzGDKBVIszBVTTmUwJTLmsTJUd0se5csCAA==
X-Riak-Vclock: a85hYGBgzGDKBVIszBVTTmUwJTLmsTJUd0se5csCAA==
X-Riak-Vclock: a85hYGBgzGDKBVIszBVTTmUwJTLmsTJUd0se5csCAA==
X-Riak-Vclock: a85hYGBgzGDKBVIszBVTTmUwJTLmsTLUdEse5csCAA==
X-Riak-Vclock: a85hYGBgzGDKBVIszBVTTmUwJTLmsTLUdEse5csCAA==
X-Riak-Vclock: a85hYGBgzGDKBVIszBVTTmUwJTLmsTLUdEse5csCAA==
X-Riak-Vclock: a85hYGBgzGDKBVIszBVTTmUwJTLmsTLUdEse5csCAA==
X-Riak-Vclock: a85hYGBgzGDKBVIszBVTTmUwJTLmsTLUdEse5csCAA==
X-Riak-Vclock: a85hYGBgzGDKBVIszBVTTmUwJTLmsTLUdEse5csCAA==
X-Riak-Vclock: a85hYGBgzGDKBVIszBVTTmUwJTLmsTLUdEse5csCAA==
X-Riak-Vclock: a85hYGBgzGDKBVIszBVTTmUwJTLmsTLUdEse5csCAA==
X-Riak-Vclock: a85hYGBgzGDKBVIszBVTTmUwJTLmsTLUdEse5csCAA==
X-Riak-Vclock: a85hYGBgzGDKBVIszBVTTmUwJTLmsTLUdEse5csCAA==
X-Riak-Vclock: a85hYGBgzGDKBVIszBVTTmUwJTLmsTLUdEse5csCAA==
X-Riak-Vclock: a85hYGBgzGDKBVIszBVTTmUwJTLmsTLUdEse5csCAA==
</DebugTrace>
      </Output>
    </UnitTestResult>
    <UnitTestResult executionId="5590c35a-d514-4f26-98f4-adab83d6fe9c" testId="06a22416-08af-c0dc-b70f-5cec4761aa09" testName="ConflictOnNonMultiBucket" computerName="HORVICKW7" duration="00:00:00.3667887" startTime="2010-03-20T14:10:04.6935126-04:00" endTime="2010-03-20T14:10:05.0715342-04:00" testType="13cdc9d9-ddb5-4fa4-a97d-d965ccfc6d4b" outcome="Passed" testListId="8c84fa94-04c1-424b-9868-57a2d4851a1d" relativeResultsDirectory="5590c35a-d514-4f26-98f4-adab83d6fe9c">
      <Output>
        <DebugTrace>X-Riak-Vclock: a85hYGBgzGDKBVIsTCwfrTOYEhnzWBlquiWP8mUBAA==
Link: 
X-Riak-Vclock: a85hYGBgzGDKBVIsTCwfrTOYEhnzWBlquiWP8mUBAA==
Link: 
</DebugTrace>
      </Output>
    </UnitTestResult>
    <UnitTestResult executionId="a1fb7d8e-e94d-4b36-ab72-efc8f870b6dc" testId="33d4d279-34bd-6d5a-280e-4b82973def51" testName="SettingAllowMultiPersistsCorrectly" computerName="HORVICKW7" duration="00:00:00.8186174" startTime="2010-03-20T14:10:05.0885352-04:00" endTime="2010-03-20T14:10:05.9175826-04:00" testType="13cdc9d9-ddb5-4fa4-a97d-d965ccfc6d4b" outcome="Passed" testListId="8c84fa94-04c1-424b-9868-57a2d4851a1d" relativeResultsDirectory="a1fb7d8e-e94d-4b36-ab72-efc8f870b6dc">
    </UnitTestResult>
    <UnitTestResult executionId="12b355dc-6ef9-4e1f-b318-929834a39331" testId="beae7429-a6a2-4b8b-91b8-2242ec45c77a" testName="ConflictOnAllowMultiBucket" computerName="HORVICKW7" duration="00:00:00.4154697" startTime="2010-03-20T14:10:05.9295833-04:00" endTime="2010-03-20T14:10:06.3556077-04:00" testType="13cdc9d9-ddb5-4fa4-a97d-d965ccfc6d4b" outcome="Passed" testListId="8c84fa94-04c1-424b-9868-57a2d4851a1d" relativeResultsDirectory="12b355dc-6ef9-4e1f-b318-929834a39331">
      <Output>
        <DebugTrace>X-Riak-Vclock: a85hYGBgzGDKBVIsrEXHnmUwJTLmsTLUdUse5csCAA==
Link: 
X-Riak-Vclock: a85hYGBgzGDKBVIsrEXHnmUwJTLmsTLUdUse5csCAA==
Link: 
</DebugTrace>
      </Output>
    </UnitTestResult>
    <UnitTestResult executionId="7d45028a-00c8-4e37-8fa2-2d99da4fc872" testId="7a71b779-6444-5633-f109-dc2d069ca31b" testName="GetAllSiblingsOnConflict" computerName="HORVICKW7" duration="00:00:00.4435184" startTime="2010-03-20T14:10:06.3686084-04:00" endTime="2010-03-20T14:10:06.8246345-04:00" testType="13cdc9d9-ddb5-4fa4-a97d-d965ccfc6d4b" outcome="Passed" testListId="8c84fa94-04c1-424b-9868-57a2d4851a1d" relativeResultsDirectory="7d45028a-00c8-4e37-8fa2-2d99da4fc872">
      <Output>
        <DebugTrace>X-Riak-Vclock: a85hYGBgzGDKBVIsjMsXtGYwJTLmsTLUdUse5csCAA==
Link: 
X-Riak-Vclock: a85hYGBgzGDKBVIsjMsXtGYwJTLmsTLUdUse5csCAA==
Link: 
</DebugTrace>
      </Output>
    </UnitTestResult>
    <UnitTestResult executionId="2092f3b9-ac36-4bae-b151-d7bc75eddcc9" testId="30d12b1b-aa49-8c08-bd4a-866243aceb48" testName="LinkWithRelationalUri" computerName="HORVICKW7" duration="00:00:00.0030618" startTime="2010-03-20T14:10:06.8346351-04:00" endTime="2010-03-20T14:10:06.8476358-04:00" testType="13cdc9d9-ddb5-4fa4-a97d-d965ccfc6d4b" outcome="Passed" testListId="8c84fa94-04c1-424b-9868-57a2d4851a1d" relativeResultsDirectory="2092f3b9-ac36-4bae-b151-d7bc75eddcc9">
    </UnitTestResult>
    <UnitTestResult executionId="eb0b88b5-004e-4ce2-8712-91e73bdc878d" testId="d79ef6f9-4e22-e7f6-a37e-b0e7a8cab61d" testName="LinkWithMultipleParameters" computerName="HORVICKW7" duration="00:00:00.0007485" startTime="2010-03-20T14:10:06.8676369-04:00" endTime="2010-03-20T14:10:06.8806377-04:00" testType="13cdc9d9-ddb5-4fa4-a97d-d965ccfc6d4b" outcome="Passed" testListId="8c84fa94-04c1-424b-9868-57a2d4851a1d" relativeResultsDirectory="eb0b88b5-004e-4ce2-8712-91e73bdc878d">
    </UnitTestResult>
    <UnitTestResult executionId="5b80a919-aef2-46c0-a4c4-4b22a3e5ce97" testId="cb4b29f5-c7d3-2010-bb43-cecc9f41c474" testName="LinkOnNewKeyExistsAndParses" computerName="HORVICKW7" duration="00:00:00.2614246" startTime="2010-03-20T14:10:06.9136396-04:00" endTime="2010-03-20T14:10:07.1856551-04:00" testType="13cdc9d9-ddb5-4fa4-a97d-d965ccfc6d4b" outcome="Passed" testListId="8c84fa94-04c1-424b-9868-57a2d4851a1d" relativeResultsDirectory="5b80a919-aef2-46c0-a4c4-4b22a3e5ce97">
    </UnitTestResult>
    <UnitTestResult executionId="e570a0c3-a135-4816-b433-c909427c5e74" testId="86d01318-0230-9e62-826b-6c3385d23407" testName="LinkOddlyFormedIsParsedAndNormalized" computerName="HORVICKW7" duration="00:00:00.0011287" startTime="2010-03-20T14:10:07.1966558-04:00" endTime="2010-03-20T14:10:07.2086564-04:00" testType="13cdc9d9-ddb5-4fa4-a97d-d965ccfc6d4b" outcome="Passed" testListId="8c84fa94-04c1-424b-9868-57a2d4851a1d" relativeResultsDirectory="e570a0c3-a135-4816-b433-c909427c5e74">
    </UnitTestResult>
    <UnitTestResult executionId="c6c61061-8cd0-4a9d-9abd-5fb576f421a3" testId="80c6668e-527f-7ce0-c7fa-d368165124a1" testName="LinkCollectionOperationalTests" computerName="HORVICKW7" duration="00:00:00.0031637" startTime="2010-03-20T14:10:07.2226572-04:00" endTime="2010-03-20T14:10:07.2386582-04:00" testType="13cdc9d9-ddb5-4fa4-a97d-d965ccfc6d4b" outcome="Passed" testListId="8c84fa94-04c1-424b-9868-57a2d4851a1d" relativeResultsDirectory="c6c61061-8cd0-4a9d-9abd-5fb576f421a3">
    </UnitTestResult>
    <UnitTestResult executionId="827c2276-115e-4e7f-a2e8-0b142de88ac3" testId="d9c44692-30b5-c679-747b-7d385a54ef67" testName="LinkWithUnknownParameters" computerName="HORVICKW7" duration="00:00:00.0009298" startTime="2010-03-20T14:10:07.2466586-04:00" endTime="2010-03-20T14:10:07.2576593-04:00" testType="13cdc9d9-ddb5-4fa4-a97d-d965ccfc6d4b" outcome="Passed" testListId="8c84fa94-04c1-424b-9868-57a2d4851a1d" relativeResultsDirectory="827c2276-115e-4e7f-a2e8-0b142de88ac3">
    </UnitTestResult>
    <UnitTestResult executionId="9a298176-e118-4bf2-b4f6-5caca7072aeb" testId="8bc468f8-eee0-673a-92b7-930506440e84" testName="LinkRoundTripping" computerName="HORVICKW7" duration="00:00:00.0008711" startTime="2010-03-20T14:10:07.2656597-04:00" endTime="2010-03-20T14:10:07.2776604-04:00" testType="13cdc9d9-ddb5-4fa4-a97d-d965ccfc6d4b" outcome="Passed" testListId="8c84fa94-04c1-424b-9868-57a2d4851a1d" relativeResultsDirectory="9a298176-e118-4bf2-b4f6-5caca7072aeb">
    </UnitTestResult>
    <UnitTestResult executionId="8eb531ec-4334-4d1d-a7f3-3b4cfadb1e3b" testId="e59f5b3d-3a7c-4505-e293-67664a703224" testName="LinkFollowing" computerName="HORVICKW7" duration="00:00:00.6590438" startTime="2010-03-20T14:10:07.2896611-04:00" endTime="2010-03-20T14:10:07.9576993-04:00" testType="13cdc9d9-ddb5-4fa4-a97d-d965ccfc6d4b" outcome="Passed" testListId="8c84fa94-04c1-424b-9868-57a2d4851a1d" relativeResultsDirectory="8eb531ec-4334-4d1d-a7f3-3b4cfadb1e3b">
      <Output>
        <DebugTrace>X-Riak-Vclock: a85hYGBgzGDKBVIs7Ir9ohlMiUx5rAz6XZJH+bIA
X-Riak-Vclock: a85hYGBgzGDKBVIs7Ir9ohlMiUx5rAz6XZJH+bIA
X-Riak-Vclock: a85hYGBgzGDKBVIs7Ir9ohlMiUx5rAz6XZJH+bIA
X-Riak-Vclock: a85hYGBgzGDKBVIs7Ir9ohlMiUx5rAz6XZJH+bIA
X-Riak-Vclock: a85hYGBgzGDKBVIs7Ir9ohlMiYx5rAz6XZJH+bIA
X-Riak-Vclock: a85hYGBgzGDKBVIsDIdm52UwJTLmsTLUd0se5csCAA==
Link: &lt;/riak/Album/Kind%20of%20Blue&gt;; riaktag="album", &lt;/riak/Album/Conception&gt;; riaktag="album", &lt;/riak/Album/Blue&gt;; riaktag="album", &lt;/riak/Album/Dig&gt;; riaktag="album"
X-Riak-Vclock: a85hYGBgzGDKBVIsDIdm52UwJTLmsTLUd0se5csCAA==
Link: &lt;/riak/Artist/Miles%20Davis&gt;; riaktag="artist"
X-Riak-Vclock: a85hYGBgzGDKBVIsDIdm52UwJTLmsTLUd0se5csCAA==
Link: &lt;/riak/Artist/Miles%20Davis&gt;; riaktag="artist"
X-Riak-Vclock: a85hYGBgzGDKBVIsDIdm52UwJTLmsTLUd0se5csCAA==
Link: &lt;/riak/Artist/Miles%20Davis&gt;; riaktag="artist"
X-Riak-Vclock: a85hYGBgzGDKBVIsDIdm52UwJTLmsTLUd0se5csCAA==
Link: &lt;/riak/Artist/Miles%20Davis&gt;; riaktag="artist"
</DebugTrace>
      </Output>
    </UnitTestResult>
    <UnitTestResult executionId="49a54566-aa9e-441e-8041-1df60db1ac4f" testId="4312a9d7-4905-c365-94ac-da54845d713f" testName="GetAllTextData" computerName="HORVICKW7" duration="00:00:00.6280434" startTime="2010-03-20T14:10:07.9676999-04:00" endTime="2010-03-20T14:10:08.6157369-04:00" testType="13cdc9d9-ddb5-4fa4-a97d-d965ccfc6d4b" outcome="Failed" testListId="8c84fa94-04c1-424b-9868-57a2d4851a1d" relativeResultsDirectory="49a54566-aa9e-441e-8041-1df60db1ac4f">
      <Output>
        <DebugTrace>X-Riak-Vclock: a85hYGBgzGDKBVIsDE/nPslgSmTMY2Vo6JY8ypcFAA==
Link: 
X-Riak-Vclock: a85hYGBgzGDKBVIsDE/nPslgSmTKY2Vo6JY8ypcFAA==
Link: 
X-Riak-Vclock: a85hYGBgzGDKBVIsDE/nPslgSmTOY2Vo6JY8ypcFAA==
Link: 
</DebugTrace>
        <ErrorInfo>
          <Message>Assert.AreEqual failed. Expected:&lt;4&gt;. Actual:&lt;1&gt;. </Message>
          <StackTrace>   at Riak.Tests.MultiPartResponseTests.GetAllTextData() in c:\projects\Riak.Client\Riak.Tests\MultiPartResponseTests.cs:line 50
</StackTrace>
        </ErrorInfo>
      </Output>
    </UnitTestResult>
  </Results>
</TestRun>