<?xml version="1.0" encoding="UTF-8"?>
<TestRun id="1b93c6fa-9ed8-4798-9afe-076583254735" name="Robert@HORVICKW7 2010-03-20 09:33:19" runUser="HORVICKW7\Robert" xmlns="http://microsoft.com/schemas/VisualStudio/TeamTest/2010">
  <TestSettings name="Local" id="cccf0ead-bb7b-4fa6-80c8-b697078887da">
    <Description>These are default test settings for a local test run.</Description>
    <Execution>
      <TestTypeSpecific>
        <UnitTestRunConfig testTypeId="13cdc9d9-ddb5-4fa4-a97d-d965ccfc6d4b">
          <AssemblyResolution>
            <TestDirectory useLoadContext="true" />
          </AssemblyResolution>
        </UnitTestRunConfig>
        <WebTestRunConfiguration testTypeId="4e7599fa-5ecb-43e9-a887-cd63cf72d207">
          <Browser name="Internet Explorer 7.0">
            <Headers>
              <Header name="User-Agent" value="Mozilla/4.0 (compatible; MSIE 7.0; Windows NT 5.1)" />
              <Header name="Accept" value="*/*" />
              <Header name="Accept-Language" value="{{$IEAcceptLanguage}}" />
              <Header name="Accept-Encoding" value="GZIP" />
            </Headers>
          </Browser>
        </WebTestRunConfiguration>
      </TestTypeSpecific>
      <AgentRule name="LocalMachineDefaultRole">
        <DataCollectors>
          <DataCollector uri="datacollector://microsoft/CodeCoverage/1.0" assemblyQualifiedName="Microsoft.VisualStudio.TestTools.CodeCoverage.CoveragePlugIn, Microsoft.VisualStudio.QualityTools.Plugins.CodeCoverage, Version=10.0.0.0, Culture=neutral, PublicKeyToken=b03f5f7f11d50a3a" friendlyName="Code Coverage" enabled="false">
            <Configuration>
              <CodeCoverage xmlns="">
                <Regular>
                  <CodeCoverageItem binaryFile="Riak.Client\bin\Debug\Riak.Client.dll" pdbFile="Riak.Client\bin\Debug\Riak.Client.pdb" instrumentInPlace="true" />
                </Regular>
              </CodeCoverage>
            </Configuration>
          </DataCollector>
        </DataCollectors>
      </AgentRule>
    </Execution>
    <Deployment runDeploymentRoot="Robert_HORVICKW7 2010-03-20 09_33_19" />
  </TestSettings>
  <Times creation="2010-03-20T09:33:19.3187395-04:00" queuing="2010-03-20T09:33:38.9448620-04:00" start="2010-03-20T09:33:40.2199350-04:00" finish="2010-03-20T09:34:00.3360855-04:00" />
  <ResultSummary outcome="Failed">
    <Counters total="17" executed="17" passed="6" error="0" failed="11" timeout="0" aborted="0" inconclusive="0" passedButRunAborted="0" notRunnable="0" notExecuted="0" disconnected="0" warning="0" completed="0" inProgress="0" pending="0" />
  </ResultSummary>
  <TestDefinitions>
    <UnitTest name="LinkWithMultipleParameters" storage="c:\projects\riak.client\riak.tests\bin\debug\riak.tests.dll" id="d79ef6f9-4e22-e7f6-a37e-b0e7a8cab61d">
      <Execution id="00c6b15d-7f88-4cc9-9ae6-e09f4fa6a271" />
      <TestMethod codeBase="c:/projects/Riak.Client/Riak.Tests/bin/Debug/Riak.Tests.DLL" adapterTypeName="Microsoft.VisualStudio.TestTools.TestTypes.Unit.UnitTestAdapter, Microsoft.VisualStudio.QualityTools.Tips.UnitTest.Adapter, Version=10.0.0.0, Culture=neutral, PublicKeyToken=b03f5f7f11d50a3a" className="Riak.Tests.LinkTests, Riak.Tests, Version=1.0.0.0, Culture=neutral, PublicKeyToken=null" name="LinkWithMultipleParameters" />
    </UnitTest>
    <UnitTest name="LinkFollowing" storage="c:\projects\riak.client\riak.tests\bin\debug\riak.tests.dll" id="e59f5b3d-3a7c-4505-e293-67664a703224">
      <Execution id="c38156ec-8388-4b33-8f9a-913c57f4b3d0" />
      <TestMethod codeBase="c:/projects/Riak.Client/Riak.Tests/bin/Debug/Riak.Tests.DLL" adapterTypeName="Microsoft.VisualStudio.TestTools.TestTypes.Unit.UnitTestAdapter, Microsoft.VisualStudio.QualityTools.Tips.UnitTest.Adapter, Version=10.0.0.0, Culture=neutral, PublicKeyToken=b03f5f7f11d50a3a" className="Riak.Tests.LinkTests, Riak.Tests, Version=1.0.0.0, Culture=neutral, PublicKeyToken=null" name="LinkFollowing" />
    </UnitTest>
    <UnitTest name="SettingAllowMultiPersistsCorrectly" storage="c:\projects\riak.client\riak.tests\bin\debug\riak.tests.dll" id="33d4d279-34bd-6d5a-280e-4b82973def51">
      <Execution id="cb9493d4-0da9-4ab7-840c-faa14fc3b596" />
      <TestMethod codeBase="c:/projects/Riak.Client/Riak.Tests/bin/Debug/Riak.Tests.DLL" adapterTypeName="Microsoft.VisualStudio.TestTools.TestTypes.Unit.UnitTestAdapter, Microsoft.VisualStudio.QualityTools.Tips.UnitTest.Adapter, Version=10.0.0.0, Culture=neutral, PublicKeyToken=b03f5f7f11d50a3a" className="Riak.Tests.BucketTests, Riak.Tests, Version=1.0.0.0, Culture=neutral, PublicKeyToken=null" name="SettingAllowMultiPersistsCorrectly" />
    </UnitTest>
    <UnitTest name="LinkCollectionOperationalTests" storage="c:\projects\riak.client\riak.tests\bin\debug\riak.tests.dll" id="80c6668e-527f-7ce0-c7fa-d368165124a1">
      <Execution id="666a544d-06ad-4b97-85ac-e6160ed00a5c" />
      <TestMethod codeBase="c:/projects/Riak.Client/Riak.Tests/bin/Debug/Riak.Tests.DLL" adapterTypeName="Microsoft.VisualStudio.TestTools.TestTypes.Unit.UnitTestAdapter, Microsoft.VisualStudio.QualityTools.Tips.UnitTest.Adapter, Version=10.0.0.0, Culture=neutral, PublicKeyToken=b03f5f7f11d50a3a" className="Riak.Tests.LinkTests, Riak.Tests, Version=1.0.0.0, Culture=neutral, PublicKeyToken=null" name="LinkCollectionOperationalTests" />
    </UnitTest>
    <UnitTest name="GetAllSiblingsOnConflict" storage="c:\projects\riak.client\riak.tests\bin\debug\riak.tests.dll" id="7a71b779-6444-5633-f109-dc2d069ca31b">
      <Execution id="d8857e42-d263-4ed4-ab18-0eb5351602b3" />
      <TestMethod codeBase="c:/projects/Riak.Client/Riak.Tests/bin/Debug/Riak.Tests.DLL" adapterTypeName="Microsoft.VisualStudio.TestTools.TestTypes.Unit.UnitTestAdapter, Microsoft.VisualStudio.QualityTools.Tips.UnitTest.Adapter, Version=10.0.0.0, Culture=neutral, PublicKeyToken=b03f5f7f11d50a3a" className="Riak.Tests.BucketTests, Riak.Tests, Version=1.0.0.0, Culture=neutral, PublicKeyToken=null" name="GetAllSiblingsOnConflict" />
    </UnitTest>
    <UnitTest name="SaveAStringKeyValue" storage="c:\projects\riak.client\riak.tests\bin\debug\riak.tests.dll" id="58939138-4342-8e72-2f65-c6ec6d5362d3">
      <Execution id="03fc883c-1e30-4cb3-8a7b-2d0085f94dad" />
      <TestMethod codeBase="c:/projects/Riak.Client/Riak.Tests/bin/Debug/Riak.Tests.DLL" adapterTypeName="Microsoft.VisualStudio.TestTools.TestTypes.Unit.UnitTestAdapter, Microsoft.VisualStudio.QualityTools.Tips.UnitTest.Adapter, Version=10.0.0.0, Culture=neutral, PublicKeyToken=b03f5f7f11d50a3a" className="Riak.Tests.BucketTests, Riak.Tests, Version=1.0.0.0, Culture=neutral, PublicKeyToken=null" name="SaveAStringKeyValue" />
    </UnitTest>
    <UnitTest name="LinkOddlyFormedIsParsedAndNormalized" storage="c:\projects\riak.client\riak.tests\bin\debug\riak.tests.dll" id="86d01318-0230-9e62-826b-6c3385d23407">
      <Execution id="5af0028b-aec5-4e98-a902-eb10277973bb" />
      <TestMethod codeBase="c:/projects/Riak.Client/Riak.Tests/bin/Debug/Riak.Tests.DLL" adapterTypeName="Microsoft.VisualStudio.TestTools.TestTypes.Unit.UnitTestAdapter, Microsoft.VisualStudio.QualityTools.Tips.UnitTest.Adapter, Version=10.0.0.0, Culture=neutral, PublicKeyToken=b03f5f7f11d50a3a" className="Riak.Tests.LinkTests, Riak.Tests, Version=1.0.0.0, Culture=neutral, PublicKeyToken=null" name="LinkOddlyFormedIsParsedAndNormalized" />
    </UnitTest>
    <UnitTest name="SaveABinaryKeyValue" storage="c:\projects\riak.client\riak.tests\bin\debug\riak.tests.dll" id="4ad0d6cc-b6bb-6b71-fab7-7bd0c1927a9f">
      <Execution id="21fc8800-dcb9-43ab-9ef0-e779aa5b30c0" />
      <TestMethod codeBase="c:/projects/Riak.Client/Riak.Tests/bin/Debug/Riak.Tests.DLL" adapterTypeName="Microsoft.VisualStudio.TestTools.TestTypes.Unit.UnitTestAdapter, Microsoft.VisualStudio.QualityTools.Tips.UnitTest.Adapter, Version=10.0.0.0, Culture=neutral, PublicKeyToken=b03f5f7f11d50a3a" className="Riak.Tests.BucketTests, Riak.Tests, Version=1.0.0.0, Culture=neutral, PublicKeyToken=null" name="SaveABinaryKeyValue" />
    </UnitTest>
    <UnitTest name="LinkWithRelationalUri" storage="c:\projects\riak.client\riak.tests\bin\debug\riak.tests.dll" id="30d12b1b-aa49-8c08-bd4a-866243aceb48">
      <Execution id="a007eb32-c210-46f0-ab6d-85b92298d106" />
      <TestMethod codeBase="c:/projects/Riak.Client/Riak.Tests/bin/Debug/Riak.Tests.DLL" adapterTypeName="Microsoft.VisualStudio.TestTools.TestTypes.Unit.UnitTestAdapter, Microsoft.VisualStudio.QualityTools.Tips.UnitTest.Adapter, Version=10.0.0.0, Culture=neutral, PublicKeyToken=b03f5f7f11d50a3a" className="Riak.Tests.LinkTests, Riak.Tests, Version=1.0.0.0, Culture=neutral, PublicKeyToken=null" name="LinkWithRelationalUri" />
    </UnitTest>
    <UnitTest name="GetAllTextData" storage="c:\projects\riak.client\riak.tests\bin\debug\riak.tests.dll" id="4312a9d7-4905-c365-94ac-da54845d713f">
      <Execution id="ffe27a0d-7a8d-45f1-9ffa-b232db6f1f8c" />
      <TestMethod codeBase="c:/projects/Riak.Client/Riak.Tests/bin/Debug/Riak.Tests.DLL" adapterTypeName="Microsoft.VisualStudio.TestTools.TestTypes.Unit.UnitTestAdapter, Microsoft.VisualStudio.QualityTools.Tips.UnitTest.Adapter, Version=10.0.0.0, Culture=neutral, PublicKeyToken=b03f5f7f11d50a3a" className="Riak.Tests.MultiPartResponseTests, Riak.Tests, Version=1.0.0.0, Culture=neutral, PublicKeyToken=null" name="GetAllTextData" />
    </UnitTest>
    <UnitTest name="ConflictOnAllowMultiBucket" storage="c:\projects\riak.client\riak.tests\bin\debug\riak.tests.dll" id="beae7429-a6a2-4b8b-91b8-2242ec45c77a">
      <Execution id="1f8adbd7-04b4-43e8-b2b2-2e589a4aad5c" />
      <TestMethod codeBase="c:/projects/Riak.Client/Riak.Tests/bin/Debug/Riak.Tests.DLL" adapterTypeName="Microsoft.VisualStudio.TestTools.TestTypes.Unit.UnitTestAdapter, Microsoft.VisualStudio.QualityTools.Tips.UnitTest.Adapter, Version=10.0.0.0, Culture=neutral, PublicKeyToken=b03f5f7f11d50a3a" className="Riak.Tests.BucketTests, Riak.Tests, Version=1.0.0.0, Culture=neutral, PublicKeyToken=null" name="ConflictOnAllowMultiBucket" />
    </UnitTest>
    <UnitTest name="LinkWithUnknownParameters" storage="c:\projects\riak.client\riak.tests\bin\debug\riak.tests.dll" id="d9c44692-30b5-c679-747b-7d385a54ef67">
      <Execution id="b3bf39eb-54ab-41e9-9685-b1b144acbc7b" />
      <TestMethod codeBase="c:/projects/Riak.Client/Riak.Tests/bin/Debug/Riak.Tests.DLL" adapterTypeName="Microsoft.VisualStudio.TestTools.TestTypes.Unit.UnitTestAdapter, Microsoft.VisualStudio.QualityTools.Tips.UnitTest.Adapter, Version=10.0.0.0, Culture=neutral, PublicKeyToken=b03f5f7f11d50a3a" className="Riak.Tests.LinkTests, Riak.Tests, Version=1.0.0.0, Culture=neutral, PublicKeyToken=null" name="LinkWithUnknownParameters" />
    </UnitTest>
    <UnitTest name="LinkRoundTripping" storage="c:\projects\riak.client\riak.tests\bin\debug\riak.tests.dll" id="8bc468f8-eee0-673a-92b7-930506440e84">
      <Execution id="060c5e12-9284-48a6-9b29-d23582feadb4" />
      <TestMethod codeBase="c:/projects/Riak.Client/Riak.Tests/bin/Debug/Riak.Tests.DLL" adapterTypeName="Microsoft.VisualStudio.TestTools.TestTypes.Unit.UnitTestAdapter, Microsoft.VisualStudio.QualityTools.Tips.UnitTest.Adapter, Version=10.0.0.0, Culture=neutral, PublicKeyToken=b03f5f7f11d50a3a" className="Riak.Tests.LinkTests, Riak.Tests, Version=1.0.0.0, Culture=neutral, PublicKeyToken=null" name="LinkRoundTripping" />
    </UnitTest>
    <UnitTest name="DeleteMissingKeys" storage="c:\projects\riak.client\riak.tests\bin\debug\riak.tests.dll" id="8adbc453-a093-0889-b145-79d2f69be902">
      <Execution id="a111f938-87dd-4c07-9426-bd7b784f9838" />
      <TestMethod codeBase="c:/projects/Riak.Client/Riak.Tests/bin/Debug/Riak.Tests.DLL" adapterTypeName="Microsoft.VisualStudio.TestTools.TestTypes.Unit.UnitTestAdapter, Microsoft.VisualStudio.QualityTools.Tips.UnitTest.Adapter, Version=10.0.0.0, Culture=neutral, PublicKeyToken=b03f5f7f11d50a3a" className="Riak.Tests.BucketTests, Riak.Tests, Version=1.0.0.0, Culture=neutral, PublicKeyToken=null" name="DeleteMissingKeys" />
    </UnitTest>
    <UnitTest name="DeleteExistingKeys" storage="c:\projects\riak.client\riak.tests\bin\debug\riak.tests.dll" id="ecb7a2ec-95c2-bcd4-9208-598a9a8227f1">
      <Execution id="235a4fcb-fe9a-4d72-8a5d-c61c75c55b9d" />
      <TestMethod codeBase="c:/projects/Riak.Client/Riak.Tests/bin/Debug/Riak.Tests.DLL" adapterTypeName="Microsoft.VisualStudio.TestTools.TestTypes.Unit.UnitTestAdapter, Microsoft.VisualStudio.QualityTools.Tips.UnitTest.Adapter, Version=10.0.0.0, Culture=neutral, PublicKeyToken=b03f5f7f11d50a3a" className="Riak.Tests.BucketTests, Riak.Tests, Version=1.0.0.0, Culture=neutral, PublicKeyToken=null" name="DeleteExistingKeys" />
    </UnitTest>
    <UnitTest name="ConflictOnNonMultiBucket" storage="c:\projects\riak.client\riak.tests\bin\debug\riak.tests.dll" id="06a22416-08af-c0dc-b70f-5cec4761aa09">
      <Execution id="1d24d712-9ad4-46b7-a850-aadfaf412ceb" />
      <TestMethod codeBase="c:/projects/Riak.Client/Riak.Tests/bin/Debug/Riak.Tests.DLL" adapterTypeName="Microsoft.VisualStudio.TestTools.TestTypes.Unit.UnitTestAdapter, Microsoft.VisualStudio.QualityTools.Tips.UnitTest.Adapter, Version=10.0.0.0, Culture=neutral, PublicKeyToken=b03f5f7f11d50a3a" className="Riak.Tests.BucketTests, Riak.Tests, Version=1.0.0.0, Culture=neutral, PublicKeyToken=null" name="ConflictOnNonMultiBucket" />
    </UnitTest>
    <UnitTest name="LinkOnNewKeyExistsAndParses" storage="c:\projects\riak.client\riak.tests\bin\debug\riak.tests.dll" id="cb4b29f5-c7d3-2010-bb43-cecc9f41c474">
      <Execution id="0f536a94-b2c4-4727-9fbf-93fab73b582c" />
      <TestMethod codeBase="c:/projects/Riak.Client/Riak.Tests/bin/Debug/Riak.Tests.DLL" adapterTypeName="Microsoft.VisualStudio.TestTools.TestTypes.Unit.UnitTestAdapter, Microsoft.VisualStudio.QualityTools.Tips.UnitTest.Adapter, Version=10.0.0.0, Culture=neutral, PublicKeyToken=b03f5f7f11d50a3a" className="Riak.Tests.LinkTests, Riak.Tests, Version=1.0.0.0, Culture=neutral, PublicKeyToken=null" name="LinkOnNewKeyExistsAndParses" />
    </UnitTest>
  </TestDefinitions>
  <TestLists>
    <TestList name="Results Not in a List" id="8c84fa94-04c1-424b-9868-57a2d4851a1d" />
    <TestList name="All Loaded Results" id="19431567-8539-422a-85d7-44ee4e166bda" />
  </TestLists>
  <TestEntries>
    <TestEntry testId="58939138-4342-8e72-2f65-c6ec6d5362d3" executionId="03fc883c-1e30-4cb3-8a7b-2d0085f94dad" testListId="8c84fa94-04c1-424b-9868-57a2d4851a1d" />
    <TestEntry testId="4ad0d6cc-b6bb-6b71-fab7-7bd0c1927a9f" executionId="21fc8800-dcb9-43ab-9ef0-e779aa5b30c0" testListId="8c84fa94-04c1-424b-9868-57a2d4851a1d" />
    <TestEntry testId="ecb7a2ec-95c2-bcd4-9208-598a9a8227f1" executionId="235a4fcb-fe9a-4d72-8a5d-c61c75c55b9d" testListId="8c84fa94-04c1-424b-9868-57a2d4851a1d" />
    <TestEntry testId="8adbc453-a093-0889-b145-79d2f69be902" executionId="a111f938-87dd-4c07-9426-bd7b784f9838" testListId="8c84fa94-04c1-424b-9868-57a2d4851a1d" />
    <TestEntry testId="06a22416-08af-c0dc-b70f-5cec4761aa09" executionId="1d24d712-9ad4-46b7-a850-aadfaf412ceb" testListId="8c84fa94-04c1-424b-9868-57a2d4851a1d" />
    <TestEntry testId="33d4d279-34bd-6d5a-280e-4b82973def51" executionId="cb9493d4-0da9-4ab7-840c-faa14fc3b596" testListId="8c84fa94-04c1-424b-9868-57a2d4851a1d" />
    <TestEntry testId="beae7429-a6a2-4b8b-91b8-2242ec45c77a" executionId="1f8adbd7-04b4-43e8-b2b2-2e589a4aad5c" testListId="8c84fa94-04c1-424b-9868-57a2d4851a1d" />
    <TestEntry testId="7a71b779-6444-5633-f109-dc2d069ca31b" executionId="d8857e42-d263-4ed4-ab18-0eb5351602b3" testListId="8c84fa94-04c1-424b-9868-57a2d4851a1d" />
    <TestEntry testId="30d12b1b-aa49-8c08-bd4a-866243aceb48" executionId="a007eb32-c210-46f0-ab6d-85b92298d106" testListId="8c84fa94-04c1-424b-9868-57a2d4851a1d" />
    <TestEntry testId="d79ef6f9-4e22-e7f6-a37e-b0e7a8cab61d" executionId="00c6b15d-7f88-4cc9-9ae6-e09f4fa6a271" testListId="8c84fa94-04c1-424b-9868-57a2d4851a1d" />
    <TestEntry testId="cb4b29f5-c7d3-2010-bb43-cecc9f41c474" executionId="0f536a94-b2c4-4727-9fbf-93fab73b582c" testListId="8c84fa94-04c1-424b-9868-57a2d4851a1d" />
    <TestEntry testId="86d01318-0230-9e62-826b-6c3385d23407" executionId="5af0028b-aec5-4e98-a902-eb10277973bb" testListId="8c84fa94-04c1-424b-9868-57a2d4851a1d" />
    <TestEntry testId="80c6668e-527f-7ce0-c7fa-d368165124a1" executionId="666a544d-06ad-4b97-85ac-e6160ed00a5c" testListId="8c84fa94-04c1-424b-9868-57a2d4851a1d" />
    <TestEntry testId="d9c44692-30b5-c679-747b-7d385a54ef67" executionId="b3bf39eb-54ab-41e9-9685-b1b144acbc7b" testListId="8c84fa94-04c1-424b-9868-57a2d4851a1d" />
    <TestEntry testId="8bc468f8-eee0-673a-92b7-930506440e84" executionId="060c5e12-9284-48a6-9b29-d23582feadb4" testListId="8c84fa94-04c1-424b-9868-57a2d4851a1d" />
    <TestEntry testId="e59f5b3d-3a7c-4505-e293-67664a703224" executionId="c38156ec-8388-4b33-8f9a-913c57f4b3d0" testListId="8c84fa94-04c1-424b-9868-57a2d4851a1d" />
    <TestEntry testId="4312a9d7-4905-c365-94ac-da54845d713f" executionId="ffe27a0d-7a8d-45f1-9ffa-b232db6f1f8c" testListId="8c84fa94-04c1-424b-9868-57a2d4851a1d" />
  </TestEntries>
  <Results>
    <UnitTestResult executionId="03fc883c-1e30-4cb3-8a7b-2d0085f94dad" testId="58939138-4342-8e72-2f65-c6ec6d5362d3" testName="SaveAStringKeyValue" computerName="HORVICKW7" duration="00:00:04.4900839" startTime="2010-03-20T09:33:40.9339758-04:00" endTime="2010-03-20T09:33:49.7124779-04:00" testType="13cdc9d9-ddb5-4fa4-a97d-d965ccfc6d4b" outcome="Failed" testListId="8c84fa94-04c1-424b-9868-57a2d4851a1d" relativeResultsDirectory="03fc883c-1e30-4cb3-8a7b-2d0085f94dad">
      <Output>
        <DebugTrace>X-Riak-Vclock: a85hYGBgzGDKBVIszBVecRlMiYx5rAwFtyWO8mUBAA==
Link: &lt;/riak/BucketTest&gt;
QTAgent32.exe Error: 0 : HTTP error BadRequest performing PUT request at http://192.168.137.50:8098/riak/BucketTest/StringKey
QTAgent32.exe Error: 0 : Invalid Link header. Links must be of the form
&lt;/riak/BUCKET/KEY&gt;; riaktag="TAG"

</DebugTrace>
        <ErrorInfo>
          <Message>Test method Riak.Tests.BucketTests.SaveAStringKeyValue threw exception: 
Riak.Client.RiakServerException: HTTP error BadRequest performing PUT request at http://192.168.137.50:8098/riak/BucketTest/StringKey</Message>
          <StackTrace>    at Riak.Client.HttpHandler.Execute(WebRequestVerb verb, Uri uri, Dictionary`2 headers, ICollection`1 allowedCodes, Stream requestDataStream) in c:\projects\Riak.Client\Riak.Client\HttpHandler.cs:line 208
   at Riak.Client.HttpHandler.Put(Uri uri, String contentType, Dictionary`2 headers, ICollection`1 allowedCodes, Stream data) in c:\projects\Riak.Client\Riak.Client\HttpHandler.cs:line 107
   at Riak.Client.RiakObject.Store(Stream data) in c:\projects\Riak.Client\Riak.Client\RiakObject.cs:line 150
   at Riak.Client.RiakObject.Store(String data) in c:\projects\Riak.Client\Riak.Client\RiakObject.cs:line 144
   at Riak.Tests.BucketTests.SaveAStringKeyValue() in c:\projects\Riak.Client\Riak.Tests\BucketTests.cs:line 26
</StackTrace>
        </ErrorInfo>
      </Output>
    </UnitTestResult>
    <UnitTestResult executionId="21fc8800-dcb9-43ab-9ef0-e779aa5b30c0" testId="4ad0d6cc-b6bb-6b71-fab7-7bd0c1927a9f" testName="SaveABinaryKeyValue" computerName="HORVICKW7" duration="00:00:00.3494671" startTime="2010-03-20T09:33:49.7484800-04:00" endTime="2010-03-20T09:33:50.1185011-04:00" testType="13cdc9d9-ddb5-4fa4-a97d-d965ccfc6d4b" outcome="Passed" testListId="8c84fa94-04c1-424b-9868-57a2d4851a1d" relativeResultsDirectory="21fc8800-dcb9-43ab-9ef0-e779aa5b30c0">
    </UnitTestResult>
    <UnitTestResult executionId="235a4fcb-fe9a-4d72-8a5d-c61c75c55b9d" testId="ecb7a2ec-95c2-bcd4-9208-598a9a8227f1" testName="DeleteExistingKeys" computerName="HORVICKW7" duration="00:00:00.7699477" startTime="2010-03-20T09:33:50.2135066-04:00" endTime="2010-03-20T09:33:51.0035517-04:00" testType="13cdc9d9-ddb5-4fa4-a97d-d965ccfc6d4b" outcome="Passed" testListId="8c84fa94-04c1-424b-9868-57a2d4851a1d" relativeResultsDirectory="235a4fcb-fe9a-4d72-8a5d-c61c75c55b9d">
      <Output>
        <DebugTrace>X-Riak-Vclock: a85hYGBgzGDKBVIsDIa3tmcwJTLmsTLs85I8ypcFAA==
X-Riak-Vclock: a85hYGBgzGDKBVIszBVecRlMiYx5rAwFtyWO8mUBAA==
</DebugTrace>
      </Output>
    </UnitTestResult>
    <UnitTestResult executionId="a111f938-87dd-4c07-9426-bd7b784f9838" testId="8adbc453-a093-0889-b145-79d2f69be902" testName="DeleteMissingKeys" computerName="HORVICKW7" duration="00:00:02.4508556" startTime="2010-03-20T09:33:51.0295532-04:00" endTime="2010-03-20T09:33:53.5046948-04:00" testType="13cdc9d9-ddb5-4fa4-a97d-d965ccfc6d4b" outcome="Passed" testListId="8c84fa94-04c1-424b-9868-57a2d4851a1d" relativeResultsDirectory="a111f938-87dd-4c07-9426-bd7b784f9838">
      <Output>
        <DebugTrace>X-Riak-Vclock: a85hYGBgzGDKBVIsTBUxUhlMiYx5rAz7vSSP8mUBAA==
X-Riak-Vclock: a85hYGBgzGDKBVIsTBUxUhlMiYx5rAz7vSSP8mUBAA==
X-Riak-Vclock: a85hYGBgzGDKBVIsTBUxUhlMiYx5rAz7vSSP8mUBAA==
X-Riak-Vclock: a85hYGBgzGDKBVIsTBUxUhlMiYx5rAz7vSSP8mUBAA==
X-Riak-Vclock: a85hYGBgzGDKBVIsTBUxUhlMiYx5rAz7vSSP8mUBAA==
X-Riak-Vclock: a85hYGBgzGDKBVIsTBUxUhlMiYx5rAz7vSSP8mUBAA==
X-Riak-Vclock: a85hYGBgzGDKBVIsTBUxUhlMiYx5rAz7vSSP8mUBAA==
X-Riak-Vclock: a85hYGBgzGDKBVIsTBUxUhlMiYx5rAz7vSSP8mUBAA==
X-Riak-Vclock: a85hYGBgzGDKBVIsTBUxUhlMiYx5rAz7vSSP8mUBAA==
X-Riak-Vclock: a85hYGBgzGDKBVIsTBUxUhlMiYx5rAz7vSSP8mUBAA==
X-Riak-Vclock: a85hYGBgzGDKBVIsTBUxUhlMiYx5rAz7vSSP8mUBAA==
X-Riak-Vclock: a85hYGBgzGDKBVIsTBUxUhlMiYx5rAz7vSSP8mUBAA==
X-Riak-Vclock: a85hYGBgzGDKBVIsTBUxUhlMiYx5rAz7vSSP8mUBAA==
X-Riak-Vclock: a85hYGBgzGDKBVIsTBUxUhlMiYx5rAz7vSSP8mUBAA==
X-Riak-Vclock: a85hYGBgzGDKBVIsTBUxUhlMiYx5rAz7vSSP8mUBAA==
X-Riak-Vclock: a85hYGBgzGDKBVIsTBUxUhlMiYx5rAz7vSSP8mUBAA==
X-Riak-Vclock: a85hYGBgzGDKBVIsTBUxUhlMiYx5rAz7vSSP8mUBAA==
X-Riak-Vclock: a85hYGBgzGDKBVIsTBUxUhlMiYx5rAz7vSSP8mUBAA==
X-Riak-Vclock: a85hYGBgzGDKBVIsTBUxUhlMiYx5rAz7vSSP8mUBAA==
X-Riak-Vclock: a85hYGBgzGDKBVIsTBUxUhlMiYx5rAz7vSSP8mUBAA==
</DebugTrace>
      </Output>
    </UnitTestResult>
    <UnitTestResult executionId="1d24d712-9ad4-46b7-a850-aadfaf412ceb" testId="06a22416-08af-c0dc-b70f-5cec4761aa09" testName="ConflictOnNonMultiBucket" computerName="HORVICKW7" duration="00:00:00.5025261" startTime="2010-03-20T09:33:53.5646982-04:00" endTime="2010-03-20T09:33:54.0947286-04:00" testType="13cdc9d9-ddb5-4fa4-a97d-d965ccfc6d4b" outcome="Failed" testListId="8c84fa94-04c1-424b-9868-57a2d4851a1d" relativeResultsDirectory="1d24d712-9ad4-46b7-a850-aadfaf412ceb">
      <Output>
        <DebugTrace>X-Riak-Vclock: a85hYGBgzGDKBVIsLG9vJGUwJTLmsTIc9JI8ypcFAA==
Link: &lt;/riak/NonMultiBucket&gt;
QTAgent32.exe Error: 0 : HTTP error BadRequest performing PUT request at http://192.168.137.50:8098/riak/NonMultiBucket/05ca4bc3-82b2-4794-b178-dd5d10147eab
QTAgent32.exe Error: 0 : Invalid Link header. Links must be of the form
&lt;/riak/BUCKET/KEY&gt;; riaktag="TAG"

</DebugTrace>
        <ErrorInfo>
          <Message>Test method Riak.Tests.BucketTests.ConflictOnNonMultiBucket threw exception: 
Riak.Client.RiakServerException: HTTP error BadRequest performing PUT request at http://192.168.137.50:8098/riak/NonMultiBucket/05ca4bc3-82b2-4794-b178-dd5d10147eab</Message>
          <StackTrace>    at Riak.Client.HttpHandler.Execute(WebRequestVerb verb, Uri uri, Dictionary`2 headers, ICollection`1 allowedCodes, Stream requestDataStream) in c:\projects\Riak.Client\Riak.Client\HttpHandler.cs:line 208
   at Riak.Client.HttpHandler.Put(Uri uri, String contentType, Dictionary`2 headers, ICollection`1 allowedCodes, Stream data) in c:\projects\Riak.Client\Riak.Client\HttpHandler.cs:line 107
   at Riak.Client.RiakObject.Store(Stream data) in c:\projects\Riak.Client\Riak.Client\RiakObject.cs:line 150
   at Riak.Client.RiakObject.Store(String data) in c:\projects\Riak.Client\Riak.Client\RiakObject.cs:line 144
   at Riak.Tests.BucketTests.ConflictOnNonMultiBucket() in c:\projects\Riak.Client\Riak.Tests\BucketTests.cs:line 138
</StackTrace>
        </ErrorInfo>
      </Output>
    </UnitTestResult>
    <UnitTestResult executionId="cb9493d4-0da9-4ab7-840c-faa14fc3b596" testId="33d4d279-34bd-6d5a-280e-4b82973def51" testName="SettingAllowMultiPersistsCorrectly" computerName="HORVICKW7" duration="00:00:00.9998353" startTime="2010-03-20T09:33:54.1417312-04:00" endTime="2010-03-20T09:33:55.1687900-04:00" testType="13cdc9d9-ddb5-4fa4-a97d-d965ccfc6d4b" outcome="Passed" testListId="8c84fa94-04c1-424b-9868-57a2d4851a1d" relativeResultsDirectory="cb9493d4-0da9-4ab7-840c-faa14fc3b596">
    </UnitTestResult>
    <UnitTestResult executionId="1f8adbd7-04b4-43e8-b2b2-2e589a4aad5c" testId="beae7429-a6a2-4b8b-91b8-2242ec45c77a" testName="ConflictOnAllowMultiBucket" computerName="HORVICKW7" duration="00:00:00.4721084" startTime="2010-03-20T09:33:55.2107924-04:00" endTime="2010-03-20T09:33:55.7148212-04:00" testType="13cdc9d9-ddb5-4fa4-a97d-d965ccfc6d4b" outcome="Failed" testListId="8c84fa94-04c1-424b-9868-57a2d4851a1d" relativeResultsDirectory="1f8adbd7-04b4-43e8-b2b2-2e589a4aad5c">
      <Output>
        <DebugTrace>X-Riak-Vclock: a85hYGBgzGDKBVIsjOZLvmQwJTLmsTIc9pI8ypcFAA==
Link: &lt;/riak/ConflictOnAllowMultiBucket&gt;
QTAgent32.exe Error: 0 : HTTP error BadRequest performing PUT request at http://192.168.137.50:8098/riak/ConflictOnAllowMultiBucket/0f9b24d2-9bfe-4a4b-89b1-9040f7942f65
QTAgent32.exe Error: 0 : Invalid Link header. Links must be of the form
&lt;/riak/BUCKET/KEY&gt;; riaktag="TAG"

</DebugTrace>
        <ErrorInfo>
          <Message>Test method Riak.Tests.BucketTests.ConflictOnAllowMultiBucket threw exception Riak.Client.RiakServerException, but exception Riak.Client.RiakUnresolvedConflictException was expected. Exception message: Riak.Client.RiakServerException: HTTP error BadRequest performing PUT request at http://192.168.137.50:8098/riak/ConflictOnAllowMultiBucket/0f9b24d2-9bfe-4a4b-89b1-9040f7942f65</Message>
          <StackTrace>    at Riak.Client.HttpHandler.Execute(WebRequestVerb verb, Uri uri, Dictionary`2 headers, ICollection`1 allowedCodes, Stream requestDataStream) in c:\projects\Riak.Client\Riak.Client\HttpHandler.cs:line 208
   at Riak.Client.HttpHandler.Put(Uri uri, String contentType, Dictionary`2 headers, ICollection`1 allowedCodes, Stream data) in c:\projects\Riak.Client\Riak.Client\HttpHandler.cs:line 107
   at Riak.Client.RiakObject.Store(Stream data) in c:\projects\Riak.Client\Riak.Client\RiakObject.cs:line 150
   at Riak.Client.RiakObject.Store(String data) in c:\projects\Riak.Client\Riak.Client\RiakObject.cs:line 144
   at Riak.Tests.BucketTests.ConflictOnAllowMultiBucket() in c:\projects\Riak.Client\Riak.Tests\BucketTests.cs:line 188
</StackTrace>
        </ErrorInfo>
      </Output>
    </UnitTestResult>
    <UnitTestResult executionId="d8857e42-d263-4ed4-ab18-0eb5351602b3" testId="7a71b779-6444-5633-f109-dc2d069ca31b" testName="GetAllSiblingsOnConflict" computerName="HORVICKW7" duration="00:00:00.6534952" startTime="2010-03-20T09:33:55.7908256-04:00" endTime="2010-03-20T09:33:56.4858653-04:00" testType="13cdc9d9-ddb5-4fa4-a97d-d965ccfc6d4b" outcome="Failed" testListId="8c84fa94-04c1-424b-9868-57a2d4851a1d" relativeResultsDirectory="d8857e42-d263-4ed4-ab18-0eb5351602b3">
      <Output>
        <DebugTrace>X-Riak-Vclock: a85hYGBgzGDKBVIsrCe2qWcwJTLmsTIc8ZI8ypcFAA==
Link: &lt;/riak/ConflictOnAllowMultiBucket&gt;
QTAgent32.exe Error: 0 : HTTP error BadRequest performing PUT request at http://192.168.137.50:8098/riak/ConflictOnAllowMultiBucket/5e8c78b2-ca59-4d4f-9aa8-66feeb8d8f7f
QTAgent32.exe Error: 0 : Invalid Link header. Links must be of the form
&lt;/riak/BUCKET/KEY&gt;; riaktag="TAG"

</DebugTrace>
        <ErrorInfo>
          <Message>Test method Riak.Tests.BucketTests.GetAllSiblingsOnConflict threw exception: 
Riak.Client.RiakServerException: HTTP error BadRequest performing PUT request at http://192.168.137.50:8098/riak/ConflictOnAllowMultiBucket/5e8c78b2-ca59-4d4f-9aa8-66feeb8d8f7f</Message>
          <StackTrace>    at Riak.Client.HttpHandler.Execute(WebRequestVerb verb, Uri uri, Dictionary`2 headers, ICollection`1 allowedCodes, Stream requestDataStream) in c:\projects\Riak.Client\Riak.Client\HttpHandler.cs:line 208
   at Riak.Client.HttpHandler.Put(Uri uri, String contentType, Dictionary`2 headers, ICollection`1 allowedCodes, Stream data) in c:\projects\Riak.Client\Riak.Client\HttpHandler.cs:line 107
   at Riak.Client.RiakObject.Store(Stream data) in c:\projects\Riak.Client\Riak.Client\RiakObject.cs:line 150
   at Riak.Client.RiakObject.Store(String data) in c:\projects\Riak.Client\Riak.Client\RiakObject.cs:line 144
   at Riak.Tests.BucketTests.GetAllSiblingsOnConflict() in c:\projects\Riak.Client\Riak.Tests\BucketTests.cs:line 223
</StackTrace>
        </ErrorInfo>
      </Output>
    </UnitTestResult>
    <UnitTestResult executionId="a007eb32-c210-46f0-ab6d-85b92298d106" testId="30d12b1b-aa49-8c08-bd4a-866243aceb48" testName="LinkWithRelationalUri" computerName="HORVICKW7" duration="00:00:00.0521822" startTime="2010-03-20T09:33:56.5098667-04:00" endTime="2010-03-20T09:33:56.5838709-04:00" testType="13cdc9d9-ddb5-4fa4-a97d-d965ccfc6d4b" outcome="Failed" testListId="8c84fa94-04c1-424b-9868-57a2d4851a1d" relativeResultsDirectory="a007eb32-c210-46f0-ab6d-85b92298d106">
      <Output>
        <ErrorInfo>
          <Message>Assert.AreEqual failed. Expected:&lt;&lt;/raw/hb&gt;; rel="up"&gt;. Actual:&lt;&lt;/raw/hb&gt;&gt;. </Message>
          <StackTrace>   at Riak.Tests.LinkTests.LinkWithRelationalUri() in c:\projects\Riak.Client\Riak.Tests\LinkTests.cs:line 20
</StackTrace>
        </ErrorInfo>
      </Output>
    </UnitTestResult>
    <UnitTestResult executionId="00c6b15d-7f88-4cc9-9ae6-e09f4fa6a271" testId="d79ef6f9-4e22-e7f6-a37e-b0e7a8cab61d" testName="LinkWithMultipleParameters" computerName="HORVICKW7" duration="00:00:00.0563574" startTime="2010-03-20T09:33:56.6348738-04:00" endTime="2010-03-20T09:33:56.7158785-04:00" testType="13cdc9d9-ddb5-4fa4-a97d-d965ccfc6d4b" outcome="Failed" testListId="8c84fa94-04c1-424b-9868-57a2d4851a1d" relativeResultsDirectory="00c6b15d-7f88-4cc9-9ae6-e09f4fa6a271">
      <Output>
        <ErrorInfo>
          <Message>Assert.AreEqual failed. Expected:&lt;&lt;/raw/hb&gt;; rel="up"; riaktag="foo"&gt;. Actual:&lt;&lt;/raw/hb&gt;; riaktag="foo"&gt;. </Message>
          <StackTrace>   at Riak.Tests.LinkTests.LinkWithMultipleParameters() in c:\projects\Riak.Client\Riak.Tests\LinkTests.cs:line 41
</StackTrace>
        </ErrorInfo>
      </Output>
    </UnitTestResult>
    <UnitTestResult executionId="0f536a94-b2c4-4727-9fbf-93fab73b582c" testId="cb4b29f5-c7d3-2010-bb43-cecc9f41c474" testName="LinkOnNewKeyExistsAndParses" computerName="HORVICKW7" duration="00:00:00.4019383" startTime="2010-03-20T09:33:56.7528806-04:00" endTime="2010-03-20T09:33:57.1819051-04:00" testType="13cdc9d9-ddb5-4fa4-a97d-d965ccfc6d4b" outcome="Passed" testListId="8c84fa94-04c1-424b-9868-57a2d4851a1d" relativeResultsDirectory="0f536a94-b2c4-4727-9fbf-93fab73b582c">
    </UnitTestResult>
    <UnitTestResult executionId="5af0028b-aec5-4e98-a902-eb10277973bb" testId="86d01318-0230-9e62-826b-6c3385d23407" testName="LinkOddlyFormedIsParsedAndNormalized" computerName="HORVICKW7" duration="00:00:00.0623117" startTime="2010-03-20T09:33:57.2729103-04:00" endTime="2010-03-20T09:33:57.3649156-04:00" testType="13cdc9d9-ddb5-4fa4-a97d-d965ccfc6d4b" outcome="Failed" testListId="8c84fa94-04c1-424b-9868-57a2d4851a1d" relativeResultsDirectory="5af0028b-aec5-4e98-a902-eb10277973bb">
      <Output>
        <ErrorInfo>
          <Message>Assert.AreEqual failed. Expected:&lt;&lt;/raw/hb&gt;; rel="up"; riaktag="foo"&gt;. Actual:&lt;&lt;/raw/hb&gt;; riaktag="foo"&gt;. </Message>
          <StackTrace>   at Riak.Tests.LinkTests.LinkOddlyFormedIsParsedAndNormalized() in c:\projects\Riak.Client\Riak.Tests\LinkTests.cs:line 92
</StackTrace>
        </ErrorInfo>
      </Output>
    </UnitTestResult>
    <UnitTestResult executionId="666a544d-06ad-4b97-85ac-e6160ed00a5c" testId="80c6668e-527f-7ce0-c7fa-d368165124a1" testName="LinkCollectionOperationalTests" computerName="HORVICKW7" duration="00:00:00.0051287" startTime="2010-03-20T09:33:57.4099182-04:00" endTime="2010-03-20T09:33:57.4449202-04:00" testType="13cdc9d9-ddb5-4fa4-a97d-d965ccfc6d4b" outcome="Passed" testListId="8c84fa94-04c1-424b-9868-57a2d4851a1d" relativeResultsDirectory="666a544d-06ad-4b97-85ac-e6160ed00a5c">
    </UnitTestResult>
    <UnitTestResult executionId="b3bf39eb-54ab-41e9-9685-b1b144acbc7b" testId="d9c44692-30b5-c679-747b-7d385a54ef67" testName="LinkWithUnknownParameters" computerName="HORVICKW7" duration="00:00:00.0554454" startTime="2010-03-20T09:33:57.5439258-04:00" endTime="2010-03-20T09:33:57.6439316-04:00" testType="13cdc9d9-ddb5-4fa4-a97d-d965ccfc6d4b" outcome="Failed" testListId="8c84fa94-04c1-424b-9868-57a2d4851a1d" relativeResultsDirectory="b3bf39eb-54ab-41e9-9685-b1b144acbc7b">
      <Output>
        <ErrorInfo>
          <Message>Assert.AreEqual failed. Expected:&lt;&lt;/raw/hb&gt;; unk="value"; rel="up"; riaktag="foo"&gt;. Actual:&lt;&lt;/raw/hb&gt;; unk="value"; riaktag="foo"&gt;. </Message>
          <StackTrace>   at Riak.Tests.LinkTests.LinkWithUnknownParameters() in c:\projects\Riak.Client\Riak.Tests\LinkTests.cs:line 58
</StackTrace>
        </ErrorInfo>
      </Output>
    </UnitTestResult>
    <UnitTestResult executionId="060c5e12-9284-48a6-9b29-d23582feadb4" testId="8bc468f8-eee0-673a-92b7-930506440e84" testName="LinkRoundTripping" computerName="HORVICKW7" duration="00:00:00.0899631" startTime="2010-03-20T09:33:57.6889341-04:00" endTime="2010-03-20T09:33:57.8219417-04:00" testType="13cdc9d9-ddb5-4fa4-a97d-d965ccfc6d4b" outcome="Failed" testListId="8c84fa94-04c1-424b-9868-57a2d4851a1d" relativeResultsDirectory="060c5e12-9284-48a6-9b29-d23582feadb4">
      <Output>
        <ErrorInfo>
          <Message>Assert.AreEqual failed. Expected:&lt;up&gt;. Actual:&lt;(null)&gt;. </Message>
          <StackTrace>   at Riak.Tests.LinkTests.LinkRoundTripping() in c:\projects\Riak.Client\Riak.Tests\LinkTests.cs:line 72
</StackTrace>
        </ErrorInfo>
      </Output>
    </UnitTestResult>
    <UnitTestResult executionId="c38156ec-8388-4b33-8f9a-913c57f4b3d0" testId="e59f5b3d-3a7c-4505-e293-67664a703224" testName="LinkFollowing" computerName="HORVICKW7" duration="00:00:01.1406446" startTime="2010-03-20T09:33:57.8559437-04:00" endTime="2010-03-20T09:33:59.0250105-04:00" testType="13cdc9d9-ddb5-4fa4-a97d-d965ccfc6d4b" outcome="Failed" testListId="8c84fa94-04c1-424b-9868-57a2d4851a1d" relativeResultsDirectory="c38156ec-8388-4b33-8f9a-913c57f4b3d0">
      <Output>
        <DebugTrace>X-Riak-Vclock: a85hYGBgzGDKBVIsLIe8vDKYEpnyWBkKb0sc5csCAA==
X-Riak-Vclock: a85hYGBgzGDKBVIsLIe8vDKYEpnyWBkKb0sc5csCAA==
X-Riak-Vclock: a85hYGBgzGDKBVIsLIe8vDKYEpnyWBkKb0sc5csCAA==
X-Riak-Vclock: a85hYGBgzGDKBVIsLIe8vDKYEpnyWBkKb0sc5csCAA==
X-Riak-Vclock: a85hYGBgyWDKBVHMgVx/MpgSmfJYGX7dlDjKBxFma05iOu74CCjBCJQouA2XYGFfs7MEizDLIS8vqDGFIOEsAA==
X-Riak-Vclock: a85hYGBgzGDKBVIsLP//CmUwJTLmsTIc85I8ypcFAA==
Link: &lt;/riak/Artist&gt;, &lt;/riak/Album/Kind%20of%20Blue&gt;; riaktag="album", &lt;/riak/Album/Conception&gt;; riaktag="album", &lt;/riak/Album/Blue&gt;; riaktag="album", &lt;/riak/Album/Dig&gt;; riaktag="album"
QTAgent32.exe Error: 0 : HTTP error BadRequest performing PUT request at http://192.168.137.50:8098/riak/Artist/Miles%20Davis
QTAgent32.exe Error: 0 : Invalid Link header. Links must be of the form
&lt;/riak/BUCKET/KEY&gt;; riaktag="TAG"

</DebugTrace>
        <ErrorInfo>
          <Message>Test method Riak.Tests.LinkTests.LinkFollowing threw exception: 
Riak.Client.RiakServerException: HTTP error BadRequest performing PUT request at http://192.168.137.50:8098/riak/Artist/Miles%20Davis</Message>
          <StackTrace>    at Riak.Client.HttpHandler.Execute(WebRequestVerb verb, Uri uri, Dictionary`2 headers, ICollection`1 allowedCodes, Stream requestDataStream) in c:\projects\Riak.Client\Riak.Client\HttpHandler.cs:line 208
   at Riak.Client.HttpHandler.Put(Uri uri, String contentType, Dictionary`2 headers, ICollection`1 allowedCodes, Stream data) in c:\projects\Riak.Client\Riak.Client\HttpHandler.cs:line 107
   at Riak.Client.RiakObject.Store(Stream data) in c:\projects\Riak.Client\Riak.Client\RiakObject.cs:line 150
   at Riak.Client.RiakObject.Store(String data) in c:\projects\Riak.Client\Riak.Client\RiakObject.cs:line 144
   at Riak.Client.RiakObject.Store() in c:\projects\Riak.Client\Riak.Client\RiakObject.cs:line 234
   at Riak.Tests.LinkTests.LinkFollowing() in c:\projects\Riak.Client\Riak.Tests\LinkTests.cs:line 179
</StackTrace>
        </ErrorInfo>
      </Output>
    </UnitTestResult>
    <UnitTestResult executionId="ffe27a0d-7a8d-45f1-9ffa-b232db6f1f8c" testId="4312a9d7-4905-c365-94ac-da54845d713f" testName="GetAllTextData" computerName="HORVICKW7" duration="00:00:00.6165238" startTime="2010-03-20T09:33:59.0590125-04:00" endTime="2010-03-20T09:33:59.7110498-04:00" testType="13cdc9d9-ddb5-4fa4-a97d-d965ccfc6d4b" outcome="Failed" testListId="8c84fa94-04c1-424b-9868-57a2d4851a1d" relativeResultsDirectory="ffe27a0d-7a8d-45f1-9ffa-b232db6f1f8c">
      <Output>
        <ErrorInfo>
          <Message>Initialization method Riak.Tests.MultiPartResponseTests.AddInitialData threw exception. System.NullReferenceException: System.NullReferenceException: Object reference not set to an instance of an object..</Message>
          <StackTrace>    at Riak.Tests.MultiPartResponseTests.GetRandomTextData() in c:\projects\Riak.Client\Riak.Tests\MultiPartResponseTests.cs:line 56
   at Riak.Tests.MultiPartResponseTests.AddInitialData() in c:\projects\Riak.Client\Riak.Tests\MultiPartResponseTests.cs:line 30
</StackTrace>
        </ErrorInfo>
      </Output>
    </UnitTestResult>
  </Results>
</TestRun>