<?xml version="1.0" encoding="UTF-8"?>
<TestRun id="e6be8b0a-e763-4e2b-a386-f117847e030c" name="Robert@HORVICKW7 2010-03-18 06:26:20" runUser="HORVICKW7\Robert" xmlns="http://microsoft.com/schemas/VisualStudio/TeamTest/2010">
  <TestSettings name="Local" id="cccf0ead-bb7b-4fa6-80c8-b697078887da">
    <Description>These are default test settings for a local test run.</Description>
    <Deployment enabled="false" runDeploymentRoot="Robert_HORVICKW7 2010-03-18 06_26_20" />
    <Execution>
      <TestTypeSpecific />
      <AgentRule name="Execution Agents">
      </AgentRule>
    </Execution>
  </TestSettings>
  <Times creation="2010-03-18T06:26:20.5284667-04:00" queuing="2010-03-18T06:26:23.4156319-04:00" start="2010-03-18T06:26:23.6866474-04:00" finish="2010-03-18T06:27:03.9179485-04:00" />
  <ResultSummary outcome="Failed">
    <Counters total="2" executed="2" passed="1" error="0" failed="1" timeout="0" aborted="0" inconclusive="0" passedButRunAborted="0" notRunnable="0" notExecuted="0" disconnected="0" warning="0" completed="0" inProgress="0" pending="0" />
  </ResultSummary>
  <TestDefinitions>
    <UnitTest name="TestMethod1" storage="c:\projects\riak.client\riak.tests\bin\debug\riak.tests.dll" id="4218db0c-c3cd-af6c-7a89-5cbb6ed4b0b4">
      <Execution id="1ef6f459-a5e7-4763-b27e-10e33c9dac15" />
      <TestMethod codeBase="C:/projects/Riak.Client/Riak.Tests/bin/Debug/Riak.Tests.DLL" adapterTypeName="Microsoft.VisualStudio.TestTools.TestTypes.Unit.UnitTestAdapter, Microsoft.VisualStudio.QualityTools.Tips.UnitTest.Adapter, Version=10.0.0.0, Culture=neutral, PublicKeyToken=b03f5f7f11d50a3a" className="Riak.Tests.RiakRequestTests, Riak.Tests, Version=1.0.0.0, Culture=neutral, PublicKeyToken=null" name="TestMethod1" />
    </UnitTest>
    <UnitTest name="CreateAndDeleteKey" storage="c:\projects\riak.client\riak.tests\bin\debug\riak.tests.dll" id="1cbbf656-9ca7-e0c1-33ad-857ff07ea21a">
      <Execution id="859a8921-1c3b-4433-a98d-44a878ee63b2" />
      <TestMethod codeBase="C:/projects/Riak.Client/Riak.Tests/bin/Debug/Riak.Tests.DLL" adapterTypeName="Microsoft.VisualStudio.TestTools.TestTypes.Unit.UnitTestAdapter, Microsoft.VisualStudio.QualityTools.Tips.UnitTest.Adapter, Version=10.0.0.0, Culture=neutral, PublicKeyToken=b03f5f7f11d50a3a" className="Riak.Tests.RiakRequestTests, Riak.Tests, Version=1.0.0.0, Culture=neutral, PublicKeyToken=null" name="CreateAndDeleteKey" />
    </UnitTest>
  </TestDefinitions>
  <TestLists>
    <TestList name="Results Not in a List" id="8c84fa94-04c1-424b-9868-57a2d4851a1d" />
    <TestList name="All Loaded Results" id="19431567-8539-422a-85d7-44ee4e166bda" />
  </TestLists>
  <TestEntries>
    <TestEntry testId="4218db0c-c3cd-af6c-7a89-5cbb6ed4b0b4" executionId="1ef6f459-a5e7-4763-b27e-10e33c9dac15" testListId="8c84fa94-04c1-424b-9868-57a2d4851a1d" />
    <TestEntry testId="1cbbf656-9ca7-e0c1-33ad-857ff07ea21a" executionId="859a8921-1c3b-4433-a98d-44a878ee63b2" testListId="8c84fa94-04c1-424b-9868-57a2d4851a1d" />
  </TestEntries>
  <Results>
    <UnitTestResult executionId="1ef6f459-a5e7-4763-b27e-10e33c9dac15" testId="4218db0c-c3cd-af6c-7a89-5cbb6ed4b0b4" testName="TestMethod1" computerName="HORVICKW7" duration="00:00:00.0641583" startTime="2010-03-18T06:26:23.9146604-04:00" endTime="2010-03-18T06:26:25.4597488-04:00" testType="13cdc9d9-ddb5-4fa4-a97d-d965ccfc6d4b" outcome="Passed" testListId="8c84fa94-04c1-424b-9868-57a2d4851a1d" relativeResultsDirectory="1ef6f459-a5e7-4763-b27e-10e33c9dac15">
    </UnitTestResult>
    <UnitTestResult executionId="859a8921-1c3b-4433-a98d-44a878ee63b2" testId="1cbbf656-9ca7-e0c1-33ad-857ff07ea21a" testName="CreateAndDeleteKey" computerName="HORVICKW7" duration="00:00:37.8089989" startTime="2010-03-18T06:26:25.4917506-04:00" endTime="2010-03-18T06:27:03.7369381-04:00" testType="13cdc9d9-ddb5-4fa4-a97d-d965ccfc6d4b" outcome="Failed" testListId="8c84fa94-04c1-424b-9868-57a2d4851a1d" relativeResultsDirectory="859a8921-1c3b-4433-a98d-44a878ee63b2">
      <Output>
        <ErrorInfo>
          <Message>Test method Riak.Tests.RiakRequestTests.CreateAndDeleteKey threw exception: 
System.InvalidCastException: Unable to cast object of type 'System.Boolean' to type 'Jayrock.Json.JsonBoolean'.</Message>
          <StackTrace>    at Riak.Client.Bucket.loadFromJson(Stream stream) in C:\projects\Riak.Client\Riak.Client\Bucket.cs:line 72
   at Riak.Client.Bucket.Refresh() in C:\projects\Riak.Client\Riak.Client\Bucket.cs:line 54
   at Riak.Client.RiakClient.Bucket(String name) in C:\projects\Riak.Client\Riak.Client\RiakClient.cs:line 21
   at Riak.Tests.RiakRequestTests.CreateAndDeleteKey() in C:\projects\Riak.Client\Riak.Tests\UnitTest1.cs:line 33
</StackTrace>
        </ErrorInfo>
      </Output>
    </UnitTestResult>
  </Results>
</TestRun>