<?xml version="1.0" encoding="UTF-8"?>
<TestRun id="0babb5c7-26ee-43c3-8ca1-25a31a0ae78d" name="Robert@HORVICKW7 2010-03-19 05:56:54" runUser="HORVICKW7\Robert" xmlns="http://microsoft.com/schemas/VisualStudio/TeamTest/2010">
  <TestSettings name="Local" id="cccf0ead-bb7b-4fa6-80c8-b697078887da">
    <Description>These are default test settings for a local test run.</Description>
    <Deployment enabled="false" runDeploymentRoot="Robert_HORVICKW7 2010-03-19 05_56_54" />
    <Execution>
      <TestTypeSpecific />
      <AgentRule name="Execution Agents">
      </AgentRule>
    </Execution>
  </TestSettings>
  <Times creation="2010-03-19T05:56:54.1622337-04:00" queuing="2010-03-19T05:56:56.7223801-04:00" start="2010-03-19T05:56:57.3974187-04:00" finish="2010-03-19T05:57:33.5404860-04:00" />
  <ResultSummary outcome="Error">
    <Counters total="7" executed="7" passed="6" error="0" failed="0" timeout="0" aborted="1" inconclusive="0" passedButRunAborted="0" notRunnable="0" notExecuted="0" disconnected="0" warning="0" completed="0" inProgress="0" pending="0" />
    <RunInfos>
      <RunInfo computerName="HORVICKW7" outcome="Error" timestamp="2010-03-19T05:57:33.5204848-04:00">
        <Text>Test host process exited unexpectedly.</Text>
      </RunInfo>
    </RunInfos>
  </ResultSummary>
  <TestDefinitions>
    <UnitTest name="SaveABinaryKeyValue" storage="c:\projects\riak.client\riak.tests\bin\debug\riak.tests.dll" id="4ad0d6cc-b6bb-6b71-fab7-7bd0c1927a9f">
      <Execution id="763dfe69-e50d-4733-8e39-9da07e214e57" />
      <TestMethod codeBase="c:/projects/Riak.Client/Riak.Tests/bin/Debug/Riak.Tests.DLL" adapterTypeName="Microsoft.VisualStudio.TestTools.TestTypes.Unit.UnitTestAdapter, Microsoft.VisualStudio.QualityTools.Tips.UnitTest.Adapter, Version=10.0.0.0, Culture=neutral, PublicKeyToken=b03f5f7f11d50a3a" className="Riak.Tests.BucketTests, Riak.Tests, Version=1.0.0.0, Culture=neutral, PublicKeyToken=null" name="SaveABinaryKeyValue" />
    </UnitTest>
    <UnitTest name="DeleteExistingKeys" storage="c:\projects\riak.client\riak.tests\bin\debug\riak.tests.dll" id="ecb7a2ec-95c2-bcd4-9208-598a9a8227f1">
      <Execution id="3a830a3f-107d-4e82-8755-74cfcbc190c1" />
      <TestMethod codeBase="c:/projects/Riak.Client/Riak.Tests/bin/Debug/Riak.Tests.DLL" adapterTypeName="Microsoft.VisualStudio.TestTools.TestTypes.Unit.UnitTestAdapter, Microsoft.VisualStudio.QualityTools.Tips.UnitTest.Adapter, Version=10.0.0.0, Culture=neutral, PublicKeyToken=b03f5f7f11d50a3a" className="Riak.Tests.BucketTests, Riak.Tests, Version=1.0.0.0, Culture=neutral, PublicKeyToken=null" name="DeleteExistingKeys" />
    </UnitTest>
    <UnitTest name="SaveAStringKeyValue" storage="c:\projects\riak.client\riak.tests\bin\debug\riak.tests.dll" id="58939138-4342-8e72-2f65-c6ec6d5362d3">
      <Execution id="971ec210-e7c5-4436-8c0c-95d81d034672" />
      <TestMethod codeBase="c:/projects/Riak.Client/Riak.Tests/bin/Debug/Riak.Tests.DLL" adapterTypeName="Microsoft.VisualStudio.TestTools.TestTypes.Unit.UnitTestAdapter, Microsoft.VisualStudio.QualityTools.Tips.UnitTest.Adapter, Version=10.0.0.0, Culture=neutral, PublicKeyToken=b03f5f7f11d50a3a" className="Riak.Tests.BucketTests, Riak.Tests, Version=1.0.0.0, Culture=neutral, PublicKeyToken=null" name="SaveAStringKeyValue" />
    </UnitTest>
    <UnitTest name="ConflictOnNonMultiBucket" storage="c:\projects\riak.client\riak.tests\bin\debug\riak.tests.dll" id="06a22416-08af-c0dc-b70f-5cec4761aa09">
      <Execution id="8a7c1d34-d211-44df-9eea-bd36628dbe56" />
      <TestMethod codeBase="c:/projects/Riak.Client/Riak.Tests/bin/Debug/Riak.Tests.DLL" adapterTypeName="Microsoft.VisualStudio.TestTools.TestTypes.Unit.UnitTestAdapter, Microsoft.VisualStudio.QualityTools.Tips.UnitTest.Adapter, Version=10.0.0.0, Culture=neutral, PublicKeyToken=b03f5f7f11d50a3a" className="Riak.Tests.BucketTests, Riak.Tests, Version=1.0.0.0, Culture=neutral, PublicKeyToken=null" name="ConflictOnNonMultiBucket" />
    </UnitTest>
    <UnitTest name="GetKeyFromBucket" storage="c:\projects\riak.client\riak.tests\bin\debug\riak.tests.dll" id="7ec93923-9b63-896f-6fbc-0de4f66812a0">
      <Execution id="0edf81c9-ba1c-4039-bd25-8c7bd05e304a" />
      <TestMethod codeBase="c:/projects/Riak.Client/Riak.Tests/bin/Debug/Riak.Tests.DLL" adapterTypeName="Microsoft.VisualStudio.TestTools.TestTypes.Unit.UnitTestAdapter, Microsoft.VisualStudio.QualityTools.Tips.UnitTest.Adapter, Version=10.0.0.0, Culture=neutral, PublicKeyToken=b03f5f7f11d50a3a" className="Riak.Tests.RiakRequestTests, Riak.Tests, Version=1.0.0.0, Culture=neutral, PublicKeyToken=null" name="GetKeyFromBucket" />
    </UnitTest>
    <UnitTest name="TestMethod1" storage="c:\projects\riak.client\riak.tests\bin\debug\riak.tests.dll" id="4218db0c-c3cd-af6c-7a89-5cbb6ed4b0b4">
      <Execution id="1e4d8247-bfa6-4b91-8190-639d6a083773" />
      <TestMethod codeBase="c:/projects/Riak.Client/Riak.Tests/bin/Debug/Riak.Tests.DLL" adapterTypeName="Microsoft.VisualStudio.TestTools.TestTypes.Unit.UnitTestAdapter, Microsoft.VisualStudio.QualityTools.Tips.UnitTest.Adapter, Version=10.0.0.0, Culture=neutral, PublicKeyToken=b03f5f7f11d50a3a" className="Riak.Tests.RiakRequestTests, Riak.Tests, Version=1.0.0.0, Culture=neutral, PublicKeyToken=null" name="TestMethod1" />
    </UnitTest>
    <UnitTest name="DeleteMissingKeys" storage="c:\projects\riak.client\riak.tests\bin\debug\riak.tests.dll" id="8adbc453-a093-0889-b145-79d2f69be902">
      <Execution id="fd237805-d364-4ec2-9edc-df337dcfcf1c" />
      <TestMethod codeBase="c:/projects/Riak.Client/Riak.Tests/bin/Debug/Riak.Tests.DLL" adapterTypeName="Microsoft.VisualStudio.TestTools.TestTypes.Unit.UnitTestAdapter, Microsoft.VisualStudio.QualityTools.Tips.UnitTest.Adapter, Version=10.0.0.0, Culture=neutral, PublicKeyToken=b03f5f7f11d50a3a" className="Riak.Tests.BucketTests, Riak.Tests, Version=1.0.0.0, Culture=neutral, PublicKeyToken=null" name="DeleteMissingKeys" />
    </UnitTest>
  </TestDefinitions>
  <TestLists>
    <TestList name="Results Not in a List" id="8c84fa94-04c1-424b-9868-57a2d4851a1d" />
    <TestList name="All Loaded Results" id="19431567-8539-422a-85d7-44ee4e166bda" />
  </TestLists>
  <TestEntries>
    <TestEntry testId="4218db0c-c3cd-af6c-7a89-5cbb6ed4b0b4" executionId="1e4d8247-bfa6-4b91-8190-639d6a083773" testListId="8c84fa94-04c1-424b-9868-57a2d4851a1d" />
    <TestEntry testId="7ec93923-9b63-896f-6fbc-0de4f66812a0" executionId="0edf81c9-ba1c-4039-bd25-8c7bd05e304a" testListId="8c84fa94-04c1-424b-9868-57a2d4851a1d" />
    <TestEntry testId="58939138-4342-8e72-2f65-c6ec6d5362d3" executionId="971ec210-e7c5-4436-8c0c-95d81d034672" testListId="8c84fa94-04c1-424b-9868-57a2d4851a1d" />
    <TestEntry testId="4ad0d6cc-b6bb-6b71-fab7-7bd0c1927a9f" executionId="763dfe69-e50d-4733-8e39-9da07e214e57" testListId="8c84fa94-04c1-424b-9868-57a2d4851a1d" />
    <TestEntry testId="ecb7a2ec-95c2-bcd4-9208-598a9a8227f1" executionId="3a830a3f-107d-4e82-8755-74cfcbc190c1" testListId="8c84fa94-04c1-424b-9868-57a2d4851a1d" />
    <TestEntry testId="8adbc453-a093-0889-b145-79d2f69be902" executionId="fd237805-d364-4ec2-9edc-df337dcfcf1c" testListId="8c84fa94-04c1-424b-9868-57a2d4851a1d" />
    <TestEntry testId="06a22416-08af-c0dc-b70f-5cec4761aa09" executionId="8a7c1d34-d211-44df-9eea-bd36628dbe56" testListId="8c84fa94-04c1-424b-9868-57a2d4851a1d" />
  </TestEntries>
  <Results>
    <UnitTestResult executionId="1e4d8247-bfa6-4b91-8190-639d6a083773" testId="4218db0c-c3cd-af6c-7a89-5cbb6ed4b0b4" testName="TestMethod1" computerName="HORVICKW7" duration="00:00:00.2734777" startTime="2010-03-19T05:56:57.7364381-04:00" endTime="2010-03-19T05:56:59.6835495-04:00" testType="13cdc9d9-ddb5-4fa4-a97d-d965ccfc6d4b" outcome="Passed" testListId="8c84fa94-04c1-424b-9868-57a2d4851a1d" relativeResultsDirectory="1e4d8247-bfa6-4b91-8190-639d6a083773">
    </UnitTestResult>
    <UnitTestResult executionId="0edf81c9-ba1c-4039-bd25-8c7bd05e304a" testId="7ec93923-9b63-896f-6fbc-0de4f66812a0" testName="GetKeyFromBucket" computerName="HORVICKW7" duration="00:00:00.4123829" startTime="2010-03-19T05:56:59.7395527-04:00" endTime="2010-03-19T05:57:00.1975789-04:00" testType="13cdc9d9-ddb5-4fa4-a97d-d965ccfc6d4b" outcome="Passed" testListId="8c84fa94-04c1-424b-9868-57a2d4851a1d" relativeResultsDirectory="0edf81c9-ba1c-4039-bd25-8c7bd05e304a">
    </UnitTestResult>
    <UnitTestResult executionId="971ec210-e7c5-4436-8c0c-95d81d034672" testId="58939138-4342-8e72-2f65-c6ec6d5362d3" testName="SaveAStringKeyValue" computerName="HORVICKW7" duration="00:00:00.2982389" startTime="2010-03-19T05:57:00.2825837-04:00" endTime="2010-03-19T05:57:00.6046022-04:00" testType="13cdc9d9-ddb5-4fa4-a97d-d965ccfc6d4b" outcome="Passed" testListId="8c84fa94-04c1-424b-9868-57a2d4851a1d" relativeResultsDirectory="971ec210-e7c5-4436-8c0c-95d81d034672">
    </UnitTestResult>
    <UnitTestResult executionId="763dfe69-e50d-4733-8e39-9da07e214e57" testId="4ad0d6cc-b6bb-6b71-fab7-7bd0c1927a9f" testName="SaveABinaryKeyValue" computerName="HORVICKW7" duration="00:00:00.1905373" startTime="2010-03-19T05:57:00.6396042-04:00" endTime="2010-03-19T05:57:00.8506162-04:00" testType="13cdc9d9-ddb5-4fa4-a97d-d965ccfc6d4b" outcome="Passed" testListId="8c84fa94-04c1-424b-9868-57a2d4851a1d" relativeResultsDirectory="763dfe69-e50d-4733-8e39-9da07e214e57">
    </UnitTestResult>
    <UnitTestResult executionId="3a830a3f-107d-4e82-8755-74cfcbc190c1" testId="ecb7a2ec-95c2-bcd4-9208-598a9a8227f1" testName="DeleteExistingKeys" computerName="HORVICKW7" duration="00:00:00.6146998" startTime="2010-03-19T05:57:00.8696173-04:00" endTime="2010-03-19T05:57:01.5106540-04:00" testType="13cdc9d9-ddb5-4fa4-a97d-d965ccfc6d4b" outcome="Passed" testListId="8c84fa94-04c1-424b-9868-57a2d4851a1d" relativeResultsDirectory="3a830a3f-107d-4e82-8755-74cfcbc190c1">
    </UnitTestResult>
    <UnitTestResult executionId="fd237805-d364-4ec2-9edc-df337dcfcf1c" testId="8adbc453-a093-0889-b145-79d2f69be902" testName="DeleteMissingKeys" computerName="HORVICKW7" duration="00:00:01.0323181" startTime="2010-03-19T05:57:01.5596568-04:00" endTime="2010-03-19T05:57:02.6107169-04:00" testType="13cdc9d9-ddb5-4fa4-a97d-d965ccfc6d4b" outcome="Passed" testListId="8c84fa94-04c1-424b-9868-57a2d4851a1d" relativeResultsDirectory="fd237805-d364-4ec2-9edc-df337dcfcf1c">
    </UnitTestResult>
    <UnitTestResult executionId="8a7c1d34-d211-44df-9eea-bd36628dbe56" testId="06a22416-08af-c0dc-b70f-5cec4761aa09" testName="ConflictOnNonMultiBucket" computerName="HORVICKW7" duration="00:00:30.9027675" startTime="2010-03-19T05:57:02.6377185-04:00" endTime="2010-03-19T05:57:33.5404860-04:00" testType="13cdc9d9-ddb5-4fa4-a97d-d965ccfc6d4b" outcome="Aborted" testListId="8c84fa94-04c1-424b-9868-57a2d4851a1d" relativeResultsDirectory="8a7c1d34-d211-44df-9eea-bd36628dbe56">
    </UnitTestResult>
  </Results>
</TestRun>