<?xml version="1.0" encoding="UTF-8"?>
<TestRun id="f2428c00-4c60-4e41-b2f1-9a801a683264" name="Robert@HORVICKW7 2010-03-19 10:39:15" runUser="HORVICKW7\Robert" xmlns="http://microsoft.com/schemas/VisualStudio/TeamTest/2010">
  <TestSettings name="Local" id="cccf0ead-bb7b-4fa6-80c8-b697078887da">
    <Description>These are default test settings for a local test run.</Description>
    <Deployment enabled="false" runDeploymentRoot="Robert_HORVICKW7 2010-03-19 10_39_15" />
    <Execution>
      <TestTypeSpecific />
      <AgentRule name="Execution Agents">
      </AgentRule>
    </Execution>
  </TestSettings>
  <Times creation="2010-03-19T10:39:15.0751985-04:00" queuing="2010-03-19T10:39:18.4143895-04:00" start="2010-03-19T10:39:18.6304018-04:00" finish="2010-03-19T10:39:24.9807650-04:00" />
  <ResultSummary outcome="Failed">
    <Counters total="9" executed="9" passed="3" error="0" failed="6" timeout="0" aborted="0" inconclusive="0" passedButRunAborted="0" notRunnable="0" notExecuted="0" disconnected="0" warning="0" completed="0" inProgress="0" pending="0" />
  </ResultSummary>
  <TestDefinitions>
    <UnitTest name="SaveABinaryKeyValue" storage="c:\projects\riak.client\riak.tests\bin\debug\riak.tests.dll" id="4ad0d6cc-b6bb-6b71-fab7-7bd0c1927a9f">
      <Execution id="36457854-3f78-40e1-a875-6e3ac723946f" />
      <TestMethod codeBase="c:/projects/Riak.Client/Riak.Tests/bin/Debug/Riak.Tests.DLL" adapterTypeName="Microsoft.VisualStudio.TestTools.TestTypes.Unit.UnitTestAdapter, Microsoft.VisualStudio.QualityTools.Tips.UnitTest.Adapter, Version=10.0.0.0, Culture=neutral, PublicKeyToken=b03f5f7f11d50a3a" className="Riak.Tests.BucketTests, Riak.Tests, Version=1.0.0.0, Culture=neutral, PublicKeyToken=null" name="SaveABinaryKeyValue" />
    </UnitTest>
    <UnitTest name="DeleteExistingKeys" storage="c:\projects\riak.client\riak.tests\bin\debug\riak.tests.dll" id="ecb7a2ec-95c2-bcd4-9208-598a9a8227f1">
      <Execution id="4e2f590e-a5c9-42ce-8088-926b3dbdea74" />
      <TestMethod codeBase="c:/projects/Riak.Client/Riak.Tests/bin/Debug/Riak.Tests.DLL" adapterTypeName="Microsoft.VisualStudio.TestTools.TestTypes.Unit.UnitTestAdapter, Microsoft.VisualStudio.QualityTools.Tips.UnitTest.Adapter, Version=10.0.0.0, Culture=neutral, PublicKeyToken=b03f5f7f11d50a3a" className="Riak.Tests.BucketTests, Riak.Tests, Version=1.0.0.0, Culture=neutral, PublicKeyToken=null" name="DeleteExistingKeys" />
    </UnitTest>
    <UnitTest name="SaveAStringKeyValue" storage="c:\projects\riak.client\riak.tests\bin\debug\riak.tests.dll" id="58939138-4342-8e72-2f65-c6ec6d5362d3">
      <Execution id="13780473-d1f3-45a9-88f6-fba20d7b56c3" />
      <TestMethod codeBase="c:/projects/Riak.Client/Riak.Tests/bin/Debug/Riak.Tests.DLL" adapterTypeName="Microsoft.VisualStudio.TestTools.TestTypes.Unit.UnitTestAdapter, Microsoft.VisualStudio.QualityTools.Tips.UnitTest.Adapter, Version=10.0.0.0, Culture=neutral, PublicKeyToken=b03f5f7f11d50a3a" className="Riak.Tests.BucketTests, Riak.Tests, Version=1.0.0.0, Culture=neutral, PublicKeyToken=null" name="SaveAStringKeyValue" />
    </UnitTest>
    <UnitTest name="ConflictOnAllowMultiBucket" storage="c:\projects\riak.client\riak.tests\bin\debug\riak.tests.dll" id="beae7429-a6a2-4b8b-91b8-2242ec45c77a">
      <Execution id="5c95261b-ea9c-44de-9850-12c85165e9df" />
      <TestMethod codeBase="c:/projects/Riak.Client/Riak.Tests/bin/Debug/Riak.Tests.DLL" adapterTypeName="Microsoft.VisualStudio.TestTools.TestTypes.Unit.UnitTestAdapter, Microsoft.VisualStudio.QualityTools.Tips.UnitTest.Adapter, Version=10.0.0.0, Culture=neutral, PublicKeyToken=b03f5f7f11d50a3a" className="Riak.Tests.BucketTests, Riak.Tests, Version=1.0.0.0, Culture=neutral, PublicKeyToken=null" name="ConflictOnAllowMultiBucket" />
    </UnitTest>
    <UnitTest name="ConflictOnNonMultiBucket" storage="c:\projects\riak.client\riak.tests\bin\debug\riak.tests.dll" id="06a22416-08af-c0dc-b70f-5cec4761aa09">
      <Execution id="4a088d0e-05a0-4de5-ab81-e3de96af2c71" />
      <TestMethod codeBase="c:/projects/Riak.Client/Riak.Tests/bin/Debug/Riak.Tests.DLL" adapterTypeName="Microsoft.VisualStudio.TestTools.TestTypes.Unit.UnitTestAdapter, Microsoft.VisualStudio.QualityTools.Tips.UnitTest.Adapter, Version=10.0.0.0, Culture=neutral, PublicKeyToken=b03f5f7f11d50a3a" className="Riak.Tests.BucketTests, Riak.Tests, Version=1.0.0.0, Culture=neutral, PublicKeyToken=null" name="ConflictOnNonMultiBucket" />
    </UnitTest>
    <UnitTest name="GetKeyFromBucket" storage="c:\projects\riak.client\riak.tests\bin\debug\riak.tests.dll" id="7ec93923-9b63-896f-6fbc-0de4f66812a0">
      <Execution id="66765cc8-409e-497f-93bb-a18e1606f447" />
      <TestMethod codeBase="c:/projects/Riak.Client/Riak.Tests/bin/Debug/Riak.Tests.DLL" adapterTypeName="Microsoft.VisualStudio.TestTools.TestTypes.Unit.UnitTestAdapter, Microsoft.VisualStudio.QualityTools.Tips.UnitTest.Adapter, Version=10.0.0.0, Culture=neutral, PublicKeyToken=b03f5f7f11d50a3a" className="Riak.Tests.RiakRequestTests, Riak.Tests, Version=1.0.0.0, Culture=neutral, PublicKeyToken=null" name="GetKeyFromBucket" />
    </UnitTest>
    <UnitTest name="TestMethod1" storage="c:\projects\riak.client\riak.tests\bin\debug\riak.tests.dll" id="4218db0c-c3cd-af6c-7a89-5cbb6ed4b0b4">
      <Execution id="4891c5d5-3a5b-4d1b-aafd-90a75489a000" />
      <TestMethod codeBase="c:/projects/Riak.Client/Riak.Tests/bin/Debug/Riak.Tests.DLL" adapterTypeName="Microsoft.VisualStudio.TestTools.TestTypes.Unit.UnitTestAdapter, Microsoft.VisualStudio.QualityTools.Tips.UnitTest.Adapter, Version=10.0.0.0, Culture=neutral, PublicKeyToken=b03f5f7f11d50a3a" className="Riak.Tests.RiakRequestTests, Riak.Tests, Version=1.0.0.0, Culture=neutral, PublicKeyToken=null" name="TestMethod1" />
    </UnitTest>
    <UnitTest name="DeleteMissingKeys" storage="c:\projects\riak.client\riak.tests\bin\debug\riak.tests.dll" id="8adbc453-a093-0889-b145-79d2f69be902">
      <Execution id="2e92f4a6-92dc-471b-ac94-e5a0c02b50e7" />
      <TestMethod codeBase="c:/projects/Riak.Client/Riak.Tests/bin/Debug/Riak.Tests.DLL" adapterTypeName="Microsoft.VisualStudio.TestTools.TestTypes.Unit.UnitTestAdapter, Microsoft.VisualStudio.QualityTools.Tips.UnitTest.Adapter, Version=10.0.0.0, Culture=neutral, PublicKeyToken=b03f5f7f11d50a3a" className="Riak.Tests.BucketTests, Riak.Tests, Version=1.0.0.0, Culture=neutral, PublicKeyToken=null" name="DeleteMissingKeys" />
    </UnitTest>
    <UnitTest name="SettingAllowMultiPersistsCorrectly" storage="c:\projects\riak.client\riak.tests\bin\debug\riak.tests.dll" id="33d4d279-34bd-6d5a-280e-4b82973def51">
      <Execution id="bad9229a-4b9f-43e8-8c60-8a0857596e23" />
      <TestMethod codeBase="c:/projects/Riak.Client/Riak.Tests/bin/Debug/Riak.Tests.DLL" adapterTypeName="Microsoft.VisualStudio.TestTools.TestTypes.Unit.UnitTestAdapter, Microsoft.VisualStudio.QualityTools.Tips.UnitTest.Adapter, Version=10.0.0.0, Culture=neutral, PublicKeyToken=b03f5f7f11d50a3a" className="Riak.Tests.BucketTests, Riak.Tests, Version=1.0.0.0, Culture=neutral, PublicKeyToken=null" name="SettingAllowMultiPersistsCorrectly" />
    </UnitTest>
  </TestDefinitions>
  <TestLists>
    <TestList name="Results Not in a List" id="8c84fa94-04c1-424b-9868-57a2d4851a1d" />
    <TestList name="All Loaded Results" id="19431567-8539-422a-85d7-44ee4e166bda" />
  </TestLists>
  <TestEntries>
    <TestEntry testId="4218db0c-c3cd-af6c-7a89-5cbb6ed4b0b4" executionId="4891c5d5-3a5b-4d1b-aafd-90a75489a000" testListId="8c84fa94-04c1-424b-9868-57a2d4851a1d" />
    <TestEntry testId="7ec93923-9b63-896f-6fbc-0de4f66812a0" executionId="66765cc8-409e-497f-93bb-a18e1606f447" testListId="8c84fa94-04c1-424b-9868-57a2d4851a1d" />
    <TestEntry testId="58939138-4342-8e72-2f65-c6ec6d5362d3" executionId="13780473-d1f3-45a9-88f6-fba20d7b56c3" testListId="8c84fa94-04c1-424b-9868-57a2d4851a1d" />
    <TestEntry testId="4ad0d6cc-b6bb-6b71-fab7-7bd0c1927a9f" executionId="36457854-3f78-40e1-a875-6e3ac723946f" testListId="8c84fa94-04c1-424b-9868-57a2d4851a1d" />
    <TestEntry testId="ecb7a2ec-95c2-bcd4-9208-598a9a8227f1" executionId="4e2f590e-a5c9-42ce-8088-926b3dbdea74" testListId="8c84fa94-04c1-424b-9868-57a2d4851a1d" />
    <TestEntry testId="8adbc453-a093-0889-b145-79d2f69be902" executionId="2e92f4a6-92dc-471b-ac94-e5a0c02b50e7" testListId="8c84fa94-04c1-424b-9868-57a2d4851a1d" />
    <TestEntry testId="06a22416-08af-c0dc-b70f-5cec4761aa09" executionId="4a088d0e-05a0-4de5-ab81-e3de96af2c71" testListId="8c84fa94-04c1-424b-9868-57a2d4851a1d" />
    <TestEntry testId="beae7429-a6a2-4b8b-91b8-2242ec45c77a" executionId="5c95261b-ea9c-44de-9850-12c85165e9df" testListId="8c84fa94-04c1-424b-9868-57a2d4851a1d" />
    <TestEntry testId="33d4d279-34bd-6d5a-280e-4b82973def51" executionId="bad9229a-4b9f-43e8-8c60-8a0857596e23" testListId="8c84fa94-04c1-424b-9868-57a2d4851a1d" />
  </TestEntries>
  <Results>
    <UnitTestResult executionId="4891c5d5-3a5b-4d1b-aafd-90a75489a000" testId="4218db0c-c3cd-af6c-7a89-5cbb6ed4b0b4" testName="TestMethod1" computerName="HORVICKW7" duration="00:00:00.1093327" startTime="2010-03-19T10:39:18.7704098-04:00" endTime="2010-03-19T10:39:20.7085207-04:00" testType="13cdc9d9-ddb5-4fa4-a97d-d965ccfc6d4b" outcome="Passed" testListId="8c84fa94-04c1-424b-9868-57a2d4851a1d" relativeResultsDirectory="4891c5d5-3a5b-4d1b-aafd-90a75489a000">
    </UnitTestResult>
    <UnitTestResult executionId="66765cc8-409e-497f-93bb-a18e1606f447" testId="7ec93923-9b63-896f-6fbc-0de4f66812a0" testName="GetKeyFromBucket" computerName="HORVICKW7" duration="00:00:00.3680099" startTime="2010-03-19T10:39:20.7535233-04:00" endTime="2010-03-19T10:39:21.1575464-04:00" testType="13cdc9d9-ddb5-4fa4-a97d-d965ccfc6d4b" outcome="Passed" testListId="8c84fa94-04c1-424b-9868-57a2d4851a1d" relativeResultsDirectory="66765cc8-409e-497f-93bb-a18e1606f447">
    </UnitTestResult>
    <UnitTestResult executionId="13780473-d1f3-45a9-88f6-fba20d7b56c3" testId="58939138-4342-8e72-2f65-c6ec6d5362d3" testName="SaveAStringKeyValue" computerName="HORVICKW7" duration="00:00:00.5229333" startTime="2010-03-19T10:39:21.1835479-04:00" endTime="2010-03-19T10:39:21.7275790-04:00" testType="13cdc9d9-ddb5-4fa4-a97d-d965ccfc6d4b" outcome="Failed" testListId="8c84fa94-04c1-424b-9868-57a2d4851a1d" relativeResultsDirectory="13780473-d1f3-45a9-88f6-fba20d7b56c3">
      <Output>
        <ErrorInfo>
          <Message>Test method Riak.Tests.BucketTests.SaveAStringKeyValue threw exception: 
Riak.Client.RiakServerException: HTTP error InternalServerError performing PUT request at http://192.168.137.50:8098/riak/BucketTest/StringKey</Message>
          <StackTrace>    at Riak.Client.HttpHandler.Execute(WebRequestVerb verb, Uri uri, Dictionary`2 headers, IList`1 allowedCodes, Stream requestDataStream) in c:\projects\Riak.Client\Riak.Client\HttpHandler.cs:line 190
   at Riak.Client.HttpHandler.Put(Uri uri, String contentType, Dictionary`2 headers, IList`1 allowedCodes, Stream data) in c:\projects\Riak.Client\Riak.Client\HttpHandler.cs:line 96
   at Riak.Client.RiakObject.Store(Stream data) in c:\projects\Riak.Client\Riak.Client\RiakObject.cs:line 102
   at Riak.Client.RiakObject.Store(String data) in c:\projects\Riak.Client\Riak.Client\RiakObject.cs:line 84
   at Riak.Tests.BucketTests.SaveAStringKeyValue() in c:\projects\Riak.Client\Riak.Tests\BucketTests.cs:line 24
</StackTrace>
        </ErrorInfo>
      </Output>
    </UnitTestResult>
    <UnitTestResult executionId="36457854-3f78-40e1-a875-6e3ac723946f" testId="4ad0d6cc-b6bb-6b71-fab7-7bd0c1927a9f" testName="SaveABinaryKeyValue" computerName="HORVICKW7" duration="00:00:00.3919817" startTime="2010-03-19T10:39:21.7625810-04:00" endTime="2010-03-19T10:39:22.1836051-04:00" testType="13cdc9d9-ddb5-4fa4-a97d-d965ccfc6d4b" outcome="Failed" testListId="8c84fa94-04c1-424b-9868-57a2d4851a1d" relativeResultsDirectory="36457854-3f78-40e1-a875-6e3ac723946f">
      <Output>
        <ErrorInfo>
          <Message>Test method Riak.Tests.BucketTests.SaveABinaryKeyValue threw exception: 
Riak.Client.RiakServerException: HTTP error InternalServerError performing PUT request at http://192.168.137.50:8098/riak/BucketTest/BinaryKey</Message>
          <StackTrace>    at Riak.Client.HttpHandler.Execute(WebRequestVerb verb, Uri uri, Dictionary`2 headers, IList`1 allowedCodes, Stream requestDataStream) in c:\projects\Riak.Client\Riak.Client\HttpHandler.cs:line 190
   at Riak.Client.HttpHandler.Put(Uri uri, String contentType, Dictionary`2 headers, IList`1 allowedCodes, Stream data) in c:\projects\Riak.Client\Riak.Client\HttpHandler.cs:line 96
   at Riak.Client.RiakObject.Store(Stream data) in c:\projects\Riak.Client\Riak.Client\RiakObject.cs:line 102
   at Riak.Tests.BucketTests.SaveABinaryKeyValue() in c:\projects\Riak.Client\Riak.Tests\BucketTests.cs:line 40
</StackTrace>
        </ErrorInfo>
      </Output>
    </UnitTestResult>
    <UnitTestResult executionId="4e2f590e-a5c9-42ce-8088-926b3dbdea74" testId="ecb7a2ec-95c2-bcd4-9208-598a9a8227f1" testName="DeleteExistingKeys" computerName="HORVICKW7" duration="00:00:00.2880893" startTime="2010-03-19T10:39:22.2176070-04:00" endTime="2010-03-19T10:39:22.5266247-04:00" testType="13cdc9d9-ddb5-4fa4-a97d-d965ccfc6d4b" outcome="Failed" testListId="8c84fa94-04c1-424b-9868-57a2d4851a1d" relativeResultsDirectory="4e2f590e-a5c9-42ce-8088-926b3dbdea74">
      <Output>
        <ErrorInfo>
          <Message>Test method Riak.Tests.BucketTests.DeleteExistingKeys threw exception: 
Riak.Client.RiakServerException: HTTP error InternalServerError performing PUT request at http://192.168.137.50:8098/riak/BucketTest/SomeKey</Message>
          <StackTrace>    at Riak.Client.HttpHandler.Execute(WebRequestVerb verb, Uri uri, Dictionary`2 headers, IList`1 allowedCodes, Stream requestDataStream) in c:\projects\Riak.Client\Riak.Client\HttpHandler.cs:line 190
   at Riak.Client.HttpHandler.Put(Uri uri, String contentType, Dictionary`2 headers, IList`1 allowedCodes, Stream data) in c:\projects\Riak.Client\Riak.Client\HttpHandler.cs:line 96
   at Riak.Client.RiakObject.Store(Stream data) in c:\projects\Riak.Client\Riak.Client\RiakObject.cs:line 102
   at Riak.Client.RiakObject.Store(String data) in c:\projects\Riak.Client\Riak.Client\RiakObject.cs:line 84
   at Riak.Tests.BucketTests.DeleteExistingKeys() in c:\projects\Riak.Client\Riak.Tests\BucketTests.cs:line 65
</StackTrace>
        </ErrorInfo>
      </Output>
    </UnitTestResult>
    <UnitTestResult executionId="2e92f4a6-92dc-471b-ac94-e5a0c02b50e7" testId="8adbc453-a093-0889-b145-79d2f69be902" testName="DeleteMissingKeys" computerName="HORVICKW7" duration="00:00:00.3655569" startTime="2010-03-19T10:39:22.5616267-04:00" endTime="2010-03-19T10:39:22.9526490-04:00" testType="13cdc9d9-ddb5-4fa4-a97d-d965ccfc6d4b" outcome="Failed" testListId="8c84fa94-04c1-424b-9868-57a2d4851a1d" relativeResultsDirectory="2e92f4a6-92dc-471b-ac94-e5a0c02b50e7">
      <Output>
        <ErrorInfo>
          <Message>Test method Riak.Tests.BucketTests.DeleteMissingKeys threw exception: 
Riak.Client.RiakServerException: HTTP error InternalServerError performing PUT request at http://192.168.137.50:8098/riak/BucketTest/0</Message>
          <StackTrace>    at Riak.Client.HttpHandler.Execute(WebRequestVerb verb, Uri uri, Dictionary`2 headers, IList`1 allowedCodes, Stream requestDataStream) in c:\projects\Riak.Client\Riak.Client\HttpHandler.cs:line 190
   at Riak.Client.HttpHandler.Put(Uri uri, String contentType, Dictionary`2 headers, IList`1 allowedCodes, Stream data) in c:\projects\Riak.Client\Riak.Client\HttpHandler.cs:line 96
   at Riak.Client.RiakObject.Store(Stream data) in c:\projects\Riak.Client\Riak.Client\RiakObject.cs:line 102
   at Riak.Client.RiakObject.Store(String data) in c:\projects\Riak.Client\Riak.Client\RiakObject.cs:line 84
   at Riak.Tests.BucketTests.DeleteMissingKeys() in c:\projects\Riak.Client\Riak.Tests\BucketTests.cs:line 90
</StackTrace>
        </ErrorInfo>
      </Output>
    </UnitTestResult>
    <UnitTestResult executionId="4a088d0e-05a0-4de5-ab81-e3de96af2c71" testId="06a22416-08af-c0dc-b70f-5cec4761aa09" testName="ConflictOnNonMultiBucket" computerName="HORVICKW7" duration="00:00:00.3494357" startTime="2010-03-19T10:39:22.9776505-04:00" endTime="2010-03-19T10:39:23.3486717-04:00" testType="13cdc9d9-ddb5-4fa4-a97d-d965ccfc6d4b" outcome="Failed" testListId="8c84fa94-04c1-424b-9868-57a2d4851a1d" relativeResultsDirectory="4a088d0e-05a0-4de5-ab81-e3de96af2c71">
      <Output>
        <ErrorInfo>
          <Message>Test method Riak.Tests.BucketTests.ConflictOnNonMultiBucket threw exception: 
Riak.Client.RiakServerException: HTTP error InternalServerError performing PUT request at http://192.168.137.50:8098/riak/NonMultiBucket/17241bf4-1177-40bf-99fb-0debf540cb6b</Message>
          <StackTrace>    at Riak.Client.HttpHandler.Execute(WebRequestVerb verb, Uri uri, Dictionary`2 headers, IList`1 allowedCodes, Stream requestDataStream) in c:\projects\Riak.Client\Riak.Client\HttpHandler.cs:line 190
   at Riak.Client.HttpHandler.Put(Uri uri, String contentType, Dictionary`2 headers, IList`1 allowedCodes, Stream data) in c:\projects\Riak.Client\Riak.Client\HttpHandler.cs:line 96
   at Riak.Client.RiakObject.Store(Stream data) in c:\projects\Riak.Client\Riak.Client\RiakObject.cs:line 102
   at Riak.Client.RiakObject.Store(String data) in c:\projects\Riak.Client\Riak.Client\RiakObject.cs:line 84
   at Riak.Tests.BucketTests.ConflictOnNonMultiBucket() in c:\projects\Riak.Client\Riak.Tests\BucketTests.cs:line 119
</StackTrace>
        </ErrorInfo>
      </Output>
    </UnitTestResult>
    <UnitTestResult executionId="5c95261b-ea9c-44de-9850-12c85165e9df" testId="beae7429-a6a2-4b8b-91b8-2242ec45c77a" testName="ConflictOnAllowMultiBucket" computerName="HORVICKW7" duration="00:00:00.3544081" startTime="2010-03-19T10:39:23.3796735-04:00" endTime="2010-03-19T10:39:23.7676957-04:00" testType="13cdc9d9-ddb5-4fa4-a97d-d965ccfc6d4b" outcome="Failed" testListId="8c84fa94-04c1-424b-9868-57a2d4851a1d" relativeResultsDirectory="5c95261b-ea9c-44de-9850-12c85165e9df">
      <Output>
        <ErrorInfo>
          <Message>Test method Riak.Tests.BucketTests.ConflictOnAllowMultiBucket threw exception: 
Riak.Client.RiakServerException: HTTP error InternalServerError performing PUT request at http://192.168.137.50:8098/riak/ConflictOnAllowMultiBucket/c1307520-7ab6-44c9-a851-0625edef0658</Message>
          <StackTrace>    at Riak.Client.HttpHandler.Execute(WebRequestVerb verb, Uri uri, Dictionary`2 headers, IList`1 allowedCodes, Stream requestDataStream) in c:\projects\Riak.Client\Riak.Client\HttpHandler.cs:line 190
   at Riak.Client.HttpHandler.Put(Uri uri, String contentType, Dictionary`2 headers, IList`1 allowedCodes, Stream data) in c:\projects\Riak.Client\Riak.Client\HttpHandler.cs:line 96
   at Riak.Client.RiakObject.Store(Stream data) in c:\projects\Riak.Client\Riak.Client\RiakObject.cs:line 102
   at Riak.Client.RiakObject.Store(String data) in c:\projects\Riak.Client\Riak.Client\RiakObject.cs:line 84
   at Riak.Tests.BucketTests.ConflictOnAllowMultiBucket() in c:\projects\Riak.Client\Riak.Tests\BucketTests.cs:line 168
</StackTrace>
        </ErrorInfo>
      </Output>
    </UnitTestResult>
    <UnitTestResult executionId="bad9229a-4b9f-43e8-8c60-8a0857596e23" testId="33d4d279-34bd-6d5a-280e-4b82973def51" testName="SettingAllowMultiPersistsCorrectly" computerName="HORVICKW7" duration="00:00:00.8151037" startTime="2010-03-19T10:39:23.8326994-04:00" endTime="2010-03-19T10:39:24.6747475-04:00" testType="13cdc9d9-ddb5-4fa4-a97d-d965ccfc6d4b" outcome="Passed" testListId="8c84fa94-04c1-424b-9868-57a2d4851a1d" relativeResultsDirectory="bad9229a-4b9f-43e8-8c60-8a0857596e23">
    </UnitTestResult>
  </Results>
</TestRun>