<?xml version="1.0" encoding="UTF-8"?>
<TestRun id="07088778-565b-4ae7-ad22-e68ae827525c" name="Robert@HORVICKW7 2010-03-20 01:12:56" runUser="HORVICKW7\Robert" xmlns="http://microsoft.com/schemas/VisualStudio/TeamTest/2010">
  <TestSettings name="Local" id="cccf0ead-bb7b-4fa6-80c8-b697078887da">
    <Description>These are default test settings for a local test run.</Description>
    <Deployment userDeploymentRoot="c:\projects\Riak.Client\TestResults" useDefaultDeploymentRoot="false" runDeploymentRoot="Robert_HORVICKW7 2010-03-20 01_12_56">
      <DeploymentItem filename="c:\projects\Riak.Client\Riak.Client\bin\Debug\Riak.Client.dll" />
    </Deployment>
    <Execution>
      <TestTypeSpecific>
        <UnitTestRunConfig testTypeId="13cdc9d9-ddb5-4fa4-a97d-d965ccfc6d4b">
          <AssemblyResolution>
            <TestDirectory useLoadContext="true" />
          </AssemblyResolution>
        </UnitTestRunConfig>
        <WebTestRunConfiguration testTypeId="4e7599fa-5ecb-43e9-a887-cd63cf72d207">
          <Browser name="Internet Explorer 7.0">
            <Headers>
              <Header name="User-Agent" value="Mozilla/4.0 (compatible; MSIE 7.0; Windows NT 5.1)" />
              <Header name="Accept" value="*/*" />
              <Header name="Accept-Language" value="{{$IEAcceptLanguage}}" />
              <Header name="Accept-Encoding" value="GZIP" />
            </Headers>
          </Browser>
        </WebTestRunConfiguration>
      </TestTypeSpecific>
      <AgentRule name="LocalMachineDefaultRole">
        <DataCollectors>
          <DataCollector uri="datacollector://microsoft/CodeCoverage/1.0" assemblyQualifiedName="Microsoft.VisualStudio.TestTools.CodeCoverage.CoveragePlugIn, Microsoft.VisualStudio.QualityTools.Plugins.CodeCoverage, Version=10.0.0.0, Culture=neutral, PublicKeyToken=b03f5f7f11d50a3a" friendlyName="Code Coverage" enabled="false">
            <Configuration>
              <CodeCoverage xmlns="">
                <Regular>
                  <CodeCoverageItem binaryFile="Riak.Client\bin\Debug\Riak.Client.dll" pdbFile="Riak.Client\bin\Debug\Riak.Client.pdb" instrumentInPlace="true" />
                </Regular>
              </CodeCoverage>
            </Configuration>
          </DataCollector>
        </DataCollectors>
      </AgentRule>
    </Execution>
  </TestSettings>
  <Times creation="2010-03-20T01:12:56.1625132-04:00" queuing="2010-03-20T01:12:56.5055328-04:00" start="2010-03-20T01:12:56.5365346-04:00" finish="2010-03-20T01:12:58.4706452-04:00" />
  <ResultSummary outcome="Failed">
    <Counters total="1" executed="1" error="0" failed="1" timeout="0" aborted="0" inconclusive="0" passedButRunAborted="0" notRunnable="0" notExecuted="0" disconnected="0" warning="0" passed="0" completed="0" inProgress="0" pending="0" />
  </ResultSummary>
  <TestDefinitions>
    <UnitTest name="LinkFollowing" storage="c:\projects\riak.client\riak.tests\bin\debug\riak.tests.dll" id="e59f5b3d-3a7c-4505-e293-67664a703224">
      <Execution id="91dea381-587e-4787-9d6a-0d76f771d0af" />
      <TestMethod codeBase="c:/projects/Riak.Client/Riak.Tests/bin/Debug/Riak.Tests.DLL" adapterTypeName="Microsoft.VisualStudio.TestTools.TestTypes.Unit.UnitTestAdapter, Microsoft.VisualStudio.QualityTools.Tips.UnitTest.Adapter, Version=10.0.0.0, Culture=neutral, PublicKeyToken=b03f5f7f11d50a3a" className="Riak.Tests.LinkTests, Riak.Tests, Version=1.0.0.0, Culture=neutral, PublicKeyToken=null" name="LinkFollowing" />
    </UnitTest>
  </TestDefinitions>
  <TestLists>
    <TestList name="Results Not in a List" id="8c84fa94-04c1-424b-9868-57a2d4851a1d" />
    <TestList name="All Loaded Results" id="19431567-8539-422a-85d7-44ee4e166bda" />
  </TestLists>
  <TestEntries>
    <TestEntry testId="e59f5b3d-3a7c-4505-e293-67664a703224" executionId="91dea381-587e-4787-9d6a-0d76f771d0af" testListId="8c84fa94-04c1-424b-9868-57a2d4851a1d" />
  </TestEntries>
  <Results>
    <UnitTestResult executionId="91dea381-587e-4787-9d6a-0d76f771d0af" testId="e59f5b3d-3a7c-4505-e293-67664a703224" testName="LinkFollowing" computerName="HORVICKW7" duration="00:00:01.0683501" startTime="2010-03-20T01:12:56.5675363-04:00" endTime="2010-03-20T01:12:58.3946408-04:00" testType="13cdc9d9-ddb5-4fa4-a97d-d965ccfc6d4b" outcome="Failed" testListId="8c84fa94-04c1-424b-9868-57a2d4851a1d" relativeResultsDirectory="91dea381-587e-4787-9d6a-0d76f771d0af">
      <Output>
        <ErrorInfo>
          <Message>Test method Riak.Tests.LinkTests.LinkFollowing threw exception: 
Riak.Client.RiakServerException: HTTP error BadRequest performing PUT request at http://192.168.137.50:8098/riak/Artist/Miles%20Davis</Message>
          <StackTrace>    at Riak.Client.HttpHandler.Execute(WebRequestVerb verb, Uri uri, Dictionary`2 headers, ICollection`1 allowedCodes, Stream requestDataStream) in c:\projects\Riak.Client\Riak.Client\HttpHandler.cs:line 197
   at Riak.Client.HttpHandler.Put(Uri uri, String contentType, Dictionary`2 headers, ICollection`1 allowedCodes, Stream data) in c:\projects\Riak.Client\Riak.Client\HttpHandler.cs:line 107
   at Riak.Client.RiakObject.Store(Stream data) in c:\projects\Riak.Client\Riak.Client\RiakObject.cs:line 143
   at Riak.Client.RiakObject.Store(String data) in c:\projects\Riak.Client\Riak.Client\RiakObject.cs:line 137
   at Riak.Client.RiakObject.Store() in c:\projects\Riak.Client\Riak.Client\RiakObject.cs:line 224
   at Riak.Tests.LinkTests.LinkFollowing() in c:\projects\Riak.Client\Riak.Tests\LinkTests.cs:line 178
</StackTrace>
        </ErrorInfo>
      </Output>
    </UnitTestResult>
  </Results>
</TestRun>