<?xml version="1.0" encoding="UTF-8"?>
<TestRun id="3a3fdded-a313-497c-be11-17e76a29cdbe" name="Robert@HORVICKW7 2010-03-20 14:31:55" runUser="HORVICKW7\Robert" xmlns="http://microsoft.com/schemas/VisualStudio/TeamTest/2010">
  <TestSettings name="Local" id="cccf0ead-bb7b-4fa6-80c8-b697078887da">
    <Description>These are default test settings for a local test run.</Description>
    <Deployment userDeploymentRoot="c:\projects\Riak.Client\TestResults" useDefaultDeploymentRoot="false" runDeploymentRoot="Robert_HORVICKW7 2010-03-20 14_31_55" />
    <Execution>
      <TestTypeSpecific>
        <UnitTestRunConfig testTypeId="13cdc9d9-ddb5-4fa4-a97d-d965ccfc6d4b">
          <AssemblyResolution>
            <TestDirectory useLoadContext="true" />
          </AssemblyResolution>
        </UnitTestRunConfig>
        <WebTestRunConfiguration testTypeId="4e7599fa-5ecb-43e9-a887-cd63cf72d207">
          <Browser name="Internet Explorer 7.0">
            <Headers>
              <Header name="User-Agent" value="Mozilla/4.0 (compatible; MSIE 7.0; Windows NT 5.1)" />
              <Header name="Accept" value="*/*" />
              <Header name="Accept-Language" value="{{$IEAcceptLanguage}}" />
              <Header name="Accept-Encoding" value="GZIP" />
            </Headers>
          </Browser>
        </WebTestRunConfiguration>
      </TestTypeSpecific>
      <AgentRule name="LocalMachineDefaultRole">
        <DataCollectors>
          <DataCollector uri="datacollector://microsoft/CodeCoverage/1.0" assemblyQualifiedName="Microsoft.VisualStudio.TestTools.CodeCoverage.CoveragePlugIn, Microsoft.VisualStudio.QualityTools.Plugins.CodeCoverage, Version=10.0.0.0, Culture=neutral, PublicKeyToken=b03f5f7f11d50a3a" friendlyName="Code Coverage" enabled="false">
            <Configuration>
              <CodeCoverage xmlns="">
                <Regular>
                  <CodeCoverageItem binaryFile="c:\projects\Riak.Client\Riak.Client\bin\Debug\Riak.Client.dll" pdbFile="c:\projects\Riak.Client\Riak.Client\bin\Debug\Riak.Client.instr.pdb" instrumentInPlace="true" />
                </Regular>
              </CodeCoverage>
            </Configuration>
          </DataCollector>
        </DataCollectors>
      </AgentRule>
    </Execution>
  </TestSettings>
  <Times creation="2010-03-20T14:31:55.5344884-04:00" queuing="2010-03-20T14:32:00.3377631-04:00" start="2010-03-20T14:32:01.2888175-04:00" finish="2010-03-20T14:32:11.1143795-04:00" />
  <ResultSummary outcome="Failed">
    <Counters total="1" executed="1" error="0" failed="1" timeout="0" aborted="0" inconclusive="0" passedButRunAborted="0" notRunnable="0" notExecuted="0" disconnected="0" warning="0" passed="0" completed="0" inProgress="0" pending="0" />
  </ResultSummary>
  <TestDefinitions>
    <UnitTest name="GetAllTextData" storage="c:\projects\riak.client\riak.tests\bin\debug\riak.tests.dll" id="4312a9d7-4905-c365-94ac-da54845d713f">
      <Execution id="32449341-0f68-4154-95fb-6ec25b6bd026" />
      <TestMethod codeBase="c:/projects/Riak.Client/Riak.Tests/bin/Debug/Riak.Tests.DLL" adapterTypeName="Microsoft.VisualStudio.TestTools.TestTypes.Unit.UnitTestAdapter, Microsoft.VisualStudio.QualityTools.Tips.UnitTest.Adapter, Version=10.0.0.0, Culture=neutral, PublicKeyToken=b03f5f7f11d50a3a" className="Riak.Tests.MultiPartResponseTests, Riak.Tests, Version=1.0.0.0, Culture=neutral, PublicKeyToken=null" name="GetAllTextData" />
    </UnitTest>
  </TestDefinitions>
  <TestLists>
    <TestList name="Results Not in a List" id="8c84fa94-04c1-424b-9868-57a2d4851a1d" />
    <TestList name="All Loaded Results" id="19431567-8539-422a-85d7-44ee4e166bda" />
  </TestLists>
  <TestEntries>
    <TestEntry testId="4312a9d7-4905-c365-94ac-da54845d713f" executionId="32449341-0f68-4154-95fb-6ec25b6bd026" testListId="8c84fa94-04c1-424b-9868-57a2d4851a1d" />
  </TestEntries>
  <Results>
    <UnitTestResult executionId="32449341-0f68-4154-95fb-6ec25b6bd026" testId="4312a9d7-4905-c365-94ac-da54845d713f" testName="GetAllTextData" computerName="HORVICKW7" duration="00:00:06.7574865" startTime="2010-03-20T14:32:01.7208422-04:00" endTime="2010-03-20T14:32:10.7363579-04:00" testType="13cdc9d9-ddb5-4fa4-a97d-d965ccfc6d4b" outcome="Failed" testListId="8c84fa94-04c1-424b-9868-57a2d4851a1d" relativeResultsDirectory="32449341-0f68-4154-95fb-6ec25b6bd026">
      <Output>
        <DebugTrace>GET: http://192.168.137.50:8098/riak/c6d7983c-cfe7-4dd1-891c-cc85ea61e7b4
PUT: http://192.168.137.50:8098/riak/c6d7983c-cfe7-4dd1-891c-cc85ea61e7b4
HEAD: http://192.168.137.50:8098/riak/c6d7983c-cfe7-4dd1-891c-cc85ea61e7b4/AllTextKey
HEAD: http://192.168.137.50:8098/riak/c6d7983c-cfe7-4dd1-891c-cc85ea61e7b4/AllTextKey
HEAD: http://192.168.137.50:8098/riak/c6d7983c-cfe7-4dd1-891c-cc85ea61e7b4/AllTextKey
HEAD: http://192.168.137.50:8098/riak/c6d7983c-cfe7-4dd1-891c-cc85ea61e7b4/AllTextKey
PUT: http://192.168.137.50:8098/riak/c6d7983c-cfe7-4dd1-891c-cc85ea61e7b4/AllTextKey
PUT: http://192.168.137.50:8098/riak/c6d7983c-cfe7-4dd1-891c-cc85ea61e7b4/AllTextKey
PUT: http://192.168.137.50:8098/riak/c6d7983c-cfe7-4dd1-891c-cc85ea61e7b4/AllTextKey
PUT: http://192.168.137.50:8098/riak/c6d7983c-cfe7-4dd1-891c-cc85ea61e7b4/AllTextKey
GET: http://192.168.137.50:8098/riak/c6d7983c-cfe7-4dd1-891c-cc85ea61e7b4
GET: http://192.168.137.50:8098/riak/c6d7983c-cfe7-4dd1-891c-cc85ea61e7b4/AllTextKey
</DebugTrace>
        <ErrorInfo>
          <Message>Test method Riak.Tests.MultiPartResponseTests.GetAllTextData threw exception: 
System.NotImplementedException: The method or operation is not implemented.</Message>
          <StackTrace>    at Riak.Client.Bucket.LoadSiblingObjects(RiakHttpResponse response, String keyName) in c:\projects\Riak.Client\Riak.Client\Bucket.cs:line 120
   at Riak.Client.Bucket.GetAll(String keyName, Boolean lazy) in c:\projects\Riak.Client\Riak.Client\Bucket.cs:line 107
   at Riak.Tests.MultiPartResponseTests.GetAllTextData() in c:\projects\Riak.Client\Riak.Tests\MultiPartResponseTests.cs:line 55
</StackTrace>
        </ErrorInfo>
      </Output>
    </UnitTestResult>
  </Results>
</TestRun>