<?xml version="1.0" encoding="UTF-8"?>
<TestRun id="22b5a102-3011-4fd2-918c-664e36573f71" name="Robert@HORVICKW7 2010-03-20 12:26:59" runUser="HORVICKW7\Robert" xmlns="http://microsoft.com/schemas/VisualStudio/TeamTest/2010">
  <TestSettings name="Local" id="cccf0ead-bb7b-4fa6-80c8-b697078887da">
    <Description>These are default test settings for a local test run.</Description>
    <Execution>
      <TestTypeSpecific>
        <UnitTestRunConfig testTypeId="13cdc9d9-ddb5-4fa4-a97d-d965ccfc6d4b">
          <AssemblyResolution>
            <TestDirectory useLoadContext="true" />
          </AssemblyResolution>
        </UnitTestRunConfig>
        <WebTestRunConfiguration testTypeId="4e7599fa-5ecb-43e9-a887-cd63cf72d207">
          <Browser name="Internet Explorer 7.0">
            <Headers>
              <Header name="User-Agent" value="Mozilla/4.0 (compatible; MSIE 7.0; Windows NT 5.1)" />
              <Header name="Accept" value="*/*" />
              <Header name="Accept-Language" value="{{$IEAcceptLanguage}}" />
              <Header name="Accept-Encoding" value="GZIP" />
            </Headers>
          </Browser>
        </WebTestRunConfiguration>
      </TestTypeSpecific>
      <AgentRule name="LocalMachineDefaultRole">
        <DataCollectors>
          <DataCollector uri="datacollector://microsoft/CodeCoverage/1.0" assemblyQualifiedName="Microsoft.VisualStudio.TestTools.CodeCoverage.CoveragePlugIn, Microsoft.VisualStudio.QualityTools.Plugins.CodeCoverage, Version=10.0.0.0, Culture=neutral, PublicKeyToken=b03f5f7f11d50a3a" friendlyName="Code Coverage">
            <Configuration>
              <CodeCoverage xmlns="">
                <Regular>
                  <CodeCoverageItem binaryFile="c:\projects\Riak.Client\Riak.Client\bin\Debug\Riak.Client.dll" pdbFile="c:\projects\Riak.Client\Riak.Client\bin\Debug\Riak.Client.instr.pdb" instrumentInPlace="true" />
                </Regular>
              </CodeCoverage>
            </Configuration>
          </DataCollector>
        </DataCollectors>
      </AgentRule>
    </Execution>
    <Deployment runDeploymentRoot="Robert_HORVICKW7 2010-03-20 12_26_59" />
  </TestSettings>
  <Times creation="2010-03-20T12:26:59.1537200-04:00" queuing="2010-03-20T12:27:01.1138321-04:00" start="2010-03-20T12:27:01.2398393-04:00" finish="2010-03-20T12:27:11.8894484-04:00" />
  <ResultSummary outcome="Failed">
    <Counters total="17" executed="17" passed="16" error="0" failed="1" timeout="0" aborted="0" inconclusive="0" passedButRunAborted="0" notRunnable="0" notExecuted="0" disconnected="0" warning="0" completed="0" inProgress="0" pending="0" />
    <ResultFiles>
      <ResultFile path="HORVICKW7\data.coverage" />
    </ResultFiles>
  </ResultSummary>
  <TestDefinitions>
    <UnitTest name="LinkWithMultipleParameters" storage="c:\projects\riak.client\riak.tests\bin\debug\riak.tests.dll" id="d79ef6f9-4e22-e7f6-a37e-b0e7a8cab61d">
      <Execution id="76ad62e6-0e87-4b48-8277-32663c10dca1" />
      <TestMethod codeBase="c:/projects/Riak.Client/Riak.Tests/bin/Debug/Riak.Tests.DLL" adapterTypeName="Microsoft.VisualStudio.TestTools.TestTypes.Unit.UnitTestAdapter, Microsoft.VisualStudio.QualityTools.Tips.UnitTest.Adapter, Version=10.0.0.0, Culture=neutral, PublicKeyToken=b03f5f7f11d50a3a" className="Riak.Tests.LinkTests, Riak.Tests, Version=1.0.0.0, Culture=neutral, PublicKeyToken=null" name="LinkWithMultipleParameters" />
    </UnitTest>
    <UnitTest name="LinkFollowing" storage="c:\projects\riak.client\riak.tests\bin\debug\riak.tests.dll" id="e59f5b3d-3a7c-4505-e293-67664a703224">
      <Execution id="87605888-a363-4ed2-84fb-2ae19cd49896" />
      <TestMethod codeBase="c:/projects/Riak.Client/Riak.Tests/bin/Debug/Riak.Tests.DLL" adapterTypeName="Microsoft.VisualStudio.TestTools.TestTypes.Unit.UnitTestAdapter, Microsoft.VisualStudio.QualityTools.Tips.UnitTest.Adapter, Version=10.0.0.0, Culture=neutral, PublicKeyToken=b03f5f7f11d50a3a" className="Riak.Tests.LinkTests, Riak.Tests, Version=1.0.0.0, Culture=neutral, PublicKeyToken=null" name="LinkFollowing" />
    </UnitTest>
    <UnitTest name="SettingAllowMultiPersistsCorrectly" storage="c:\projects\riak.client\riak.tests\bin\debug\riak.tests.dll" id="33d4d279-34bd-6d5a-280e-4b82973def51">
      <Execution id="ee438e3a-6bc1-4e21-8300-ac7e51c67fde" />
      <TestMethod codeBase="c:/projects/Riak.Client/Riak.Tests/bin/Debug/Riak.Tests.DLL" adapterTypeName="Microsoft.VisualStudio.TestTools.TestTypes.Unit.UnitTestAdapter, Microsoft.VisualStudio.QualityTools.Tips.UnitTest.Adapter, Version=10.0.0.0, Culture=neutral, PublicKeyToken=b03f5f7f11d50a3a" className="Riak.Tests.BucketTests, Riak.Tests, Version=1.0.0.0, Culture=neutral, PublicKeyToken=null" name="SettingAllowMultiPersistsCorrectly" />
    </UnitTest>
    <UnitTest name="LinkCollectionOperationalTests" storage="c:\projects\riak.client\riak.tests\bin\debug\riak.tests.dll" id="80c6668e-527f-7ce0-c7fa-d368165124a1">
      <Execution id="46931d06-d286-488a-9678-d8869edf0d9e" />
      <TestMethod codeBase="c:/projects/Riak.Client/Riak.Tests/bin/Debug/Riak.Tests.DLL" adapterTypeName="Microsoft.VisualStudio.TestTools.TestTypes.Unit.UnitTestAdapter, Microsoft.VisualStudio.QualityTools.Tips.UnitTest.Adapter, Version=10.0.0.0, Culture=neutral, PublicKeyToken=b03f5f7f11d50a3a" className="Riak.Tests.LinkTests, Riak.Tests, Version=1.0.0.0, Culture=neutral, PublicKeyToken=null" name="LinkCollectionOperationalTests" />
    </UnitTest>
    <UnitTest name="GetAllSiblingsOnConflict" storage="c:\projects\riak.client\riak.tests\bin\debug\riak.tests.dll" id="7a71b779-6444-5633-f109-dc2d069ca31b">
      <Execution id="c047c3a9-f292-471b-9f1d-fdf9f06f3393" />
      <TestMethod codeBase="c:/projects/Riak.Client/Riak.Tests/bin/Debug/Riak.Tests.DLL" adapterTypeName="Microsoft.VisualStudio.TestTools.TestTypes.Unit.UnitTestAdapter, Microsoft.VisualStudio.QualityTools.Tips.UnitTest.Adapter, Version=10.0.0.0, Culture=neutral, PublicKeyToken=b03f5f7f11d50a3a" className="Riak.Tests.BucketTests, Riak.Tests, Version=1.0.0.0, Culture=neutral, PublicKeyToken=null" name="GetAllSiblingsOnConflict" />
    </UnitTest>
    <UnitTest name="SaveAStringKeyValue" storage="c:\projects\riak.client\riak.tests\bin\debug\riak.tests.dll" id="58939138-4342-8e72-2f65-c6ec6d5362d3">
      <Execution id="76c0e5b9-6547-4e6d-8c91-19bd9a487410" />
      <TestMethod codeBase="c:/projects/Riak.Client/Riak.Tests/bin/Debug/Riak.Tests.DLL" adapterTypeName="Microsoft.VisualStudio.TestTools.TestTypes.Unit.UnitTestAdapter, Microsoft.VisualStudio.QualityTools.Tips.UnitTest.Adapter, Version=10.0.0.0, Culture=neutral, PublicKeyToken=b03f5f7f11d50a3a" className="Riak.Tests.BucketTests, Riak.Tests, Version=1.0.0.0, Culture=neutral, PublicKeyToken=null" name="SaveAStringKeyValue" />
    </UnitTest>
    <UnitTest name="LinkOddlyFormedIsParsedAndNormalized" storage="c:\projects\riak.client\riak.tests\bin\debug\riak.tests.dll" id="86d01318-0230-9e62-826b-6c3385d23407">
      <Execution id="49b7a31e-67b5-453e-b5b0-8b7f5ffc251c" />
      <TestMethod codeBase="c:/projects/Riak.Client/Riak.Tests/bin/Debug/Riak.Tests.DLL" adapterTypeName="Microsoft.VisualStudio.TestTools.TestTypes.Unit.UnitTestAdapter, Microsoft.VisualStudio.QualityTools.Tips.UnitTest.Adapter, Version=10.0.0.0, Culture=neutral, PublicKeyToken=b03f5f7f11d50a3a" className="Riak.Tests.LinkTests, Riak.Tests, Version=1.0.0.0, Culture=neutral, PublicKeyToken=null" name="LinkOddlyFormedIsParsedAndNormalized" />
    </UnitTest>
    <UnitTest name="SaveABinaryKeyValue" storage="c:\projects\riak.client\riak.tests\bin\debug\riak.tests.dll" id="4ad0d6cc-b6bb-6b71-fab7-7bd0c1927a9f">
      <Execution id="bf6363e0-9b82-4c49-8d25-0defa7b3ae97" />
      <TestMethod codeBase="c:/projects/Riak.Client/Riak.Tests/bin/Debug/Riak.Tests.DLL" adapterTypeName="Microsoft.VisualStudio.TestTools.TestTypes.Unit.UnitTestAdapter, Microsoft.VisualStudio.QualityTools.Tips.UnitTest.Adapter, Version=10.0.0.0, Culture=neutral, PublicKeyToken=b03f5f7f11d50a3a" className="Riak.Tests.BucketTests, Riak.Tests, Version=1.0.0.0, Culture=neutral, PublicKeyToken=null" name="SaveABinaryKeyValue" />
    </UnitTest>
    <UnitTest name="LinkWithRelationalUri" storage="c:\projects\riak.client\riak.tests\bin\debug\riak.tests.dll" id="30d12b1b-aa49-8c08-bd4a-866243aceb48">
      <Execution id="1b437ce0-4455-4847-aefd-79be97430d63" />
      <TestMethod codeBase="c:/projects/Riak.Client/Riak.Tests/bin/Debug/Riak.Tests.DLL" adapterTypeName="Microsoft.VisualStudio.TestTools.TestTypes.Unit.UnitTestAdapter, Microsoft.VisualStudio.QualityTools.Tips.UnitTest.Adapter, Version=10.0.0.0, Culture=neutral, PublicKeyToken=b03f5f7f11d50a3a" className="Riak.Tests.LinkTests, Riak.Tests, Version=1.0.0.0, Culture=neutral, PublicKeyToken=null" name="LinkWithRelationalUri" />
    </UnitTest>
    <UnitTest name="GetAllTextData" storage="c:\projects\riak.client\riak.tests\bin\debug\riak.tests.dll" id="4312a9d7-4905-c365-94ac-da54845d713f">
      <Execution id="2b609437-666e-4b1d-a9a5-65a6eb828830" />
      <TestMethod codeBase="c:/projects/Riak.Client/Riak.Tests/bin/Debug/Riak.Tests.DLL" adapterTypeName="Microsoft.VisualStudio.TestTools.TestTypes.Unit.UnitTestAdapter, Microsoft.VisualStudio.QualityTools.Tips.UnitTest.Adapter, Version=10.0.0.0, Culture=neutral, PublicKeyToken=b03f5f7f11d50a3a" className="Riak.Tests.MultiPartResponseTests, Riak.Tests, Version=1.0.0.0, Culture=neutral, PublicKeyToken=null" name="GetAllTextData" />
    </UnitTest>
    <UnitTest name="ConflictOnAllowMultiBucket" storage="c:\projects\riak.client\riak.tests\bin\debug\riak.tests.dll" id="beae7429-a6a2-4b8b-91b8-2242ec45c77a">
      <Execution id="3d701eb6-adbf-4a4c-bc79-31b9962d3264" />
      <TestMethod codeBase="c:/projects/Riak.Client/Riak.Tests/bin/Debug/Riak.Tests.DLL" adapterTypeName="Microsoft.VisualStudio.TestTools.TestTypes.Unit.UnitTestAdapter, Microsoft.VisualStudio.QualityTools.Tips.UnitTest.Adapter, Version=10.0.0.0, Culture=neutral, PublicKeyToken=b03f5f7f11d50a3a" className="Riak.Tests.BucketTests, Riak.Tests, Version=1.0.0.0, Culture=neutral, PublicKeyToken=null" name="ConflictOnAllowMultiBucket" />
    </UnitTest>
    <UnitTest name="LinkWithUnknownParameters" storage="c:\projects\riak.client\riak.tests\bin\debug\riak.tests.dll" id="d9c44692-30b5-c679-747b-7d385a54ef67">
      <Execution id="a905c3a3-67db-4179-b554-b9eded8e242b" />
      <TestMethod codeBase="c:/projects/Riak.Client/Riak.Tests/bin/Debug/Riak.Tests.DLL" adapterTypeName="Microsoft.VisualStudio.TestTools.TestTypes.Unit.UnitTestAdapter, Microsoft.VisualStudio.QualityTools.Tips.UnitTest.Adapter, Version=10.0.0.0, Culture=neutral, PublicKeyToken=b03f5f7f11d50a3a" className="Riak.Tests.LinkTests, Riak.Tests, Version=1.0.0.0, Culture=neutral, PublicKeyToken=null" name="LinkWithUnknownParameters" />
    </UnitTest>
    <UnitTest name="LinkRoundTripping" storage="c:\projects\riak.client\riak.tests\bin\debug\riak.tests.dll" id="8bc468f8-eee0-673a-92b7-930506440e84">
      <Execution id="af5f784f-2fca-4e73-a493-203a88ea2c53" />
      <TestMethod codeBase="c:/projects/Riak.Client/Riak.Tests/bin/Debug/Riak.Tests.DLL" adapterTypeName="Microsoft.VisualStudio.TestTools.TestTypes.Unit.UnitTestAdapter, Microsoft.VisualStudio.QualityTools.Tips.UnitTest.Adapter, Version=10.0.0.0, Culture=neutral, PublicKeyToken=b03f5f7f11d50a3a" className="Riak.Tests.LinkTests, Riak.Tests, Version=1.0.0.0, Culture=neutral, PublicKeyToken=null" name="LinkRoundTripping" />
    </UnitTest>
    <UnitTest name="DeleteMissingKeys" storage="c:\projects\riak.client\riak.tests\bin\debug\riak.tests.dll" id="8adbc453-a093-0889-b145-79d2f69be902">
      <Execution id="2f614931-f01d-40c7-9a0b-360721688c74" />
      <TestMethod codeBase="c:/projects/Riak.Client/Riak.Tests/bin/Debug/Riak.Tests.DLL" adapterTypeName="Microsoft.VisualStudio.TestTools.TestTypes.Unit.UnitTestAdapter, Microsoft.VisualStudio.QualityTools.Tips.UnitTest.Adapter, Version=10.0.0.0, Culture=neutral, PublicKeyToken=b03f5f7f11d50a3a" className="Riak.Tests.BucketTests, Riak.Tests, Version=1.0.0.0, Culture=neutral, PublicKeyToken=null" name="DeleteMissingKeys" />
    </UnitTest>
    <UnitTest name="DeleteExistingKeys" storage="c:\projects\riak.client\riak.tests\bin\debug\riak.tests.dll" id="ecb7a2ec-95c2-bcd4-9208-598a9a8227f1">
      <Execution id="908420e5-5cc9-49b5-85bf-98ff64cb4d54" />
      <TestMethod codeBase="c:/projects/Riak.Client/Riak.Tests/bin/Debug/Riak.Tests.DLL" adapterTypeName="Microsoft.VisualStudio.TestTools.TestTypes.Unit.UnitTestAdapter, Microsoft.VisualStudio.QualityTools.Tips.UnitTest.Adapter, Version=10.0.0.0, Culture=neutral, PublicKeyToken=b03f5f7f11d50a3a" className="Riak.Tests.BucketTests, Riak.Tests, Version=1.0.0.0, Culture=neutral, PublicKeyToken=null" name="DeleteExistingKeys" />
    </UnitTest>
    <UnitTest name="ConflictOnNonMultiBucket" storage="c:\projects\riak.client\riak.tests\bin\debug\riak.tests.dll" id="06a22416-08af-c0dc-b70f-5cec4761aa09">
      <Execution id="cc7b05a7-7676-421e-8257-f6d54eb1cbea" />
      <TestMethod codeBase="c:/projects/Riak.Client/Riak.Tests/bin/Debug/Riak.Tests.DLL" adapterTypeName="Microsoft.VisualStudio.TestTools.TestTypes.Unit.UnitTestAdapter, Microsoft.VisualStudio.QualityTools.Tips.UnitTest.Adapter, Version=10.0.0.0, Culture=neutral, PublicKeyToken=b03f5f7f11d50a3a" className="Riak.Tests.BucketTests, Riak.Tests, Version=1.0.0.0, Culture=neutral, PublicKeyToken=null" name="ConflictOnNonMultiBucket" />
    </UnitTest>
    <UnitTest name="LinkOnNewKeyExistsAndParses" storage="c:\projects\riak.client\riak.tests\bin\debug\riak.tests.dll" id="cb4b29f5-c7d3-2010-bb43-cecc9f41c474">
      <Execution id="89453b5d-2bfb-43bb-894f-644fe2182e8b" />
      <TestMethod codeBase="c:/projects/Riak.Client/Riak.Tests/bin/Debug/Riak.Tests.DLL" adapterTypeName="Microsoft.VisualStudio.TestTools.TestTypes.Unit.UnitTestAdapter, Microsoft.VisualStudio.QualityTools.Tips.UnitTest.Adapter, Version=10.0.0.0, Culture=neutral, PublicKeyToken=b03f5f7f11d50a3a" className="Riak.Tests.LinkTests, Riak.Tests, Version=1.0.0.0, Culture=neutral, PublicKeyToken=null" name="LinkOnNewKeyExistsAndParses" />
    </UnitTest>
  </TestDefinitions>
  <TestLists>
    <TestList name="Results Not in a List" id="8c84fa94-04c1-424b-9868-57a2d4851a1d" />
    <TestList name="All Loaded Results" id="19431567-8539-422a-85d7-44ee4e166bda" />
  </TestLists>
  <TestEntries>
    <TestEntry testId="58939138-4342-8e72-2f65-c6ec6d5362d3" executionId="76c0e5b9-6547-4e6d-8c91-19bd9a487410" testListId="8c84fa94-04c1-424b-9868-57a2d4851a1d" />
    <TestEntry testId="4ad0d6cc-b6bb-6b71-fab7-7bd0c1927a9f" executionId="bf6363e0-9b82-4c49-8d25-0defa7b3ae97" testListId="8c84fa94-04c1-424b-9868-57a2d4851a1d" />
    <TestEntry testId="ecb7a2ec-95c2-bcd4-9208-598a9a8227f1" executionId="908420e5-5cc9-49b5-85bf-98ff64cb4d54" testListId="8c84fa94-04c1-424b-9868-57a2d4851a1d" />
    <TestEntry testId="8adbc453-a093-0889-b145-79d2f69be902" executionId="2f614931-f01d-40c7-9a0b-360721688c74" testListId="8c84fa94-04c1-424b-9868-57a2d4851a1d" />
    <TestEntry testId="06a22416-08af-c0dc-b70f-5cec4761aa09" executionId="cc7b05a7-7676-421e-8257-f6d54eb1cbea" testListId="8c84fa94-04c1-424b-9868-57a2d4851a1d" />
    <TestEntry testId="33d4d279-34bd-6d5a-280e-4b82973def51" executionId="ee438e3a-6bc1-4e21-8300-ac7e51c67fde" testListId="8c84fa94-04c1-424b-9868-57a2d4851a1d" />
    <TestEntry testId="beae7429-a6a2-4b8b-91b8-2242ec45c77a" executionId="3d701eb6-adbf-4a4c-bc79-31b9962d3264" testListId="8c84fa94-04c1-424b-9868-57a2d4851a1d" />
    <TestEntry testId="7a71b779-6444-5633-f109-dc2d069ca31b" executionId="c047c3a9-f292-471b-9f1d-fdf9f06f3393" testListId="8c84fa94-04c1-424b-9868-57a2d4851a1d" />
    <TestEntry testId="30d12b1b-aa49-8c08-bd4a-866243aceb48" executionId="1b437ce0-4455-4847-aefd-79be97430d63" testListId="8c84fa94-04c1-424b-9868-57a2d4851a1d" />
    <TestEntry testId="d79ef6f9-4e22-e7f6-a37e-b0e7a8cab61d" executionId="76ad62e6-0e87-4b48-8277-32663c10dca1" testListId="8c84fa94-04c1-424b-9868-57a2d4851a1d" />
    <TestEntry testId="cb4b29f5-c7d3-2010-bb43-cecc9f41c474" executionId="89453b5d-2bfb-43bb-894f-644fe2182e8b" testListId="8c84fa94-04c1-424b-9868-57a2d4851a1d" />
    <TestEntry testId="86d01318-0230-9e62-826b-6c3385d23407" executionId="49b7a31e-67b5-453e-b5b0-8b7f5ffc251c" testListId="8c84fa94-04c1-424b-9868-57a2d4851a1d" />
    <TestEntry testId="80c6668e-527f-7ce0-c7fa-d368165124a1" executionId="46931d06-d286-488a-9678-d8869edf0d9e" testListId="8c84fa94-04c1-424b-9868-57a2d4851a1d" />
    <TestEntry testId="d9c44692-30b5-c679-747b-7d385a54ef67" executionId="a905c3a3-67db-4179-b554-b9eded8e242b" testListId="8c84fa94-04c1-424b-9868-57a2d4851a1d" />
    <TestEntry testId="8bc468f8-eee0-673a-92b7-930506440e84" executionId="af5f784f-2fca-4e73-a493-203a88ea2c53" testListId="8c84fa94-04c1-424b-9868-57a2d4851a1d" />
    <TestEntry testId="e59f5b3d-3a7c-4505-e293-67664a703224" executionId="87605888-a363-4ed2-84fb-2ae19cd49896" testListId="8c84fa94-04c1-424b-9868-57a2d4851a1d" />
    <TestEntry testId="4312a9d7-4905-c365-94ac-da54845d713f" executionId="2b609437-666e-4b1d-a9a5-65a6eb828830" testListId="8c84fa94-04c1-424b-9868-57a2d4851a1d" />
  </TestEntries>
  <Results>
    <UnitTestResult executionId="76c0e5b9-6547-4e6d-8c91-19bd9a487410" testId="58939138-4342-8e72-2f65-c6ec6d5362d3" testName="SaveAStringKeyValue" computerName="HORVICKW7" duration="00:00:00.5889335" startTime="2010-03-20T12:27:03.8339876-04:00" endTime="2010-03-20T12:27:05.1350621-04:00" testType="13cdc9d9-ddb5-4fa4-a97d-d965ccfc6d4b" outcome="Passed" testListId="8c84fa94-04c1-424b-9868-57a2d4851a1d" relativeResultsDirectory="76c0e5b9-6547-4e6d-8c91-19bd9a487410">
      <Output>
        <DebugTrace>X-Riak-Vclock: a85hYGBgzGDKBVIsLAYqSzOYEhnzWBkyiiSP8mUBAA==
Link: 
</DebugTrace>
      </Output>
    </UnitTestResult>
    <UnitTestResult executionId="bf6363e0-9b82-4c49-8d25-0defa7b3ae97" testId="4ad0d6cc-b6bb-6b71-fab7-7bd0c1927a9f" testName="SaveABinaryKeyValue" computerName="HORVICKW7" duration="00:00:00.2213103" startTime="2010-03-20T12:27:05.1450626-04:00" endTime="2010-03-20T12:27:05.3790760-04:00" testType="13cdc9d9-ddb5-4fa4-a97d-d965ccfc6d4b" outcome="Passed" testListId="8c84fa94-04c1-424b-9868-57a2d4851a1d" relativeResultsDirectory="bf6363e0-9b82-4c49-8d25-0defa7b3ae97">
    </UnitTestResult>
    <UnitTestResult executionId="908420e5-5cc9-49b5-85bf-98ff64cb4d54" testId="ecb7a2ec-95c2-bcd4-9208-598a9a8227f1" testName="DeleteExistingKeys" computerName="HORVICKW7" duration="00:00:00.5892995" startTime="2010-03-20T12:27:05.4260787-04:00" endTime="2010-03-20T12:27:06.0281131-04:00" testType="13cdc9d9-ddb5-4fa4-a97d-d965ccfc6d4b" outcome="Passed" testListId="8c84fa94-04c1-424b-9868-57a2d4851a1d" relativeResultsDirectory="908420e5-5cc9-49b5-85bf-98ff64cb4d54">
      <Output>
        <DebugTrace>X-Riak-Vclock: a85hYGBgzGDKBVIs7DPNOTOYEhnzWBkiiyWP8mUBAA==
X-Riak-Vclock: a85hYGBgymDKBVIsLAYqSzOYEhnzWBkyiiSP8kGFWVcENEGFI4uBwlkA
</DebugTrace>
      </Output>
    </UnitTestResult>
    <UnitTestResult executionId="2f614931-f01d-40c7-9a0b-360721688c74" testId="8adbc453-a093-0889-b145-79d2f69be902" testName="DeleteMissingKeys" computerName="HORVICKW7" duration="00:00:00.7616167" startTime="2010-03-20T12:27:06.0351135-04:00" endTime="2010-03-20T12:27:06.8101579-04:00" testType="13cdc9d9-ddb5-4fa4-a97d-d965ccfc6d4b" outcome="Passed" testListId="8c84fa94-04c1-424b-9868-57a2d4851a1d" relativeResultsDirectory="2f614931-f01d-40c7-9a0b-360721688c74">
      <Output>
        <DebugTrace>X-Riak-Vclock: a85hYGBgzGDKBVIsTH1vNDOYEhnzWBmiiiWP8mUBAA==
X-Riak-Vclock: a85hYGBgzGDKBVIsTH1vNDOYEhnzWBmiiiWP8mUBAA==
X-Riak-Vclock: a85hYGBgzGDKBVIsTH1vNDOYEhnzWBmiiiWP8mUBAA==
X-Riak-Vclock: a85hYGBgzGDKBVIsTH1vNDOYEhnzWBmiiiWP8mUBAA==
X-Riak-Vclock: a85hYGBgzGDKBVIsTH1vNDOYEhnzWBmiiiWP8mUBAA==
X-Riak-Vclock: a85hYGBgzGDKBVIsTH1vNDOYEhnzWBmiiiWP8mUBAA==
X-Riak-Vclock: a85hYGBgzGDKBVIsTH1vNDOYEhnzWBmiiiWP8mUBAA==
X-Riak-Vclock: a85hYGBgzGDKBVIsTH1vNDOYEhnzWBmiiiWP8mUBAA==
X-Riak-Vclock: a85hYGBgzGDKBVIsTH1vNDOYEhnzWBmiiiWP8mUBAA==
X-Riak-Vclock: a85hYGBgzGDKBVIsTH1vNDOYEhnzWBmiiiWP8mUBAA==
X-Riak-Vclock: a85hYGBgzGDKBVIsTH1vNDOYEhnzWBmiiiWP8mUBAA==
X-Riak-Vclock: a85hYGBgzGDKBVIsTH1vNDOYEhnzWBmiiiWP8mUBAA==
X-Riak-Vclock: a85hYGBgzGDKBVIsTH1vNDOYEhnzWBmiiiWP8mUBAA==
X-Riak-Vclock: a85hYGBgzGDKBVIsTH1vNDOYEhnzWBmiiiWP8mUBAA==
X-Riak-Vclock: a85hYGBgzGDKBVIsTH1vNDOYEhnzWBmiiiWP8mUBAA==
X-Riak-Vclock: a85hYGBgzGDKBVIsTH1vNDOYEhnzWBmiiiWP8mUBAA==
X-Riak-Vclock: a85hYGBgzGDKBVIsTH1vNDOYEhnzWBmiiiWP8mUBAA==
X-Riak-Vclock: a85hYGBgzGDKBVIsTH1vNDOYEhnzWBmiiiWP8mUBAA==
X-Riak-Vclock: a85hYGBgzGDKBVIsTH1vNDOYEhnzWBmiiiWP8mUBAA==
X-Riak-Vclock: a85hYGBgzGDKBVIsTH1vNDOYEhnzWBmiiiWP8mUBAA==
</DebugTrace>
      </Output>
    </UnitTestResult>
    <UnitTestResult executionId="cc7b05a7-7676-421e-8257-f6d54eb1cbea" testId="06a22416-08af-c0dc-b70f-5cec4761aa09" testName="ConflictOnNonMultiBucket" computerName="HORVICKW7" duration="00:00:00.3229019" startTime="2010-03-20T12:27:06.8161582-04:00" endTime="2010-03-20T12:27:07.1521774-04:00" testType="13cdc9d9-ddb5-4fa4-a97d-d965ccfc6d4b" outcome="Passed" testListId="8c84fa94-04c1-424b-9868-57a2d4851a1d" relativeResultsDirectory="cc7b05a7-7676-421e-8257-f6d54eb1cbea">
      <Output>
        <DebugTrace>X-Riak-Vclock: a85hYGBgzGDKBVIsDM4fbmQwJTLmsTJEF0se5csCAA==
Link: 
X-Riak-Vclock: a85hYGBgzGDKBVIsDM4fbmQwJTLmsTJEF0se5csCAA==
Link: 
</DebugTrace>
      </Output>
    </UnitTestResult>
    <UnitTestResult executionId="ee438e3a-6bc1-4e21-8300-ac7e51c67fde" testId="33d4d279-34bd-6d5a-280e-4b82973def51" testName="SettingAllowMultiPersistsCorrectly" computerName="HORVICKW7" duration="00:00:00.7588925" startTime="2010-03-20T12:27:07.1591778-04:00" endTime="2010-03-20T12:27:07.9312220-04:00" testType="13cdc9d9-ddb5-4fa4-a97d-d965ccfc6d4b" outcome="Passed" testListId="8c84fa94-04c1-424b-9868-57a2d4851a1d" relativeResultsDirectory="ee438e3a-6bc1-4e21-8300-ac7e51c67fde">
    </UnitTestResult>
    <UnitTestResult executionId="3d701eb6-adbf-4a4c-bc79-31b9962d3264" testId="beae7429-a6a2-4b8b-91b8-2242ec45c77a" testName="ConflictOnAllowMultiBucket" computerName="HORVICKW7" duration="00:00:00.4340439" startTime="2010-03-20T12:27:07.9422226-04:00" endTime="2010-03-20T12:27:08.3872481-04:00" testType="13cdc9d9-ddb5-4fa4-a97d-d965ccfc6d4b" outcome="Passed" testListId="8c84fa94-04c1-424b-9868-57a2d4851a1d" relativeResultsDirectory="3d701eb6-adbf-4a4c-bc79-31b9962d3264">
      <Output>
        <DebugTrace>X-Riak-Vclock: a85hYGBgzGDKBVIsrPFH7mYwJTLmsTLEFEse5csCAA==
Link: 
X-Riak-Vclock: a85hYGBgzGDKBVIsrPFH7mYwJTLmsTLEFEse5csCAA==
Link: 
</DebugTrace>
      </Output>
    </UnitTestResult>
    <UnitTestResult executionId="c047c3a9-f292-471b-9f1d-fdf9f06f3393" testId="7a71b779-6444-5633-f109-dc2d069ca31b" testName="GetAllSiblingsOnConflict" computerName="HORVICKW7" duration="00:00:00.3550542" startTime="2010-03-20T12:27:08.3962486-04:00" endTime="2010-03-20T12:27:08.7672698-04:00" testType="13cdc9d9-ddb5-4fa4-a97d-d965ccfc6d4b" outcome="Passed" testListId="8c84fa94-04c1-424b-9868-57a2d4851a1d" relativeResultsDirectory="c047c3a9-f292-471b-9f1d-fdf9f06f3393">
      <Output>
        <DebugTrace>X-Riak-Vclock: a85hYGBgzGDKBVIsbJ3bP2UwJTLmsTLEFEse5csCAA==
Link: 
X-Riak-Vclock: a85hYGBgzGDKBVIsbJ3bP2UwJTLmsTLEFEse5csCAA==
Link: 
</DebugTrace>
      </Output>
    </UnitTestResult>
    <UnitTestResult executionId="1b437ce0-4455-4847-aefd-79be97430d63" testId="30d12b1b-aa49-8c08-bd4a-866243aceb48" testName="LinkWithRelationalUri" computerName="HORVICKW7" duration="00:00:00.0031897" startTime="2010-03-20T12:27:08.8192728-04:00" endTime="2010-03-20T12:27:08.8332736-04:00" testType="13cdc9d9-ddb5-4fa4-a97d-d965ccfc6d4b" outcome="Passed" testListId="8c84fa94-04c1-424b-9868-57a2d4851a1d" relativeResultsDirectory="1b437ce0-4455-4847-aefd-79be97430d63">
    </UnitTestResult>
    <UnitTestResult executionId="76ad62e6-0e87-4b48-8277-32663c10dca1" testId="d79ef6f9-4e22-e7f6-a37e-b0e7a8cab61d" testName="LinkWithMultipleParameters" computerName="HORVICKW7" duration="00:00:00.0021243" startTime="2010-03-20T12:27:08.8412740-04:00" endTime="2010-03-20T12:27:08.8562749-04:00" testType="13cdc9d9-ddb5-4fa4-a97d-d965ccfc6d4b" outcome="Passed" testListId="8c84fa94-04c1-424b-9868-57a2d4851a1d" relativeResultsDirectory="76ad62e6-0e87-4b48-8277-32663c10dca1">
    </UnitTestResult>
    <UnitTestResult executionId="89453b5d-2bfb-43bb-894f-644fe2182e8b" testId="cb4b29f5-c7d3-2010-bb43-cecc9f41c474" testName="LinkOnNewKeyExistsAndParses" computerName="HORVICKW7" duration="00:00:00.2797305" startTime="2010-03-20T12:27:08.8622752-04:00" endTime="2010-03-20T12:27:09.1502917-04:00" testType="13cdc9d9-ddb5-4fa4-a97d-d965ccfc6d4b" outcome="Passed" testListId="8c84fa94-04c1-424b-9868-57a2d4851a1d" relativeResultsDirectory="89453b5d-2bfb-43bb-894f-644fe2182e8b">
    </UnitTestResult>
    <UnitTestResult executionId="49b7a31e-67b5-453e-b5b0-8b7f5ffc251c" testId="86d01318-0230-9e62-826b-6c3385d23407" testName="LinkOddlyFormedIsParsedAndNormalized" computerName="HORVICKW7" duration="00:00:00.0007100" startTime="2010-03-20T12:27:09.1582922-04:00" endTime="2010-03-20T12:27:09.1702929-04:00" testType="13cdc9d9-ddb5-4fa4-a97d-d965ccfc6d4b" outcome="Passed" testListId="8c84fa94-04c1-424b-9868-57a2d4851a1d" relativeResultsDirectory="49b7a31e-67b5-453e-b5b0-8b7f5ffc251c">
    </UnitTestResult>
    <UnitTestResult executionId="46931d06-d286-488a-9678-d8869edf0d9e" testId="80c6668e-527f-7ce0-c7fa-d368165124a1" testName="LinkCollectionOperationalTests" computerName="HORVICKW7" duration="00:00:00.0038791" startTime="2010-03-20T12:27:09.1812935-04:00" endTime="2010-03-20T12:27:09.1992945-04:00" testType="13cdc9d9-ddb5-4fa4-a97d-d965ccfc6d4b" outcome="Passed" testListId="8c84fa94-04c1-424b-9868-57a2d4851a1d" relativeResultsDirectory="46931d06-d286-488a-9678-d8869edf0d9e">
    </UnitTestResult>
    <UnitTestResult executionId="a905c3a3-67db-4179-b554-b9eded8e242b" testId="d9c44692-30b5-c679-747b-7d385a54ef67" testName="LinkWithUnknownParameters" computerName="HORVICKW7" duration="00:00:00.0008362" startTime="2010-03-20T12:27:09.2052949-04:00" endTime="2010-03-20T12:27:09.2202957-04:00" testType="13cdc9d9-ddb5-4fa4-a97d-d965ccfc6d4b" outcome="Passed" testListId="8c84fa94-04c1-424b-9868-57a2d4851a1d" relativeResultsDirectory="a905c3a3-67db-4179-b554-b9eded8e242b">
    </UnitTestResult>
    <UnitTestResult executionId="af5f784f-2fca-4e73-a493-203a88ea2c53" testId="8bc468f8-eee0-673a-92b7-930506440e84" testName="LinkRoundTripping" computerName="HORVICKW7" duration="00:00:00.0009606" startTime="2010-03-20T12:27:09.2282962-04:00" endTime="2010-03-20T12:27:09.2402969-04:00" testType="13cdc9d9-ddb5-4fa4-a97d-d965ccfc6d4b" outcome="Passed" testListId="8c84fa94-04c1-424b-9868-57a2d4851a1d" relativeResultsDirectory="af5f784f-2fca-4e73-a493-203a88ea2c53">
    </UnitTestResult>
    <UnitTestResult executionId="87605888-a363-4ed2-84fb-2ae19cd49896" testId="e59f5b3d-3a7c-4505-e293-67664a703224" testName="LinkFollowing" computerName="HORVICKW7" duration="00:00:00.5740519" startTime="2010-03-20T12:27:09.2482973-04:00" endTime="2010-03-20T12:27:09.8313307-04:00" testType="13cdc9d9-ddb5-4fa4-a97d-d965ccfc6d4b" outcome="Passed" testListId="8c84fa94-04c1-424b-9868-57a2d4851a1d" relativeResultsDirectory="87605888-a363-4ed2-84fb-2ae19cd49896">
      <Output>
        <DebugTrace>X-Riak-Vclock: a85hYGBgzGDKBVIsLP/e+GUwJTLlsTJkFEke5csCAA==
X-Riak-Vclock: a85hYGBgzGDKBVIsLP/e+GUwJTLlsTJkFEke5csCAA==
X-Riak-Vclock: a85hYGBgzGDKBVIsLP/e+GUwJTLlsTJkFEke5csCAA==
X-Riak-Vclock: a85hYGBgzGDKBVIsLP/e+GUwJTLlsTJkFEke5csCAA==
X-Riak-Vclock: a85hYGBgyWDKBVFs4gzZGUyJTHmsDN4Fkkf5IMJszUms07cvBkowAiUyiuASLIzKC32xCLP8e+MHNQYsnAUA
X-Riak-Vclock: a85hYGBgzGDKBVIsDH1MNzOYEhnzWBliiyWP8mUBAA==
Link: &lt;/riak/Album/Kind%20of%20Blue&gt;; riaktag="album", &lt;/riak/Album/Conception&gt;; riaktag="album", &lt;/riak/Album/Blue&gt;; riaktag="album", &lt;/riak/Album/Dig&gt;; riaktag="album"
X-Riak-Vclock: a85hYGBgzGDKBVIsDH1MNzOYEhnzWBliiyWP8mUBAA==
Link: &lt;/riak/Artist/Miles%20Davis&gt;; riaktag="artist"
X-Riak-Vclock: a85hYGBgzGDKBVIsDH1MNzOYEhnzWBliiyWP8mUBAA==
Link: &lt;/riak/Artist/Miles%20Davis&gt;; riaktag="artist"
X-Riak-Vclock: a85hYGBgzGDKBVIsDH1MNzOYEhnzWBliiyWP8mUBAA==
Link: &lt;/riak/Artist/Miles%20Davis&gt;; riaktag="artist"
X-Riak-Vclock: a85hYGBgzGDKBVIsDH1MNzOYEhnzWBliiyWP8mUBAA==
Link: &lt;/riak/Artist/Miles%20Davis&gt;; riaktag="artist"
</DebugTrace>
      </Output>
    </UnitTestResult>
    <UnitTestResult executionId="2b609437-666e-4b1d-a9a5-65a6eb828830" testId="4312a9d7-4905-c365-94ac-da54845d713f" testName="GetAllTextData" computerName="HORVICKW7" duration="00:00:00.6093774" startTime="2010-03-20T12:27:09.8403312-04:00" endTime="2010-03-20T12:27:10.4823679-04:00" testType="13cdc9d9-ddb5-4fa4-a97d-d965ccfc6d4b" outcome="Failed" testListId="8c84fa94-04c1-424b-9868-57a2d4851a1d" relativeResultsDirectory="2b609437-666e-4b1d-a9a5-65a6eb828830">
      <Output>
        <DebugTrace>X-Riak-Vclock: a85hYGBgy2DKBVIsDNfk4zKYElnyWBmM/CSP8kGFmWbri0GFP2UhCV+o4oAKR2QjhFmNdohChX0KkIQXuM2BCvsWIYTZy1bchwpngoSzAA==
Link: 
X-Riak-Vclock: a85hYGBgz2DKBVIsDNfk4zKYElnyWBmM/CSP8kGFmWbri0GFP2UhCV+o4oAKR2QjhFmNdohChX0KkIQXuM2BCvsWIYTZy1bchwpnIgkzfnM/AxRmBArHFQOFswA=
Link: 
X-Riak-Vclock: a85hYGBgz2DKBVIsDNfk4zKYElnyWBmM/CSP8kGFmWbri0GFP2UhCV+o4oAKR2QjhFmNdohChX0KkIQXuM2BCvsWIYTZy1bchwpnIgkzfnM/AxRmAgrHFQOFswA=
Link: 
X-Riak-Vclock: a85hYGBgz2DKBVIsDNfk4zKYElnyWBmM/CSP8kGFmWbri0GFP2UhCV+o4oAKR2QjhFmNdohChX0KkIQXuM2BCvsWIYTZy1bchwpnIgkzfnM/AxRmBgrHFQOFswA=
Link: 
</DebugTrace>
        <ErrorInfo>
          <Message>Assert.Fail failed. fail</Message>
          <StackTrace>   at Riak.Tests.MultiPartResponseTests.GetAllTextData() in c:\projects\Riak.Client\Riak.Tests\MultiPartResponseTests.cs:line 51
</StackTrace>
        </ErrorInfo>
      </Output>
    </UnitTestResult>
  </Results>
</TestRun>