<?xml version="1.0" encoding="UTF-8"?>
<TestRun id="89cce579-9d34-47ff-80de-434d1cac185e" name="Robert@HORVICKW7 2010-03-18 16:20:17" runUser="HORVICKW7\Robert" xmlns="http://microsoft.com/schemas/VisualStudio/TeamTest/2010">
  <TestSettings name="Local" id="cccf0ead-bb7b-4fa6-80c8-b697078887da">
    <Description>These are default test settings for a local test run.</Description>
    <Deployment enabled="false" runDeploymentRoot="Robert_HORVICKW7 2010-03-18 16_20_17" />
    <Execution>
      <TestTypeSpecific />
      <AgentRule name="Execution Agents">
      </AgentRule>
    </Execution>
  </TestSettings>
  <Times creation="2010-03-18T16:20:17.5407872-04:00" queuing="2010-03-18T16:20:20.6429647-04:00" start="2010-03-18T16:20:21.1159917-04:00" finish="2010-03-18T16:21:20.9274127-04:00" />
  <ResultSummary outcome="Failed">
    <Counters total="3" executed="3" passed="2" error="0" failed="1" timeout="0" aborted="0" inconclusive="0" passedButRunAborted="0" notRunnable="0" notExecuted="0" disconnected="0" warning="0" completed="0" inProgress="0" pending="0" />
  </ResultSummary>
  <TestDefinitions>
    <UnitTest name="TestMethod1" storage="c:\projects\riak.client\riak.tests\bin\debug\riak.tests.dll" id="4218db0c-c3cd-af6c-7a89-5cbb6ed4b0b4">
      <Execution id="c856006c-72b9-4798-930f-3a024a994918" />
      <TestMethod codeBase="c:/projects/Riak.Client/Riak.Tests/bin/Debug/Riak.Tests.DLL" adapterTypeName="Microsoft.VisualStudio.TestTools.TestTypes.Unit.UnitTestAdapter, Microsoft.VisualStudio.QualityTools.Tips.UnitTest.Adapter, Version=10.0.0.0, Culture=neutral, PublicKeyToken=b03f5f7f11d50a3a" className="Riak.Tests.RiakRequestTests, Riak.Tests, Version=1.0.0.0, Culture=neutral, PublicKeyToken=null" name="TestMethod1" />
    </UnitTest>
    <UnitTest name="BucketRoundTrip" storage="c:\projects\riak.client\riak.tests\bin\debug\riak.tests.dll" id="fcd0f688-4aee-71c2-6fd3-c2c85a9136e9">
      <Execution id="d8273513-4b15-4206-bb51-40d56333e1ee" />
      <TestMethod codeBase="c:/projects/Riak.Client/Riak.Tests/bin/Debug/Riak.Tests.DLL" adapterTypeName="Microsoft.VisualStudio.TestTools.TestTypes.Unit.UnitTestAdapter, Microsoft.VisualStudio.QualityTools.Tips.UnitTest.Adapter, Version=10.0.0.0, Culture=neutral, PublicKeyToken=b03f5f7f11d50a3a" className="Riak.Tests.BucketTests, Riak.Tests, Version=1.0.0.0, Culture=neutral, PublicKeyToken=null" name="BucketRoundTrip" />
    </UnitTest>
    <UnitTest name="GetKeyFromBucket" storage="c:\projects\riak.client\riak.tests\bin\debug\riak.tests.dll" id="7ec93923-9b63-896f-6fbc-0de4f66812a0">
      <Execution id="c39f089f-96a1-4553-b5a1-45ae341050bf" />
      <TestMethod codeBase="c:/projects/Riak.Client/Riak.Tests/bin/Debug/Riak.Tests.DLL" adapterTypeName="Microsoft.VisualStudio.TestTools.TestTypes.Unit.UnitTestAdapter, Microsoft.VisualStudio.QualityTools.Tips.UnitTest.Adapter, Version=10.0.0.0, Culture=neutral, PublicKeyToken=b03f5f7f11d50a3a" className="Riak.Tests.RiakRequestTests, Riak.Tests, Version=1.0.0.0, Culture=neutral, PublicKeyToken=null" name="GetKeyFromBucket" />
    </UnitTest>
  </TestDefinitions>
  <TestLists>
    <TestList name="Results Not in a List" id="8c84fa94-04c1-424b-9868-57a2d4851a1d" />
    <TestList name="All Loaded Results" id="19431567-8539-422a-85d7-44ee4e166bda" />
  </TestLists>
  <TestEntries>
    <TestEntry testId="4218db0c-c3cd-af6c-7a89-5cbb6ed4b0b4" executionId="c856006c-72b9-4798-930f-3a024a994918" testListId="8c84fa94-04c1-424b-9868-57a2d4851a1d" />
    <TestEntry testId="7ec93923-9b63-896f-6fbc-0de4f66812a0" executionId="c39f089f-96a1-4553-b5a1-45ae341050bf" testListId="8c84fa94-04c1-424b-9868-57a2d4851a1d" />
    <TestEntry testId="fcd0f688-4aee-71c2-6fd3-c2c85a9136e9" executionId="d8273513-4b15-4206-bb51-40d56333e1ee" testListId="8c84fa94-04c1-424b-9868-57a2d4851a1d" />
  </TestEntries>
  <Results>
    <UnitTestResult executionId="c856006c-72b9-4798-930f-3a024a994918" testId="4218db0c-c3cd-af6c-7a89-5cbb6ed4b0b4" testName="TestMethod1" computerName="HORVICKW7" duration="00:00:00.0840111" startTime="2010-03-18T16:20:21.5760180-04:00" endTime="2010-03-18T16:20:23.5621316-04:00" testType="13cdc9d9-ddb5-4fa4-a97d-d965ccfc6d4b" outcome="Passed" testListId="8c84fa94-04c1-424b-9868-57a2d4851a1d" relativeResultsDirectory="c856006c-72b9-4798-930f-3a024a994918">
    </UnitTestResult>
    <UnitTestResult executionId="c39f089f-96a1-4553-b5a1-45ae341050bf" testId="7ec93923-9b63-896f-6fbc-0de4f66812a0" testName="GetKeyFromBucket" computerName="HORVICKW7" duration="00:00:00.3881997" startTime="2010-03-18T16:20:23.6941392-04:00" endTime="2010-03-18T16:20:24.1361645-04:00" testType="13cdc9d9-ddb5-4fa4-a97d-d965ccfc6d4b" outcome="Passed" testListId="8c84fa94-04c1-424b-9868-57a2d4851a1d" relativeResultsDirectory="c39f089f-96a1-4553-b5a1-45ae341050bf">
    </UnitTestResult>
    <UnitTestResult executionId="d8273513-4b15-4206-bb51-40d56333e1ee" testId="fcd0f688-4aee-71c2-6fd3-c2c85a9136e9" testName="BucketRoundTrip" computerName="HORVICKW7" duration="00:00:56.0811246" startTime="2010-03-18T16:20:24.1561656-04:00" endTime="2010-03-18T16:21:20.6013941-04:00" testType="13cdc9d9-ddb5-4fa4-a97d-d965ccfc6d4b" outcome="Failed" testListId="8c84fa94-04c1-424b-9868-57a2d4851a1d" relativeResultsDirectory="d8273513-4b15-4206-bb51-40d56333e1ee">
      <Output>
        <ErrorInfo>
          <Message>Test method Riak.Tests.BucketTests.BucketRoundTrip threw exception: 
Riak.Client.RiakServerException: Error storing key TestKey at http://192.168.137.50:8098/riak/BucketTest/TestKey</Message>
          <StackTrace>    at Riak.Client.RiakObject.Store(Stream data) in c:\projects\Riak.Client\Riak.Client\RiakObject.cs:line 98
   at Riak.Client.RiakObject.Store(String data) in c:\projects\Riak.Client\Riak.Client\RiakObject.cs:line 67
   at Riak.Tests.BucketTests.BucketRoundTrip() in c:\projects\Riak.Client\Riak.Tests\BucketTests.cs:line 24
</StackTrace>
        </ErrorInfo>
      </Output>
    </UnitTestResult>
  </Results>
</TestRun>