<?xml version="1.0" encoding="UTF-8"?>
<TestRun id="b2f9100c-da4b-4c60-8841-1586db9597f3" name="Robert@HORVICKW7 2010-03-19 09:19:05" runUser="HORVICKW7\Robert" xmlns="http://microsoft.com/schemas/VisualStudio/TeamTest/2010">
  <TestSettings name="Local" id="cccf0ead-bb7b-4fa6-80c8-b697078887da">
    <Description>These are default test settings for a local test run.</Description>
    <Deployment enabled="false" runDeploymentRoot="Robert_HORVICKW7 2010-03-19 09_19_05" />
    <Execution>
      <TestTypeSpecific />
      <AgentRule name="Execution Agents">
      </AgentRule>
    </Execution>
  </TestSettings>
  <Times creation="2010-03-19T09:19:05.3710991-04:00" queuing="2010-03-19T09:19:28.6394300-04:00" start="2010-03-19T09:19:29.4104741-04:00" finish="2010-03-19T09:19:44.5773416-04:00" />
  <ResultSummary outcome="Failed">
    <Counters total="9" executed="9" passed="2" error="0" failed="7" timeout="0" aborted="0" inconclusive="0" passedButRunAborted="0" notRunnable="0" notExecuted="0" disconnected="0" warning="0" completed="0" inProgress="0" pending="0" />
  </ResultSummary>
  <TestDefinitions>
    <UnitTest name="SaveABinaryKeyValue" storage="c:\projects\riak.client\riak.tests\bin\debug\riak.tests.dll" id="4ad0d6cc-b6bb-6b71-fab7-7bd0c1927a9f">
      <Execution id="6004c0e6-0455-4006-8902-79318b66253d" />
      <TestMethod codeBase="c:/projects/Riak.Client/Riak.Tests/bin/Debug/Riak.Tests.DLL" adapterTypeName="Microsoft.VisualStudio.TestTools.TestTypes.Unit.UnitTestAdapter, Microsoft.VisualStudio.QualityTools.Tips.UnitTest.Adapter, Version=10.0.0.0, Culture=neutral, PublicKeyToken=b03f5f7f11d50a3a" className="Riak.Tests.BucketTests, Riak.Tests, Version=1.0.0.0, Culture=neutral, PublicKeyToken=null" name="SaveABinaryKeyValue" />
    </UnitTest>
    <UnitTest name="DeleteExistingKeys" storage="c:\projects\riak.client\riak.tests\bin\debug\riak.tests.dll" id="ecb7a2ec-95c2-bcd4-9208-598a9a8227f1">
      <Execution id="159393de-d28f-491d-b683-fe5b899fc0fa" />
      <TestMethod codeBase="c:/projects/Riak.Client/Riak.Tests/bin/Debug/Riak.Tests.DLL" adapterTypeName="Microsoft.VisualStudio.TestTools.TestTypes.Unit.UnitTestAdapter, Microsoft.VisualStudio.QualityTools.Tips.UnitTest.Adapter, Version=10.0.0.0, Culture=neutral, PublicKeyToken=b03f5f7f11d50a3a" className="Riak.Tests.BucketTests, Riak.Tests, Version=1.0.0.0, Culture=neutral, PublicKeyToken=null" name="DeleteExistingKeys" />
    </UnitTest>
    <UnitTest name="SaveAStringKeyValue" storage="c:\projects\riak.client\riak.tests\bin\debug\riak.tests.dll" id="58939138-4342-8e72-2f65-c6ec6d5362d3">
      <Execution id="a5b52935-dbe0-4169-995f-a60b46ad98cb" />
      <TestMethod codeBase="c:/projects/Riak.Client/Riak.Tests/bin/Debug/Riak.Tests.DLL" adapterTypeName="Microsoft.VisualStudio.TestTools.TestTypes.Unit.UnitTestAdapter, Microsoft.VisualStudio.QualityTools.Tips.UnitTest.Adapter, Version=10.0.0.0, Culture=neutral, PublicKeyToken=b03f5f7f11d50a3a" className="Riak.Tests.BucketTests, Riak.Tests, Version=1.0.0.0, Culture=neutral, PublicKeyToken=null" name="SaveAStringKeyValue" />
    </UnitTest>
    <UnitTest name="ConflictOnAllowMultiBucket" storage="c:\projects\riak.client\riak.tests\bin\debug\riak.tests.dll" id="beae7429-a6a2-4b8b-91b8-2242ec45c77a">
      <Execution id="3cc8d643-4238-44bb-8657-6786f7f52018" />
      <TestMethod codeBase="c:/projects/Riak.Client/Riak.Tests/bin/Debug/Riak.Tests.DLL" adapterTypeName="Microsoft.VisualStudio.TestTools.TestTypes.Unit.UnitTestAdapter, Microsoft.VisualStudio.QualityTools.Tips.UnitTest.Adapter, Version=10.0.0.0, Culture=neutral, PublicKeyToken=b03f5f7f11d50a3a" className="Riak.Tests.BucketTests, Riak.Tests, Version=1.0.0.0, Culture=neutral, PublicKeyToken=null" name="ConflictOnAllowMultiBucket" />
    </UnitTest>
    <UnitTest name="ConflictOnNonMultiBucket" storage="c:\projects\riak.client\riak.tests\bin\debug\riak.tests.dll" id="06a22416-08af-c0dc-b70f-5cec4761aa09">
      <Execution id="a6680559-b5af-4a48-ab7c-d288809d5051" />
      <TestMethod codeBase="c:/projects/Riak.Client/Riak.Tests/bin/Debug/Riak.Tests.DLL" adapterTypeName="Microsoft.VisualStudio.TestTools.TestTypes.Unit.UnitTestAdapter, Microsoft.VisualStudio.QualityTools.Tips.UnitTest.Adapter, Version=10.0.0.0, Culture=neutral, PublicKeyToken=b03f5f7f11d50a3a" className="Riak.Tests.BucketTests, Riak.Tests, Version=1.0.0.0, Culture=neutral, PublicKeyToken=null" name="ConflictOnNonMultiBucket" />
    </UnitTest>
    <UnitTest name="GetKeyFromBucket" storage="c:\projects\riak.client\riak.tests\bin\debug\riak.tests.dll" id="7ec93923-9b63-896f-6fbc-0de4f66812a0">
      <Execution id="728c391d-58e3-478b-9c30-1db5fea55c52" />
      <TestMethod codeBase="c:/projects/Riak.Client/Riak.Tests/bin/Debug/Riak.Tests.DLL" adapterTypeName="Microsoft.VisualStudio.TestTools.TestTypes.Unit.UnitTestAdapter, Microsoft.VisualStudio.QualityTools.Tips.UnitTest.Adapter, Version=10.0.0.0, Culture=neutral, PublicKeyToken=b03f5f7f11d50a3a" className="Riak.Tests.RiakRequestTests, Riak.Tests, Version=1.0.0.0, Culture=neutral, PublicKeyToken=null" name="GetKeyFromBucket" />
    </UnitTest>
    <UnitTest name="TestMethod1" storage="c:\projects\riak.client\riak.tests\bin\debug\riak.tests.dll" id="4218db0c-c3cd-af6c-7a89-5cbb6ed4b0b4">
      <Execution id="4c149949-34f0-4dc4-887f-7229f91e59d2" />
      <TestMethod codeBase="c:/projects/Riak.Client/Riak.Tests/bin/Debug/Riak.Tests.DLL" adapterTypeName="Microsoft.VisualStudio.TestTools.TestTypes.Unit.UnitTestAdapter, Microsoft.VisualStudio.QualityTools.Tips.UnitTest.Adapter, Version=10.0.0.0, Culture=neutral, PublicKeyToken=b03f5f7f11d50a3a" className="Riak.Tests.RiakRequestTests, Riak.Tests, Version=1.0.0.0, Culture=neutral, PublicKeyToken=null" name="TestMethod1" />
    </UnitTest>
    <UnitTest name="DeleteMissingKeys" storage="c:\projects\riak.client\riak.tests\bin\debug\riak.tests.dll" id="8adbc453-a093-0889-b145-79d2f69be902">
      <Execution id="5aa18f5d-63c4-4ee1-a24c-8519c57a7a0d" />
      <TestMethod codeBase="c:/projects/Riak.Client/Riak.Tests/bin/Debug/Riak.Tests.DLL" adapterTypeName="Microsoft.VisualStudio.TestTools.TestTypes.Unit.UnitTestAdapter, Microsoft.VisualStudio.QualityTools.Tips.UnitTest.Adapter, Version=10.0.0.0, Culture=neutral, PublicKeyToken=b03f5f7f11d50a3a" className="Riak.Tests.BucketTests, Riak.Tests, Version=1.0.0.0, Culture=neutral, PublicKeyToken=null" name="DeleteMissingKeys" />
    </UnitTest>
    <UnitTest name="SettingAllowMultiPersistsCorrectly" storage="c:\projects\riak.client\riak.tests\bin\debug\riak.tests.dll" id="33d4d279-34bd-6d5a-280e-4b82973def51">
      <Execution id="66841a93-830a-46d8-9d27-c27822514e43" />
      <TestMethod codeBase="c:/projects/Riak.Client/Riak.Tests/bin/Debug/Riak.Tests.DLL" adapterTypeName="Microsoft.VisualStudio.TestTools.TestTypes.Unit.UnitTestAdapter, Microsoft.VisualStudio.QualityTools.Tips.UnitTest.Adapter, Version=10.0.0.0, Culture=neutral, PublicKeyToken=b03f5f7f11d50a3a" className="Riak.Tests.BucketTests, Riak.Tests, Version=1.0.0.0, Culture=neutral, PublicKeyToken=null" name="SettingAllowMultiPersistsCorrectly" />
    </UnitTest>
  </TestDefinitions>
  <TestLists>
    <TestList name="Results Not in a List" id="8c84fa94-04c1-424b-9868-57a2d4851a1d" />
    <TestList name="All Loaded Results" id="19431567-8539-422a-85d7-44ee4e166bda" />
  </TestLists>
  <TestEntries>
    <TestEntry testId="4218db0c-c3cd-af6c-7a89-5cbb6ed4b0b4" executionId="4c149949-34f0-4dc4-887f-7229f91e59d2" testListId="8c84fa94-04c1-424b-9868-57a2d4851a1d" />
    <TestEntry testId="7ec93923-9b63-896f-6fbc-0de4f66812a0" executionId="728c391d-58e3-478b-9c30-1db5fea55c52" testListId="8c84fa94-04c1-424b-9868-57a2d4851a1d" />
    <TestEntry testId="58939138-4342-8e72-2f65-c6ec6d5362d3" executionId="a5b52935-dbe0-4169-995f-a60b46ad98cb" testListId="8c84fa94-04c1-424b-9868-57a2d4851a1d" />
    <TestEntry testId="4ad0d6cc-b6bb-6b71-fab7-7bd0c1927a9f" executionId="6004c0e6-0455-4006-8902-79318b66253d" testListId="8c84fa94-04c1-424b-9868-57a2d4851a1d" />
    <TestEntry testId="ecb7a2ec-95c2-bcd4-9208-598a9a8227f1" executionId="159393de-d28f-491d-b683-fe5b899fc0fa" testListId="8c84fa94-04c1-424b-9868-57a2d4851a1d" />
    <TestEntry testId="8adbc453-a093-0889-b145-79d2f69be902" executionId="5aa18f5d-63c4-4ee1-a24c-8519c57a7a0d" testListId="8c84fa94-04c1-424b-9868-57a2d4851a1d" />
    <TestEntry testId="06a22416-08af-c0dc-b70f-5cec4761aa09" executionId="a6680559-b5af-4a48-ab7c-d288809d5051" testListId="8c84fa94-04c1-424b-9868-57a2d4851a1d" />
    <TestEntry testId="beae7429-a6a2-4b8b-91b8-2242ec45c77a" executionId="3cc8d643-4238-44bb-8657-6786f7f52018" testListId="8c84fa94-04c1-424b-9868-57a2d4851a1d" />
    <TestEntry testId="33d4d279-34bd-6d5a-280e-4b82973def51" executionId="66841a93-830a-46d8-9d27-c27822514e43" testListId="8c84fa94-04c1-424b-9868-57a2d4851a1d" />
  </TestEntries>
  <Results>
    <UnitTestResult executionId="4c149949-34f0-4dc4-887f-7229f91e59d2" testId="4218db0c-c3cd-af6c-7a89-5cbb6ed4b0b4" testName="TestMethod1" computerName="HORVICKW7" duration="00:00:00.6043896" startTime="2010-03-19T09:19:29.8715005-04:00" endTime="2010-03-19T09:19:34.6207721-04:00" testType="13cdc9d9-ddb5-4fa4-a97d-d965ccfc6d4b" outcome="Passed" testListId="8c84fa94-04c1-424b-9868-57a2d4851a1d" relativeResultsDirectory="4c149949-34f0-4dc4-887f-7229f91e59d2">
    </UnitTestResult>
    <UnitTestResult executionId="728c391d-58e3-478b-9c30-1db5fea55c52" testId="7ec93923-9b63-896f-6fbc-0de4f66812a0" testName="GetKeyFromBucket" computerName="HORVICKW7" duration="00:00:01.8371258" startTime="2010-03-19T09:19:34.7117773-04:00" endTime="2010-03-19T09:19:36.5848845-04:00" testType="13cdc9d9-ddb5-4fa4-a97d-d965ccfc6d4b" outcome="Passed" testListId="8c84fa94-04c1-424b-9868-57a2d4851a1d" relativeResultsDirectory="728c391d-58e3-478b-9c30-1db5fea55c52">
    </UnitTestResult>
    <UnitTestResult executionId="a5b52935-dbe0-4169-995f-a60b46ad98cb" testId="58939138-4342-8e72-2f65-c6ec6d5362d3" testName="SaveAStringKeyValue" computerName="HORVICKW7" duration="00:00:03.5046404" startTime="2010-03-19T09:19:36.6138861-04:00" endTime="2010-03-19T09:19:40.1420879-04:00" testType="13cdc9d9-ddb5-4fa4-a97d-d965ccfc6d4b" outcome="Failed" testListId="8c84fa94-04c1-424b-9868-57a2d4851a1d" relativeResultsDirectory="a5b52935-dbe0-4169-995f-a60b46ad98cb">
      <Output>
        <ErrorInfo>
          <Message>Test method Riak.Tests.BucketTests.SaveAStringKeyValue threw exception: 
System.ArgumentException: An item with the same key has already been added.</Message>
          <StackTrace>    at System.ThrowHelper.ThrowArgumentException(ExceptionResource resource)
   at System.Collections.Generic.Dictionary`2.Insert(TKey key, TValue value, Boolean add)
   at System.Collections.Generic.Dictionary`2.Add(TKey key, TValue value)
   at Riak.Client.RiakHttpRequest..ctor(WebRequestVerb verb, Uri riakUri) in c:\projects\Riak.Client\Riak.Client\RiakHttpRequest.cs:line 38
   at Riak.Client.RiakRequest.Create(WebRequestVerb verb, Uri riakUri) in c:\projects\Riak.Client\Riak.Client\RiakRequest.cs:line 32
   at Riak.Client.Bucket.Refresh() in c:\projects\Riak.Client\Riak.Client\Bucket.cs:line 38
   at Riak.Client.RiakClient.Bucket(String name) in c:\projects\Riak.Client\Riak.Client\RiakClient.cs:line 28
   at Riak.Tests.BucketTests.SaveAStringKeyValue() in c:\projects\Riak.Client\Riak.Tests\BucketTests.cs:line 17
</StackTrace>
        </ErrorInfo>
      </Output>
    </UnitTestResult>
    <UnitTestResult executionId="6004c0e6-0455-4006-8902-79318b66253d" testId="4ad0d6cc-b6bb-6b71-fab7-7bd0c1927a9f" testName="SaveABinaryKeyValue" computerName="HORVICKW7" duration="00:00:00.0567430" startTime="2010-03-19T09:19:40.4181037-04:00" endTime="2010-03-19T09:19:40.5061087-04:00" testType="13cdc9d9-ddb5-4fa4-a97d-d965ccfc6d4b" outcome="Failed" testListId="8c84fa94-04c1-424b-9868-57a2d4851a1d" relativeResultsDirectory="6004c0e6-0455-4006-8902-79318b66253d">
      <Output>
        <ErrorInfo>
          <Message>Test method Riak.Tests.BucketTests.SaveABinaryKeyValue threw exception: 
System.ArgumentException: An item with the same key has already been added.</Message>
          <StackTrace>    at System.ThrowHelper.ThrowArgumentException(ExceptionResource resource)
   at System.Collections.Generic.Dictionary`2.Insert(TKey key, TValue value, Boolean add)
   at System.Collections.Generic.Dictionary`2.Add(TKey key, TValue value)
   at Riak.Client.RiakHttpRequest..ctor(WebRequestVerb verb, Uri riakUri) in c:\projects\Riak.Client\Riak.Client\RiakHttpRequest.cs:line 38
   at Riak.Client.RiakRequest.Create(WebRequestVerb verb, Uri riakUri) in c:\projects\Riak.Client\Riak.Client\RiakRequest.cs:line 32
   at Riak.Client.Bucket.Refresh() in c:\projects\Riak.Client\Riak.Client\Bucket.cs:line 38
   at Riak.Client.RiakClient.Bucket(String name) in c:\projects\Riak.Client\Riak.Client\RiakClient.cs:line 28
   at Riak.Tests.BucketTests.SaveABinaryKeyValue() in c:\projects\Riak.Client\Riak.Tests\BucketTests.cs:line 32
</StackTrace>
        </ErrorInfo>
      </Output>
    </UnitTestResult>
    <UnitTestResult executionId="159393de-d28f-491d-b683-fe5b899fc0fa" testId="ecb7a2ec-95c2-bcd4-9208-598a9a8227f1" testName="DeleteExistingKeys" computerName="HORVICKW7" duration="00:00:00.0549994" startTime="2010-03-19T09:19:40.5351104-04:00" endTime="2010-03-19T09:19:40.6181152-04:00" testType="13cdc9d9-ddb5-4fa4-a97d-d965ccfc6d4b" outcome="Failed" testListId="8c84fa94-04c1-424b-9868-57a2d4851a1d" relativeResultsDirectory="159393de-d28f-491d-b683-fe5b899fc0fa">
      <Output>
        <ErrorInfo>
          <Message>Test method Riak.Tests.BucketTests.DeleteExistingKeys threw exception: 
System.ArgumentException: An item with the same key has already been added.</Message>
          <StackTrace>    at System.ThrowHelper.ThrowArgumentException(ExceptionResource resource)
   at System.Collections.Generic.Dictionary`2.Insert(TKey key, TValue value, Boolean add)
   at System.Collections.Generic.Dictionary`2.Add(TKey key, TValue value)
   at Riak.Client.RiakHttpRequest..ctor(WebRequestVerb verb, Uri riakUri) in c:\projects\Riak.Client\Riak.Client\RiakHttpRequest.cs:line 38
   at Riak.Client.RiakRequest.Create(WebRequestVerb verb, Uri riakUri) in c:\projects\Riak.Client\Riak.Client\RiakRequest.cs:line 32
   at Riak.Client.Bucket.Refresh() in c:\projects\Riak.Client\Riak.Client\Bucket.cs:line 38
   at Riak.Client.RiakClient.Bucket(String name) in c:\projects\Riak.Client\Riak.Client\RiakClient.cs:line 28
   at Riak.Tests.BucketTests.DeleteExistingKeys() in c:\projects\Riak.Client\Riak.Tests\BucketTests.cs:line 59
</StackTrace>
        </ErrorInfo>
      </Output>
    </UnitTestResult>
    <UnitTestResult executionId="5aa18f5d-63c4-4ee1-a24c-8519c57a7a0d" testId="8adbc453-a093-0889-b145-79d2f69be902" testName="DeleteMissingKeys" computerName="HORVICKW7" duration="00:00:00.0547294" startTime="2010-03-19T09:19:40.6681180-04:00" endTime="2010-03-19T09:19:40.7421222-04:00" testType="13cdc9d9-ddb5-4fa4-a97d-d965ccfc6d4b" outcome="Failed" testListId="8c84fa94-04c1-424b-9868-57a2d4851a1d" relativeResultsDirectory="5aa18f5d-63c4-4ee1-a24c-8519c57a7a0d">
      <Output>
        <ErrorInfo>
          <Message>Test method Riak.Tests.BucketTests.DeleteMissingKeys threw exception: 
System.ArgumentException: An item with the same key has already been added.</Message>
          <StackTrace>    at System.ThrowHelper.ThrowArgumentException(ExceptionResource resource)
   at System.Collections.Generic.Dictionary`2.Insert(TKey key, TValue value, Boolean add)
   at System.Collections.Generic.Dictionary`2.Add(TKey key, TValue value)
   at Riak.Client.RiakHttpRequest..ctor(WebRequestVerb verb, Uri riakUri) in c:\projects\Riak.Client\Riak.Client\RiakHttpRequest.cs:line 38
   at Riak.Client.RiakRequest.Create(WebRequestVerb verb, Uri riakUri) in c:\projects\Riak.Client\Riak.Client\RiakRequest.cs:line 32
   at Riak.Client.Bucket.Refresh() in c:\projects\Riak.Client\Riak.Client\Bucket.cs:line 38
   at Riak.Client.RiakClient.Bucket(String name) in c:\projects\Riak.Client\Riak.Client\RiakClient.cs:line 28
   at Riak.Tests.BucketTests.DeleteMissingKeys() in c:\projects\Riak.Client\Riak.Tests\BucketTests.cs:line 84
</StackTrace>
        </ErrorInfo>
      </Output>
    </UnitTestResult>
    <UnitTestResult executionId="a6680559-b5af-4a48-ab7c-d288809d5051" testId="06a22416-08af-c0dc-b70f-5cec4761aa09" testName="ConflictOnNonMultiBucket" computerName="HORVICKW7" duration="00:00:00.1107410" startTime="2010-03-19T09:19:40.9681352-04:00" endTime="2010-03-19T09:19:41.1231440-04:00" testType="13cdc9d9-ddb5-4fa4-a97d-d965ccfc6d4b" outcome="Failed" testListId="8c84fa94-04c1-424b-9868-57a2d4851a1d" relativeResultsDirectory="a6680559-b5af-4a48-ab7c-d288809d5051">
      <Output>
        <ErrorInfo>
          <Message>Test method Riak.Tests.BucketTests.ConflictOnNonMultiBucket threw exception: 
System.ArgumentException: An item with the same key has already been added.</Message>
          <StackTrace>    at System.ThrowHelper.ThrowArgumentException(ExceptionResource resource)
   at System.Collections.Generic.Dictionary`2.Insert(TKey key, TValue value, Boolean add)
   at System.Collections.Generic.Dictionary`2.Add(TKey key, TValue value)
   at Riak.Client.RiakHttpRequest..ctor(WebRequestVerb verb, Uri riakUri) in c:\projects\Riak.Client\Riak.Client\RiakHttpRequest.cs:line 38
   at Riak.Client.RiakRequest.Create(WebRequestVerb verb, Uri riakUri) in c:\projects\Riak.Client\Riak.Client\RiakRequest.cs:line 32
   at Riak.Client.Bucket.Refresh() in c:\projects\Riak.Client\Riak.Client\Bucket.cs:line 38
   at Riak.Client.RiakClient.Bucket(String name) in c:\projects\Riak.Client\Riak.Client\RiakClient.cs:line 28
   at Riak.Tests.BucketTests.ConflictOnNonMultiBucket() in c:\projects\Riak.Client\Riak.Tests\BucketTests.cs:line 114
</StackTrace>
        </ErrorInfo>
      </Output>
    </UnitTestResult>
    <UnitTestResult executionId="3cc8d643-4238-44bb-8657-6786f7f52018" testId="beae7429-a6a2-4b8b-91b8-2242ec45c77a" testName="ConflictOnAllowMultiBucket" computerName="HORVICKW7" duration="00:00:00.2259090" startTime="2010-03-19T09:19:41.1871477-04:00" endTime="2010-03-19T09:19:41.4601633-04:00" testType="13cdc9d9-ddb5-4fa4-a97d-d965ccfc6d4b" outcome="Failed" testListId="8c84fa94-04c1-424b-9868-57a2d4851a1d" relativeResultsDirectory="3cc8d643-4238-44bb-8657-6786f7f52018">
      <Output>
        <ErrorInfo>
          <Message>Test method Riak.Tests.BucketTests.ConflictOnAllowMultiBucket threw exception: 
System.ArgumentException: An item with the same key has already been added.</Message>
          <StackTrace>    at System.ThrowHelper.ThrowArgumentException(ExceptionResource resource)
   at System.Collections.Generic.Dictionary`2.Insert(TKey key, TValue value, Boolean add)
   at System.Collections.Generic.Dictionary`2.Add(TKey key, TValue value)
   at Riak.Client.RiakHttpRequest..ctor(WebRequestVerb verb, Uri riakUri) in c:\projects\Riak.Client\Riak.Client\RiakHttpRequest.cs:line 38
   at Riak.Client.RiakRequest.Create(WebRequestVerb verb, Uri riakUri) in c:\projects\Riak.Client\Riak.Client\RiakRequest.cs:line 32
   at Riak.Client.Bucket.Refresh() in c:\projects\Riak.Client\Riak.Client\Bucket.cs:line 38
   at Riak.Client.RiakClient.Bucket(String name) in c:\projects\Riak.Client\Riak.Client\RiakClient.cs:line 28
   at Riak.Tests.BucketTests.ConflictOnAllowMultiBucket() in c:\projects\Riak.Client\Riak.Tests\BucketTests.cs:line 163
</StackTrace>
        </ErrorInfo>
      </Output>
    </UnitTestResult>
    <UnitTestResult executionId="66841a93-830a-46d8-9d27-c27822514e43" testId="33d4d279-34bd-6d5a-280e-4b82973def51" testName="SettingAllowMultiPersistsCorrectly" computerName="HORVICKW7" duration="00:00:00.0499838" startTime="2010-03-19T09:19:41.5471683-04:00" endTime="2010-03-19T09:19:41.6331732-04:00" testType="13cdc9d9-ddb5-4fa4-a97d-d965ccfc6d4b" outcome="Failed" testListId="8c84fa94-04c1-424b-9868-57a2d4851a1d" relativeResultsDirectory="66841a93-830a-46d8-9d27-c27822514e43">
      <Output>
        <ErrorInfo>
          <Message>Test method Riak.Tests.BucketTests.SettingAllowMultiPersistsCorrectly threw exception: 
System.ArgumentException: An item with the same key has already been added.</Message>
          <StackTrace>    at System.ThrowHelper.ThrowArgumentException(ExceptionResource resource)
   at System.Collections.Generic.Dictionary`2.Insert(TKey key, TValue value, Boolean add)
   at System.Collections.Generic.Dictionary`2.Add(TKey key, TValue value)
   at Riak.Client.RiakHttpRequest..ctor(WebRequestVerb verb, Uri riakUri) in c:\projects\Riak.Client\Riak.Client\RiakHttpRequest.cs:line 38
   at Riak.Client.RiakRequest.Create(WebRequestVerb verb, Uri riakUri) in c:\projects\Riak.Client\Riak.Client\RiakRequest.cs:line 32
   at Riak.Client.Bucket.Refresh() in c:\projects\Riak.Client\Riak.Client\Bucket.cs:line 38
   at Riak.Client.RiakClient.Bucket(String name) in c:\projects\Riak.Client\Riak.Client\RiakClient.cs:line 28
   at Riak.Tests.BucketTests.SettingAllowMultiPersistsCorrectly() in c:\projects\Riak.Client\Riak.Tests\BucketTests.cs:line 140
</StackTrace>
        </ErrorInfo>
      </Output>
    </UnitTestResult>
  </Results>
</TestRun>