<?xml version="1.0" encoding="UTF-8"?>
<TestRun id="1c43b1f6-f6dc-4283-a778-e190623ab8a5" name="Robert@HORVICKW7 2010-03-21 10:00:27" runUser="HORVICKW7\Robert" xmlns="http://microsoft.com/schemas/VisualStudio/TeamTest/2010">
  <TestSettings name="Local" id="cccf0ead-bb7b-4fa6-80c8-b697078887da">
    <Description>These are default test settings for a local test run.</Description>
    <Deployment userDeploymentRoot="c:\projects\Riak.Client\TestResults" useDefaultDeploymentRoot="false" runDeploymentRoot="Robert_HORVICKW7 2010-03-21 10_00_27" />
    <Execution>
      <TestTypeSpecific>
        <UnitTestRunConfig testTypeId="13cdc9d9-ddb5-4fa4-a97d-d965ccfc6d4b">
          <AssemblyResolution>
            <TestDirectory useLoadContext="true" />
          </AssemblyResolution>
        </UnitTestRunConfig>
        <WebTestRunConfiguration testTypeId="4e7599fa-5ecb-43e9-a887-cd63cf72d207">
          <Browser name="Internet Explorer 7.0">
            <Headers>
              <Header name="User-Agent" value="Mozilla/4.0 (compatible; MSIE 7.0; Windows NT 5.1)" />
              <Header name="Accept" value="*/*" />
              <Header name="Accept-Language" value="{{$IEAcceptLanguage}}" />
              <Header name="Accept-Encoding" value="GZIP" />
            </Headers>
          </Browser>
        </WebTestRunConfiguration>
      </TestTypeSpecific>
      <AgentRule name="LocalMachineDefaultRole">
        <DataCollectors>
          <DataCollector uri="datacollector://microsoft/CodeCoverage/1.0" assemblyQualifiedName="Microsoft.VisualStudio.TestTools.CodeCoverage.CoveragePlugIn, Microsoft.VisualStudio.QualityTools.Plugins.CodeCoverage, Version=10.0.0.0, Culture=neutral, PublicKeyToken=b03f5f7f11d50a3a" friendlyName="Code Coverage" enabled="false">
            <Configuration>
              <CodeCoverage xmlns="">
                <Regular>
                  <CodeCoverageItem binaryFile="Riak.Client\bin\Debug\Riak.Client.dll" pdbFile="Riak.Client\bin\Debug\Riak.Client.pdb" instrumentInPlace="true" />
                </Regular>
              </CodeCoverage>
            </Configuration>
          </DataCollector>
        </DataCollectors>
      </AgentRule>
    </Execution>
  </TestSettings>
  <Times creation="2010-03-21T10:00:27.3206532-04:00" queuing="2010-03-21T10:00:32.0269224-04:00" start="2010-03-21T10:00:32.5889545-04:00" finish="2010-03-21T10:02:20.5801313-04:00" />
  <ResultSummary outcome="Completed">
    <Counters total="1" executed="1" passed="1" error="0" failed="0" timeout="0" aborted="0" inconclusive="0" passedButRunAborted="0" notRunnable="0" notExecuted="0" disconnected="0" warning="0" completed="0" inProgress="0" pending="0" />
  </ResultSummary>
  <TestDefinitions>
    <UnitTest name="LinkFollowing" storage="c:\projects\riak.client\riak.tests\bin\debug\riak.tests.dll" id="e59f5b3d-3a7c-4505-e293-67664a703224">
      <Execution id="596ad31a-b20a-4351-af2c-4f8df87636f0" />
      <TestMethod codeBase="c:/projects/Riak.Client/Riak.Tests/bin/Debug/Riak.Tests.DLL" adapterTypeName="Microsoft.VisualStudio.TestTools.TestTypes.Unit.UnitTestAdapter, Microsoft.VisualStudio.QualityTools.Tips.UnitTest.Adapter, Version=10.0.0.0, Culture=neutral, PublicKeyToken=b03f5f7f11d50a3a" className="Riak.Tests.LinkTests, Riak.Tests, Version=1.0.0.0, Culture=neutral, PublicKeyToken=null" name="LinkFollowing" />
    </UnitTest>
  </TestDefinitions>
  <TestLists>
    <TestList name="Results Not in a List" id="8c84fa94-04c1-424b-9868-57a2d4851a1d" />
    <TestList name="All Loaded Results" id="19431567-8539-422a-85d7-44ee4e166bda" />
  </TestLists>
  <TestEntries>
    <TestEntry testId="e59f5b3d-3a7c-4505-e293-67664a703224" executionId="596ad31a-b20a-4351-af2c-4f8df87636f0" testListId="8c84fa94-04c1-424b-9868-57a2d4851a1d" />
  </TestEntries>
  <Results>
    <UnitTestResult executionId="596ad31a-b20a-4351-af2c-4f8df87636f0" testId="e59f5b3d-3a7c-4505-e293-67664a703224" testName="LinkFollowing" computerName="HORVICKW7" duration="00:01:45.4957072" startTime="2010-03-21T10:00:32.8729708-04:00" endTime="2010-03-21T10:02:20.2181106-04:00" testType="13cdc9d9-ddb5-4fa4-a97d-d965ccfc6d4b" outcome="Passed" testListId="8c84fa94-04c1-424b-9868-57a2d4851a1d" relativeResultsDirectory="596ad31a-b20a-4351-af2c-4f8df87636f0">
      <Output>
        <DebugTrace>GET: http://192.168.137.50:8098/riak/Artist
GET: http://192.168.137.50:8098/riak/Artist/Miles%20Davis
X-Riak-Vclock: a85hYGBgzGDKBVIsrN+EFmcwJTLmsTJMXyh1lC8LAA==
DELETE: http://192.168.137.50:8098/riak/Artist/Miles%20Davis
GET: http://192.168.137.50:8098/riak/Artist/Miles%20Davis
PUT: http://192.168.137.50:8098/riak/Artist/Miles%20Davis
GET: http://192.168.137.50:8098/riak/Artist/Miles%20Davis
GET: http://192.168.137.50:8098/riak/Artist/Miles%20Davis
GET: http://192.168.137.50:8098/riak/Album
GET: http://192.168.137.50:8098/riak/Album/Kind%20of%20Blue
PUT: http://192.168.137.50:8098/riak/Album/Kind%20of%20Blue
GET: http://192.168.137.50:8098/riak/Album/Kind%20of%20Blue
GET: http://192.168.137.50:8098/riak/Album/Kind%20of%20Blue
GET: http://192.168.137.50:8098/riak/Album/Conception
PUT: http://192.168.137.50:8098/riak/Album/Conception
GET: http://192.168.137.50:8098/riak/Album/Conception
GET: http://192.168.137.50:8098/riak/Album/Conception
GET: http://192.168.137.50:8098/riak/Album/Blue
PUT: http://192.168.137.50:8098/riak/Album/Blue
GET: http://192.168.137.50:8098/riak/Album/Blue
GET: http://192.168.137.50:8098/riak/Album/Blue
GET: http://192.168.137.50:8098/riak/Album/Dig
PUT: http://192.168.137.50:8098/riak/Album/Dig
GET: http://192.168.137.50:8098/riak/Album/Dig
GET: http://192.168.137.50:8098/riak/Album/Dig
X-Riak-Vclock: a85hYGBgzGDKBVIsrL5REhlMiYx5rAzNi6SO8mUBAA==
Link: &lt;/riak/Album/Kind%20of%20Blue&gt;; riaktag="album", &lt;/riak/Album/Conception&gt;; riaktag="album", &lt;/riak/Album/Blue&gt;; riaktag="album", &lt;/riak/Album/Dig&gt;; riaktag="album"
PUT: http://192.168.137.50:8098/riak/Artist/Miles%20Davis
X-Riak-Vclock: a85hYGBgzGDKBVIsrL5REhlMiYx5rAyTF0kd5csCAA==
Link: &lt;/riak/Artist/Miles%20Davis&gt;; riaktag="artist"
PUT: http://192.168.137.50:8098/riak/Album/Kind%20of%20Blue
X-Riak-Vclock: a85hYGBgzGDKBVIsrL5REhlMiYx5rAyLFkkd5csCAA==
Link: &lt;/riak/Artist/Miles%20Davis&gt;; riaktag="artist"
PUT: http://192.168.137.50:8098/riak/Album/Conception
X-Riak-Vclock: a85hYGBgzGDKBVIsrL5REhlMiYx5rAyLFkkd5csCAA==
Link: &lt;/riak/Artist/Miles%20Davis&gt;; riaktag="artist"
PUT: http://192.168.137.50:8098/riak/Album/Blue
X-Riak-Vclock: a85hYGBgzGDKBVIsrL5REhlMiYx5rAybFkkd5csCAA==
Link: &lt;/riak/Artist/Miles%20Davis&gt;; riaktag="artist"
PUT: http://192.168.137.50:8098/riak/Album/Dig
GET: http://192.168.137.50:8098/riak/Artist/Miles%20Davis
</DebugTrace>
      </Output>
    </UnitTestResult>
  </Results>
</TestRun>