<?xml version="1.0" encoding="UTF-8"?>
<TestRun id="597440f3-699e-4216-b36f-114e2f648ed0" name="Robert@HORVICKW7 2010-03-19 20:32:02" runUser="HORVICKW7\Robert" xmlns="http://microsoft.com/schemas/VisualStudio/TeamTest/2010">
  <TestSettings name="Local" id="cccf0ead-bb7b-4fa6-80c8-b697078887da">
    <Description>These are default test settings for a local test run.</Description>
    <Deployment userDeploymentRoot="c:\projects\Riak.Client\TestResults" useDefaultDeploymentRoot="false" runDeploymentRoot="Robert_HORVICKW7 2010-03-19 20_32_02" />
    <Execution>
      <TestTypeSpecific>
        <UnitTestRunConfig testTypeId="13cdc9d9-ddb5-4fa4-a97d-d965ccfc6d4b">
          <AssemblyResolution>
            <TestDirectory useLoadContext="true" />
          </AssemblyResolution>
        </UnitTestRunConfig>
        <WebTestRunConfiguration testTypeId="4e7599fa-5ecb-43e9-a887-cd63cf72d207">
          <Browser name="Internet Explorer 7.0">
            <Headers>
              <Header name="User-Agent" value="Mozilla/4.0 (compatible; MSIE 7.0; Windows NT 5.1)" />
              <Header name="Accept" value="*/*" />
              <Header name="Accept-Language" value="{{$IEAcceptLanguage}}" />
              <Header name="Accept-Encoding" value="GZIP" />
            </Headers>
          </Browser>
        </WebTestRunConfiguration>
      </TestTypeSpecific>
      <AgentRule name="LocalMachineDefaultRole">
        <DataCollectors>
          <DataCollector uri="datacollector://microsoft/CodeCoverage/1.0" assemblyQualifiedName="Microsoft.VisualStudio.TestTools.CodeCoverage.CoveragePlugIn, Microsoft.VisualStudio.QualityTools.Plugins.CodeCoverage, Version=10.0.0.0, Culture=neutral, PublicKeyToken=b03f5f7f11d50a3a" friendlyName="Code Coverage" enabled="false">
            <Configuration>
              <CodeCoverage xmlns="">
                <Regular>
                  <CodeCoverageItem binaryFile="Riak.Client\bin\Debug\Riak.Client.dll" pdbFile="Riak.Client\bin\Debug\Riak.Client.pdb" instrumentInPlace="true" />
                </Regular>
              </CodeCoverage>
            </Configuration>
          </DataCollector>
        </DataCollectors>
      </AgentRule>
    </Execution>
  </TestSettings>
  <Times creation="2010-03-19T20:32:02.2035219-04:00" queuing="2010-03-19T20:32:02.9565649-04:00" start="2010-03-19T20:32:03.1425756-04:00" finish="2010-03-19T20:32:08.0338553-04:00" />
  <ResultSummary outcome="Completed">
    <Counters total="10" executed="10" passed="10" error="0" failed="0" timeout="0" aborted="0" inconclusive="0" passedButRunAborted="0" notRunnable="0" notExecuted="0" disconnected="0" warning="0" completed="0" inProgress="0" pending="0" />
  </ResultSummary>
  <TestDefinitions>
    <UnitTest name="SaveABinaryKeyValue" storage="c:\projects\riak.client\riak.tests\bin\debug\riak.tests.dll" id="4ad0d6cc-b6bb-6b71-fab7-7bd0c1927a9f">
      <Execution id="baf6c88e-e968-4051-b48b-7b6552331fa0" />
      <TestMethod codeBase="c:/projects/Riak.Client/Riak.Tests/bin/Debug/Riak.Tests.DLL" adapterTypeName="Microsoft.VisualStudio.TestTools.TestTypes.Unit.UnitTestAdapter, Microsoft.VisualStudio.QualityTools.Tips.UnitTest.Adapter, Version=10.0.0.0, Culture=neutral, PublicKeyToken=b03f5f7f11d50a3a" className="Riak.Tests.BucketTests, Riak.Tests, Version=1.0.0.0, Culture=neutral, PublicKeyToken=null" name="SaveABinaryKeyValue" />
    </UnitTest>
    <UnitTest name="LinkWithRelationalUri" storage="c:\projects\riak.client\riak.tests\bin\debug\riak.tests.dll" id="30d12b1b-aa49-8c08-bd4a-866243aceb48">
      <Execution id="c2c53918-8a0e-4757-bd6f-470608fe82d9" />
      <TestMethod codeBase="c:/projects/Riak.Client/Riak.Tests/bin/Debug/Riak.Tests.DLL" adapterTypeName="Microsoft.VisualStudio.TestTools.TestTypes.Unit.UnitTestAdapter, Microsoft.VisualStudio.QualityTools.Tips.UnitTest.Adapter, Version=10.0.0.0, Culture=neutral, PublicKeyToken=b03f5f7f11d50a3a" className="Riak.Tests.LinkTests, Riak.Tests, Version=1.0.0.0, Culture=neutral, PublicKeyToken=null" name="LinkWithRelationalUri" />
    </UnitTest>
    <UnitTest name="LinkWithMultipleParameters" storage="c:\projects\riak.client\riak.tests\bin\debug\riak.tests.dll" id="d79ef6f9-4e22-e7f6-a37e-b0e7a8cab61d">
      <Execution id="1ca411a3-526f-4663-8dbe-d2993d0947cd" />
      <TestMethod codeBase="c:/projects/Riak.Client/Riak.Tests/bin/Debug/Riak.Tests.DLL" adapterTypeName="Microsoft.VisualStudio.TestTools.TestTypes.Unit.UnitTestAdapter, Microsoft.VisualStudio.QualityTools.Tips.UnitTest.Adapter, Version=10.0.0.0, Culture=neutral, PublicKeyToken=b03f5f7f11d50a3a" className="Riak.Tests.LinkTests, Riak.Tests, Version=1.0.0.0, Culture=neutral, PublicKeyToken=null" name="LinkWithMultipleParameters" />
    </UnitTest>
    <UnitTest name="SaveAStringKeyValue" storage="c:\projects\riak.client\riak.tests\bin\debug\riak.tests.dll" id="58939138-4342-8e72-2f65-c6ec6d5362d3">
      <Execution id="e63c89b1-78a1-44b8-a7b4-a2b701c43808" />
      <TestMethod codeBase="c:/projects/Riak.Client/Riak.Tests/bin/Debug/Riak.Tests.DLL" adapterTypeName="Microsoft.VisualStudio.TestTools.TestTypes.Unit.UnitTestAdapter, Microsoft.VisualStudio.QualityTools.Tips.UnitTest.Adapter, Version=10.0.0.0, Culture=neutral, PublicKeyToken=b03f5f7f11d50a3a" className="Riak.Tests.BucketTests, Riak.Tests, Version=1.0.0.0, Culture=neutral, PublicKeyToken=null" name="SaveAStringKeyValue" />
    </UnitTest>
    <UnitTest name="ConflictOnAllowMultiBucket" storage="c:\projects\riak.client\riak.tests\bin\debug\riak.tests.dll" id="beae7429-a6a2-4b8b-91b8-2242ec45c77a">
      <Execution id="caf55719-6c86-4ae0-acd7-1bb4ee426650" />
      <TestMethod codeBase="c:/projects/Riak.Client/Riak.Tests/bin/Debug/Riak.Tests.DLL" adapterTypeName="Microsoft.VisualStudio.TestTools.TestTypes.Unit.UnitTestAdapter, Microsoft.VisualStudio.QualityTools.Tips.UnitTest.Adapter, Version=10.0.0.0, Culture=neutral, PublicKeyToken=b03f5f7f11d50a3a" className="Riak.Tests.BucketTests, Riak.Tests, Version=1.0.0.0, Culture=neutral, PublicKeyToken=null" name="ConflictOnAllowMultiBucket" />
    </UnitTest>
    <UnitTest name="ConflictOnNonMultiBucket" storage="c:\projects\riak.client\riak.tests\bin\debug\riak.tests.dll" id="06a22416-08af-c0dc-b70f-5cec4761aa09">
      <Execution id="106601c5-57d7-4eb8-ae03-b8b50687c374" />
      <TestMethod codeBase="c:/projects/Riak.Client/Riak.Tests/bin/Debug/Riak.Tests.DLL" adapterTypeName="Microsoft.VisualStudio.TestTools.TestTypes.Unit.UnitTestAdapter, Microsoft.VisualStudio.QualityTools.Tips.UnitTest.Adapter, Version=10.0.0.0, Culture=neutral, PublicKeyToken=b03f5f7f11d50a3a" className="Riak.Tests.BucketTests, Riak.Tests, Version=1.0.0.0, Culture=neutral, PublicKeyToken=null" name="ConflictOnNonMultiBucket" />
    </UnitTest>
    <UnitTest name="DeleteExistingKeys" storage="c:\projects\riak.client\riak.tests\bin\debug\riak.tests.dll" id="ecb7a2ec-95c2-bcd4-9208-598a9a8227f1">
      <Execution id="ca636755-8965-4d89-804a-63ebdfb35e66" />
      <TestMethod codeBase="c:/projects/Riak.Client/Riak.Tests/bin/Debug/Riak.Tests.DLL" adapterTypeName="Microsoft.VisualStudio.TestTools.TestTypes.Unit.UnitTestAdapter, Microsoft.VisualStudio.QualityTools.Tips.UnitTest.Adapter, Version=10.0.0.0, Culture=neutral, PublicKeyToken=b03f5f7f11d50a3a" className="Riak.Tests.BucketTests, Riak.Tests, Version=1.0.0.0, Culture=neutral, PublicKeyToken=null" name="DeleteExistingKeys" />
    </UnitTest>
    <UnitTest name="DeleteMissingKeys" storage="c:\projects\riak.client\riak.tests\bin\debug\riak.tests.dll" id="8adbc453-a093-0889-b145-79d2f69be902">
      <Execution id="94dbf0a7-c853-4b92-8e5d-463030d11e93" />
      <TestMethod codeBase="c:/projects/Riak.Client/Riak.Tests/bin/Debug/Riak.Tests.DLL" adapterTypeName="Microsoft.VisualStudio.TestTools.TestTypes.Unit.UnitTestAdapter, Microsoft.VisualStudio.QualityTools.Tips.UnitTest.Adapter, Version=10.0.0.0, Culture=neutral, PublicKeyToken=b03f5f7f11d50a3a" className="Riak.Tests.BucketTests, Riak.Tests, Version=1.0.0.0, Culture=neutral, PublicKeyToken=null" name="DeleteMissingKeys" />
    </UnitTest>
    <UnitTest name="SettingAllowMultiPersistsCorrectly" storage="c:\projects\riak.client\riak.tests\bin\debug\riak.tests.dll" id="33d4d279-34bd-6d5a-280e-4b82973def51">
      <Execution id="7b7f1f0b-e37a-4e7c-a7ce-78e70f83b9f4" />
      <TestMethod codeBase="c:/projects/Riak.Client/Riak.Tests/bin/Debug/Riak.Tests.DLL" adapterTypeName="Microsoft.VisualStudio.TestTools.TestTypes.Unit.UnitTestAdapter, Microsoft.VisualStudio.QualityTools.Tips.UnitTest.Adapter, Version=10.0.0.0, Culture=neutral, PublicKeyToken=b03f5f7f11d50a3a" className="Riak.Tests.BucketTests, Riak.Tests, Version=1.0.0.0, Culture=neutral, PublicKeyToken=null" name="SettingAllowMultiPersistsCorrectly" />
    </UnitTest>
    <UnitTest name="GetAllSiblingsOnConflict" storage="c:\projects\riak.client\riak.tests\bin\debug\riak.tests.dll" id="7a71b779-6444-5633-f109-dc2d069ca31b">
      <Execution id="b54f466d-c201-410e-ba50-8482d4ce34dc" />
      <TestMethod codeBase="c:/projects/Riak.Client/Riak.Tests/bin/Debug/Riak.Tests.DLL" adapterTypeName="Microsoft.VisualStudio.TestTools.TestTypes.Unit.UnitTestAdapter, Microsoft.VisualStudio.QualityTools.Tips.UnitTest.Adapter, Version=10.0.0.0, Culture=neutral, PublicKeyToken=b03f5f7f11d50a3a" className="Riak.Tests.BucketTests, Riak.Tests, Version=1.0.0.0, Culture=neutral, PublicKeyToken=null" name="GetAllSiblingsOnConflict" />
    </UnitTest>
  </TestDefinitions>
  <TestLists>
    <TestList name="Results Not in a List" id="8c84fa94-04c1-424b-9868-57a2d4851a1d" />
    <TestList name="All Loaded Results" id="19431567-8539-422a-85d7-44ee4e166bda" />
  </TestLists>
  <TestEntries>
    <TestEntry testId="58939138-4342-8e72-2f65-c6ec6d5362d3" executionId="e63c89b1-78a1-44b8-a7b4-a2b701c43808" testListId="8c84fa94-04c1-424b-9868-57a2d4851a1d" />
    <TestEntry testId="4ad0d6cc-b6bb-6b71-fab7-7bd0c1927a9f" executionId="baf6c88e-e968-4051-b48b-7b6552331fa0" testListId="8c84fa94-04c1-424b-9868-57a2d4851a1d" />
    <TestEntry testId="ecb7a2ec-95c2-bcd4-9208-598a9a8227f1" executionId="ca636755-8965-4d89-804a-63ebdfb35e66" testListId="8c84fa94-04c1-424b-9868-57a2d4851a1d" />
    <TestEntry testId="8adbc453-a093-0889-b145-79d2f69be902" executionId="94dbf0a7-c853-4b92-8e5d-463030d11e93" testListId="8c84fa94-04c1-424b-9868-57a2d4851a1d" />
    <TestEntry testId="06a22416-08af-c0dc-b70f-5cec4761aa09" executionId="106601c5-57d7-4eb8-ae03-b8b50687c374" testListId="8c84fa94-04c1-424b-9868-57a2d4851a1d" />
    <TestEntry testId="33d4d279-34bd-6d5a-280e-4b82973def51" executionId="7b7f1f0b-e37a-4e7c-a7ce-78e70f83b9f4" testListId="8c84fa94-04c1-424b-9868-57a2d4851a1d" />
    <TestEntry testId="beae7429-a6a2-4b8b-91b8-2242ec45c77a" executionId="caf55719-6c86-4ae0-acd7-1bb4ee426650" testListId="8c84fa94-04c1-424b-9868-57a2d4851a1d" />
    <TestEntry testId="7a71b779-6444-5633-f109-dc2d069ca31b" executionId="b54f466d-c201-410e-ba50-8482d4ce34dc" testListId="8c84fa94-04c1-424b-9868-57a2d4851a1d" />
    <TestEntry testId="30d12b1b-aa49-8c08-bd4a-866243aceb48" executionId="c2c53918-8a0e-4757-bd6f-470608fe82d9" testListId="8c84fa94-04c1-424b-9868-57a2d4851a1d" />
    <TestEntry testId="d79ef6f9-4e22-e7f6-a37e-b0e7a8cab61d" executionId="1ca411a3-526f-4663-8dbe-d2993d0947cd" testListId="8c84fa94-04c1-424b-9868-57a2d4851a1d" />
  </TestEntries>
  <Results>
    <UnitTestResult executionId="e63c89b1-78a1-44b8-a7b4-a2b701c43808" testId="58939138-4342-8e72-2f65-c6ec6d5362d3" testName="SaveAStringKeyValue" computerName="HORVICKW7" duration="00:00:00.5214788" startTime="2010-03-19T20:32:03.2255803-04:00" endTime="2010-03-19T20:32:04.5976588-04:00" testType="13cdc9d9-ddb5-4fa4-a97d-d965ccfc6d4b" outcome="Passed" testListId="8c84fa94-04c1-424b-9868-57a2d4851a1d" relativeResultsDirectory="e63c89b1-78a1-44b8-a7b4-a2b701c43808">
    </UnitTestResult>
    <UnitTestResult executionId="baf6c88e-e968-4051-b48b-7b6552331fa0" testId="4ad0d6cc-b6bb-6b71-fab7-7bd0c1927a9f" testName="SaveABinaryKeyValue" computerName="HORVICKW7" duration="00:00:00.2186275" startTime="2010-03-19T20:32:04.6186600-04:00" endTime="2010-03-19T20:32:04.8456730-04:00" testType="13cdc9d9-ddb5-4fa4-a97d-d965ccfc6d4b" outcome="Passed" testListId="8c84fa94-04c1-424b-9868-57a2d4851a1d" relativeResultsDirectory="baf6c88e-e968-4051-b48b-7b6552331fa0">
    </UnitTestResult>
    <UnitTestResult executionId="ca636755-8965-4d89-804a-63ebdfb35e66" testId="ecb7a2ec-95c2-bcd4-9208-598a9a8227f1" testName="DeleteExistingKeys" computerName="HORVICKW7" duration="00:00:00.5708390" startTime="2010-03-19T20:32:04.8686743-04:00" endTime="2010-03-19T20:32:05.4527077-04:00" testType="13cdc9d9-ddb5-4fa4-a97d-d965ccfc6d4b" outcome="Passed" testListId="8c84fa94-04c1-424b-9868-57a2d4851a1d" relativeResultsDirectory="ca636755-8965-4d89-804a-63ebdfb35e66">
    </UnitTestResult>
    <UnitTestResult executionId="94dbf0a7-c853-4b92-8e5d-463030d11e93" testId="8adbc453-a093-0889-b145-79d2f69be902" testName="DeleteMissingKeys" computerName="HORVICKW7" duration="00:00:00.7339008" startTime="2010-03-19T20:32:05.4587080-04:00" endTime="2010-03-19T20:32:06.2057508-04:00" testType="13cdc9d9-ddb5-4fa4-a97d-d965ccfc6d4b" outcome="Passed" testListId="8c84fa94-04c1-424b-9868-57a2d4851a1d" relativeResultsDirectory="94dbf0a7-c853-4b92-8e5d-463030d11e93">
    </UnitTestResult>
    <UnitTestResult executionId="106601c5-57d7-4eb8-ae03-b8b50687c374" testId="06a22416-08af-c0dc-b70f-5cec4761aa09" testName="ConflictOnNonMultiBucket" computerName="HORVICKW7" duration="00:00:00.2843665" startTime="2010-03-19T20:32:06.2297521-04:00" endTime="2010-03-19T20:32:06.5227689-04:00" testType="13cdc9d9-ddb5-4fa4-a97d-d965ccfc6d4b" outcome="Passed" testListId="8c84fa94-04c1-424b-9868-57a2d4851a1d" relativeResultsDirectory="106601c5-57d7-4eb8-ae03-b8b50687c374">
    </UnitTestResult>
    <UnitTestResult executionId="7b7f1f0b-e37a-4e7c-a7ce-78e70f83b9f4" testId="33d4d279-34bd-6d5a-280e-4b82973def51" testName="SettingAllowMultiPersistsCorrectly" computerName="HORVICKW7" duration="00:00:00.7177127" startTime="2010-03-19T20:32:06.5317694-04:00" endTime="2010-03-19T20:32:07.2588110-04:00" testType="13cdc9d9-ddb5-4fa4-a97d-d965ccfc6d4b" outcome="Passed" testListId="8c84fa94-04c1-424b-9868-57a2d4851a1d" relativeResultsDirectory="7b7f1f0b-e37a-4e7c-a7ce-78e70f83b9f4">
    </UnitTestResult>
    <UnitTestResult executionId="caf55719-6c86-4ae0-acd7-1bb4ee426650" testId="beae7429-a6a2-4b8b-91b8-2242ec45c77a" testName="ConflictOnAllowMultiBucket" computerName="HORVICKW7" duration="00:00:00.2942147" startTime="2010-03-19T20:32:07.2648113-04:00" endTime="2010-03-19T20:32:07.5728290-04:00" testType="13cdc9d9-ddb5-4fa4-a97d-d965ccfc6d4b" outcome="Passed" testListId="8c84fa94-04c1-424b-9868-57a2d4851a1d" relativeResultsDirectory="caf55719-6c86-4ae0-acd7-1bb4ee426650">
    </UnitTestResult>
    <UnitTestResult executionId="b54f466d-c201-410e-ba50-8482d4ce34dc" testId="7a71b779-6444-5633-f109-dc2d069ca31b" testName="GetAllSiblingsOnConflict" computerName="HORVICKW7" duration="00:00:00.2803517" startTime="2010-03-19T20:32:07.5838296-04:00" endTime="2010-03-19T20:32:07.8728461-04:00" testType="13cdc9d9-ddb5-4fa4-a97d-d965ccfc6d4b" outcome="Passed" testListId="8c84fa94-04c1-424b-9868-57a2d4851a1d" relativeResultsDirectory="b54f466d-c201-410e-ba50-8482d4ce34dc">
    </UnitTestResult>
    <UnitTestResult executionId="c2c53918-8a0e-4757-bd6f-470608fe82d9" testId="30d12b1b-aa49-8c08-bd4a-866243aceb48" testName="LinkWithRelationalUri" computerName="HORVICKW7" duration="00:00:00.0162271" startTime="2010-03-19T20:32:07.8788465-04:00" endTime="2010-03-19T20:32:07.9038479-04:00" testType="13cdc9d9-ddb5-4fa4-a97d-d965ccfc6d4b" outcome="Passed" testListId="8c84fa94-04c1-424b-9868-57a2d4851a1d" relativeResultsDirectory="c2c53918-8a0e-4757-bd6f-470608fe82d9">
    </UnitTestResult>
    <UnitTestResult executionId="1ca411a3-526f-4663-8dbe-d2993d0947cd" testId="d79ef6f9-4e22-e7f6-a37e-b0e7a8cab61d" testName="LinkWithMultipleParameters" computerName="HORVICKW7" duration="00:00:00.0008936" startTime="2010-03-19T20:32:07.9138485-04:00" endTime="2010-03-19T20:32:07.9248491-04:00" testType="13cdc9d9-ddb5-4fa4-a97d-d965ccfc6d4b" outcome="Passed" testListId="8c84fa94-04c1-424b-9868-57a2d4851a1d" relativeResultsDirectory="1ca411a3-526f-4663-8dbe-d2993d0947cd">
    </UnitTestResult>
  </Results>
</TestRun>