<?xml version="1.0" encoding="UTF-8"?>
<TestRun id="8a993759-7707-436d-9b0c-089112195a31" name="Robert@HORVICKW7 2010-03-20 18:36:23" runUser="HORVICKW7\Robert" xmlns="http://microsoft.com/schemas/VisualStudio/TeamTest/2010">
  <TestSettings name="Local" id="cccf0ead-bb7b-4fa6-80c8-b697078887da">
    <Description>These are default test settings for a local test run.</Description>
    <Deployment userDeploymentRoot="c:\projects\Riak.Client\TestResults" useDefaultDeploymentRoot="false" runDeploymentRoot="Robert_HORVICKW7 2010-03-20 18_36_23" />
    <Execution>
      <TestTypeSpecific>
        <UnitTestRunConfig testTypeId="13cdc9d9-ddb5-4fa4-a97d-d965ccfc6d4b">
          <AssemblyResolution>
            <TestDirectory useLoadContext="true" />
          </AssemblyResolution>
        </UnitTestRunConfig>
        <WebTestRunConfiguration testTypeId="4e7599fa-5ecb-43e9-a887-cd63cf72d207">
          <Browser name="Internet Explorer 7.0">
            <Headers>
              <Header name="User-Agent" value="Mozilla/4.0 (compatible; MSIE 7.0; Windows NT 5.1)" />
              <Header name="Accept" value="*/*" />
              <Header name="Accept-Language" value="{{$IEAcceptLanguage}}" />
              <Header name="Accept-Encoding" value="GZIP" />
            </Headers>
          </Browser>
        </WebTestRunConfiguration>
      </TestTypeSpecific>
      <AgentRule name="LocalMachineDefaultRole">
        <DataCollectors>
          <DataCollector uri="datacollector://microsoft/CodeCoverage/1.0" assemblyQualifiedName="Microsoft.VisualStudio.TestTools.CodeCoverage.CoveragePlugIn, Microsoft.VisualStudio.QualityTools.Plugins.CodeCoverage, Version=10.0.0.0, Culture=neutral, PublicKeyToken=b03f5f7f11d50a3a" friendlyName="Code Coverage">
            <Configuration>
              <CodeCoverage xmlns="">
                <Regular>
                  <CodeCoverageItem binaryFile="c:\projects\Riak.Client\Riak.Client\bin\Debug\Riak.Client.dll" pdbFile="c:\projects\Riak.Client\Riak.Client\bin\Debug\Riak.Client.instr.pdb" instrumentInPlace="true" />
                </Regular>
              </CodeCoverage>
            </Configuration>
          </DataCollector>
        </DataCollectors>
      </AgentRule>
    </Execution>
  </TestSettings>
  <Times creation="2010-03-20T18:36:23.2534339-04:00" queuing="2010-03-20T18:36:26.5776241-04:00" start="2010-03-20T18:36:26.7736353-04:00" finish="2010-03-20T18:36:39.8373825-04:00" />
  <ResultSummary outcome="Failed">
    <Counters total="17" executed="17" passed="11" error="0" failed="6" timeout="0" aborted="0" inconclusive="0" passedButRunAborted="0" notRunnable="0" notExecuted="0" disconnected="0" warning="0" completed="0" inProgress="0" pending="0" />
    <ResultFiles>
      <ResultFile path="HORVICKW7\data.coverage" />
    </ResultFiles>
  </ResultSummary>
  <TestDefinitions>
    <UnitTest name="LinkWithMultipleParameters" storage="c:\projects\riak.client\riak.tests\bin\debug\riak.tests.dll" id="d79ef6f9-4e22-e7f6-a37e-b0e7a8cab61d">
      <Execution id="253e4bd6-f2d3-49c5-ab3d-84576d48f553" />
      <TestMethod codeBase="c:/projects/Riak.Client/Riak.Tests/bin/Debug/Riak.Tests.DLL" adapterTypeName="Microsoft.VisualStudio.TestTools.TestTypes.Unit.UnitTestAdapter, Microsoft.VisualStudio.QualityTools.Tips.UnitTest.Adapter, Version=10.0.0.0, Culture=neutral, PublicKeyToken=b03f5f7f11d50a3a" className="Riak.Tests.LinkTests, Riak.Tests, Version=1.0.0.0, Culture=neutral, PublicKeyToken=null" name="LinkWithMultipleParameters" />
    </UnitTest>
    <UnitTest name="SettingAllowMultiPersistsCorrectly" storage="c:\projects\riak.client\riak.tests\bin\debug\riak.tests.dll" id="33d4d279-34bd-6d5a-280e-4b82973def51">
      <Execution id="7a1d11cb-5af7-4e9f-b489-5611430451bd" />
      <TestMethod codeBase="c:/projects/Riak.Client/Riak.Tests/bin/Debug/Riak.Tests.DLL" adapterTypeName="Microsoft.VisualStudio.TestTools.TestTypes.Unit.UnitTestAdapter, Microsoft.VisualStudio.QualityTools.Tips.UnitTest.Adapter, Version=10.0.0.0, Culture=neutral, PublicKeyToken=b03f5f7f11d50a3a" className="Riak.Tests.BucketTests, Riak.Tests, Version=1.0.0.0, Culture=neutral, PublicKeyToken=null" name="SettingAllowMultiPersistsCorrectly" />
    </UnitTest>
    <UnitTest name="LinkCollectionOperationalTests" storage="c:\projects\riak.client\riak.tests\bin\debug\riak.tests.dll" id="80c6668e-527f-7ce0-c7fa-d368165124a1">
      <Execution id="c88fda7a-e497-4e3d-b58e-47f88d18ceee" />
      <TestMethod codeBase="c:/projects/Riak.Client/Riak.Tests/bin/Debug/Riak.Tests.DLL" adapterTypeName="Microsoft.VisualStudio.TestTools.TestTypes.Unit.UnitTestAdapter, Microsoft.VisualStudio.QualityTools.Tips.UnitTest.Adapter, Version=10.0.0.0, Culture=neutral, PublicKeyToken=b03f5f7f11d50a3a" className="Riak.Tests.LinkTests, Riak.Tests, Version=1.0.0.0, Culture=neutral, PublicKeyToken=null" name="LinkCollectionOperationalTests" />
    </UnitTest>
    <UnitTest name="GetAllSiblingsOnConflict" storage="c:\projects\riak.client\riak.tests\bin\debug\riak.tests.dll" id="7a71b779-6444-5633-f109-dc2d069ca31b">
      <Execution id="57f8ed4b-9ecf-4d9c-b590-17308d8c4575" />
      <TestMethod codeBase="c:/projects/Riak.Client/Riak.Tests/bin/Debug/Riak.Tests.DLL" adapterTypeName="Microsoft.VisualStudio.TestTools.TestTypes.Unit.UnitTestAdapter, Microsoft.VisualStudio.QualityTools.Tips.UnitTest.Adapter, Version=10.0.0.0, Culture=neutral, PublicKeyToken=b03f5f7f11d50a3a" className="Riak.Tests.BucketTests, Riak.Tests, Version=1.0.0.0, Culture=neutral, PublicKeyToken=null" name="GetAllSiblingsOnConflict" />
    </UnitTest>
    <UnitTest name="SaveAStringKeyValue" storage="c:\projects\riak.client\riak.tests\bin\debug\riak.tests.dll" id="58939138-4342-8e72-2f65-c6ec6d5362d3">
      <Execution id="04b21373-58ba-4455-9593-88d730c1abbb" />
      <TestMethod codeBase="c:/projects/Riak.Client/Riak.Tests/bin/Debug/Riak.Tests.DLL" adapterTypeName="Microsoft.VisualStudio.TestTools.TestTypes.Unit.UnitTestAdapter, Microsoft.VisualStudio.QualityTools.Tips.UnitTest.Adapter, Version=10.0.0.0, Culture=neutral, PublicKeyToken=b03f5f7f11d50a3a" className="Riak.Tests.BucketTests, Riak.Tests, Version=1.0.0.0, Culture=neutral, PublicKeyToken=null" name="SaveAStringKeyValue" />
    </UnitTest>
    <UnitTest name="LinkOddlyFormedIsParsedAndNormalized" storage="c:\projects\riak.client\riak.tests\bin\debug\riak.tests.dll" id="86d01318-0230-9e62-826b-6c3385d23407">
      <Execution id="b379e9b0-a0f3-431b-a6dc-5ec0e67f7bdb" />
      <TestMethod codeBase="c:/projects/Riak.Client/Riak.Tests/bin/Debug/Riak.Tests.DLL" adapterTypeName="Microsoft.VisualStudio.TestTools.TestTypes.Unit.UnitTestAdapter, Microsoft.VisualStudio.QualityTools.Tips.UnitTest.Adapter, Version=10.0.0.0, Culture=neutral, PublicKeyToken=b03f5f7f11d50a3a" className="Riak.Tests.LinkTests, Riak.Tests, Version=1.0.0.0, Culture=neutral, PublicKeyToken=null" name="LinkOddlyFormedIsParsedAndNormalized" />
    </UnitTest>
    <UnitTest name="SaveABinaryKeyValue" storage="c:\projects\riak.client\riak.tests\bin\debug\riak.tests.dll" id="4ad0d6cc-b6bb-6b71-fab7-7bd0c1927a9f">
      <Execution id="cfbdac3d-2e42-4b5e-8899-4a78eac5c744" />
      <TestMethod codeBase="c:/projects/Riak.Client/Riak.Tests/bin/Debug/Riak.Tests.DLL" adapterTypeName="Microsoft.VisualStudio.TestTools.TestTypes.Unit.UnitTestAdapter, Microsoft.VisualStudio.QualityTools.Tips.UnitTest.Adapter, Version=10.0.0.0, Culture=neutral, PublicKeyToken=b03f5f7f11d50a3a" className="Riak.Tests.BucketTests, Riak.Tests, Version=1.0.0.0, Culture=neutral, PublicKeyToken=null" name="SaveABinaryKeyValue" />
    </UnitTest>
    <UnitTest name="LinkWithRelationalUri" storage="c:\projects\riak.client\riak.tests\bin\debug\riak.tests.dll" id="30d12b1b-aa49-8c08-bd4a-866243aceb48">
      <Execution id="b047f2c0-2d99-4e2a-af4a-4f6a33302e81" />
      <TestMethod codeBase="c:/projects/Riak.Client/Riak.Tests/bin/Debug/Riak.Tests.DLL" adapterTypeName="Microsoft.VisualStudio.TestTools.TestTypes.Unit.UnitTestAdapter, Microsoft.VisualStudio.QualityTools.Tips.UnitTest.Adapter, Version=10.0.0.0, Culture=neutral, PublicKeyToken=b03f5f7f11d50a3a" className="Riak.Tests.LinkTests, Riak.Tests, Version=1.0.0.0, Culture=neutral, PublicKeyToken=null" name="LinkWithRelationalUri" />
    </UnitTest>
    <UnitTest name="ConflictOnAllowMultiBucket" storage="c:\projects\riak.client\riak.tests\bin\debug\riak.tests.dll" id="beae7429-a6a2-4b8b-91b8-2242ec45c77a">
      <Execution id="1d1bebd8-7162-4497-81b3-f55108ea9bc7" />
      <TestMethod codeBase="c:/projects/Riak.Client/Riak.Tests/bin/Debug/Riak.Tests.DLL" adapterTypeName="Microsoft.VisualStudio.TestTools.TestTypes.Unit.UnitTestAdapter, Microsoft.VisualStudio.QualityTools.Tips.UnitTest.Adapter, Version=10.0.0.0, Culture=neutral, PublicKeyToken=b03f5f7f11d50a3a" className="Riak.Tests.BucketTests, Riak.Tests, Version=1.0.0.0, Culture=neutral, PublicKeyToken=null" name="ConflictOnAllowMultiBucket" />
    </UnitTest>
    <UnitTest name="LinkRoundTripping" storage="c:\projects\riak.client\riak.tests\bin\debug\riak.tests.dll" id="8bc468f8-eee0-673a-92b7-930506440e84">
      <Execution id="df368a26-14e5-4f61-bd2a-d89e8b8d3e44" />
      <TestMethod codeBase="c:/projects/Riak.Client/Riak.Tests/bin/Debug/Riak.Tests.DLL" adapterTypeName="Microsoft.VisualStudio.TestTools.TestTypes.Unit.UnitTestAdapter, Microsoft.VisualStudio.QualityTools.Tips.UnitTest.Adapter, Version=10.0.0.0, Culture=neutral, PublicKeyToken=b03f5f7f11d50a3a" className="Riak.Tests.LinkTests, Riak.Tests, Version=1.0.0.0, Culture=neutral, PublicKeyToken=null" name="LinkRoundTripping" />
    </UnitTest>
    <UnitTest name="LinkWithUnknownParameters" storage="c:\projects\riak.client\riak.tests\bin\debug\riak.tests.dll" id="d9c44692-30b5-c679-747b-7d385a54ef67">
      <Execution id="3b4b61f0-9a25-4aff-8f25-3d88f5c5bfc8" />
      <TestMethod codeBase="c:/projects/Riak.Client/Riak.Tests/bin/Debug/Riak.Tests.DLL" adapterTypeName="Microsoft.VisualStudio.TestTools.TestTypes.Unit.UnitTestAdapter, Microsoft.VisualStudio.QualityTools.Tips.UnitTest.Adapter, Version=10.0.0.0, Culture=neutral, PublicKeyToken=b03f5f7f11d50a3a" className="Riak.Tests.LinkTests, Riak.Tests, Version=1.0.0.0, Culture=neutral, PublicKeyToken=null" name="LinkWithUnknownParameters" />
    </UnitTest>
    <UnitTest name="LinkFollowing" storage="c:\projects\riak.client\riak.tests\bin\debug\riak.tests.dll" id="e59f5b3d-3a7c-4505-e293-67664a703224">
      <Execution id="113adebd-7a47-49d5-944f-b443c3da8ed0" />
      <TestMethod codeBase="c:/projects/Riak.Client/Riak.Tests/bin/Debug/Riak.Tests.DLL" adapterTypeName="Microsoft.VisualStudio.TestTools.TestTypes.Unit.UnitTestAdapter, Microsoft.VisualStudio.QualityTools.Tips.UnitTest.Adapter, Version=10.0.0.0, Culture=neutral, PublicKeyToken=b03f5f7f11d50a3a" className="Riak.Tests.LinkTests, Riak.Tests, Version=1.0.0.0, Culture=neutral, PublicKeyToken=null" name="LinkFollowing" />
    </UnitTest>
    <UnitTest name="DeleteMissingKeys" storage="c:\projects\riak.client\riak.tests\bin\debug\riak.tests.dll" id="8adbc453-a093-0889-b145-79d2f69be902">
      <Execution id="cab34fc3-176d-416d-81e4-9bf4d89ac395" />
      <TestMethod codeBase="c:/projects/Riak.Client/Riak.Tests/bin/Debug/Riak.Tests.DLL" adapterTypeName="Microsoft.VisualStudio.TestTools.TestTypes.Unit.UnitTestAdapter, Microsoft.VisualStudio.QualityTools.Tips.UnitTest.Adapter, Version=10.0.0.0, Culture=neutral, PublicKeyToken=b03f5f7f11d50a3a" className="Riak.Tests.BucketTests, Riak.Tests, Version=1.0.0.0, Culture=neutral, PublicKeyToken=null" name="DeleteMissingKeys" />
    </UnitTest>
    <UnitTest name="DeleteExistingKeys" storage="c:\projects\riak.client\riak.tests\bin\debug\riak.tests.dll" id="ecb7a2ec-95c2-bcd4-9208-598a9a8227f1">
      <Execution id="39c9c111-b1ea-4dc5-9e62-dc6b806c6ee2" />
      <TestMethod codeBase="c:/projects/Riak.Client/Riak.Tests/bin/Debug/Riak.Tests.DLL" adapterTypeName="Microsoft.VisualStudio.TestTools.TestTypes.Unit.UnitTestAdapter, Microsoft.VisualStudio.QualityTools.Tips.UnitTest.Adapter, Version=10.0.0.0, Culture=neutral, PublicKeyToken=b03f5f7f11d50a3a" className="Riak.Tests.BucketTests, Riak.Tests, Version=1.0.0.0, Culture=neutral, PublicKeyToken=null" name="DeleteExistingKeys" />
    </UnitTest>
    <UnitTest name="ConflictOnNonMultiBucket" storage="c:\projects\riak.client\riak.tests\bin\debug\riak.tests.dll" id="06a22416-08af-c0dc-b70f-5cec4761aa09">
      <Execution id="f2efe995-88fb-4cf8-8d7d-ecd38a11f74e" />
      <TestMethod codeBase="c:/projects/Riak.Client/Riak.Tests/bin/Debug/Riak.Tests.DLL" adapterTypeName="Microsoft.VisualStudio.TestTools.TestTypes.Unit.UnitTestAdapter, Microsoft.VisualStudio.QualityTools.Tips.UnitTest.Adapter, Version=10.0.0.0, Culture=neutral, PublicKeyToken=b03f5f7f11d50a3a" className="Riak.Tests.BucketTests, Riak.Tests, Version=1.0.0.0, Culture=neutral, PublicKeyToken=null" name="ConflictOnNonMultiBucket" />
    </UnitTest>
    <UnitTest name="GetAllTextData" storage="c:\projects\riak.client\riak.tests\bin\debug\riak.tests.dll" id="4312a9d7-4905-c365-94ac-da54845d713f">
      <Execution id="76715098-b1ab-41be-a025-cfdceb7241b5" />
      <TestMethod codeBase="c:/projects/Riak.Client/Riak.Tests/bin/Debug/Riak.Tests.DLL" adapterTypeName="Microsoft.VisualStudio.TestTools.TestTypes.Unit.UnitTestAdapter, Microsoft.VisualStudio.QualityTools.Tips.UnitTest.Adapter, Version=10.0.0.0, Culture=neutral, PublicKeyToken=b03f5f7f11d50a3a" className="Riak.Tests.MultiPartResponseTests, Riak.Tests, Version=1.0.0.0, Culture=neutral, PublicKeyToken=null" name="GetAllTextData" />
    </UnitTest>
    <UnitTest name="LinkOnNewKeyExistsAndParses" storage="c:\projects\riak.client\riak.tests\bin\debug\riak.tests.dll" id="cb4b29f5-c7d3-2010-bb43-cecc9f41c474">
      <Execution id="a557deca-2098-4f56-8be7-6855012b38eb" />
      <TestMethod codeBase="c:/projects/Riak.Client/Riak.Tests/bin/Debug/Riak.Tests.DLL" adapterTypeName="Microsoft.VisualStudio.TestTools.TestTypes.Unit.UnitTestAdapter, Microsoft.VisualStudio.QualityTools.Tips.UnitTest.Adapter, Version=10.0.0.0, Culture=neutral, PublicKeyToken=b03f5f7f11d50a3a" className="Riak.Tests.LinkTests, Riak.Tests, Version=1.0.0.0, Culture=neutral, PublicKeyToken=null" name="LinkOnNewKeyExistsAndParses" />
    </UnitTest>
  </TestDefinitions>
  <TestLists>
    <TestList name="Results Not in a List" id="8c84fa94-04c1-424b-9868-57a2d4851a1d" />
    <TestList name="All Loaded Results" id="19431567-8539-422a-85d7-44ee4e166bda" />
  </TestLists>
  <TestEntries>
    <TestEntry testId="d79ef6f9-4e22-e7f6-a37e-b0e7a8cab61d" executionId="253e4bd6-f2d3-49c5-ab3d-84576d48f553" testListId="8c84fa94-04c1-424b-9868-57a2d4851a1d" />
    <TestEntry testId="e59f5b3d-3a7c-4505-e293-67664a703224" executionId="113adebd-7a47-49d5-944f-b443c3da8ed0" testListId="8c84fa94-04c1-424b-9868-57a2d4851a1d" />
    <TestEntry testId="30d12b1b-aa49-8c08-bd4a-866243aceb48" executionId="b047f2c0-2d99-4e2a-af4a-4f6a33302e81" testListId="8c84fa94-04c1-424b-9868-57a2d4851a1d" />
    <TestEntry testId="7a71b779-6444-5633-f109-dc2d069ca31b" executionId="57f8ed4b-9ecf-4d9c-b590-17308d8c4575" testListId="8c84fa94-04c1-424b-9868-57a2d4851a1d" />
    <TestEntry testId="4312a9d7-4905-c365-94ac-da54845d713f" executionId="76715098-b1ab-41be-a025-cfdceb7241b5" testListId="8c84fa94-04c1-424b-9868-57a2d4851a1d" />
    <TestEntry testId="ecb7a2ec-95c2-bcd4-9208-598a9a8227f1" executionId="39c9c111-b1ea-4dc5-9e62-dc6b806c6ee2" testListId="8c84fa94-04c1-424b-9868-57a2d4851a1d" />
    <TestEntry testId="8adbc453-a093-0889-b145-79d2f69be902" executionId="cab34fc3-176d-416d-81e4-9bf4d89ac395" testListId="8c84fa94-04c1-424b-9868-57a2d4851a1d" />
    <TestEntry testId="4ad0d6cc-b6bb-6b71-fab7-7bd0c1927a9f" executionId="cfbdac3d-2e42-4b5e-8899-4a78eac5c744" testListId="8c84fa94-04c1-424b-9868-57a2d4851a1d" />
    <TestEntry testId="beae7429-a6a2-4b8b-91b8-2242ec45c77a" executionId="1d1bebd8-7162-4497-81b3-f55108ea9bc7" testListId="8c84fa94-04c1-424b-9868-57a2d4851a1d" />
    <TestEntry testId="80c6668e-527f-7ce0-c7fa-d368165124a1" executionId="c88fda7a-e497-4e3d-b58e-47f88d18ceee" testListId="8c84fa94-04c1-424b-9868-57a2d4851a1d" />
    <TestEntry testId="8bc468f8-eee0-673a-92b7-930506440e84" executionId="df368a26-14e5-4f61-bd2a-d89e8b8d3e44" testListId="8c84fa94-04c1-424b-9868-57a2d4851a1d" />
    <TestEntry testId="33d4d279-34bd-6d5a-280e-4b82973def51" executionId="7a1d11cb-5af7-4e9f-b489-5611430451bd" testListId="8c84fa94-04c1-424b-9868-57a2d4851a1d" />
    <TestEntry testId="cb4b29f5-c7d3-2010-bb43-cecc9f41c474" executionId="a557deca-2098-4f56-8be7-6855012b38eb" testListId="8c84fa94-04c1-424b-9868-57a2d4851a1d" />
    <TestEntry testId="06a22416-08af-c0dc-b70f-5cec4761aa09" executionId="f2efe995-88fb-4cf8-8d7d-ecd38a11f74e" testListId="8c84fa94-04c1-424b-9868-57a2d4851a1d" />
    <TestEntry testId="d9c44692-30b5-c679-747b-7d385a54ef67" executionId="3b4b61f0-9a25-4aff-8f25-3d88f5c5bfc8" testListId="8c84fa94-04c1-424b-9868-57a2d4851a1d" />
    <TestEntry testId="58939138-4342-8e72-2f65-c6ec6d5362d3" executionId="04b21373-58ba-4455-9593-88d730c1abbb" testListId="8c84fa94-04c1-424b-9868-57a2d4851a1d" />
    <TestEntry testId="86d01318-0230-9e62-826b-6c3385d23407" executionId="b379e9b0-a0f3-431b-a6dc-5ec0e67f7bdb" testListId="8c84fa94-04c1-424b-9868-57a2d4851a1d" />
  </TestEntries>
  <Results>
    <UnitTestResult executionId="253e4bd6-f2d3-49c5-ab3d-84576d48f553" testId="d79ef6f9-4e22-e7f6-a37e-b0e7a8cab61d" testName="LinkWithMultipleParameters" computerName="HORVICKW7" duration="00:00:00.0758330" startTime="2010-03-20T18:36:30.1148264-04:00" endTime="2010-03-20T18:36:30.8018657-04:00" testType="13cdc9d9-ddb5-4fa4-a97d-d965ccfc6d4b" outcome="Passed" testListId="8c84fa94-04c1-424b-9868-57a2d4851a1d" relativeResultsDirectory="253e4bd6-f2d3-49c5-ab3d-84576d48f553">
    </UnitTestResult>
    <UnitTestResult executionId="113adebd-7a47-49d5-944f-b443c3da8ed0" testId="e59f5b3d-3a7c-4505-e293-67664a703224" testName="LinkFollowing" computerName="HORVICKW7" duration="00:00:00.9886261" startTime="2010-03-20T18:36:30.8218668-04:00" endTime="2010-03-20T18:36:31.8349248-04:00" testType="13cdc9d9-ddb5-4fa4-a97d-d965ccfc6d4b" outcome="Passed" testListId="8c84fa94-04c1-424b-9868-57a2d4851a1d" relativeResultsDirectory="113adebd-7a47-49d5-944f-b443c3da8ed0">
      <Output>
        <DebugTrace>GET: http://192.168.137.50:8098/riak/Artist
HEAD: http://192.168.137.50:8098/riak/Artist/Miles%20Davis
X-Riak-Vclock: a85hYGBgzGDKBVIsjLKXjDOYEpnyWBkcT0oe5csCAA==
DELETE: http://192.168.137.50:8098/riak/Artist/Miles%20Davis
HEAD: http://192.168.137.50:8098/riak/Artist/Miles%20Davis
PUT: http://192.168.137.50:8098/riak/Artist/Miles%20Davis
HEAD: http://192.168.137.50:8098/riak/Artist/Miles%20Davis
HEAD: http://192.168.137.50:8098/riak/Artist/Miles%20Davis
GET: http://192.168.137.50:8098/riak/Album
HEAD: http://192.168.137.50:8098/riak/Album/Dig
X-Riak-Vclock: a85hYGBgzGDKBVIsjLKXjDOYEpnyWBkcT0oe5csCAA==
DELETE: http://192.168.137.50:8098/riak/Album/Dig
HEAD: http://192.168.137.50:8098/riak/Album/Conception
X-Riak-Vclock: a85hYGBgzGDKBVIsjLKXjDOYEpnyWBkcT0oe5csCAA==
DELETE: http://192.168.137.50:8098/riak/Album/Conception
HEAD: http://192.168.137.50:8098/riak/Album/Blue
X-Riak-Vclock: a85hYGBgzGDKBVIsjLKXjDOYEpnyWBkcT0oe5csCAA==
DELETE: http://192.168.137.50:8098/riak/Album/Blue
HEAD: http://192.168.137.50:8098/riak/Album/Kind%20of%20Blue
X-Riak-Vclock: a85hYGBgzGDKBVIsjLKXjDOYEpnyWBkcT0oe5csCAA==
DELETE: http://192.168.137.50:8098/riak/Album/Kind%20of%20Blue
HEAD: http://192.168.137.50:8098/riak/Album/Kind%20of%20Blue
PUT: http://192.168.137.50:8098/riak/Album/Kind%20of%20Blue
HEAD: http://192.168.137.50:8098/riak/Album/Kind%20of%20Blue
HEAD: http://192.168.137.50:8098/riak/Album/Kind%20of%20Blue
HEAD: http://192.168.137.50:8098/riak/Album/Conception
PUT: http://192.168.137.50:8098/riak/Album/Conception
HEAD: http://192.168.137.50:8098/riak/Album/Conception
HEAD: http://192.168.137.50:8098/riak/Album/Conception
HEAD: http://192.168.137.50:8098/riak/Album/Blue
PUT: http://192.168.137.50:8098/riak/Album/Blue
HEAD: http://192.168.137.50:8098/riak/Album/Blue
HEAD: http://192.168.137.50:8098/riak/Album/Blue
HEAD: http://192.168.137.50:8098/riak/Album/Dig
PUT: http://192.168.137.50:8098/riak/Album/Dig
HEAD: http://192.168.137.50:8098/riak/Album/Dig
HEAD: http://192.168.137.50:8098/riak/Album/Dig
X-Riak-Vclock: a85hYGBgzGDKBVIsLPneGzKYEhnzWBnen5Q8ypcFAA==
Link: &lt;/riak/Album/Kind%20of%20Blue&gt;; riaktag="album", &lt;/riak/Album/Conception&gt;; riaktag="album", &lt;/riak/Album/Blue&gt;; riaktag="album", &lt;/riak/Album/Dig&gt;; riaktag="album"
PUT: http://192.168.137.50:8098/riak/Artist/Miles%20Davis
X-Riak-Vclock: a85hYGBgzGDKBVIsLPneGzKYEhnzWBnen5Q8ypcFAA==
Link: &lt;/riak/Artist/Miles%20Davis&gt;; riaktag="artist"
PUT: http://192.168.137.50:8098/riak/Album/Kind%20of%20Blue
X-Riak-Vclock: a85hYGBgzGDKBVIsLPneGzKYEhnzWBnen5Q8ypcFAA==
Link: &lt;/riak/Artist/Miles%20Davis&gt;; riaktag="artist"
PUT: http://192.168.137.50:8098/riak/Album/Conception
X-Riak-Vclock: a85hYGBgzGDKBVIsLPneGzKYEhnzWBnen5Q8ypcFAA==
Link: &lt;/riak/Artist/Miles%20Davis&gt;; riaktag="artist"
PUT: http://192.168.137.50:8098/riak/Album/Blue
X-Riak-Vclock: a85hYGBgzGDKBVIsLPneGzKYEhnzWBnen5Q8ypcFAA==
Link: &lt;/riak/Artist/Miles%20Davis&gt;; riaktag="artist"
PUT: http://192.168.137.50:8098/riak/Album/Dig
HEAD: http://192.168.137.50:8098/riak/Artist/Miles%20Davis
</DebugTrace>
      </Output>
    </UnitTestResult>
    <UnitTestResult executionId="b047f2c0-2d99-4e2a-af4a-4f6a33302e81" testId="30d12b1b-aa49-8c08-bd4a-866243aceb48" testName="LinkWithRelationalUri" computerName="HORVICKW7" duration="00:00:00.0019034" startTime="2010-03-20T18:36:31.8489256-04:00" endTime="2010-03-20T18:36:31.8629264-04:00" testType="13cdc9d9-ddb5-4fa4-a97d-d965ccfc6d4b" outcome="Passed" testListId="8c84fa94-04c1-424b-9868-57a2d4851a1d" relativeResultsDirectory="b047f2c0-2d99-4e2a-af4a-4f6a33302e81">
    </UnitTestResult>
    <UnitTestResult executionId="57f8ed4b-9ecf-4d9c-b590-17308d8c4575" testId="7a71b779-6444-5633-f109-dc2d069ca31b" testName="GetAllSiblingsOnConflict" computerName="HORVICKW7" duration="00:00:00.5399860" startTime="2010-03-20T18:36:31.8709268-04:00" endTime="2010-03-20T18:36:32.4259586-04:00" testType="13cdc9d9-ddb5-4fa4-a97d-d965ccfc6d4b" outcome="Failed" testListId="8c84fa94-04c1-424b-9868-57a2d4851a1d" relativeResultsDirectory="57f8ed4b-9ecf-4d9c-b590-17308d8c4575">
      <Output>
        <DebugTrace>GET: http://192.168.137.50:8098/riak/ConflictOnAllowMultiBucket
PUT: http://192.168.137.50:8098/riak/ConflictOnAllowMultiBucket
HEAD: http://192.168.137.50:8098/riak/ConflictOnAllowMultiBucket/990b9561-2347-498d-951b-159e6db2eb3e
PUT: http://192.168.137.50:8098/riak/ConflictOnAllowMultiBucket/990b9561-2347-498d-951b-159e6db2eb3e
HEAD: http://192.168.137.50:8098/riak/ConflictOnAllowMultiBucket/990b9561-2347-498d-951b-159e6db2eb3e
HEAD: http://192.168.137.50:8098/riak/ConflictOnAllowMultiBucket/990b9561-2347-498d-951b-159e6db2eb3e
HEAD: http://192.168.137.50:8098/riak/ConflictOnAllowMultiBucket/990b9561-2347-498d-951b-159e6db2eb3e
X-Riak-Vclock: a85hYGBgzGDKBVIszGHXF2YwJTLmsTJ8OCl5lC8LAA==
Link: 
PUT: http://192.168.137.50:8098/riak/ConflictOnAllowMultiBucket/990b9561-2347-498d-951b-159e6db2eb3e
HEAD: http://192.168.137.50:8098/riak/ConflictOnAllowMultiBucket/990b9561-2347-498d-951b-159e6db2eb3e
X-Riak-Vclock: a85hYGBgzGDKBVIszGHXF2YwJTLmsTJ8OCl5lC8LAA==
Link: 
PUT: http://192.168.137.50:8098/riak/ConflictOnAllowMultiBucket/990b9561-2347-498d-951b-159e6db2eb3e
HEAD: http://192.168.137.50:8098/riak/ConflictOnAllowMultiBucket/990b9561-2347-498d-951b-159e6db2eb3e
HEAD: http://192.168.137.50:8098/riak/ConflictOnAllowMultiBucket/990b9561-2347-498d-951b-159e6db2eb3e
HEAD: http://192.168.137.50:8098/riak/ConflictOnAllowMultiBucket/990b9561-2347-498d-951b-159e6db2eb3e
HEAD: http://192.168.137.50:8098/riak/ConflictOnAllowMultiBucket/990b9561-2347-498d-951b-159e6db2eb3e
GET: http://192.168.137.50:8098/riak/ConflictOnAllowMultiBucket/990b9561-2347-498d-951b-159e6db2eb3e
HEAD: http://192.168.137.50:8098/riak/ConflictOnAllowMultiBucket/990b9561-2347-498d-951b-159e6db2eb3e?vtag=4AtUM9uLS9JmfcS5Xa5kjU
HEAD: http://192.168.137.50:8098/riak/ConflictOnAllowMultiBucket/990b9561-2347-498d-951b-159e6db2eb3e?vtag=4AtUM9uLS9JmfcS5Xa5kjU
</DebugTrace>
        <ErrorInfo>
          <Message>Assert.IsTrue failed. </Message>
          <StackTrace>   at Riak.Tests.BucketTests.GetAllSiblingsOnConflict() in c:\projects\Riak.Client\Riak.Tests\BucketTests.cs:line 233
</StackTrace>
        </ErrorInfo>
      </Output>
    </UnitTestResult>
    <UnitTestResult executionId="76715098-b1ab-41be-a025-cfdceb7241b5" testId="4312a9d7-4905-c365-94ac-da54845d713f" testName="GetAllTextData" computerName="HORVICKW7" duration="00:00:00.6387959" startTime="2010-03-20T18:36:32.4379593-04:00" endTime="2010-03-20T18:36:33.1049974-04:00" testType="13cdc9d9-ddb5-4fa4-a97d-d965ccfc6d4b" outcome="Failed" testListId="8c84fa94-04c1-424b-9868-57a2d4851a1d" relativeResultsDirectory="76715098-b1ab-41be-a025-cfdceb7241b5">
      <Output>
        <DebugTrace>GET: http://192.168.137.50:8098/riak/79624d2f-0355-4dc1-86d6-b0ed22a84a4a
PUT: http://192.168.137.50:8098/riak/79624d2f-0355-4dc1-86d6-b0ed22a84a4a
HEAD: http://192.168.137.50:8098/riak/79624d2f-0355-4dc1-86d6-b0ed22a84a4a/AllTextKey
HEAD: http://192.168.137.50:8098/riak/79624d2f-0355-4dc1-86d6-b0ed22a84a4a/AllTextKey
HEAD: http://192.168.137.50:8098/riak/79624d2f-0355-4dc1-86d6-b0ed22a84a4a/AllTextKey
HEAD: http://192.168.137.50:8098/riak/79624d2f-0355-4dc1-86d6-b0ed22a84a4a/AllTextKey
PUT: http://192.168.137.50:8098/riak/79624d2f-0355-4dc1-86d6-b0ed22a84a4a/AllTextKey
HEAD: http://192.168.137.50:8098/riak/79624d2f-0355-4dc1-86d6-b0ed22a84a4a/AllTextKey
PUT: http://192.168.137.50:8098/riak/79624d2f-0355-4dc1-86d6-b0ed22a84a4a/AllTextKey
HEAD: http://192.168.137.50:8098/riak/79624d2f-0355-4dc1-86d6-b0ed22a84a4a/AllTextKey
PUT: http://192.168.137.50:8098/riak/79624d2f-0355-4dc1-86d6-b0ed22a84a4a/AllTextKey
HEAD: http://192.168.137.50:8098/riak/79624d2f-0355-4dc1-86d6-b0ed22a84a4a/AllTextKey
PUT: http://192.168.137.50:8098/riak/79624d2f-0355-4dc1-86d6-b0ed22a84a4a/AllTextKey
HEAD: http://192.168.137.50:8098/riak/79624d2f-0355-4dc1-86d6-b0ed22a84a4a/AllTextKey
GET: http://192.168.137.50:8098/riak/79624d2f-0355-4dc1-86d6-b0ed22a84a4a
GET: http://192.168.137.50:8098/riak/79624d2f-0355-4dc1-86d6-b0ed22a84a4a/AllTextKey
</DebugTrace>
        <ErrorInfo>
          <Message>Test method Riak.Tests.MultiPartResponseTests.GetAllTextData threw exception: 
System.NotImplementedException: The method or operation is not implemented.</Message>
          <StackTrace>    at Riak.Client.Bucket.LoadSiblingObjects(RiakHttpResponse response, String keyName) in c:\projects\Riak.Client\Riak.Client\Bucket.cs:line 126
   at Riak.Client.Bucket.GetAll(String keyName, Boolean lazy) in c:\projects\Riak.Client\Riak.Client\Bucket.cs:line 114
   at Riak.Tests.MultiPartResponseTests.GetAllTextData() in c:\projects\Riak.Client\Riak.Tests\MultiPartResponseTests.cs:line 55
</StackTrace>
        </ErrorInfo>
      </Output>
    </UnitTestResult>
    <UnitTestResult executionId="39c9c111-b1ea-4dc5-9e62-dc6b806c6ee2" testId="ecb7a2ec-95c2-bcd4-9208-598a9a8227f1" testName="DeleteExistingKeys" computerName="HORVICKW7" duration="00:00:00.7225045" startTime="2010-03-20T18:36:33.1109978-04:00" endTime="2010-03-20T18:36:33.8420396-04:00" testType="13cdc9d9-ddb5-4fa4-a97d-d965ccfc6d4b" outcome="Passed" testListId="8c84fa94-04c1-424b-9868-57a2d4851a1d" relativeResultsDirectory="39c9c111-b1ea-4dc5-9e62-dc6b806c6ee2">
      <Output>
        <DebugTrace>GET: http://192.168.137.50:8098/riak/BucketTest
HEAD: http://192.168.137.50:8098/riak/BucketTest/SomeKey
PUT: http://192.168.137.50:8098/riak/BucketTest/SomeKey
HEAD: http://192.168.137.50:8098/riak/BucketTest/SomeKey
GET: http://192.168.137.50:8098/riak/BucketTest
HEAD: http://192.168.137.50:8098/riak/BucketTest/SomeKey
X-Riak-Vclock: a85hYGBgzGDKBVIs7C2RLBlMiYx5rAwfT0oe5csCAA==
DELETE: http://192.168.137.50:8098/riak/BucketTest/SomeKey
GET: http://192.168.137.50:8098/riak/BucketTest
</DebugTrace>
      </Output>
    </UnitTestResult>
    <UnitTestResult executionId="cab34fc3-176d-416d-81e4-9bf4d89ac395" testId="8adbc453-a093-0889-b145-79d2f69be902" testName="DeleteMissingKeys" computerName="HORVICKW7" duration="00:00:00.9967208" startTime="2010-03-20T18:36:33.8520401-04:00" endTime="2010-03-20T18:36:34.8690983-04:00" testType="13cdc9d9-ddb5-4fa4-a97d-d965ccfc6d4b" outcome="Passed" testListId="8c84fa94-04c1-424b-9868-57a2d4851a1d" relativeResultsDirectory="cab34fc3-176d-416d-81e4-9bf4d89ac395">
      <Output>
        <DebugTrace>GET: http://192.168.137.50:8098/riak/BucketTest
HEAD: http://192.168.137.50:8098/riak/BucketTest/0
PUT: http://192.168.137.50:8098/riak/BucketTest/0
HEAD: http://192.168.137.50:8098/riak/BucketTest/0
HEAD: http://192.168.137.50:8098/riak/BucketTest/1
PUT: http://192.168.137.50:8098/riak/BucketTest/1
HEAD: http://192.168.137.50:8098/riak/BucketTest/1
HEAD: http://192.168.137.50:8098/riak/BucketTest/2
PUT: http://192.168.137.50:8098/riak/BucketTest/2
HEAD: http://192.168.137.50:8098/riak/BucketTest/2
HEAD: http://192.168.137.50:8098/riak/BucketTest/3
PUT: http://192.168.137.50:8098/riak/BucketTest/3
HEAD: http://192.168.137.50:8098/riak/BucketTest/3
HEAD: http://192.168.137.50:8098/riak/BucketTest/4
PUT: http://192.168.137.50:8098/riak/BucketTest/4
HEAD: http://192.168.137.50:8098/riak/BucketTest/4
HEAD: http://192.168.137.50:8098/riak/BucketTest/5
PUT: http://192.168.137.50:8098/riak/BucketTest/5
HEAD: http://192.168.137.50:8098/riak/BucketTest/5
HEAD: http://192.168.137.50:8098/riak/BucketTest/6
PUT: http://192.168.137.50:8098/riak/BucketTest/6
HEAD: http://192.168.137.50:8098/riak/BucketTest/6
HEAD: http://192.168.137.50:8098/riak/BucketTest/7
PUT: http://192.168.137.50:8098/riak/BucketTest/7
HEAD: http://192.168.137.50:8098/riak/BucketTest/7
HEAD: http://192.168.137.50:8098/riak/BucketTest/8
PUT: http://192.168.137.50:8098/riak/BucketTest/8
HEAD: http://192.168.137.50:8098/riak/BucketTest/8
HEAD: http://192.168.137.50:8098/riak/BucketTest/9
PUT: http://192.168.137.50:8098/riak/BucketTest/9
HEAD: http://192.168.137.50:8098/riak/BucketTest/9
GET: http://192.168.137.50:8098/riak/BucketTest
HEAD: http://192.168.137.50:8098/riak/BucketTest/0
X-Riak-Vclock: a85hYGBgzGDKBVIsbMuj8zOYEhnzWBk+nZQ8ypcFAA==
DELETE: http://192.168.137.50:8098/riak/BucketTest/0
X-Riak-Vclock: a85hYGBgzGDKBVIsbMuj8zOYEhnzWBk+nZQ8ypcFAA==
DELETE: http://192.168.137.50:8098/riak/BucketTest/0
HEAD: http://192.168.137.50:8098/riak/BucketTest/1
X-Riak-Vclock: a85hYGBgzGDKBVIsbMuj8zOYEhnzWBk+nZQ8ypcFAA==
DELETE: http://192.168.137.50:8098/riak/BucketTest/1
X-Riak-Vclock: a85hYGBgzGDKBVIsbMuj8zOYEhnzWBk+nZQ8ypcFAA==
DELETE: http://192.168.137.50:8098/riak/BucketTest/1
HEAD: http://192.168.137.50:8098/riak/BucketTest/2
X-Riak-Vclock: a85hYGBgzGDKBVIsbMuj8zOYEhnzWBk+nZQ8ypcFAA==
DELETE: http://192.168.137.50:8098/riak/BucketTest/2
X-Riak-Vclock: a85hYGBgzGDKBVIsbMuj8zOYEhnzWBk+nZQ8ypcFAA==
DELETE: http://192.168.137.50:8098/riak/BucketTest/2
HEAD: http://192.168.137.50:8098/riak/BucketTest/3
X-Riak-Vclock: a85hYGBgzGDKBVIsbMuj8zOYEhnzWBk+nZQ8ypcFAA==
DELETE: http://192.168.137.50:8098/riak/BucketTest/3
X-Riak-Vclock: a85hYGBgzGDKBVIsbMuj8zOYEhnzWBk+nZQ8ypcFAA==
DELETE: http://192.168.137.50:8098/riak/BucketTest/3
HEAD: http://192.168.137.50:8098/riak/BucketTest/4
X-Riak-Vclock: a85hYGBgzGDKBVIsbMuj8zOYEhnzWBk+nZQ8ypcFAA==
DELETE: http://192.168.137.50:8098/riak/BucketTest/4
X-Riak-Vclock: a85hYGBgzGDKBVIsbMuj8zOYEhnzWBk+nZQ8ypcFAA==
DELETE: http://192.168.137.50:8098/riak/BucketTest/4
HEAD: http://192.168.137.50:8098/riak/BucketTest/5
X-Riak-Vclock: a85hYGBgzGDKBVIsbMuj8zOYEhnzWBk+nZQ8ypcFAA==
DELETE: http://192.168.137.50:8098/riak/BucketTest/5
X-Riak-Vclock: a85hYGBgzGDKBVIsbMuj8zOYEhnzWBk+nZQ8ypcFAA==
DELETE: http://192.168.137.50:8098/riak/BucketTest/5
HEAD: http://192.168.137.50:8098/riak/BucketTest/6
X-Riak-Vclock: a85hYGBgzGDKBVIsbMuj8zOYEhnzWBk+nZQ8ypcFAA==
DELETE: http://192.168.137.50:8098/riak/BucketTest/6
X-Riak-Vclock: a85hYGBgzGDKBVIsbMuj8zOYEhnzWBk+nZQ8ypcFAA==
DELETE: http://192.168.137.50:8098/riak/BucketTest/6
HEAD: http://192.168.137.50:8098/riak/BucketTest/7
X-Riak-Vclock: a85hYGBgzGDKBVIsbMuj8zOYEhnzWBk+nZQ8ypcFAA==
DELETE: http://192.168.137.50:8098/riak/BucketTest/7
X-Riak-Vclock: a85hYGBgzGDKBVIsbMuj8zOYEhnzWBk+nZQ8ypcFAA==
DELETE: http://192.168.137.50:8098/riak/BucketTest/7
HEAD: http://192.168.137.50:8098/riak/BucketTest/8
X-Riak-Vclock: a85hYGBgzGDKBVIsbMuj8zOYEhnzWBk+nZQ8ypcFAA==
DELETE: http://192.168.137.50:8098/riak/BucketTest/8
X-Riak-Vclock: a85hYGBgzGDKBVIsbMuj8zOYEhnzWBk+nZQ8ypcFAA==
DELETE: http://192.168.137.50:8098/riak/BucketTest/8
HEAD: http://192.168.137.50:8098/riak/BucketTest/9
X-Riak-Vclock: a85hYGBgzGDKBVIsbMuj8zOYEhnzWBk+nZQ8ypcFAA==
DELETE: http://192.168.137.50:8098/riak/BucketTest/9
X-Riak-Vclock: a85hYGBgzGDKBVIsbMuj8zOYEhnzWBk+nZQ8ypcFAA==
DELETE: http://192.168.137.50:8098/riak/BucketTest/9
HEAD: http://192.168.137.50:8098/riak/BucketTest/0
DELETE: http://192.168.137.50:8098/riak/BucketTest/0
HEAD: http://192.168.137.50:8098/riak/BucketTest/1
DELETE: http://192.168.137.50:8098/riak/BucketTest/1
HEAD: http://192.168.137.50:8098/riak/BucketTest/2
DELETE: http://192.168.137.50:8098/riak/BucketTest/2
HEAD: http://192.168.137.50:8098/riak/BucketTest/3
DELETE: http://192.168.137.50:8098/riak/BucketTest/3
HEAD: http://192.168.137.50:8098/riak/BucketTest/4
DELETE: http://192.168.137.50:8098/riak/BucketTest/4
HEAD: http://192.168.137.50:8098/riak/BucketTest/5
DELETE: http://192.168.137.50:8098/riak/BucketTest/5
HEAD: http://192.168.137.50:8098/riak/BucketTest/6
DELETE: http://192.168.137.50:8098/riak/BucketTest/6
HEAD: http://192.168.137.50:8098/riak/BucketTest/7
DELETE: http://192.168.137.50:8098/riak/BucketTest/7
HEAD: http://192.168.137.50:8098/riak/BucketTest/8
DELETE: http://192.168.137.50:8098/riak/BucketTest/8
HEAD: http://192.168.137.50:8098/riak/BucketTest/9
DELETE: http://192.168.137.50:8098/riak/BucketTest/9
</DebugTrace>
      </Output>
    </UnitTestResult>
    <UnitTestResult executionId="cfbdac3d-2e42-4b5e-8899-4a78eac5c744" testId="4ad0d6cc-b6bb-6b71-fab7-7bd0c1927a9f" testName="SaveABinaryKeyValue" computerName="HORVICKW7" duration="00:00:00.2879234" startTime="2010-03-20T18:36:34.8810990-04:00" endTime="2010-03-20T18:36:35.1841163-04:00" testType="13cdc9d9-ddb5-4fa4-a97d-d965ccfc6d4b" outcome="Failed" testListId="8c84fa94-04c1-424b-9868-57a2d4851a1d" relativeResultsDirectory="cfbdac3d-2e42-4b5e-8899-4a78eac5c744">
      <Output>
        <DebugTrace>GET: http://192.168.137.50:8098/riak/BucketTest
HEAD: http://192.168.137.50:8098/riak/BucketTest/BinaryKey
PUT: http://192.168.137.50:8098/riak/BucketTest/BinaryKey
HEAD: http://192.168.137.50:8098/riak/BucketTest/BinaryKey
</DebugTrace>
        <ErrorInfo>
          <Message>Assert.AreEqual failed. Expected:&lt;Sample Stream Data&gt;. Actual:&lt;\0\0\0\0\0\0\0\0\0\0\0\0\0\0\0\0\0\0&gt;. </Message>
          <StackTrace>   at Riak.Tests.BucketTests.SaveABinaryKeyValue() in c:\projects\Riak.Client\Riak.Tests\BucketTests.cs:line 46
</StackTrace>
        </ErrorInfo>
      </Output>
    </UnitTestResult>
    <UnitTestResult executionId="1d1bebd8-7162-4497-81b3-f55108ea9bc7" testId="beae7429-a6a2-4b8b-91b8-2242ec45c77a" testName="ConflictOnAllowMultiBucket" computerName="HORVICKW7" duration="00:00:00.4093004" startTime="2010-03-20T18:36:35.1941169-04:00" endTime="2010-03-20T18:36:35.6281417-04:00" testType="13cdc9d9-ddb5-4fa4-a97d-d965ccfc6d4b" outcome="Passed" testListId="8c84fa94-04c1-424b-9868-57a2d4851a1d" relativeResultsDirectory="1d1bebd8-7162-4497-81b3-f55108ea9bc7">
      <Output>
        <DebugTrace>GET: http://192.168.137.50:8098/riak/ConflictOnAllowMultiBucket
PUT: http://192.168.137.50:8098/riak/ConflictOnAllowMultiBucket
HEAD: http://192.168.137.50:8098/riak/ConflictOnAllowMultiBucket/cdca2606-7dfc-4b1f-b1f7-45ca0b7c044b
PUT: http://192.168.137.50:8098/riak/ConflictOnAllowMultiBucket/cdca2606-7dfc-4b1f-b1f7-45ca0b7c044b
HEAD: http://192.168.137.50:8098/riak/ConflictOnAllowMultiBucket/cdca2606-7dfc-4b1f-b1f7-45ca0b7c044b
HEAD: http://192.168.137.50:8098/riak/ConflictOnAllowMultiBucket/cdca2606-7dfc-4b1f-b1f7-45ca0b7c044b
HEAD: http://192.168.137.50:8098/riak/ConflictOnAllowMultiBucket/cdca2606-7dfc-4b1f-b1f7-45ca0b7c044b
X-Riak-Vclock: a85hYGBgzGDKBVIsbFZyERlMiYx5rAyfT0oe5csCAA==
Link: 
PUT: http://192.168.137.50:8098/riak/ConflictOnAllowMultiBucket/cdca2606-7dfc-4b1f-b1f7-45ca0b7c044b
HEAD: http://192.168.137.50:8098/riak/ConflictOnAllowMultiBucket/cdca2606-7dfc-4b1f-b1f7-45ca0b7c044b
X-Riak-Vclock: a85hYGBgzGDKBVIsbFZyERlMiYx5rAyfT0oe5csCAA==
Link: 
PUT: http://192.168.137.50:8098/riak/ConflictOnAllowMultiBucket/cdca2606-7dfc-4b1f-b1f7-45ca0b7c044b
HEAD: http://192.168.137.50:8098/riak/ConflictOnAllowMultiBucket/cdca2606-7dfc-4b1f-b1f7-45ca0b7c044b
HEAD: http://192.168.137.50:8098/riak/ConflictOnAllowMultiBucket/cdca2606-7dfc-4b1f-b1f7-45ca0b7c044b
HEAD: http://192.168.137.50:8098/riak/ConflictOnAllowMultiBucket/cdca2606-7dfc-4b1f-b1f7-45ca0b7c044b
HEAD: http://192.168.137.50:8098/riak/ConflictOnAllowMultiBucket/cdca2606-7dfc-4b1f-b1f7-45ca0b7c044b
</DebugTrace>
      </Output>
    </UnitTestResult>
    <UnitTestResult executionId="c88fda7a-e497-4e3d-b58e-47f88d18ceee" testId="80c6668e-527f-7ce0-c7fa-d368165124a1" testName="LinkCollectionOperationalTests" computerName="HORVICKW7" duration="00:00:00.0034053" startTime="2010-03-20T18:36:35.6381423-04:00" endTime="2010-03-20T18:36:35.6561433-04:00" testType="13cdc9d9-ddb5-4fa4-a97d-d965ccfc6d4b" outcome="Passed" testListId="8c84fa94-04c1-424b-9868-57a2d4851a1d" relativeResultsDirectory="c88fda7a-e497-4e3d-b58e-47f88d18ceee">
    </UnitTestResult>
    <UnitTestResult executionId="df368a26-14e5-4f61-bd2a-d89e8b8d3e44" testId="8bc468f8-eee0-673a-92b7-930506440e84" testName="LinkRoundTripping" computerName="HORVICKW7" duration="00:00:00.0010512" startTime="2010-03-20T18:36:35.6621437-04:00" endTime="2010-03-20T18:36:35.6841449-04:00" testType="13cdc9d9-ddb5-4fa4-a97d-d965ccfc6d4b" outcome="Passed" testListId="8c84fa94-04c1-424b-9868-57a2d4851a1d" relativeResultsDirectory="df368a26-14e5-4f61-bd2a-d89e8b8d3e44">
    </UnitTestResult>
    <UnitTestResult executionId="7a1d11cb-5af7-4e9f-b489-5611430451bd" testId="33d4d279-34bd-6d5a-280e-4b82973def51" testName="SettingAllowMultiPersistsCorrectly" computerName="HORVICKW7" duration="00:00:00.9923282" startTime="2010-03-20T18:36:35.6931455-04:00" endTime="2010-03-20T18:36:36.7002031-04:00" testType="13cdc9d9-ddb5-4fa4-a97d-d965ccfc6d4b" outcome="Passed" testListId="8c84fa94-04c1-424b-9868-57a2d4851a1d" relativeResultsDirectory="7a1d11cb-5af7-4e9f-b489-5611430451bd">
      <Output>
        <DebugTrace>GET: http://192.168.137.50:8098/riak/SettingAllowMultiPersistsCorrectly
PUT: http://192.168.137.50:8098/riak/SettingAllowMultiPersistsCorrectly
GET: http://192.168.137.50:8098/riak/SettingAllowMultiPersistsCorrectly
PUT: http://192.168.137.50:8098/riak/SettingAllowMultiPersistsCorrectly
GET: http://192.168.137.50:8098/riak/SettingAllowMultiPersistsCorrectly
PUT: http://192.168.137.50:8098/riak/SettingAllowMultiPersistsCorrectly
GET: http://192.168.137.50:8098/riak/SettingAllowMultiPersistsCorrectly
</DebugTrace>
      </Output>
    </UnitTestResult>
    <UnitTestResult executionId="a557deca-2098-4f56-8be7-6855012b38eb" testId="cb4b29f5-c7d3-2010-bb43-cecc9f41c474" testName="LinkOnNewKeyExistsAndParses" computerName="HORVICKW7" duration="00:00:00.2638699" startTime="2010-03-20T18:36:36.7122037-04:00" endTime="2010-03-20T18:36:36.9902196-04:00" testType="13cdc9d9-ddb5-4fa4-a97d-d965ccfc6d4b" outcome="Failed" testListId="8c84fa94-04c1-424b-9868-57a2d4851a1d" relativeResultsDirectory="a557deca-2098-4f56-8be7-6855012b38eb">
      <Output>
        <DebugTrace>GET: http://192.168.137.50:8098/riak/BucketTest
HEAD: http://192.168.137.50:8098/riak/BucketTest/StringKey
PUT: http://192.168.137.50:8098/riak/BucketTest/StringKey
HEAD: http://192.168.137.50:8098/riak/BucketTest/StringKey
</DebugTrace>
        <ErrorInfo>
          <Message>Assert.AreEqual failed. Expected:&lt;af64eafd-28a3-4114-83ad-bcd1293aff1c&gt;. Actual:&lt;\0\0\0\0\0\0\0\0\0\0\0\0\0\0\0\0\0\0\0\0\0\0\0\0\0\0\0\0\0\0\0\0\0\0\0\0&gt;. </Message>
          <StackTrace>   at Riak.Tests.LinkTests.LinkOnNewKeyExistsAndParses() in c:\projects\Riak.Client\Riak.Tests\LinkTests.cs:line 112
</StackTrace>
        </ErrorInfo>
      </Output>
    </UnitTestResult>
    <UnitTestResult executionId="f2efe995-88fb-4cf8-8d7d-ecd38a11f74e" testId="06a22416-08af-c0dc-b70f-5cec4761aa09" testName="ConflictOnNonMultiBucket" computerName="HORVICKW7" duration="00:00:00.3272216" startTime="2010-03-20T18:36:37.0072206-04:00" endTime="2010-03-20T18:36:37.3532404-04:00" testType="13cdc9d9-ddb5-4fa4-a97d-d965ccfc6d4b" outcome="Failed" testListId="8c84fa94-04c1-424b-9868-57a2d4851a1d" relativeResultsDirectory="f2efe995-88fb-4cf8-8d7d-ecd38a11f74e">
      <Output>
        <DebugTrace>GET: http://192.168.137.50:8098/riak/NonMultiBucket
HEAD: http://192.168.137.50:8098/riak/NonMultiBucket/34b65383-f6e1-409f-ae2d-2f1decfd8f01
PUT: http://192.168.137.50:8098/riak/NonMultiBucket/34b65383-f6e1-409f-ae2d-2f1decfd8f01
HEAD: http://192.168.137.50:8098/riak/NonMultiBucket/34b65383-f6e1-409f-ae2d-2f1decfd8f01
HEAD: http://192.168.137.50:8098/riak/NonMultiBucket/34b65383-f6e1-409f-ae2d-2f1decfd8f01
HEAD: http://192.168.137.50:8098/riak/NonMultiBucket/34b65383-f6e1-409f-ae2d-2f1decfd8f01
X-Riak-Vclock: a85hYGBgzGDKBVIsbOxSEzKYEhnzWBm+npQ8ypcFAA==
Link: 
PUT: http://192.168.137.50:8098/riak/NonMultiBucket/34b65383-f6e1-409f-ae2d-2f1decfd8f01
HEAD: http://192.168.137.50:8098/riak/NonMultiBucket/34b65383-f6e1-409f-ae2d-2f1decfd8f01
X-Riak-Vclock: a85hYGBgzGDKBVIsbOxSEzKYEhnzWBm+npQ8ypcFAA==
Link: 
PUT: http://192.168.137.50:8098/riak/NonMultiBucket/34b65383-f6e1-409f-ae2d-2f1decfd8f01
HEAD: http://192.168.137.50:8098/riak/NonMultiBucket/34b65383-f6e1-409f-ae2d-2f1decfd8f01
</DebugTrace>
        <ErrorInfo>
          <Message>Assert.AreEqual failed. Expected:&lt;\0\0\0\0\0&gt;. Actual:&lt;Conflict2&gt;. </Message>
          <StackTrace>   at Riak.Tests.BucketTests.ConflictOnNonMultiBucket() in c:\projects\Riak.Client\Riak.Tests\BucketTests.cs:line 132
</StackTrace>
        </ErrorInfo>
      </Output>
    </UnitTestResult>
    <UnitTestResult executionId="3b4b61f0-9a25-4aff-8f25-3d88f5c5bfc8" testId="d9c44692-30b5-c679-747b-7d385a54ef67" testName="LinkWithUnknownParameters" computerName="HORVICKW7" duration="00:00:00.0033407" startTime="2010-03-20T18:36:37.3602408-04:00" endTime="2010-03-20T18:36:37.3872423-04:00" testType="13cdc9d9-ddb5-4fa4-a97d-d965ccfc6d4b" outcome="Passed" testListId="8c84fa94-04c1-424b-9868-57a2d4851a1d" relativeResultsDirectory="3b4b61f0-9a25-4aff-8f25-3d88f5c5bfc8">
    </UnitTestResult>
    <UnitTestResult executionId="04b21373-58ba-4455-9593-88d730c1abbb" testId="58939138-4342-8e72-2f65-c6ec6d5362d3" testName="SaveAStringKeyValue" computerName="HORVICKW7" duration="00:00:00.2403742" startTime="2010-03-20T18:36:37.3922426-04:00" endTime="2010-03-20T18:36:37.6562577-04:00" testType="13cdc9d9-ddb5-4fa4-a97d-d965ccfc6d4b" outcome="Failed" testListId="8c84fa94-04c1-424b-9868-57a2d4851a1d" relativeResultsDirectory="04b21373-58ba-4455-9593-88d730c1abbb">
      <Output>
        <DebugTrace>GET: http://192.168.137.50:8098/riak/BucketTest
HEAD: http://192.168.137.50:8098/riak/BucketTest/StringKey
X-Riak-Vclock: a85hYGBgzGDKBVIs7EdnFGQwJTLmsTJ8OSl5lC8LAA==
Link: 
PUT: http://192.168.137.50:8098/riak/BucketTest/StringKey
HEAD: http://192.168.137.50:8098/riak/BucketTest/StringKey
</DebugTrace>
        <ErrorInfo>
          <Message>Assert.AreEqual failed. Expected:&lt;5b0106ef-3dd6-49cb-aa11-27a8410e5c8d&gt;. Actual:&lt;\0\0\0\0\0\0\0\0\0\0\0\0\0\0\0\0\0\0\0\0\0\0\0\0\0\0\0\0\0\0\0\0\0\0\0\0&gt;. </Message>
          <StackTrace>   at Riak.Tests.BucketTests.SaveAStringKeyValue() in c:\projects\Riak.Client\Riak.Tests\BucketTests.cs:line 26
</StackTrace>
        </ErrorInfo>
      </Output>
    </UnitTestResult>
    <UnitTestResult executionId="b379e9b0-a0f3-431b-a6dc-5ec0e67f7bdb" testId="86d01318-0230-9e62-826b-6c3385d23407" testName="LinkOddlyFormedIsParsedAndNormalized" computerName="HORVICKW7" duration="00:00:00.0009073" startTime="2010-03-20T18:36:37.6622581-04:00" endTime="2010-03-20T18:36:37.6912597-04:00" testType="13cdc9d9-ddb5-4fa4-a97d-d965ccfc6d4b" outcome="Passed" testListId="8c84fa94-04c1-424b-9868-57a2d4851a1d" relativeResultsDirectory="b379e9b0-a0f3-431b-a6dc-5ec0e67f7bdb">
    </UnitTestResult>
  </Results>
</TestRun>