<?xml version="1.0" encoding="UTF-8"?>
<TestRun id="c9a114aa-cbc3-4d50-9c11-624b646885c5" name="Robert@HORVICKW7 2010-03-20 18:32:34" runUser="HORVICKW7\Robert" xmlns="http://microsoft.com/schemas/VisualStudio/TeamTest/2010">
  <TestSettings name="Local" id="cccf0ead-bb7b-4fa6-80c8-b697078887da">
    <Description>These are default test settings for a local test run.</Description>
    <Deployment userDeploymentRoot="c:\projects\Riak.Client\TestResults" useDefaultDeploymentRoot="false" runDeploymentRoot="Robert_HORVICKW7 2010-03-20 18_32_34" />
    <Execution>
      <TestTypeSpecific>
        <UnitTestRunConfig testTypeId="13cdc9d9-ddb5-4fa4-a97d-d965ccfc6d4b">
          <AssemblyResolution>
            <TestDirectory useLoadContext="true" />
          </AssemblyResolution>
        </UnitTestRunConfig>
        <WebTestRunConfiguration testTypeId="4e7599fa-5ecb-43e9-a887-cd63cf72d207">
          <Browser name="Internet Explorer 7.0">
            <Headers>
              <Header name="User-Agent" value="Mozilla/4.0 (compatible; MSIE 7.0; Windows NT 5.1)" />
              <Header name="Accept" value="*/*" />
              <Header name="Accept-Language" value="{{$IEAcceptLanguage}}" />
              <Header name="Accept-Encoding" value="GZIP" />
            </Headers>
          </Browser>
        </WebTestRunConfiguration>
      </TestTypeSpecific>
      <AgentRule name="LocalMachineDefaultRole">
        <DataCollectors>
          <DataCollector uri="datacollector://microsoft/CodeCoverage/1.0" assemblyQualifiedName="Microsoft.VisualStudio.TestTools.CodeCoverage.CoveragePlugIn, Microsoft.VisualStudio.QualityTools.Plugins.CodeCoverage, Version=10.0.0.0, Culture=neutral, PublicKeyToken=b03f5f7f11d50a3a" friendlyName="Code Coverage">
            <Configuration>
              <CodeCoverage xmlns="">
                <Regular>
                  <CodeCoverageItem binaryFile="c:\projects\Riak.Client\Riak.Client\bin\Debug\Riak.Client.dll" pdbFile="c:\projects\Riak.Client\Riak.Client\bin\Debug\Riak.Client.instr.pdb" instrumentInPlace="true" />
                </Regular>
              </CodeCoverage>
            </Configuration>
          </DataCollector>
        </DataCollectors>
      </AgentRule>
    </Execution>
  </TestSettings>
  <Times creation="2010-03-20T18:32:34.8953726-04:00" queuing="2010-03-20T18:32:53.5854416-04:00" start="2010-03-20T18:32:54.6425021-04:00" finish="2010-03-20T18:33:42.0192119-04:00" />
  <ResultSummary outcome="Failed">
    <Counters total="17" executed="17" passed="16" error="0" failed="1" timeout="0" aborted="0" inconclusive="0" passedButRunAborted="0" notRunnable="0" notExecuted="0" disconnected="0" warning="0" completed="0" inProgress="0" pending="0" />
    <ResultFiles>
      <ResultFile path="HORVICKW7\data.coverage" />
    </ResultFiles>
  </ResultSummary>
  <TestDefinitions>
    <UnitTest name="LinkWithMultipleParameters" storage="c:\projects\riak.client\riak.tests\bin\debug\riak.tests.dll" id="d79ef6f9-4e22-e7f6-a37e-b0e7a8cab61d">
      <Execution id="dd41accf-0bbe-4886-ad39-e9def25daf99" />
      <TestMethod codeBase="c:/projects/Riak.Client/Riak.Tests/bin/Debug/Riak.Tests.DLL" adapterTypeName="Microsoft.VisualStudio.TestTools.TestTypes.Unit.UnitTestAdapter, Microsoft.VisualStudio.QualityTools.Tips.UnitTest.Adapter, Version=10.0.0.0, Culture=neutral, PublicKeyToken=b03f5f7f11d50a3a" className="Riak.Tests.LinkTests, Riak.Tests, Version=1.0.0.0, Culture=neutral, PublicKeyToken=null" name="LinkWithMultipleParameters" />
    </UnitTest>
    <UnitTest name="LinkOddlyFormedIsParsedAndNormalized" storage="c:\projects\riak.client\riak.tests\bin\debug\riak.tests.dll" id="86d01318-0230-9e62-826b-6c3385d23407">
      <Execution id="d901c875-1f2d-4e17-bdcd-fddcbf626c86" />
      <TestMethod codeBase="c:/projects/Riak.Client/Riak.Tests/bin/Debug/Riak.Tests.DLL" adapterTypeName="Microsoft.VisualStudio.TestTools.TestTypes.Unit.UnitTestAdapter, Microsoft.VisualStudio.QualityTools.Tips.UnitTest.Adapter, Version=10.0.0.0, Culture=neutral, PublicKeyToken=b03f5f7f11d50a3a" className="Riak.Tests.LinkTests, Riak.Tests, Version=1.0.0.0, Culture=neutral, PublicKeyToken=null" name="LinkOddlyFormedIsParsedAndNormalized" />
    </UnitTest>
    <UnitTest name="SettingAllowMultiPersistsCorrectly" storage="c:\projects\riak.client\riak.tests\bin\debug\riak.tests.dll" id="33d4d279-34bd-6d5a-280e-4b82973def51">
      <Execution id="e4e1e579-1be1-4eee-9945-0841368d0dd9" />
      <TestMethod codeBase="c:/projects/Riak.Client/Riak.Tests/bin/Debug/Riak.Tests.DLL" adapterTypeName="Microsoft.VisualStudio.TestTools.TestTypes.Unit.UnitTestAdapter, Microsoft.VisualStudio.QualityTools.Tips.UnitTest.Adapter, Version=10.0.0.0, Culture=neutral, PublicKeyToken=b03f5f7f11d50a3a" className="Riak.Tests.BucketTests, Riak.Tests, Version=1.0.0.0, Culture=neutral, PublicKeyToken=null" name="SettingAllowMultiPersistsCorrectly" />
    </UnitTest>
    <UnitTest name="LinkCollectionOperationalTests" storage="c:\projects\riak.client\riak.tests\bin\debug\riak.tests.dll" id="80c6668e-527f-7ce0-c7fa-d368165124a1">
      <Execution id="43755032-46d7-4c4f-a1f1-cf97a400da65" />
      <TestMethod codeBase="c:/projects/Riak.Client/Riak.Tests/bin/Debug/Riak.Tests.DLL" adapterTypeName="Microsoft.VisualStudio.TestTools.TestTypes.Unit.UnitTestAdapter, Microsoft.VisualStudio.QualityTools.Tips.UnitTest.Adapter, Version=10.0.0.0, Culture=neutral, PublicKeyToken=b03f5f7f11d50a3a" className="Riak.Tests.LinkTests, Riak.Tests, Version=1.0.0.0, Culture=neutral, PublicKeyToken=null" name="LinkCollectionOperationalTests" />
    </UnitTest>
    <UnitTest name="GetAllSiblingsOnConflict" storage="c:\projects\riak.client\riak.tests\bin\debug\riak.tests.dll" id="7a71b779-6444-5633-f109-dc2d069ca31b">
      <Execution id="0d43cd7a-1d7e-48ad-8074-39e0f237f43d" />
      <TestMethod codeBase="c:/projects/Riak.Client/Riak.Tests/bin/Debug/Riak.Tests.DLL" adapterTypeName="Microsoft.VisualStudio.TestTools.TestTypes.Unit.UnitTestAdapter, Microsoft.VisualStudio.QualityTools.Tips.UnitTest.Adapter, Version=10.0.0.0, Culture=neutral, PublicKeyToken=b03f5f7f11d50a3a" className="Riak.Tests.BucketTests, Riak.Tests, Version=1.0.0.0, Culture=neutral, PublicKeyToken=null" name="GetAllSiblingsOnConflict" />
    </UnitTest>
    <UnitTest name="SaveAStringKeyValue" storage="c:\projects\riak.client\riak.tests\bin\debug\riak.tests.dll" id="58939138-4342-8e72-2f65-c6ec6d5362d3">
      <Execution id="a23c2a78-c64d-4aa7-a965-ff2c92477451" />
      <TestMethod codeBase="c:/projects/Riak.Client/Riak.Tests/bin/Debug/Riak.Tests.DLL" adapterTypeName="Microsoft.VisualStudio.TestTools.TestTypes.Unit.UnitTestAdapter, Microsoft.VisualStudio.QualityTools.Tips.UnitTest.Adapter, Version=10.0.0.0, Culture=neutral, PublicKeyToken=b03f5f7f11d50a3a" className="Riak.Tests.BucketTests, Riak.Tests, Version=1.0.0.0, Culture=neutral, PublicKeyToken=null" name="SaveAStringKeyValue" />
    </UnitTest>
    <UnitTest name="ConflictOnAllowMultiBucket" storage="c:\projects\riak.client\riak.tests\bin\debug\riak.tests.dll" id="beae7429-a6a2-4b8b-91b8-2242ec45c77a">
      <Execution id="89c829f7-dc8b-4b15-afd5-1417fe4e6480" />
      <TestMethod codeBase="c:/projects/Riak.Client/Riak.Tests/bin/Debug/Riak.Tests.DLL" adapterTypeName="Microsoft.VisualStudio.TestTools.TestTypes.Unit.UnitTestAdapter, Microsoft.VisualStudio.QualityTools.Tips.UnitTest.Adapter, Version=10.0.0.0, Culture=neutral, PublicKeyToken=b03f5f7f11d50a3a" className="Riak.Tests.BucketTests, Riak.Tests, Version=1.0.0.0, Culture=neutral, PublicKeyToken=null" name="ConflictOnAllowMultiBucket" />
    </UnitTest>
    <UnitTest name="SaveABinaryKeyValue" storage="c:\projects\riak.client\riak.tests\bin\debug\riak.tests.dll" id="4ad0d6cc-b6bb-6b71-fab7-7bd0c1927a9f">
      <Execution id="284879ac-e2c9-4c6d-b7fa-447c95c1bc73" />
      <TestMethod codeBase="c:/projects/Riak.Client/Riak.Tests/bin/Debug/Riak.Tests.DLL" adapterTypeName="Microsoft.VisualStudio.TestTools.TestTypes.Unit.UnitTestAdapter, Microsoft.VisualStudio.QualityTools.Tips.UnitTest.Adapter, Version=10.0.0.0, Culture=neutral, PublicKeyToken=b03f5f7f11d50a3a" className="Riak.Tests.BucketTests, Riak.Tests, Version=1.0.0.0, Culture=neutral, PublicKeyToken=null" name="SaveABinaryKeyValue" />
    </UnitTest>
    <UnitTest name="LinkWithRelationalUri" storage="c:\projects\riak.client\riak.tests\bin\debug\riak.tests.dll" id="30d12b1b-aa49-8c08-bd4a-866243aceb48">
      <Execution id="ce897b1c-9f97-4c1d-8106-b89b792ae0d6" />
      <TestMethod codeBase="c:/projects/Riak.Client/Riak.Tests/bin/Debug/Riak.Tests.DLL" adapterTypeName="Microsoft.VisualStudio.TestTools.TestTypes.Unit.UnitTestAdapter, Microsoft.VisualStudio.QualityTools.Tips.UnitTest.Adapter, Version=10.0.0.0, Culture=neutral, PublicKeyToken=b03f5f7f11d50a3a" className="Riak.Tests.LinkTests, Riak.Tests, Version=1.0.0.0, Culture=neutral, PublicKeyToken=null" name="LinkWithRelationalUri" />
    </UnitTest>
    <UnitTest name="GetAllTextData" storage="c:\projects\riak.client\riak.tests\bin\debug\riak.tests.dll" id="4312a9d7-4905-c365-94ac-da54845d713f">
      <Execution id="8b74fb7c-c9c0-43f1-9c20-581a11d7cfe5" />
      <TestMethod codeBase="c:/projects/Riak.Client/Riak.Tests/bin/Debug/Riak.Tests.DLL" adapterTypeName="Microsoft.VisualStudio.TestTools.TestTypes.Unit.UnitTestAdapter, Microsoft.VisualStudio.QualityTools.Tips.UnitTest.Adapter, Version=10.0.0.0, Culture=neutral, PublicKeyToken=b03f5f7f11d50a3a" className="Riak.Tests.MultiPartResponseTests, Riak.Tests, Version=1.0.0.0, Culture=neutral, PublicKeyToken=null" name="GetAllTextData" />
    </UnitTest>
    <UnitTest name="DeleteExistingKeys" storage="c:\projects\riak.client\riak.tests\bin\debug\riak.tests.dll" id="ecb7a2ec-95c2-bcd4-9208-598a9a8227f1">
      <Execution id="43684229-7b66-4088-96de-f4e95833e53b" />
      <TestMethod codeBase="c:/projects/Riak.Client/Riak.Tests/bin/Debug/Riak.Tests.DLL" adapterTypeName="Microsoft.VisualStudio.TestTools.TestTypes.Unit.UnitTestAdapter, Microsoft.VisualStudio.QualityTools.Tips.UnitTest.Adapter, Version=10.0.0.0, Culture=neutral, PublicKeyToken=b03f5f7f11d50a3a" className="Riak.Tests.BucketTests, Riak.Tests, Version=1.0.0.0, Culture=neutral, PublicKeyToken=null" name="DeleteExistingKeys" />
    </UnitTest>
    <UnitTest name="LinkRoundTripping" storage="c:\projects\riak.client\riak.tests\bin\debug\riak.tests.dll" id="8bc468f8-eee0-673a-92b7-930506440e84">
      <Execution id="2048df02-4daa-4f12-b983-8979e034a9d5" />
      <TestMethod codeBase="c:/projects/Riak.Client/Riak.Tests/bin/Debug/Riak.Tests.DLL" adapterTypeName="Microsoft.VisualStudio.TestTools.TestTypes.Unit.UnitTestAdapter, Microsoft.VisualStudio.QualityTools.Tips.UnitTest.Adapter, Version=10.0.0.0, Culture=neutral, PublicKeyToken=b03f5f7f11d50a3a" className="Riak.Tests.LinkTests, Riak.Tests, Version=1.0.0.0, Culture=neutral, PublicKeyToken=null" name="LinkRoundTripping" />
    </UnitTest>
    <UnitTest name="LinkWithUnknownParameters" storage="c:\projects\riak.client\riak.tests\bin\debug\riak.tests.dll" id="d9c44692-30b5-c679-747b-7d385a54ef67">
      <Execution id="794ba3f4-f3fc-48a2-9682-06f5af07f10d" />
      <TestMethod codeBase="c:/projects/Riak.Client/Riak.Tests/bin/Debug/Riak.Tests.DLL" adapterTypeName="Microsoft.VisualStudio.TestTools.TestTypes.Unit.UnitTestAdapter, Microsoft.VisualStudio.QualityTools.Tips.UnitTest.Adapter, Version=10.0.0.0, Culture=neutral, PublicKeyToken=b03f5f7f11d50a3a" className="Riak.Tests.LinkTests, Riak.Tests, Version=1.0.0.0, Culture=neutral, PublicKeyToken=null" name="LinkWithUnknownParameters" />
    </UnitTest>
    <UnitTest name="LinkFollowing" storage="c:\projects\riak.client\riak.tests\bin\debug\riak.tests.dll" id="e59f5b3d-3a7c-4505-e293-67664a703224">
      <Execution id="5791e1cd-6211-49dd-b5f0-2a197637a8a7" />
      <TestMethod codeBase="c:/projects/Riak.Client/Riak.Tests/bin/Debug/Riak.Tests.DLL" adapterTypeName="Microsoft.VisualStudio.TestTools.TestTypes.Unit.UnitTestAdapter, Microsoft.VisualStudio.QualityTools.Tips.UnitTest.Adapter, Version=10.0.0.0, Culture=neutral, PublicKeyToken=b03f5f7f11d50a3a" className="Riak.Tests.LinkTests, Riak.Tests, Version=1.0.0.0, Culture=neutral, PublicKeyToken=null" name="LinkFollowing" />
    </UnitTest>
    <UnitTest name="DeleteMissingKeys" storage="c:\projects\riak.client\riak.tests\bin\debug\riak.tests.dll" id="8adbc453-a093-0889-b145-79d2f69be902">
      <Execution id="3989f05d-bf21-4243-bdc0-c9360a4da10a" />
      <TestMethod codeBase="c:/projects/Riak.Client/Riak.Tests/bin/Debug/Riak.Tests.DLL" adapterTypeName="Microsoft.VisualStudio.TestTools.TestTypes.Unit.UnitTestAdapter, Microsoft.VisualStudio.QualityTools.Tips.UnitTest.Adapter, Version=10.0.0.0, Culture=neutral, PublicKeyToken=b03f5f7f11d50a3a" className="Riak.Tests.BucketTests, Riak.Tests, Version=1.0.0.0, Culture=neutral, PublicKeyToken=null" name="DeleteMissingKeys" />
    </UnitTest>
    <UnitTest name="ConflictOnNonMultiBucket" storage="c:\projects\riak.client\riak.tests\bin\debug\riak.tests.dll" id="06a22416-08af-c0dc-b70f-5cec4761aa09">
      <Execution id="98ef06c2-08fd-4fce-abb3-bafc18ad9c18" />
      <TestMethod codeBase="c:/projects/Riak.Client/Riak.Tests/bin/Debug/Riak.Tests.DLL" adapterTypeName="Microsoft.VisualStudio.TestTools.TestTypes.Unit.UnitTestAdapter, Microsoft.VisualStudio.QualityTools.Tips.UnitTest.Adapter, Version=10.0.0.0, Culture=neutral, PublicKeyToken=b03f5f7f11d50a3a" className="Riak.Tests.BucketTests, Riak.Tests, Version=1.0.0.0, Culture=neutral, PublicKeyToken=null" name="ConflictOnNonMultiBucket" />
    </UnitTest>
    <UnitTest name="LinkOnNewKeyExistsAndParses" storage="c:\projects\riak.client\riak.tests\bin\debug\riak.tests.dll" id="cb4b29f5-c7d3-2010-bb43-cecc9f41c474">
      <Execution id="b4f9a712-e1be-41b4-8c3c-0e34615459cb" />
      <TestMethod codeBase="c:/projects/Riak.Client/Riak.Tests/bin/Debug/Riak.Tests.DLL" adapterTypeName="Microsoft.VisualStudio.TestTools.TestTypes.Unit.UnitTestAdapter, Microsoft.VisualStudio.QualityTools.Tips.UnitTest.Adapter, Version=10.0.0.0, Culture=neutral, PublicKeyToken=b03f5f7f11d50a3a" className="Riak.Tests.LinkTests, Riak.Tests, Version=1.0.0.0, Culture=neutral, PublicKeyToken=null" name="LinkOnNewKeyExistsAndParses" />
    </UnitTest>
  </TestDefinitions>
  <TestLists>
    <TestList name="Results Not in a List" id="8c84fa94-04c1-424b-9868-57a2d4851a1d" />
    <TestList name="All Loaded Results" id="19431567-8539-422a-85d7-44ee4e166bda" />
  </TestLists>
  <TestEntries>
    <TestEntry testId="86d01318-0230-9e62-826b-6c3385d23407" executionId="d901c875-1f2d-4e17-bdcd-fddcbf626c86" testListId="8c84fa94-04c1-424b-9868-57a2d4851a1d" />
    <TestEntry testId="cb4b29f5-c7d3-2010-bb43-cecc9f41c474" executionId="b4f9a712-e1be-41b4-8c3c-0e34615459cb" testListId="8c84fa94-04c1-424b-9868-57a2d4851a1d" />
    <TestEntry testId="80c6668e-527f-7ce0-c7fa-d368165124a1" executionId="43755032-46d7-4c4f-a1f1-cf97a400da65" testListId="8c84fa94-04c1-424b-9868-57a2d4851a1d" />
    <TestEntry testId="58939138-4342-8e72-2f65-c6ec6d5362d3" executionId="a23c2a78-c64d-4aa7-a965-ff2c92477451" testListId="8c84fa94-04c1-424b-9868-57a2d4851a1d" />
    <TestEntry testId="8bc468f8-eee0-673a-92b7-930506440e84" executionId="2048df02-4daa-4f12-b983-8979e034a9d5" testListId="8c84fa94-04c1-424b-9868-57a2d4851a1d" />
    <TestEntry testId="8adbc453-a093-0889-b145-79d2f69be902" executionId="3989f05d-bf21-4243-bdc0-c9360a4da10a" testListId="8c84fa94-04c1-424b-9868-57a2d4851a1d" />
    <TestEntry testId="7a71b779-6444-5633-f109-dc2d069ca31b" executionId="0d43cd7a-1d7e-48ad-8074-39e0f237f43d" testListId="8c84fa94-04c1-424b-9868-57a2d4851a1d" />
    <TestEntry testId="d9c44692-30b5-c679-747b-7d385a54ef67" executionId="794ba3f4-f3fc-48a2-9682-06f5af07f10d" testListId="8c84fa94-04c1-424b-9868-57a2d4851a1d" />
    <TestEntry testId="4ad0d6cc-b6bb-6b71-fab7-7bd0c1927a9f" executionId="284879ac-e2c9-4c6d-b7fa-447c95c1bc73" testListId="8c84fa94-04c1-424b-9868-57a2d4851a1d" />
    <TestEntry testId="30d12b1b-aa49-8c08-bd4a-866243aceb48" executionId="ce897b1c-9f97-4c1d-8106-b89b792ae0d6" testListId="8c84fa94-04c1-424b-9868-57a2d4851a1d" />
    <TestEntry testId="4312a9d7-4905-c365-94ac-da54845d713f" executionId="8b74fb7c-c9c0-43f1-9c20-581a11d7cfe5" testListId="8c84fa94-04c1-424b-9868-57a2d4851a1d" />
    <TestEntry testId="beae7429-a6a2-4b8b-91b8-2242ec45c77a" executionId="89c829f7-dc8b-4b15-afd5-1417fe4e6480" testListId="8c84fa94-04c1-424b-9868-57a2d4851a1d" />
    <TestEntry testId="e59f5b3d-3a7c-4505-e293-67664a703224" executionId="5791e1cd-6211-49dd-b5f0-2a197637a8a7" testListId="8c84fa94-04c1-424b-9868-57a2d4851a1d" />
    <TestEntry testId="06a22416-08af-c0dc-b70f-5cec4761aa09" executionId="98ef06c2-08fd-4fce-abb3-bafc18ad9c18" testListId="8c84fa94-04c1-424b-9868-57a2d4851a1d" />
    <TestEntry testId="ecb7a2ec-95c2-bcd4-9208-598a9a8227f1" executionId="43684229-7b66-4088-96de-f4e95833e53b" testListId="8c84fa94-04c1-424b-9868-57a2d4851a1d" />
    <TestEntry testId="d79ef6f9-4e22-e7f6-a37e-b0e7a8cab61d" executionId="dd41accf-0bbe-4886-ad39-e9def25daf99" testListId="8c84fa94-04c1-424b-9868-57a2d4851a1d" />
    <TestEntry testId="33d4d279-34bd-6d5a-280e-4b82973def51" executionId="e4e1e579-1be1-4eee-9945-0841368d0dd9" testListId="8c84fa94-04c1-424b-9868-57a2d4851a1d" />
  </TestEntries>
  <Results>
    <UnitTestResult executionId="d901c875-1f2d-4e17-bdcd-fddcbf626c86" testId="86d01318-0230-9e62-826b-6c3385d23407" testName="LinkOddlyFormedIsParsedAndNormalized" computerName="HORVICKW7" duration="00:00:00.6218699" startTime="2010-03-20T18:33:10.2663957-04:00" endTime="2010-03-20T18:33:29.8245144-04:00" testType="13cdc9d9-ddb5-4fa4-a97d-d965ccfc6d4b" outcome="Passed" testListId="8c84fa94-04c1-424b-9868-57a2d4851a1d" relativeResultsDirectory="d901c875-1f2d-4e17-bdcd-fddcbf626c86">
    </UnitTestResult>
    <UnitTestResult executionId="b4f9a712-e1be-41b4-8c3c-0e34615459cb" testId="cb4b29f5-c7d3-2010-bb43-cecc9f41c474" testName="LinkOnNewKeyExistsAndParses" computerName="HORVICKW7" duration="00:00:02.6258734" startTime="2010-03-20T18:33:29.8315148-04:00" endTime="2010-03-20T18:33:32.4696657-04:00" testType="13cdc9d9-ddb5-4fa4-a97d-d965ccfc6d4b" outcome="Passed" testListId="8c84fa94-04c1-424b-9868-57a2d4851a1d" relativeResultsDirectory="b4f9a712-e1be-41b4-8c3c-0e34615459cb">
      <Output>
        <DebugTrace>GET: http://192.168.137.50:8098/riak/BucketTest
HEAD: http://192.168.137.50:8098/riak/BucketTest/StringKey
X-Riak-Vclock: a85hYGBgzGDKBVIsTNtv8WQwJTLmsTKcmiB5lC8LAA==
Link: 
PUT: http://192.168.137.50:8098/riak/BucketTest/StringKey
HEAD: http://192.168.137.50:8098/riak/BucketTest/StringKey
GET: http://192.168.137.50:8098/riak/BucketTest/StringKey
HEAD: http://192.168.137.50:8098/riak/BucketTest/StringKey
</DebugTrace>
      </Output>
    </UnitTestResult>
    <UnitTestResult executionId="43755032-46d7-4c4f-a1f1-cf97a400da65" testId="80c6668e-527f-7ce0-c7fa-d368165124a1" testName="LinkCollectionOperationalTests" computerName="HORVICKW7" duration="00:00:00.0033099" startTime="2010-03-20T18:33:32.4796662-04:00" endTime="2010-03-20T18:33:32.4936670-04:00" testType="13cdc9d9-ddb5-4fa4-a97d-d965ccfc6d4b" outcome="Passed" testListId="8c84fa94-04c1-424b-9868-57a2d4851a1d" relativeResultsDirectory="43755032-46d7-4c4f-a1f1-cf97a400da65">
    </UnitTestResult>
    <UnitTestResult executionId="a23c2a78-c64d-4aa7-a965-ff2c92477451" testId="58939138-4342-8e72-2f65-c6ec6d5362d3" testName="SaveAStringKeyValue" computerName="HORVICKW7" duration="00:00:00.3467665" startTime="2010-03-20T18:33:32.5016675-04:00" endTime="2010-03-20T18:33:32.8596880-04:00" testType="13cdc9d9-ddb5-4fa4-a97d-d965ccfc6d4b" outcome="Passed" testListId="8c84fa94-04c1-424b-9868-57a2d4851a1d" relativeResultsDirectory="a23c2a78-c64d-4aa7-a965-ff2c92477451">
      <Output>
        <DebugTrace>GET: http://192.168.137.50:8098/riak/BucketTest
HEAD: http://192.168.137.50:8098/riak/BucketTest/StringKey
X-Riak-Vclock: a85hYGBgymDKBVIsTNtv8WQwJTLmsTKcmiB5lA8qzODnGAwVtjkJFM4CAA==
Link: 
PUT: http://192.168.137.50:8098/riak/BucketTest/StringKey
HEAD: http://192.168.137.50:8098/riak/BucketTest/StringKey
GET: http://192.168.137.50:8098/riak/BucketTest/StringKey
</DebugTrace>
      </Output>
    </UnitTestResult>
    <UnitTestResult executionId="2048df02-4daa-4f12-b983-8979e034a9d5" testId="8bc468f8-eee0-673a-92b7-930506440e84" testName="LinkRoundTripping" computerName="HORVICKW7" duration="00:00:00.0011056" startTime="2010-03-20T18:33:32.8676884-04:00" endTime="2010-03-20T18:33:32.8796891-04:00" testType="13cdc9d9-ddb5-4fa4-a97d-d965ccfc6d4b" outcome="Passed" testListId="8c84fa94-04c1-424b-9868-57a2d4851a1d" relativeResultsDirectory="2048df02-4daa-4f12-b983-8979e034a9d5">
    </UnitTestResult>
    <UnitTestResult executionId="3989f05d-bf21-4243-bdc0-c9360a4da10a" testId="8adbc453-a093-0889-b145-79d2f69be902" testName="DeleteMissingKeys" computerName="HORVICKW7" duration="00:00:01.3390556" startTime="2010-03-20T18:33:32.8896897-04:00" endTime="2010-03-20T18:33:34.2417670-04:00" testType="13cdc9d9-ddb5-4fa4-a97d-d965ccfc6d4b" outcome="Passed" testListId="8c84fa94-04c1-424b-9868-57a2d4851a1d" relativeResultsDirectory="3989f05d-bf21-4243-bdc0-c9360a4da10a">
      <Output>
        <DebugTrace>GET: http://192.168.137.50:8098/riak/BucketTest
HEAD: http://192.168.137.50:8098/riak/BucketTest/0
PUT: http://192.168.137.50:8098/riak/BucketTest/0
HEAD: http://192.168.137.50:8098/riak/BucketTest/0
HEAD: http://192.168.137.50:8098/riak/BucketTest/1
PUT: http://192.168.137.50:8098/riak/BucketTest/1
HEAD: http://192.168.137.50:8098/riak/BucketTest/1
HEAD: http://192.168.137.50:8098/riak/BucketTest/2
PUT: http://192.168.137.50:8098/riak/BucketTest/2
HEAD: http://192.168.137.50:8098/riak/BucketTest/2
HEAD: http://192.168.137.50:8098/riak/BucketTest/3
PUT: http://192.168.137.50:8098/riak/BucketTest/3
HEAD: http://192.168.137.50:8098/riak/BucketTest/3
HEAD: http://192.168.137.50:8098/riak/BucketTest/4
PUT: http://192.168.137.50:8098/riak/BucketTest/4
HEAD: http://192.168.137.50:8098/riak/BucketTest/4
HEAD: http://192.168.137.50:8098/riak/BucketTest/5
PUT: http://192.168.137.50:8098/riak/BucketTest/5
HEAD: http://192.168.137.50:8098/riak/BucketTest/5
HEAD: http://192.168.137.50:8098/riak/BucketTest/6
PUT: http://192.168.137.50:8098/riak/BucketTest/6
HEAD: http://192.168.137.50:8098/riak/BucketTest/6
HEAD: http://192.168.137.50:8098/riak/BucketTest/7
PUT: http://192.168.137.50:8098/riak/BucketTest/7
HEAD: http://192.168.137.50:8098/riak/BucketTest/7
HEAD: http://192.168.137.50:8098/riak/BucketTest/8
PUT: http://192.168.137.50:8098/riak/BucketTest/8
HEAD: http://192.168.137.50:8098/riak/BucketTest/8
HEAD: http://192.168.137.50:8098/riak/BucketTest/9
PUT: http://192.168.137.50:8098/riak/BucketTest/9
HEAD: http://192.168.137.50:8098/riak/BucketTest/9
GET: http://192.168.137.50:8098/riak/BucketTest
HEAD: http://192.168.137.50:8098/riak/BucketTest/0
X-Riak-Vclock: a85hYGBgzGDKBVIsTJkqxzOYEhnzWBlsT0oe5csCAA==
DELETE: http://192.168.137.50:8098/riak/BucketTest/0
X-Riak-Vclock: a85hYGBgzGDKBVIsTJkqxzOYEhnzWBlsT0oe5csCAA==
DELETE: http://192.168.137.50:8098/riak/BucketTest/0
HEAD: http://192.168.137.50:8098/riak/BucketTest/1
X-Riak-Vclock: a85hYGBgzGDKBVIsTJkqxzOYEhnzWBlsT0oe5csCAA==
DELETE: http://192.168.137.50:8098/riak/BucketTest/1
X-Riak-Vclock: a85hYGBgzGDKBVIsTJkqxzOYEhnzWBlsT0oe5csCAA==
DELETE: http://192.168.137.50:8098/riak/BucketTest/1
HEAD: http://192.168.137.50:8098/riak/BucketTest/2
X-Riak-Vclock: a85hYGBgzGDKBVIsTJkqxzOYEhnzWBlsT0oe5csCAA==
DELETE: http://192.168.137.50:8098/riak/BucketTest/2
X-Riak-Vclock: a85hYGBgzGDKBVIsTJkqxzOYEhnzWBlsT0oe5csCAA==
DELETE: http://192.168.137.50:8098/riak/BucketTest/2
HEAD: http://192.168.137.50:8098/riak/BucketTest/3
X-Riak-Vclock: a85hYGBgzGDKBVIsTJkqxzOYEhnzWBlsT0oe5csCAA==
DELETE: http://192.168.137.50:8098/riak/BucketTest/3
X-Riak-Vclock: a85hYGBgzGDKBVIsTJkqxzOYEhnzWBlsT0oe5csCAA==
DELETE: http://192.168.137.50:8098/riak/BucketTest/3
HEAD: http://192.168.137.50:8098/riak/BucketTest/4
X-Riak-Vclock: a85hYGBgzGDKBVIsTJkqxzOYEhnzWBlsT0oe5csCAA==
DELETE: http://192.168.137.50:8098/riak/BucketTest/4
X-Riak-Vclock: a85hYGBgzGDKBVIsTJkqxzOYEhnzWBlsT0oe5csCAA==
DELETE: http://192.168.137.50:8098/riak/BucketTest/4
HEAD: http://192.168.137.50:8098/riak/BucketTest/5
X-Riak-Vclock: a85hYGBgzGDKBVIsTJkqxzOYEhnzWBlsT0oe5csCAA==
DELETE: http://192.168.137.50:8098/riak/BucketTest/5
X-Riak-Vclock: a85hYGBgzGDKBVIsTJkqxzOYEhnzWBlsT0oe5csCAA==
DELETE: http://192.168.137.50:8098/riak/BucketTest/5
HEAD: http://192.168.137.50:8098/riak/BucketTest/6
X-Riak-Vclock: a85hYGBgzGDKBVIsTJkqxzOYEhnzWBlsT0oe5csCAA==
DELETE: http://192.168.137.50:8098/riak/BucketTest/6
X-Riak-Vclock: a85hYGBgzGDKBVIsTJkqxzOYEhnzWBlsT0oe5csCAA==
DELETE: http://192.168.137.50:8098/riak/BucketTest/6
HEAD: http://192.168.137.50:8098/riak/BucketTest/7
X-Riak-Vclock: a85hYGBgzGDKBVIsTJkqxzOYEhnzWBlsT0oe5csCAA==
DELETE: http://192.168.137.50:8098/riak/BucketTest/7
X-Riak-Vclock: a85hYGBgzGDKBVIsTJkqxzOYEhnzWBlsT0oe5csCAA==
DELETE: http://192.168.137.50:8098/riak/BucketTest/7
HEAD: http://192.168.137.50:8098/riak/BucketTest/8
X-Riak-Vclock: a85hYGBgzGDKBVIsTJkqxzOYEhnzWBlsT0oe5csCAA==
DELETE: http://192.168.137.50:8098/riak/BucketTest/8
X-Riak-Vclock: a85hYGBgzGDKBVIsTJkqxzOYEhnzWBlsT0oe5csCAA==
DELETE: http://192.168.137.50:8098/riak/BucketTest/8
HEAD: http://192.168.137.50:8098/riak/BucketTest/9
X-Riak-Vclock: a85hYGBgzGDKBVIsTJkqxzOYEhnzWBlsT0oe5csCAA==
DELETE: http://192.168.137.50:8098/riak/BucketTest/9
X-Riak-Vclock: a85hYGBgzGDKBVIsTJkqxzOYEhnzWBlsT0oe5csCAA==
DELETE: http://192.168.137.50:8098/riak/BucketTest/9
HEAD: http://192.168.137.50:8098/riak/BucketTest/0
DELETE: http://192.168.137.50:8098/riak/BucketTest/0
HEAD: http://192.168.137.50:8098/riak/BucketTest/1
DELETE: http://192.168.137.50:8098/riak/BucketTest/1
HEAD: http://192.168.137.50:8098/riak/BucketTest/2
DELETE: http://192.168.137.50:8098/riak/BucketTest/2
HEAD: http://192.168.137.50:8098/riak/BucketTest/3
DELETE: http://192.168.137.50:8098/riak/BucketTest/3
HEAD: http://192.168.137.50:8098/riak/BucketTest/4
DELETE: http://192.168.137.50:8098/riak/BucketTest/4
HEAD: http://192.168.137.50:8098/riak/BucketTest/5
DELETE: http://192.168.137.50:8098/riak/BucketTest/5
HEAD: http://192.168.137.50:8098/riak/BucketTest/6
DELETE: http://192.168.137.50:8098/riak/BucketTest/6
HEAD: http://192.168.137.50:8098/riak/BucketTest/7
DELETE: http://192.168.137.50:8098/riak/BucketTest/7
HEAD: http://192.168.137.50:8098/riak/BucketTest/8
DELETE: http://192.168.137.50:8098/riak/BucketTest/8
HEAD: http://192.168.137.50:8098/riak/BucketTest/9
DELETE: http://192.168.137.50:8098/riak/BucketTest/9
</DebugTrace>
      </Output>
    </UnitTestResult>
    <UnitTestResult executionId="0d43cd7a-1d7e-48ad-8074-39e0f237f43d" testId="7a71b779-6444-5633-f109-dc2d069ca31b" testName="GetAllSiblingsOnConflict" computerName="HORVICKW7" duration="00:00:00.4756885" startTime="2010-03-20T18:33:34.2477674-04:00" endTime="2010-03-20T18:33:34.7327951-04:00" testType="13cdc9d9-ddb5-4fa4-a97d-d965ccfc6d4b" outcome="Passed" testListId="8c84fa94-04c1-424b-9868-57a2d4851a1d" relativeResultsDirectory="0d43cd7a-1d7e-48ad-8074-39e0f237f43d">
      <Output>
        <DebugTrace>GET: http://192.168.137.50:8098/riak/ConflictOnAllowMultiBucket
PUT: http://192.168.137.50:8098/riak/ConflictOnAllowMultiBucket
HEAD: http://192.168.137.50:8098/riak/ConflictOnAllowMultiBucket/807e8daa-ebd8-4fcc-8829-d0e4985e838b
PUT: http://192.168.137.50:8098/riak/ConflictOnAllowMultiBucket/807e8daa-ebd8-4fcc-8829-d0e4985e838b
HEAD: http://192.168.137.50:8098/riak/ConflictOnAllowMultiBucket/807e8daa-ebd8-4fcc-8829-d0e4985e838b
HEAD: http://192.168.137.50:8098/riak/ConflictOnAllowMultiBucket/807e8daa-ebd8-4fcc-8829-d0e4985e838b
GET: http://192.168.137.50:8098/riak/ConflictOnAllowMultiBucket/807e8daa-ebd8-4fcc-8829-d0e4985e838b
HEAD: http://192.168.137.50:8098/riak/ConflictOnAllowMultiBucket/807e8daa-ebd8-4fcc-8829-d0e4985e838b
GET: http://192.168.137.50:8098/riak/ConflictOnAllowMultiBucket/807e8daa-ebd8-4fcc-8829-d0e4985e838b
X-Riak-Vclock: a85hYGBgzGDKBVIszMfOXclgSmTMY2WwOyl5lC8LAA==
Link: 
PUT: http://192.168.137.50:8098/riak/ConflictOnAllowMultiBucket/807e8daa-ebd8-4fcc-8829-d0e4985e838b
HEAD: http://192.168.137.50:8098/riak/ConflictOnAllowMultiBucket/807e8daa-ebd8-4fcc-8829-d0e4985e838b
X-Riak-Vclock: a85hYGBgzGDKBVIszMfOXclgSmTMY2WwOyl5lC8LAA==
Link: 
PUT: http://192.168.137.50:8098/riak/ConflictOnAllowMultiBucket/807e8daa-ebd8-4fcc-8829-d0e4985e838b
HEAD: http://192.168.137.50:8098/riak/ConflictOnAllowMultiBucket/807e8daa-ebd8-4fcc-8829-d0e4985e838b
HEAD: http://192.168.137.50:8098/riak/ConflictOnAllowMultiBucket/807e8daa-ebd8-4fcc-8829-d0e4985e838b
HEAD: http://192.168.137.50:8098/riak/ConflictOnAllowMultiBucket/807e8daa-ebd8-4fcc-8829-d0e4985e838b
HEAD: http://192.168.137.50:8098/riak/ConflictOnAllowMultiBucket/807e8daa-ebd8-4fcc-8829-d0e4985e838b
GET: http://192.168.137.50:8098/riak/ConflictOnAllowMultiBucket/807e8daa-ebd8-4fcc-8829-d0e4985e838b
HEAD: http://192.168.137.50:8098/riak/ConflictOnAllowMultiBucket/807e8daa-ebd8-4fcc-8829-d0e4985e838b?vtag=IZNPu92SSMlnPE2fhxCG9
HEAD: http://192.168.137.50:8098/riak/ConflictOnAllowMultiBucket/807e8daa-ebd8-4fcc-8829-d0e4985e838b?vtag=IZNPu92SSMlnPE2fhxCG9
GET: http://192.168.137.50:8098/riak/ConflictOnAllowMultiBucket/807e8daa-ebd8-4fcc-8829-d0e4985e838b?vtag=IZNPu92SSMlnPE2fhxCG9
GET: http://192.168.137.50:8098/riak/ConflictOnAllowMultiBucket/807e8daa-ebd8-4fcc-8829-d0e4985e838b?vtag=IZNPu92SSMlnPE2fhxCG9
</DebugTrace>
      </Output>
    </UnitTestResult>
    <UnitTestResult executionId="794ba3f4-f3fc-48a2-9682-06f5af07f10d" testId="d9c44692-30b5-c679-747b-7d385a54ef67" testName="LinkWithUnknownParameters" computerName="HORVICKW7" duration="00:00:00.0008409" startTime="2010-03-20T18:33:34.7437957-04:00" endTime="2010-03-20T18:33:34.7617968-04:00" testType="13cdc9d9-ddb5-4fa4-a97d-d965ccfc6d4b" outcome="Passed" testListId="8c84fa94-04c1-424b-9868-57a2d4851a1d" relativeResultsDirectory="794ba3f4-f3fc-48a2-9682-06f5af07f10d">
    </UnitTestResult>
    <UnitTestResult executionId="284879ac-e2c9-4c6d-b7fa-447c95c1bc73" testId="4ad0d6cc-b6bb-6b71-fab7-7bd0c1927a9f" testName="SaveABinaryKeyValue" computerName="HORVICKW7" duration="00:00:00.3022567" startTime="2010-03-20T18:33:34.7707973-04:00" endTime="2010-03-20T18:33:35.0938158-04:00" testType="13cdc9d9-ddb5-4fa4-a97d-d965ccfc6d4b" outcome="Passed" testListId="8c84fa94-04c1-424b-9868-57a2d4851a1d" relativeResultsDirectory="284879ac-e2c9-4c6d-b7fa-447c95c1bc73">
      <Output>
        <DebugTrace>GET: http://192.168.137.50:8098/riak/BucketTest
HEAD: http://192.168.137.50:8098/riak/BucketTest/BinaryKey
PUT: http://192.168.137.50:8098/riak/BucketTest/BinaryKey
HEAD: http://192.168.137.50:8098/riak/BucketTest/BinaryKey
GET: http://192.168.137.50:8098/riak/BucketTest/BinaryKey
HEAD: http://192.168.137.50:8098/riak/BucketTest/BinaryKey
</DebugTrace>
      </Output>
    </UnitTestResult>
    <UnitTestResult executionId="ce897b1c-9f97-4c1d-8106-b89b792ae0d6" testId="30d12b1b-aa49-8c08-bd4a-866243aceb48" testName="LinkWithRelationalUri" computerName="HORVICKW7" duration="00:00:00.0009055" startTime="2010-03-20T18:33:35.1038163-04:00" endTime="2010-03-20T18:33:35.1158170-04:00" testType="13cdc9d9-ddb5-4fa4-a97d-d965ccfc6d4b" outcome="Passed" testListId="8c84fa94-04c1-424b-9868-57a2d4851a1d" relativeResultsDirectory="ce897b1c-9f97-4c1d-8106-b89b792ae0d6">
    </UnitTestResult>
    <UnitTestResult executionId="8b74fb7c-c9c0-43f1-9c20-581a11d7cfe5" testId="4312a9d7-4905-c365-94ac-da54845d713f" testName="GetAllTextData" computerName="HORVICKW7" duration="00:00:01.1815714" startTime="2010-03-20T18:33:35.1268176-04:00" endTime="2010-03-20T18:33:36.3408871-04:00" testType="13cdc9d9-ddb5-4fa4-a97d-d965ccfc6d4b" outcome="Failed" testListId="8c84fa94-04c1-424b-9868-57a2d4851a1d" relativeResultsDirectory="8b74fb7c-c9c0-43f1-9c20-581a11d7cfe5">
      <Output>
        <DebugTrace>GET: http://192.168.137.50:8098/riak/f34d3e2f-7033-4826-bfc9-0024fb7a5719
PUT: http://192.168.137.50:8098/riak/f34d3e2f-7033-4826-bfc9-0024fb7a5719
HEAD: http://192.168.137.50:8098/riak/f34d3e2f-7033-4826-bfc9-0024fb7a5719/AllTextKey
HEAD: http://192.168.137.50:8098/riak/f34d3e2f-7033-4826-bfc9-0024fb7a5719/AllTextKey
HEAD: http://192.168.137.50:8098/riak/f34d3e2f-7033-4826-bfc9-0024fb7a5719/AllTextKey
HEAD: http://192.168.137.50:8098/riak/f34d3e2f-7033-4826-bfc9-0024fb7a5719/AllTextKey
PUT: http://192.168.137.50:8098/riak/f34d3e2f-7033-4826-bfc9-0024fb7a5719/AllTextKey
HEAD: http://192.168.137.50:8098/riak/f34d3e2f-7033-4826-bfc9-0024fb7a5719/AllTextKey
PUT: http://192.168.137.50:8098/riak/f34d3e2f-7033-4826-bfc9-0024fb7a5719/AllTextKey
HEAD: http://192.168.137.50:8098/riak/f34d3e2f-7033-4826-bfc9-0024fb7a5719/AllTextKey
PUT: http://192.168.137.50:8098/riak/f34d3e2f-7033-4826-bfc9-0024fb7a5719/AllTextKey
HEAD: http://192.168.137.50:8098/riak/f34d3e2f-7033-4826-bfc9-0024fb7a5719/AllTextKey
PUT: http://192.168.137.50:8098/riak/f34d3e2f-7033-4826-bfc9-0024fb7a5719/AllTextKey
HEAD: http://192.168.137.50:8098/riak/f34d3e2f-7033-4826-bfc9-0024fb7a5719/AllTextKey
GET: http://192.168.137.50:8098/riak/f34d3e2f-7033-4826-bfc9-0024fb7a5719
GET: http://192.168.137.50:8098/riak/f34d3e2f-7033-4826-bfc9-0024fb7a5719/AllTextKey
</DebugTrace>
        <ErrorInfo>
          <Message>Test method Riak.Tests.MultiPartResponseTests.GetAllTextData threw exception: 
System.NotImplementedException: The method or operation is not implemented.</Message>
          <StackTrace>    at Riak.Client.Bucket.LoadSiblingObjects(RiakHttpResponse response, String keyName) in c:\projects\Riak.Client\Riak.Client\Bucket.cs:line 126
   at Riak.Client.Bucket.GetAll(String keyName, Boolean lazy) in c:\projects\Riak.Client\Riak.Client\Bucket.cs:line 114
   at Riak.Tests.MultiPartResponseTests.GetAllTextData() in c:\projects\Riak.Client\Riak.Tests\MultiPartResponseTests.cs:line 55
</StackTrace>
        </ErrorInfo>
      </Output>
    </UnitTestResult>
    <UnitTestResult executionId="89c829f7-dc8b-4b15-afd5-1417fe4e6480" testId="beae7429-a6a2-4b8b-91b8-2242ec45c77a" testName="ConflictOnAllowMultiBucket" computerName="HORVICKW7" duration="00:00:00.4040875" startTime="2010-03-20T18:33:36.3468874-04:00" endTime="2010-03-20T18:33:36.7769120-04:00" testType="13cdc9d9-ddb5-4fa4-a97d-d965ccfc6d4b" outcome="Passed" testListId="8c84fa94-04c1-424b-9868-57a2d4851a1d" relativeResultsDirectory="89c829f7-dc8b-4b15-afd5-1417fe4e6480">
      <Output>
        <DebugTrace>GET: http://192.168.137.50:8098/riak/ConflictOnAllowMultiBucket
PUT: http://192.168.137.50:8098/riak/ConflictOnAllowMultiBucket
HEAD: http://192.168.137.50:8098/riak/ConflictOnAllowMultiBucket/90d4e1c7-fb2e-472a-b93e-1cca613407b4
PUT: http://192.168.137.50:8098/riak/ConflictOnAllowMultiBucket/90d4e1c7-fb2e-472a-b93e-1cca613407b4
HEAD: http://192.168.137.50:8098/riak/ConflictOnAllowMultiBucket/90d4e1c7-fb2e-472a-b93e-1cca613407b4
HEAD: http://192.168.137.50:8098/riak/ConflictOnAllowMultiBucket/90d4e1c7-fb2e-472a-b93e-1cca613407b4
GET: http://192.168.137.50:8098/riak/ConflictOnAllowMultiBucket/90d4e1c7-fb2e-472a-b93e-1cca613407b4
HEAD: http://192.168.137.50:8098/riak/ConflictOnAllowMultiBucket/90d4e1c7-fb2e-472a-b93e-1cca613407b4
GET: http://192.168.137.50:8098/riak/ConflictOnAllowMultiBucket/90d4e1c7-fb2e-472a-b93e-1cca613407b4
X-Riak-Vclock: a85hYGBgzGDKBVIsjFmTRDKYEhnzWBkcTkoe5csCAA==
Link: 
PUT: http://192.168.137.50:8098/riak/ConflictOnAllowMultiBucket/90d4e1c7-fb2e-472a-b93e-1cca613407b4
HEAD: http://192.168.137.50:8098/riak/ConflictOnAllowMultiBucket/90d4e1c7-fb2e-472a-b93e-1cca613407b4
X-Riak-Vclock: a85hYGBgzGDKBVIsjFmTRDKYEhnzWBkcTkoe5csCAA==
Link: 
PUT: http://192.168.137.50:8098/riak/ConflictOnAllowMultiBucket/90d4e1c7-fb2e-472a-b93e-1cca613407b4
HEAD: http://192.168.137.50:8098/riak/ConflictOnAllowMultiBucket/90d4e1c7-fb2e-472a-b93e-1cca613407b4
HEAD: http://192.168.137.50:8098/riak/ConflictOnAllowMultiBucket/90d4e1c7-fb2e-472a-b93e-1cca613407b4
HEAD: http://192.168.137.50:8098/riak/ConflictOnAllowMultiBucket/90d4e1c7-fb2e-472a-b93e-1cca613407b4
HEAD: http://192.168.137.50:8098/riak/ConflictOnAllowMultiBucket/90d4e1c7-fb2e-472a-b93e-1cca613407b4
</DebugTrace>
      </Output>
    </UnitTestResult>
    <UnitTestResult executionId="5791e1cd-6211-49dd-b5f0-2a197637a8a7" testId="e59f5b3d-3a7c-4505-e293-67664a703224" testName="LinkFollowing" computerName="HORVICKW7" duration="00:00:00.8726391" startTime="2010-03-20T18:33:36.7879127-04:00" endTime="2010-03-20T18:33:37.6709632-04:00" testType="13cdc9d9-ddb5-4fa4-a97d-d965ccfc6d4b" outcome="Passed" testListId="8c84fa94-04c1-424b-9868-57a2d4851a1d" relativeResultsDirectory="5791e1cd-6211-49dd-b5f0-2a197637a8a7">
      <Output>
        <DebugTrace>GET: http://192.168.137.50:8098/riak/Artist
HEAD: http://192.168.137.50:8098/riak/Artist/Miles%20Davis
X-Riak-Vclock: a85hYGBgzGDKBVIsbF94Z2QwJTLlsTKcniB5lC8LAA==
DELETE: http://192.168.137.50:8098/riak/Artist/Miles%20Davis
HEAD: http://192.168.137.50:8098/riak/Artist/Miles%20Davis
PUT: http://192.168.137.50:8098/riak/Artist/Miles%20Davis
HEAD: http://192.168.137.50:8098/riak/Artist/Miles%20Davis
HEAD: http://192.168.137.50:8098/riak/Artist/Miles%20Davis
GET: http://192.168.137.50:8098/riak/Album
HEAD: http://192.168.137.50:8098/riak/Album/Dig
X-Riak-Vclock: a85hYGBgzGDKBVIsbF94Z2QwJTLlsTKcniB5lC8LAA==
DELETE: http://192.168.137.50:8098/riak/Album/Dig
HEAD: http://192.168.137.50:8098/riak/Album/Conception
X-Riak-Vclock: a85hYGBgzGDKBVIsbF94Z2QwJTLlsTKcniB5lC8LAA==
DELETE: http://192.168.137.50:8098/riak/Album/Conception
HEAD: http://192.168.137.50:8098/riak/Album/Blue
X-Riak-Vclock: a85hYGBgzWDKBVIsbF94Z2QwJTLlsTKcniB5lA8izNacxPozaSZQghEowXUQLsHC8n+lHRZhxpqdLVBhnYPIxjD9vnYYWSILAA==
DELETE: http://192.168.137.50:8098/riak/Album/Blue
HEAD: http://192.168.137.50:8098/riak/Album/Kind%20of%20Blue
X-Riak-Vclock: a85hYGBgzGDKBVIsbF94Z2QwJTLlsTKcniB5lC8LAA==
DELETE: http://192.168.137.50:8098/riak/Album/Kind%20of%20Blue
HEAD: http://192.168.137.50:8098/riak/Album/Kind%20of%20Blue
PUT: http://192.168.137.50:8098/riak/Album/Kind%20of%20Blue
HEAD: http://192.168.137.50:8098/riak/Album/Kind%20of%20Blue
HEAD: http://192.168.137.50:8098/riak/Album/Kind%20of%20Blue
HEAD: http://192.168.137.50:8098/riak/Album/Conception
PUT: http://192.168.137.50:8098/riak/Album/Conception
HEAD: http://192.168.137.50:8098/riak/Album/Conception
HEAD: http://192.168.137.50:8098/riak/Album/Conception
HEAD: http://192.168.137.50:8098/riak/Album/Blue
PUT: http://192.168.137.50:8098/riak/Album/Blue
HEAD: http://192.168.137.50:8098/riak/Album/Blue
HEAD: http://192.168.137.50:8098/riak/Album/Blue
HEAD: http://192.168.137.50:8098/riak/Album/Dig
PUT: http://192.168.137.50:8098/riak/Album/Dig
HEAD: http://192.168.137.50:8098/riak/Album/Dig
HEAD: http://192.168.137.50:8098/riak/Album/Dig
X-Riak-Vclock: a85hYGBgzGDKBVIsjLKXjDOYEhnzWBkcT0oe5csCAA==
Link: &lt;/riak/Album/Kind%20of%20Blue&gt;; riaktag="album", &lt;/riak/Album/Conception&gt;; riaktag="album", &lt;/riak/Album/Blue&gt;; riaktag="album", &lt;/riak/Album/Dig&gt;; riaktag="album"
GET: http://192.168.137.50:8098/riak/Artist/Miles%20Davis
PUT: http://192.168.137.50:8098/riak/Artist/Miles%20Davis
X-Riak-Vclock: a85hYGBgzGDKBVIsjLKXjDOYEhnzWBkcT0oe5csCAA==
Link: &lt;/riak/Artist/Miles%20Davis&gt;; riaktag="artist"
GET: http://192.168.137.50:8098/riak/Album/Kind%20of%20Blue
PUT: http://192.168.137.50:8098/riak/Album/Kind%20of%20Blue
X-Riak-Vclock: a85hYGBgzGDKBVIsjLKXjDOYEhnzWBkcT0oe5csCAA==
Link: &lt;/riak/Artist/Miles%20Davis&gt;; riaktag="artist"
GET: http://192.168.137.50:8098/riak/Album/Conception
PUT: http://192.168.137.50:8098/riak/Album/Conception
X-Riak-Vclock: a85hYGBgzGDKBVIsjLKXjDOYEhnzWBkcT0oe5csCAA==
Link: &lt;/riak/Artist/Miles%20Davis&gt;; riaktag="artist"
GET: http://192.168.137.50:8098/riak/Album/Blue
PUT: http://192.168.137.50:8098/riak/Album/Blue
X-Riak-Vclock: a85hYGBgzGDKBVIsjLKXjDOYEhnzWBkcT0oe5csCAA==
Link: &lt;/riak/Artist/Miles%20Davis&gt;; riaktag="artist"
GET: http://192.168.137.50:8098/riak/Album/Dig
PUT: http://192.168.137.50:8098/riak/Album/Dig
HEAD: http://192.168.137.50:8098/riak/Artist/Miles%20Davis
</DebugTrace>
      </Output>
    </UnitTestResult>
    <UnitTestResult executionId="98ef06c2-08fd-4fce-abb3-bafc18ad9c18" testId="06a22416-08af-c0dc-b70f-5cec4761aa09" testName="ConflictOnNonMultiBucket" computerName="HORVICKW7" duration="00:00:00.3928416" startTime="2010-03-20T18:33:37.6829639-04:00" endTime="2010-03-20T18:33:38.0969875-04:00" testType="13cdc9d9-ddb5-4fa4-a97d-d965ccfc6d4b" outcome="Passed" testListId="8c84fa94-04c1-424b-9868-57a2d4851a1d" relativeResultsDirectory="98ef06c2-08fd-4fce-abb3-bafc18ad9c18">
      <Output>
        <DebugTrace>GET: http://192.168.137.50:8098/riak/NonMultiBucket
HEAD: http://192.168.137.50:8098/riak/NonMultiBucket/57b5bc4d-9932-4b2d-a9ed-650c2376b9e9
PUT: http://192.168.137.50:8098/riak/NonMultiBucket/57b5bc4d-9932-4b2d-a9ed-650c2376b9e9
HEAD: http://192.168.137.50:8098/riak/NonMultiBucket/57b5bc4d-9932-4b2d-a9ed-650c2376b9e9
HEAD: http://192.168.137.50:8098/riak/NonMultiBucket/57b5bc4d-9932-4b2d-a9ed-650c2376b9e9
GET: http://192.168.137.50:8098/riak/NonMultiBucket/57b5bc4d-9932-4b2d-a9ed-650c2376b9e9
HEAD: http://192.168.137.50:8098/riak/NonMultiBucket/57b5bc4d-9932-4b2d-a9ed-650c2376b9e9
GET: http://192.168.137.50:8098/riak/NonMultiBucket/57b5bc4d-9932-4b2d-a9ed-650c2376b9e9
X-Riak-Vclock: a85hYGBgzGDKBVIsrNOifmQwJTLmsTI4npQ8ypcFAA==
Link: 
PUT: http://192.168.137.50:8098/riak/NonMultiBucket/57b5bc4d-9932-4b2d-a9ed-650c2376b9e9
HEAD: http://192.168.137.50:8098/riak/NonMultiBucket/57b5bc4d-9932-4b2d-a9ed-650c2376b9e9
X-Riak-Vclock: a85hYGBgzGDKBVIsrNOifmQwJTLmsTI4npQ8ypcFAA==
Link: 
PUT: http://192.168.137.50:8098/riak/NonMultiBucket/57b5bc4d-9932-4b2d-a9ed-650c2376b9e9
HEAD: http://192.168.137.50:8098/riak/NonMultiBucket/57b5bc4d-9932-4b2d-a9ed-650c2376b9e9
GET: http://192.168.137.50:8098/riak/NonMultiBucket/57b5bc4d-9932-4b2d-a9ed-650c2376b9e9
</DebugTrace>
      </Output>
    </UnitTestResult>
    <UnitTestResult executionId="43684229-7b66-4088-96de-f4e95833e53b" testId="ecb7a2ec-95c2-bcd4-9208-598a9a8227f1" testName="DeleteExistingKeys" computerName="HORVICKW7" duration="00:00:00.7078041" startTime="2010-03-20T18:33:38.1319895-04:00" endTime="2010-03-20T18:33:38.8550309-04:00" testType="13cdc9d9-ddb5-4fa4-a97d-d965ccfc6d4b" outcome="Passed" testListId="8c84fa94-04c1-424b-9868-57a2d4851a1d" relativeResultsDirectory="43684229-7b66-4088-96de-f4e95833e53b">
      <Output>
        <DebugTrace>GET: http://192.168.137.50:8098/riak/BucketTest
GET: http://192.168.137.50:8098/riak/BucketTest
HEAD: http://192.168.137.50:8098/riak/BucketTest/BinaryKey
X-Riak-Vclock: a85hYGBgzGDKBVIsbArLDTOYEhnzWBnsT0oe5csCAA==
DELETE: http://192.168.137.50:8098/riak/BucketTest/BinaryKey
HEAD: http://192.168.137.50:8098/riak/BucketTest/StringKey
X-Riak-Vclock: a85hYGBgzmDKBVIsTNtv8WQwJTLmsTKcmiB5lA8qzODnGAwVtjmJEGaaoSuMLJwFAA==
DELETE: http://192.168.137.50:8098/riak/BucketTest/StringKey
GET: http://192.168.137.50:8098/riak/BucketTest
</DebugTrace>
      </Output>
    </UnitTestResult>
    <UnitTestResult executionId="dd41accf-0bbe-4886-ad39-e9def25daf99" testId="d79ef6f9-4e22-e7f6-a37e-b0e7a8cab61d" testName="LinkWithMultipleParameters" computerName="HORVICKW7" duration="00:00:00.0006419" startTime="2010-03-20T18:33:38.8680316-04:00" endTime="2010-03-20T18:33:38.8850326-04:00" testType="13cdc9d9-ddb5-4fa4-a97d-d965ccfc6d4b" outcome="Passed" testListId="8c84fa94-04c1-424b-9868-57a2d4851a1d" relativeResultsDirectory="dd41accf-0bbe-4886-ad39-e9def25daf99">
    </UnitTestResult>
    <UnitTestResult executionId="e4e1e579-1be1-4eee-9945-0841368d0dd9" testId="33d4d279-34bd-6d5a-280e-4b82973def51" testName="SettingAllowMultiPersistsCorrectly" computerName="HORVICKW7" duration="00:00:00.9234645" startTime="2010-03-20T18:33:38.9010335-04:00" endTime="2010-03-20T18:33:39.8440875-04:00" testType="13cdc9d9-ddb5-4fa4-a97d-d965ccfc6d4b" outcome="Passed" testListId="8c84fa94-04c1-424b-9868-57a2d4851a1d" relativeResultsDirectory="e4e1e579-1be1-4eee-9945-0841368d0dd9">
      <Output>
        <DebugTrace>GET: http://192.168.137.50:8098/riak/SettingAllowMultiPersistsCorrectly
PUT: http://192.168.137.50:8098/riak/SettingAllowMultiPersistsCorrectly
GET: http://192.168.137.50:8098/riak/SettingAllowMultiPersistsCorrectly
PUT: http://192.168.137.50:8098/riak/SettingAllowMultiPersistsCorrectly
GET: http://192.168.137.50:8098/riak/SettingAllowMultiPersistsCorrectly
PUT: http://192.168.137.50:8098/riak/SettingAllowMultiPersistsCorrectly
GET: http://192.168.137.50:8098/riak/SettingAllowMultiPersistsCorrectly
</DebugTrace>
      </Output>
    </UnitTestResult>
  </Results>
</TestRun>