<?xml version="1.0" encoding="UTF-8"?>
<TestRun id="0c2d17b1-2854-4bd5-a932-bc98e8870b8d" name="Robert@HORVICKW7 2010-03-20 09:45:41" runUser="HORVICKW7\Robert" xmlns="http://microsoft.com/schemas/VisualStudio/TeamTest/2010">
  <TestSettings name="Local" id="cccf0ead-bb7b-4fa6-80c8-b697078887da">
    <Description>These are default test settings for a local test run.</Description>
    <Execution>
      <TestTypeSpecific>
        <UnitTestRunConfig testTypeId="13cdc9d9-ddb5-4fa4-a97d-d965ccfc6d4b">
          <AssemblyResolution>
            <TestDirectory useLoadContext="true" />
          </AssemblyResolution>
        </UnitTestRunConfig>
        <WebTestRunConfiguration testTypeId="4e7599fa-5ecb-43e9-a887-cd63cf72d207">
          <Browser name="Internet Explorer 7.0">
            <Headers>
              <Header name="User-Agent" value="Mozilla/4.0 (compatible; MSIE 7.0; Windows NT 5.1)" />
              <Header name="Accept" value="*/*" />
              <Header name="Accept-Language" value="{{$IEAcceptLanguage}}" />
              <Header name="Accept-Encoding" value="GZIP" />
            </Headers>
          </Browser>
        </WebTestRunConfiguration>
      </TestTypeSpecific>
      <AgentRule name="LocalMachineDefaultRole">
        <DataCollectors>
          <DataCollector uri="datacollector://microsoft/CodeCoverage/1.0" assemblyQualifiedName="Microsoft.VisualStudio.TestTools.CodeCoverage.CoveragePlugIn, Microsoft.VisualStudio.QualityTools.Plugins.CodeCoverage, Version=10.0.0.0, Culture=neutral, PublicKeyToken=b03f5f7f11d50a3a" friendlyName="Code Coverage" enabled="false">
            <Configuration>
              <CodeCoverage xmlns="">
                <Regular>
                  <CodeCoverageItem binaryFile="Riak.Client\bin\Debug\Riak.Client.dll" pdbFile="Riak.Client\bin\Debug\Riak.Client.pdb" instrumentInPlace="true" />
                </Regular>
              </CodeCoverage>
            </Configuration>
          </DataCollector>
        </DataCollectors>
      </AgentRule>
    </Execution>
    <Deployment runDeploymentRoot="Robert_HORVICKW7 2010-03-20 09_45_41" />
  </TestSettings>
  <Times creation="2010-03-20T09:45:41.2611762-04:00" queuing="2010-03-20T09:45:45.2124022-04:00" start="2010-03-20T09:45:46.1874579-04:00" finish="2010-03-20T09:46:10.4968483-04:00" />
  <ResultSummary outcome="Failed">
    <Counters total="17" executed="17" passed="15" error="0" failed="2" timeout="0" aborted="0" inconclusive="0" passedButRunAborted="0" notRunnable="0" notExecuted="0" disconnected="0" warning="0" completed="0" inProgress="0" pending="0" />
  </ResultSummary>
  <TestDefinitions>
    <UnitTest name="LinkWithMultipleParameters" storage="c:\projects\riak.client\riak.tests\bin\debug\riak.tests.dll" id="d79ef6f9-4e22-e7f6-a37e-b0e7a8cab61d">
      <Execution id="d6e65245-7b04-4418-a9ba-133a8beda5da" />
      <TestMethod codeBase="c:/projects/Riak.Client/Riak.Tests/bin/Debug/Riak.Tests.DLL" adapterTypeName="Microsoft.VisualStudio.TestTools.TestTypes.Unit.UnitTestAdapter, Microsoft.VisualStudio.QualityTools.Tips.UnitTest.Adapter, Version=10.0.0.0, Culture=neutral, PublicKeyToken=b03f5f7f11d50a3a" className="Riak.Tests.LinkTests, Riak.Tests, Version=1.0.0.0, Culture=neutral, PublicKeyToken=null" name="LinkWithMultipleParameters" />
    </UnitTest>
    <UnitTest name="LinkFollowing" storage="c:\projects\riak.client\riak.tests\bin\debug\riak.tests.dll" id="e59f5b3d-3a7c-4505-e293-67664a703224">
      <Execution id="7d2d1c4a-0f64-4e37-8dc4-4c134f126176" />
      <TestMethod codeBase="c:/projects/Riak.Client/Riak.Tests/bin/Debug/Riak.Tests.DLL" adapterTypeName="Microsoft.VisualStudio.TestTools.TestTypes.Unit.UnitTestAdapter, Microsoft.VisualStudio.QualityTools.Tips.UnitTest.Adapter, Version=10.0.0.0, Culture=neutral, PublicKeyToken=b03f5f7f11d50a3a" className="Riak.Tests.LinkTests, Riak.Tests, Version=1.0.0.0, Culture=neutral, PublicKeyToken=null" name="LinkFollowing" />
    </UnitTest>
    <UnitTest name="SettingAllowMultiPersistsCorrectly" storage="c:\projects\riak.client\riak.tests\bin\debug\riak.tests.dll" id="33d4d279-34bd-6d5a-280e-4b82973def51">
      <Execution id="54e4816c-cf9d-482f-848d-872cabdbe942" />
      <TestMethod codeBase="c:/projects/Riak.Client/Riak.Tests/bin/Debug/Riak.Tests.DLL" adapterTypeName="Microsoft.VisualStudio.TestTools.TestTypes.Unit.UnitTestAdapter, Microsoft.VisualStudio.QualityTools.Tips.UnitTest.Adapter, Version=10.0.0.0, Culture=neutral, PublicKeyToken=b03f5f7f11d50a3a" className="Riak.Tests.BucketTests, Riak.Tests, Version=1.0.0.0, Culture=neutral, PublicKeyToken=null" name="SettingAllowMultiPersistsCorrectly" />
    </UnitTest>
    <UnitTest name="LinkCollectionOperationalTests" storage="c:\projects\riak.client\riak.tests\bin\debug\riak.tests.dll" id="80c6668e-527f-7ce0-c7fa-d368165124a1">
      <Execution id="33c42014-3f84-4c48-840a-2cd5923f50a7" />
      <TestMethod codeBase="c:/projects/Riak.Client/Riak.Tests/bin/Debug/Riak.Tests.DLL" adapterTypeName="Microsoft.VisualStudio.TestTools.TestTypes.Unit.UnitTestAdapter, Microsoft.VisualStudio.QualityTools.Tips.UnitTest.Adapter, Version=10.0.0.0, Culture=neutral, PublicKeyToken=b03f5f7f11d50a3a" className="Riak.Tests.LinkTests, Riak.Tests, Version=1.0.0.0, Culture=neutral, PublicKeyToken=null" name="LinkCollectionOperationalTests" />
    </UnitTest>
    <UnitTest name="GetAllSiblingsOnConflict" storage="c:\projects\riak.client\riak.tests\bin\debug\riak.tests.dll" id="7a71b779-6444-5633-f109-dc2d069ca31b">
      <Execution id="2530cb05-cb81-49a5-97c1-f653364c9784" />
      <TestMethod codeBase="c:/projects/Riak.Client/Riak.Tests/bin/Debug/Riak.Tests.DLL" adapterTypeName="Microsoft.VisualStudio.TestTools.TestTypes.Unit.UnitTestAdapter, Microsoft.VisualStudio.QualityTools.Tips.UnitTest.Adapter, Version=10.0.0.0, Culture=neutral, PublicKeyToken=b03f5f7f11d50a3a" className="Riak.Tests.BucketTests, Riak.Tests, Version=1.0.0.0, Culture=neutral, PublicKeyToken=null" name="GetAllSiblingsOnConflict" />
    </UnitTest>
    <UnitTest name="SaveAStringKeyValue" storage="c:\projects\riak.client\riak.tests\bin\debug\riak.tests.dll" id="58939138-4342-8e72-2f65-c6ec6d5362d3">
      <Execution id="8f933c3f-12d2-4ac3-a532-b8912e851dd4" />
      <TestMethod codeBase="c:/projects/Riak.Client/Riak.Tests/bin/Debug/Riak.Tests.DLL" adapterTypeName="Microsoft.VisualStudio.TestTools.TestTypes.Unit.UnitTestAdapter, Microsoft.VisualStudio.QualityTools.Tips.UnitTest.Adapter, Version=10.0.0.0, Culture=neutral, PublicKeyToken=b03f5f7f11d50a3a" className="Riak.Tests.BucketTests, Riak.Tests, Version=1.0.0.0, Culture=neutral, PublicKeyToken=null" name="SaveAStringKeyValue" />
    </UnitTest>
    <UnitTest name="LinkOddlyFormedIsParsedAndNormalized" storage="c:\projects\riak.client\riak.tests\bin\debug\riak.tests.dll" id="86d01318-0230-9e62-826b-6c3385d23407">
      <Execution id="adfd4a1a-d532-4503-b504-2b86eee45104" />
      <TestMethod codeBase="c:/projects/Riak.Client/Riak.Tests/bin/Debug/Riak.Tests.DLL" adapterTypeName="Microsoft.VisualStudio.TestTools.TestTypes.Unit.UnitTestAdapter, Microsoft.VisualStudio.QualityTools.Tips.UnitTest.Adapter, Version=10.0.0.0, Culture=neutral, PublicKeyToken=b03f5f7f11d50a3a" className="Riak.Tests.LinkTests, Riak.Tests, Version=1.0.0.0, Culture=neutral, PublicKeyToken=null" name="LinkOddlyFormedIsParsedAndNormalized" />
    </UnitTest>
    <UnitTest name="SaveABinaryKeyValue" storage="c:\projects\riak.client\riak.tests\bin\debug\riak.tests.dll" id="4ad0d6cc-b6bb-6b71-fab7-7bd0c1927a9f">
      <Execution id="bbc44a2b-edd3-4fd9-a095-437551f288c2" />
      <TestMethod codeBase="c:/projects/Riak.Client/Riak.Tests/bin/Debug/Riak.Tests.DLL" adapterTypeName="Microsoft.VisualStudio.TestTools.TestTypes.Unit.UnitTestAdapter, Microsoft.VisualStudio.QualityTools.Tips.UnitTest.Adapter, Version=10.0.0.0, Culture=neutral, PublicKeyToken=b03f5f7f11d50a3a" className="Riak.Tests.BucketTests, Riak.Tests, Version=1.0.0.0, Culture=neutral, PublicKeyToken=null" name="SaveABinaryKeyValue" />
    </UnitTest>
    <UnitTest name="LinkWithRelationalUri" storage="c:\projects\riak.client\riak.tests\bin\debug\riak.tests.dll" id="30d12b1b-aa49-8c08-bd4a-866243aceb48">
      <Execution id="af06d96c-2cf1-4f73-8628-bc6f34ba61c2" />
      <TestMethod codeBase="c:/projects/Riak.Client/Riak.Tests/bin/Debug/Riak.Tests.DLL" adapterTypeName="Microsoft.VisualStudio.TestTools.TestTypes.Unit.UnitTestAdapter, Microsoft.VisualStudio.QualityTools.Tips.UnitTest.Adapter, Version=10.0.0.0, Culture=neutral, PublicKeyToken=b03f5f7f11d50a3a" className="Riak.Tests.LinkTests, Riak.Tests, Version=1.0.0.0, Culture=neutral, PublicKeyToken=null" name="LinkWithRelationalUri" />
    </UnitTest>
    <UnitTest name="GetAllTextData" storage="c:\projects\riak.client\riak.tests\bin\debug\riak.tests.dll" id="4312a9d7-4905-c365-94ac-da54845d713f">
      <Execution id="5be86c7e-8a8e-40bb-ba7a-15853bebfc9d" />
      <TestMethod codeBase="c:/projects/Riak.Client/Riak.Tests/bin/Debug/Riak.Tests.DLL" adapterTypeName="Microsoft.VisualStudio.TestTools.TestTypes.Unit.UnitTestAdapter, Microsoft.VisualStudio.QualityTools.Tips.UnitTest.Adapter, Version=10.0.0.0, Culture=neutral, PublicKeyToken=b03f5f7f11d50a3a" className="Riak.Tests.MultiPartResponseTests, Riak.Tests, Version=1.0.0.0, Culture=neutral, PublicKeyToken=null" name="GetAllTextData" />
    </UnitTest>
    <UnitTest name="ConflictOnAllowMultiBucket" storage="c:\projects\riak.client\riak.tests\bin\debug\riak.tests.dll" id="beae7429-a6a2-4b8b-91b8-2242ec45c77a">
      <Execution id="6f3c5a3f-fa6e-44d8-b402-bf9b5391a7fd" />
      <TestMethod codeBase="c:/projects/Riak.Client/Riak.Tests/bin/Debug/Riak.Tests.DLL" adapterTypeName="Microsoft.VisualStudio.TestTools.TestTypes.Unit.UnitTestAdapter, Microsoft.VisualStudio.QualityTools.Tips.UnitTest.Adapter, Version=10.0.0.0, Culture=neutral, PublicKeyToken=b03f5f7f11d50a3a" className="Riak.Tests.BucketTests, Riak.Tests, Version=1.0.0.0, Culture=neutral, PublicKeyToken=null" name="ConflictOnAllowMultiBucket" />
    </UnitTest>
    <UnitTest name="LinkWithUnknownParameters" storage="c:\projects\riak.client\riak.tests\bin\debug\riak.tests.dll" id="d9c44692-30b5-c679-747b-7d385a54ef67">
      <Execution id="cc204dc0-49a7-4e2b-a895-673d34be386a" />
      <TestMethod codeBase="c:/projects/Riak.Client/Riak.Tests/bin/Debug/Riak.Tests.DLL" adapterTypeName="Microsoft.VisualStudio.TestTools.TestTypes.Unit.UnitTestAdapter, Microsoft.VisualStudio.QualityTools.Tips.UnitTest.Adapter, Version=10.0.0.0, Culture=neutral, PublicKeyToken=b03f5f7f11d50a3a" className="Riak.Tests.LinkTests, Riak.Tests, Version=1.0.0.0, Culture=neutral, PublicKeyToken=null" name="LinkWithUnknownParameters" />
    </UnitTest>
    <UnitTest name="LinkRoundTripping" storage="c:\projects\riak.client\riak.tests\bin\debug\riak.tests.dll" id="8bc468f8-eee0-673a-92b7-930506440e84">
      <Execution id="8dbaba79-a5b7-4a7c-a75c-c6baf8ff69c9" />
      <TestMethod codeBase="c:/projects/Riak.Client/Riak.Tests/bin/Debug/Riak.Tests.DLL" adapterTypeName="Microsoft.VisualStudio.TestTools.TestTypes.Unit.UnitTestAdapter, Microsoft.VisualStudio.QualityTools.Tips.UnitTest.Adapter, Version=10.0.0.0, Culture=neutral, PublicKeyToken=b03f5f7f11d50a3a" className="Riak.Tests.LinkTests, Riak.Tests, Version=1.0.0.0, Culture=neutral, PublicKeyToken=null" name="LinkRoundTripping" />
    </UnitTest>
    <UnitTest name="DeleteMissingKeys" storage="c:\projects\riak.client\riak.tests\bin\debug\riak.tests.dll" id="8adbc453-a093-0889-b145-79d2f69be902">
      <Execution id="22be7da5-4670-41cb-893f-f7c92c75f439" />
      <TestMethod codeBase="c:/projects/Riak.Client/Riak.Tests/bin/Debug/Riak.Tests.DLL" adapterTypeName="Microsoft.VisualStudio.TestTools.TestTypes.Unit.UnitTestAdapter, Microsoft.VisualStudio.QualityTools.Tips.UnitTest.Adapter, Version=10.0.0.0, Culture=neutral, PublicKeyToken=b03f5f7f11d50a3a" className="Riak.Tests.BucketTests, Riak.Tests, Version=1.0.0.0, Culture=neutral, PublicKeyToken=null" name="DeleteMissingKeys" />
    </UnitTest>
    <UnitTest name="DeleteExistingKeys" storage="c:\projects\riak.client\riak.tests\bin\debug\riak.tests.dll" id="ecb7a2ec-95c2-bcd4-9208-598a9a8227f1">
      <Execution id="6a730bc2-6df6-4d1f-b1cc-195e7c3504b2" />
      <TestMethod codeBase="c:/projects/Riak.Client/Riak.Tests/bin/Debug/Riak.Tests.DLL" adapterTypeName="Microsoft.VisualStudio.TestTools.TestTypes.Unit.UnitTestAdapter, Microsoft.VisualStudio.QualityTools.Tips.UnitTest.Adapter, Version=10.0.0.0, Culture=neutral, PublicKeyToken=b03f5f7f11d50a3a" className="Riak.Tests.BucketTests, Riak.Tests, Version=1.0.0.0, Culture=neutral, PublicKeyToken=null" name="DeleteExistingKeys" />
    </UnitTest>
    <UnitTest name="ConflictOnNonMultiBucket" storage="c:\projects\riak.client\riak.tests\bin\debug\riak.tests.dll" id="06a22416-08af-c0dc-b70f-5cec4761aa09">
      <Execution id="47132f3d-92dd-454d-88cd-ed1ecce0612d" />
      <TestMethod codeBase="c:/projects/Riak.Client/Riak.Tests/bin/Debug/Riak.Tests.DLL" adapterTypeName="Microsoft.VisualStudio.TestTools.TestTypes.Unit.UnitTestAdapter, Microsoft.VisualStudio.QualityTools.Tips.UnitTest.Adapter, Version=10.0.0.0, Culture=neutral, PublicKeyToken=b03f5f7f11d50a3a" className="Riak.Tests.BucketTests, Riak.Tests, Version=1.0.0.0, Culture=neutral, PublicKeyToken=null" name="ConflictOnNonMultiBucket" />
    </UnitTest>
    <UnitTest name="LinkOnNewKeyExistsAndParses" storage="c:\projects\riak.client\riak.tests\bin\debug\riak.tests.dll" id="cb4b29f5-c7d3-2010-bb43-cecc9f41c474">
      <Execution id="f7a19083-e13c-43fc-9da3-397bb564c811" />
      <TestMethod codeBase="c:/projects/Riak.Client/Riak.Tests/bin/Debug/Riak.Tests.DLL" adapterTypeName="Microsoft.VisualStudio.TestTools.TestTypes.Unit.UnitTestAdapter, Microsoft.VisualStudio.QualityTools.Tips.UnitTest.Adapter, Version=10.0.0.0, Culture=neutral, PublicKeyToken=b03f5f7f11d50a3a" className="Riak.Tests.LinkTests, Riak.Tests, Version=1.0.0.0, Culture=neutral, PublicKeyToken=null" name="LinkOnNewKeyExistsAndParses" />
    </UnitTest>
  </TestDefinitions>
  <TestLists>
    <TestList name="Results Not in a List" id="8c84fa94-04c1-424b-9868-57a2d4851a1d" />
    <TestList name="All Loaded Results" id="19431567-8539-422a-85d7-44ee4e166bda" />
  </TestLists>
  <TestEntries>
    <TestEntry testId="58939138-4342-8e72-2f65-c6ec6d5362d3" executionId="8f933c3f-12d2-4ac3-a532-b8912e851dd4" testListId="8c84fa94-04c1-424b-9868-57a2d4851a1d" />
    <TestEntry testId="4ad0d6cc-b6bb-6b71-fab7-7bd0c1927a9f" executionId="bbc44a2b-edd3-4fd9-a095-437551f288c2" testListId="8c84fa94-04c1-424b-9868-57a2d4851a1d" />
    <TestEntry testId="ecb7a2ec-95c2-bcd4-9208-598a9a8227f1" executionId="6a730bc2-6df6-4d1f-b1cc-195e7c3504b2" testListId="8c84fa94-04c1-424b-9868-57a2d4851a1d" />
    <TestEntry testId="8adbc453-a093-0889-b145-79d2f69be902" executionId="22be7da5-4670-41cb-893f-f7c92c75f439" testListId="8c84fa94-04c1-424b-9868-57a2d4851a1d" />
    <TestEntry testId="06a22416-08af-c0dc-b70f-5cec4761aa09" executionId="47132f3d-92dd-454d-88cd-ed1ecce0612d" testListId="8c84fa94-04c1-424b-9868-57a2d4851a1d" />
    <TestEntry testId="33d4d279-34bd-6d5a-280e-4b82973def51" executionId="54e4816c-cf9d-482f-848d-872cabdbe942" testListId="8c84fa94-04c1-424b-9868-57a2d4851a1d" />
    <TestEntry testId="beae7429-a6a2-4b8b-91b8-2242ec45c77a" executionId="6f3c5a3f-fa6e-44d8-b402-bf9b5391a7fd" testListId="8c84fa94-04c1-424b-9868-57a2d4851a1d" />
    <TestEntry testId="7a71b779-6444-5633-f109-dc2d069ca31b" executionId="2530cb05-cb81-49a5-97c1-f653364c9784" testListId="8c84fa94-04c1-424b-9868-57a2d4851a1d" />
    <TestEntry testId="30d12b1b-aa49-8c08-bd4a-866243aceb48" executionId="af06d96c-2cf1-4f73-8628-bc6f34ba61c2" testListId="8c84fa94-04c1-424b-9868-57a2d4851a1d" />
    <TestEntry testId="d79ef6f9-4e22-e7f6-a37e-b0e7a8cab61d" executionId="d6e65245-7b04-4418-a9ba-133a8beda5da" testListId="8c84fa94-04c1-424b-9868-57a2d4851a1d" />
    <TestEntry testId="cb4b29f5-c7d3-2010-bb43-cecc9f41c474" executionId="f7a19083-e13c-43fc-9da3-397bb564c811" testListId="8c84fa94-04c1-424b-9868-57a2d4851a1d" />
    <TestEntry testId="86d01318-0230-9e62-826b-6c3385d23407" executionId="adfd4a1a-d532-4503-b504-2b86eee45104" testListId="8c84fa94-04c1-424b-9868-57a2d4851a1d" />
    <TestEntry testId="80c6668e-527f-7ce0-c7fa-d368165124a1" executionId="33c42014-3f84-4c48-840a-2cd5923f50a7" testListId="8c84fa94-04c1-424b-9868-57a2d4851a1d" />
    <TestEntry testId="d9c44692-30b5-c679-747b-7d385a54ef67" executionId="cc204dc0-49a7-4e2b-a895-673d34be386a" testListId="8c84fa94-04c1-424b-9868-57a2d4851a1d" />
    <TestEntry testId="8bc468f8-eee0-673a-92b7-930506440e84" executionId="8dbaba79-a5b7-4a7c-a75c-c6baf8ff69c9" testListId="8c84fa94-04c1-424b-9868-57a2d4851a1d" />
    <TestEntry testId="e59f5b3d-3a7c-4505-e293-67664a703224" executionId="7d2d1c4a-0f64-4e37-8dc4-4c134f126176" testListId="8c84fa94-04c1-424b-9868-57a2d4851a1d" />
    <TestEntry testId="4312a9d7-4905-c365-94ac-da54845d713f" executionId="5be86c7e-8a8e-40bb-ba7a-15853bebfc9d" testListId="8c84fa94-04c1-424b-9868-57a2d4851a1d" />
  </TestEntries>
  <Results>
    <UnitTestResult executionId="8f933c3f-12d2-4ac3-a532-b8912e851dd4" testId="58939138-4342-8e72-2f65-c6ec6d5362d3" testName="SaveAStringKeyValue" computerName="HORVICKW7" duration="00:00:00.9150518" startTime="2010-03-20T09:45:46.5514787-04:00" endTime="2010-03-20T09:45:49.1766289-04:00" testType="13cdc9d9-ddb5-4fa4-a97d-d965ccfc6d4b" outcome="Passed" testListId="8c84fa94-04c1-424b-9868-57a2d4851a1d" relativeResultsDirectory="8f933c3f-12d2-4ac3-a532-b8912e851dd4">
      <Output>
        <DebugTrace>X-Riak-Vclock: a85hYGBgzGDKBVIs7OnPOTOYEhnzWBmOekke5csCAA==
Link: 
</DebugTrace>
      </Output>
    </UnitTestResult>
    <UnitTestResult executionId="bbc44a2b-edd3-4fd9-a095-437551f288c2" testId="4ad0d6cc-b6bb-6b71-fab7-7bd0c1927a9f" testName="SaveABinaryKeyValue" computerName="HORVICKW7" duration="00:00:00.4797145" startTime="2010-03-20T09:45:49.2216315-04:00" endTime="2010-03-20T09:45:49.7266604-04:00" testType="13cdc9d9-ddb5-4fa4-a97d-d965ccfc6d4b" outcome="Passed" testListId="8c84fa94-04c1-424b-9868-57a2d4851a1d" relativeResultsDirectory="bbc44a2b-edd3-4fd9-a095-437551f288c2">
    </UnitTestResult>
    <UnitTestResult executionId="6a730bc2-6df6-4d1f-b1cc-195e7c3504b2" testId="ecb7a2ec-95c2-bcd4-9208-598a9a8227f1" testName="DeleteExistingKeys" computerName="HORVICKW7" duration="00:00:00.6864511" startTime="2010-03-20T09:45:49.7596622-04:00" endTime="2010-03-20T09:45:50.4827036-04:00" testType="13cdc9d9-ddb5-4fa4-a97d-d965ccfc6d4b" outcome="Passed" testListId="8c84fa94-04c1-424b-9868-57a2d4851a1d" relativeResultsDirectory="6a730bc2-6df6-4d1f-b1cc-195e7c3504b2">
      <Output>
        <DebugTrace>X-Riak-Vclock: a85hYGBgzGDKBVIs7Op3jmUwJTLmsTL0+koe5csCAA==
X-Riak-Vclock: a85hYGBgymDKBVIs7OnPOTOYEhnzWBmOekke5YMKsxzzDYcK9/oChbMA
</DebugTrace>
      </Output>
    </UnitTestResult>
    <UnitTestResult executionId="22be7da5-4670-41cb-893f-f7c92c75f439" testId="8adbc453-a093-0889-b145-79d2f69be902" testName="DeleteMissingKeys" computerName="HORVICKW7" duration="00:00:02.2278373" startTime="2010-03-20T09:45:50.5147054-04:00" endTime="2010-03-20T09:45:52.7788349-04:00" testType="13cdc9d9-ddb5-4fa4-a97d-d965ccfc6d4b" outcome="Passed" testListId="8c84fa94-04c1-424b-9868-57a2d4851a1d" relativeResultsDirectory="22be7da5-4670-41cb-893f-f7c92c75f439">
      <Output>
        <DebugTrace>X-Riak-Vclock: a85hYGBgzGDKBVIsTFHXYjOYEhnzWBn6fCWP8mUBAA==
X-Riak-Vclock: a85hYGBgzGDKBVIsTFHXYjOYEhnzWBn6fCWP8mUBAA==
X-Riak-Vclock: a85hYGBgzGDKBVIsTFHXYjOYEhnzWBn6fCWP8mUBAA==
X-Riak-Vclock: a85hYGBgzGDKBVIsTFHXYjOYEhnzWBn6fCWP8mUBAA==
X-Riak-Vclock: a85hYGBgzGDKBVIsTFHXYjOYEhnzWBn6fCWP8mUBAA==
X-Riak-Vclock: a85hYGBgzGDKBVIsTFHXYjOYEhnzWBn6fCWP8mUBAA==
X-Riak-Vclock: a85hYGBgzGDKBVIsTFHXYjOYEhnzWBn6fCWP8mUBAA==
X-Riak-Vclock: a85hYGBgzGDKBVIsTFHXYjOYEhnzWBn6fCWP8mUBAA==
X-Riak-Vclock: a85hYGBgzGDKBVIsTFHXYjOYEhnzWBn6fSWP8mUBAA==
X-Riak-Vclock: a85hYGBgzGDKBVIsTFHXYjOYEhnzWBn6fSWP8mUBAA==
X-Riak-Vclock: a85hYGBgzGDKBVIsTFHXYjOYEhnzWBn6fSWP8mUBAA==
X-Riak-Vclock: a85hYGBgzGDKBVIsTFHXYjOYEhnzWBn6fSWP8mUBAA==
X-Riak-Vclock: a85hYGBgzGDKBVIsTFHXYjOYEhnzWBn6fSWP8mUBAA==
X-Riak-Vclock: a85hYGBgzGDKBVIsTFHXYjOYEhnzWBn6fSWP8mUBAA==
X-Riak-Vclock: a85hYGBgzGDKBVIsTFHXYjOYEhnzWBn6fSWP8mUBAA==
X-Riak-Vclock: a85hYGBgzGDKBVIsTFHXYjOYEhnzWBn6fSWP8mUBAA==
X-Riak-Vclock: a85hYGBgzGDKBVIsTFHXYjOYEhnzWBn6fSWP8mUBAA==
X-Riak-Vclock: a85hYGBgzGDKBVIsTFHXYjOYEhnzWBn6fSWP8mUBAA==
X-Riak-Vclock: a85hYGBgzGDKBVIsTFHXYjOYEhnzWBn6fSWP8mUBAA==
X-Riak-Vclock: a85hYGBgzGDKBVIsTFHXYjOYEhnzWBn6fSWP8mUBAA==
</DebugTrace>
      </Output>
    </UnitTestResult>
    <UnitTestResult executionId="47132f3d-92dd-454d-88cd-ed1ecce0612d" testId="06a22416-08af-c0dc-b70f-5cec4761aa09" testName="ConflictOnNonMultiBucket" computerName="HORVICKW7" duration="00:00:00.3409875" startTime="2010-03-20T09:45:52.8088366-04:00" endTime="2010-03-20T09:45:53.1818580-04:00" testType="13cdc9d9-ddb5-4fa4-a97d-d965ccfc6d4b" outcome="Passed" testListId="8c84fa94-04c1-424b-9868-57a2d4851a1d" relativeResultsDirectory="47132f3d-92dd-454d-88cd-ed1ecce0612d">
      <Output>
        <DebugTrace>X-Riak-Vclock: a85hYGBgzGDKBVIsLMbrvmUwJTLmsTJM9JU8ypcFAA==
Link: 
X-Riak-Vclock: a85hYGBgzGDKBVIsLMbrvmUwJTLmsTJM9JU8ypcFAA==
Link: 
</DebugTrace>
      </Output>
    </UnitTestResult>
    <UnitTestResult executionId="54e4816c-cf9d-482f-848d-872cabdbe942" testId="33d4d279-34bd-6d5a-280e-4b82973def51" testName="SettingAllowMultiPersistsCorrectly" computerName="HORVICKW7" duration="00:00:01.0131890" startTime="2010-03-20T09:45:53.2108596-04:00" endTime="2010-03-20T09:45:54.2459188-04:00" testType="13cdc9d9-ddb5-4fa4-a97d-d965ccfc6d4b" outcome="Passed" testListId="8c84fa94-04c1-424b-9868-57a2d4851a1d" relativeResultsDirectory="54e4816c-cf9d-482f-848d-872cabdbe942">
    </UnitTestResult>
    <UnitTestResult executionId="6f3c5a3f-fa6e-44d8-b402-bf9b5391a7fd" testId="beae7429-a6a2-4b8b-91b8-2242ec45c77a" testName="ConflictOnAllowMultiBucket" computerName="HORVICKW7" duration="00:00:08.8029078" startTime="2010-03-20T09:45:54.2939216-04:00" endTime="2010-03-20T09:46:03.1404276-04:00" testType="13cdc9d9-ddb5-4fa4-a97d-d965ccfc6d4b" outcome="Passed" testListId="8c84fa94-04c1-424b-9868-57a2d4851a1d" relativeResultsDirectory="6f3c5a3f-fa6e-44d8-b402-bf9b5391a7fd">
      <Output>
        <DebugTrace>X-Riak-Vclock: a85hYGBgzGDKBVIsDNtWnM9gSmTMY2WY5St5lC8LAA==
Link: 
X-Riak-Vclock: a85hYGBgzGDKBVIsDNtWnM9gSmTMY2WY5St5lC8LAA==
Link: 
</DebugTrace>
      </Output>
    </UnitTestResult>
    <UnitTestResult executionId="2530cb05-cb81-49a5-97c1-f653364c9784" testId="7a71b779-6444-5633-f109-dc2d069ca31b" testName="GetAllSiblingsOnConflict" computerName="HORVICKW7" duration="00:00:00.6973613" startTime="2010-03-20T09:46:03.1694292-04:00" endTime="2010-03-20T09:46:03.8884704-04:00" testType="13cdc9d9-ddb5-4fa4-a97d-d965ccfc6d4b" outcome="Passed" testListId="8c84fa94-04c1-424b-9868-57a2d4851a1d" relativeResultsDirectory="2530cb05-cb81-49a5-97c1-f653364c9784">
      <Output>
        <DebugTrace>X-Riak-Vclock: a85hYGBgzGDKBVIsLMXXXDOYEhnzWBlm+0oe5csCAA==
Link: 
X-Riak-Vclock: a85hYGBgzGDKBVIsLMXXXDOYEhnzWBlm+0oe5csCAA==
Link: 
</DebugTrace>
      </Output>
    </UnitTestResult>
    <UnitTestResult executionId="af06d96c-2cf1-4f73-8628-bc6f34ba61c2" testId="30d12b1b-aa49-8c08-bd4a-866243aceb48" testName="LinkWithRelationalUri" computerName="HORVICKW7" duration="00:00:00.0832371" startTime="2010-03-20T09:46:03.9114717-04:00" endTime="2010-03-20T09:46:04.0194779-04:00" testType="13cdc9d9-ddb5-4fa4-a97d-d965ccfc6d4b" outcome="Failed" testListId="8c84fa94-04c1-424b-9868-57a2d4851a1d" relativeResultsDirectory="af06d96c-2cf1-4f73-8628-bc6f34ba61c2">
      <Output>
        <ErrorInfo>
          <Message>Assert.AreEqual failed. Expected:&lt;&lt;/raw/hb&gt;; rel="up", &lt;/raw/hb/fourth&gt;; riaktag="foo"&gt;. Actual:&lt;&lt;/raw/hb/fourth&gt;; riaktag="foo"&gt;. </Message>
          <StackTrace>   at Riak.Tests.LinkTests.LinkWithRelationalUri() in c:\projects\Riak.Client\Riak.Tests\LinkTests.cs:line 26
</StackTrace>
        </ErrorInfo>
      </Output>
    </UnitTestResult>
    <UnitTestResult executionId="d6e65245-7b04-4418-a9ba-133a8beda5da" testId="d79ef6f9-4e22-e7f6-a37e-b0e7a8cab61d" testName="LinkWithMultipleParameters" computerName="HORVICKW7" duration="00:00:00.0008616" startTime="2010-03-20T09:46:04.0504796-04:00" endTime="2010-03-20T09:46:04.0894819-04:00" testType="13cdc9d9-ddb5-4fa4-a97d-d965ccfc6d4b" outcome="Passed" testListId="8c84fa94-04c1-424b-9868-57a2d4851a1d" relativeResultsDirectory="d6e65245-7b04-4418-a9ba-133a8beda5da">
    </UnitTestResult>
    <UnitTestResult executionId="f7a19083-e13c-43fc-9da3-397bb564c811" testId="cb4b29f5-c7d3-2010-bb43-cecc9f41c474" testName="LinkOnNewKeyExistsAndParses" computerName="HORVICKW7" duration="00:00:00.3708970" startTime="2010-03-20T09:46:04.1264840-04:00" endTime="2010-03-20T09:46:04.5305071-04:00" testType="13cdc9d9-ddb5-4fa4-a97d-d965ccfc6d4b" outcome="Passed" testListId="8c84fa94-04c1-424b-9868-57a2d4851a1d" relativeResultsDirectory="f7a19083-e13c-43fc-9da3-397bb564c811">
    </UnitTestResult>
    <UnitTestResult executionId="adfd4a1a-d532-4503-b504-2b86eee45104" testId="86d01318-0230-9e62-826b-6c3385d23407" testName="LinkOddlyFormedIsParsedAndNormalized" computerName="HORVICKW7" duration="00:00:00.0011323" startTime="2010-03-20T09:46:04.5605088-04:00" endTime="2010-03-20T09:46:04.5925106-04:00" testType="13cdc9d9-ddb5-4fa4-a97d-d965ccfc6d4b" outcome="Passed" testListId="8c84fa94-04c1-424b-9868-57a2d4851a1d" relativeResultsDirectory="adfd4a1a-d532-4503-b504-2b86eee45104">
    </UnitTestResult>
    <UnitTestResult executionId="33c42014-3f84-4c48-840a-2cd5923f50a7" testId="80c6668e-527f-7ce0-c7fa-d368165124a1" testName="LinkCollectionOperationalTests" computerName="HORVICKW7" duration="00:00:00.0037565" startTime="2010-03-20T09:46:04.7095173-04:00" endTime="2010-03-20T09:46:04.7465194-04:00" testType="13cdc9d9-ddb5-4fa4-a97d-d965ccfc6d4b" outcome="Passed" testListId="8c84fa94-04c1-424b-9868-57a2d4851a1d" relativeResultsDirectory="33c42014-3f84-4c48-840a-2cd5923f50a7">
    </UnitTestResult>
    <UnitTestResult executionId="cc204dc0-49a7-4e2b-a895-673d34be386a" testId="d9c44692-30b5-c679-747b-7d385a54ef67" testName="LinkWithUnknownParameters" computerName="HORVICKW7" duration="00:00:00.0010352" startTime="2010-03-20T09:46:04.7765212-04:00" endTime="2010-03-20T09:46:04.8185236-04:00" testType="13cdc9d9-ddb5-4fa4-a97d-d965ccfc6d4b" outcome="Passed" testListId="8c84fa94-04c1-424b-9868-57a2d4851a1d" relativeResultsDirectory="cc204dc0-49a7-4e2b-a895-673d34be386a">
    </UnitTestResult>
    <UnitTestResult executionId="8dbaba79-a5b7-4a7c-a75c-c6baf8ff69c9" testId="8bc468f8-eee0-673a-92b7-930506440e84" testName="LinkRoundTripping" computerName="HORVICKW7" duration="00:00:00.0019827" startTime="2010-03-20T09:46:04.8555257-04:00" endTime="2010-03-20T09:46:04.9115289-04:00" testType="13cdc9d9-ddb5-4fa4-a97d-d965ccfc6d4b" outcome="Passed" testListId="8c84fa94-04c1-424b-9868-57a2d4851a1d" relativeResultsDirectory="8dbaba79-a5b7-4a7c-a75c-c6baf8ff69c9">
    </UnitTestResult>
    <UnitTestResult executionId="7d2d1c4a-0f64-4e37-8dc4-4c134f126176" testId="e59f5b3d-3a7c-4505-e293-67664a703224" testName="LinkFollowing" computerName="HORVICKW7" duration="00:00:04.9277801" startTime="2010-03-20T09:46:04.9345302-04:00" endTime="2010-03-20T09:46:09.8868135-04:00" testType="13cdc9d9-ddb5-4fa4-a97d-d965ccfc6d4b" outcome="Passed" testListId="8c84fa94-04c1-424b-9868-57a2d4851a1d" relativeResultsDirectory="7d2d1c4a-0f64-4e37-8dc4-4c134f126176">
      <Output>
        <DebugTrace>X-Riak-Vclock: a85hYGBgzGDKBVIsTDMOlmUwJTLmsTK0ekse5csCAA==
X-Riak-Vclock: a85hYGBgzGDKBVIsTDMOlmUwJTLmsTK0ekse5csCAA==
X-Riak-Vclock: a85hYGBgzGDKBVIsTDMOlmUwJTLmsTK0ekse5csCAA==
X-Riak-Vclock: a85hYGBgzGDKBVIsTDMOlmUwJTLmsTK0ekse5csCAA==
X-Riak-Vclock: a85hYGBgzGDKBVIsTDMOlmUwJTLmsTK0ekse5csCAA==
X-Riak-Vclock: a85hYGBgzGDKBVIsTEk7FmQwJTLmsTLM9ZU8ypcFAA==
Link: &lt;/riak/Album/Kind%20of%20Blue&gt;; riaktag="album", &lt;/riak/Album/Conception&gt;; riaktag="album", &lt;/riak/Album/Blue&gt;; riaktag="album", &lt;/riak/Album/Dig&gt;; riaktag="album"
X-Riak-Vclock: a85hYGBgzGDKBVIsTEk7FmQwJTLmsTLM9ZU8ypcFAA==
Link: &lt;/riak/Artist/Miles%20Davis&gt;; riaktag="artist"
X-Riak-Vclock: a85hYGBgzGDKBVIsTEk7FmQwJTLmsTLM9ZU8ypcFAA==
Link: &lt;/riak/Artist/Miles%20Davis&gt;; riaktag="artist"
X-Riak-Vclock: a85hYGBgzGDKBVIsTEk7FmQwJTLmsTLM9ZU8ypcFAA==
Link: &lt;/riak/Artist/Miles%20Davis&gt;; riaktag="artist"
X-Riak-Vclock: a85hYGBgzGDKBVIsTEk7FmQwJTLmsTLM9ZU8ypcFAA==
Link: &lt;/riak/Artist/Miles%20Davis&gt;; riaktag="artist"
</DebugTrace>
      </Output>
    </UnitTestResult>
    <UnitTestResult executionId="5be86c7e-8a8e-40bb-ba7a-15853bebfc9d" testId="4312a9d7-4905-c365-94ac-da54845d713f" testName="GetAllTextData" computerName="HORVICKW7" duration="00:00:00.2848533" startTime="2010-03-20T09:46:09.9138150-04:00" endTime="2010-03-20T09:46:10.2188324-04:00" testType="13cdc9d9-ddb5-4fa4-a97d-d965ccfc6d4b" outcome="Failed" testListId="8c84fa94-04c1-424b-9868-57a2d4851a1d" relativeResultsDirectory="5be86c7e-8a8e-40bb-ba7a-15853bebfc9d">
      <Output>
        <ErrorInfo>
          <Message>Initialization method Riak.Tests.MultiPartResponseTests.AddInitialData threw exception. System.NullReferenceException: System.NullReferenceException: Object reference not set to an instance of an object..</Message>
          <StackTrace>    at Riak.Tests.MultiPartResponseTests.GetRandomTextData() in c:\projects\Riak.Client\Riak.Tests\MultiPartResponseTests.cs:line 56
   at Riak.Tests.MultiPartResponseTests.AddInitialData() in c:\projects\Riak.Client\Riak.Tests\MultiPartResponseTests.cs:line 30
</StackTrace>
        </ErrorInfo>
      </Output>
    </UnitTestResult>
  </Results>
</TestRun>