<?xml version="1.0" encoding="UTF-8"?>
<TestRun id="ded3101c-063a-4b26-8621-7ff506f7c48b" name="Robert@HORVICKW7 2010-03-20 09:36:33" runUser="HORVICKW7\Robert" xmlns="http://microsoft.com/schemas/VisualStudio/TeamTest/2010">
  <TestSettings name="Local" id="cccf0ead-bb7b-4fa6-80c8-b697078887da">
    <Description>These are default test settings for a local test run.</Description>
    <Deployment userDeploymentRoot="c:\projects\Riak.Client\TestResults" useDefaultDeploymentRoot="false" runDeploymentRoot="Robert_HORVICKW7 2010-03-20 09_36_33" />
    <Execution>
      <TestTypeSpecific>
        <UnitTestRunConfig testTypeId="13cdc9d9-ddb5-4fa4-a97d-d965ccfc6d4b">
          <AssemblyResolution>
            <TestDirectory useLoadContext="true" />
          </AssemblyResolution>
        </UnitTestRunConfig>
        <WebTestRunConfiguration testTypeId="4e7599fa-5ecb-43e9-a887-cd63cf72d207">
          <Browser name="Internet Explorer 7.0">
            <Headers>
              <Header name="User-Agent" value="Mozilla/4.0 (compatible; MSIE 7.0; Windows NT 5.1)" />
              <Header name="Accept" value="*/*" />
              <Header name="Accept-Language" value="{{$IEAcceptLanguage}}" />
              <Header name="Accept-Encoding" value="GZIP" />
            </Headers>
          </Browser>
        </WebTestRunConfiguration>
      </TestTypeSpecific>
      <AgentRule name="LocalMachineDefaultRole">
        <DataCollectors>
          <DataCollector uri="datacollector://microsoft/CodeCoverage/1.0" assemblyQualifiedName="Microsoft.VisualStudio.TestTools.CodeCoverage.CoveragePlugIn, Microsoft.VisualStudio.QualityTools.Plugins.CodeCoverage, Version=10.0.0.0, Culture=neutral, PublicKeyToken=b03f5f7f11d50a3a" friendlyName="Code Coverage" enabled="false">
            <Configuration>
              <CodeCoverage xmlns="">
                <Regular>
                  <CodeCoverageItem binaryFile="Riak.Client\bin\Debug\Riak.Client.dll" pdbFile="Riak.Client\bin\Debug\Riak.Client.pdb" instrumentInPlace="true" />
                </Regular>
              </CodeCoverage>
            </Configuration>
          </DataCollector>
        </DataCollectors>
      </AgentRule>
    </Execution>
  </TestSettings>
  <Times creation="2010-03-20T09:36:33.3688385-04:00" queuing="2010-03-20T09:36:38.0471061-04:00" start="2010-03-20T09:36:38.8241505-04:00" finish="2010-03-20T09:37:11.0479936-04:00" />
  <ResultSummary outcome="Failed">
    <Counters total="11" executed="11" error="0" failed="11" timeout="0" aborted="0" inconclusive="0" passedButRunAborted="0" notRunnable="0" notExecuted="0" disconnected="0" warning="0" passed="0" completed="0" inProgress="0" pending="0" />
  </ResultSummary>
  <TestDefinitions>
    <UnitTest name="LinkWithUnknownParameters" storage="c:\projects\riak.client\riak.tests\bin\debug\riak.tests.dll" id="d9c44692-30b5-c679-747b-7d385a54ef67">
      <Execution id="dc96295b-950f-4bc8-ab90-cd20c782e725" />
      <TestMethod codeBase="c:/projects/Riak.Client/Riak.Tests/bin/Debug/Riak.Tests.DLL" adapterTypeName="Microsoft.VisualStudio.TestTools.TestTypes.Unit.UnitTestAdapter, Microsoft.VisualStudio.QualityTools.Tips.UnitTest.Adapter, Version=10.0.0.0, Culture=neutral, PublicKeyToken=b03f5f7f11d50a3a" className="Riak.Tests.LinkTests, Riak.Tests, Version=1.0.0.0, Culture=neutral, PublicKeyToken=null" name="LinkWithUnknownParameters" />
    </UnitTest>
    <UnitTest name="LinkWithRelationalUri" storage="c:\projects\riak.client\riak.tests\bin\debug\riak.tests.dll" id="30d12b1b-aa49-8c08-bd4a-866243aceb48">
      <Execution id="cbc3a382-593a-4bdb-9cfa-f2c9ca9731d7" />
      <TestMethod codeBase="c:/projects/Riak.Client/Riak.Tests/bin/Debug/Riak.Tests.DLL" adapterTypeName="Microsoft.VisualStudio.TestTools.TestTypes.Unit.UnitTestAdapter, Microsoft.VisualStudio.QualityTools.Tips.UnitTest.Adapter, Version=10.0.0.0, Culture=neutral, PublicKeyToken=b03f5f7f11d50a3a" className="Riak.Tests.LinkTests, Riak.Tests, Version=1.0.0.0, Culture=neutral, PublicKeyToken=null" name="LinkWithRelationalUri" />
    </UnitTest>
    <UnitTest name="LinkOddlyFormedIsParsedAndNormalized" storage="c:\projects\riak.client\riak.tests\bin\debug\riak.tests.dll" id="86d01318-0230-9e62-826b-6c3385d23407">
      <Execution id="290a504d-9f0d-47b7-9905-49d0793a6196" />
      <TestMethod codeBase="c:/projects/Riak.Client/Riak.Tests/bin/Debug/Riak.Tests.DLL" adapterTypeName="Microsoft.VisualStudio.TestTools.TestTypes.Unit.UnitTestAdapter, Microsoft.VisualStudio.QualityTools.Tips.UnitTest.Adapter, Version=10.0.0.0, Culture=neutral, PublicKeyToken=b03f5f7f11d50a3a" className="Riak.Tests.LinkTests, Riak.Tests, Version=1.0.0.0, Culture=neutral, PublicKeyToken=null" name="LinkOddlyFormedIsParsedAndNormalized" />
    </UnitTest>
    <UnitTest name="GetAllTextData" storage="c:\projects\riak.client\riak.tests\bin\debug\riak.tests.dll" id="4312a9d7-4905-c365-94ac-da54845d713f">
      <Execution id="1db8f447-229b-4e00-af0c-40f792e71e43" />
      <TestMethod codeBase="c:/projects/Riak.Client/Riak.Tests/bin/Debug/Riak.Tests.DLL" adapterTypeName="Microsoft.VisualStudio.TestTools.TestTypes.Unit.UnitTestAdapter, Microsoft.VisualStudio.QualityTools.Tips.UnitTest.Adapter, Version=10.0.0.0, Culture=neutral, PublicKeyToken=b03f5f7f11d50a3a" className="Riak.Tests.MultiPartResponseTests, Riak.Tests, Version=1.0.0.0, Culture=neutral, PublicKeyToken=null" name="GetAllTextData" />
    </UnitTest>
    <UnitTest name="ConflictOnAllowMultiBucket" storage="c:\projects\riak.client\riak.tests\bin\debug\riak.tests.dll" id="beae7429-a6a2-4b8b-91b8-2242ec45c77a">
      <Execution id="95f7e6fb-1695-4aea-9828-c01cf80df330" />
      <TestMethod codeBase="c:/projects/Riak.Client/Riak.Tests/bin/Debug/Riak.Tests.DLL" adapterTypeName="Microsoft.VisualStudio.TestTools.TestTypes.Unit.UnitTestAdapter, Microsoft.VisualStudio.QualityTools.Tips.UnitTest.Adapter, Version=10.0.0.0, Culture=neutral, PublicKeyToken=b03f5f7f11d50a3a" className="Riak.Tests.BucketTests, Riak.Tests, Version=1.0.0.0, Culture=neutral, PublicKeyToken=null" name="ConflictOnAllowMultiBucket" />
    </UnitTest>
    <UnitTest name="ConflictOnNonMultiBucket" storage="c:\projects\riak.client\riak.tests\bin\debug\riak.tests.dll" id="06a22416-08af-c0dc-b70f-5cec4761aa09">
      <Execution id="0222d11f-0262-4b2b-a763-0af8df6d2f13" />
      <TestMethod codeBase="c:/projects/Riak.Client/Riak.Tests/bin/Debug/Riak.Tests.DLL" adapterTypeName="Microsoft.VisualStudio.TestTools.TestTypes.Unit.UnitTestAdapter, Microsoft.VisualStudio.QualityTools.Tips.UnitTest.Adapter, Version=10.0.0.0, Culture=neutral, PublicKeyToken=b03f5f7f11d50a3a" className="Riak.Tests.BucketTests, Riak.Tests, Version=1.0.0.0, Culture=neutral, PublicKeyToken=null" name="ConflictOnNonMultiBucket" />
    </UnitTest>
    <UnitTest name="SaveAStringKeyValue" storage="c:\projects\riak.client\riak.tests\bin\debug\riak.tests.dll" id="58939138-4342-8e72-2f65-c6ec6d5362d3">
      <Execution id="bac005b7-d137-4afb-acde-5dc3bcf97ecb" />
      <TestMethod codeBase="c:/projects/Riak.Client/Riak.Tests/bin/Debug/Riak.Tests.DLL" adapterTypeName="Microsoft.VisualStudio.TestTools.TestTypes.Unit.UnitTestAdapter, Microsoft.VisualStudio.QualityTools.Tips.UnitTest.Adapter, Version=10.0.0.0, Culture=neutral, PublicKeyToken=b03f5f7f11d50a3a" className="Riak.Tests.BucketTests, Riak.Tests, Version=1.0.0.0, Culture=neutral, PublicKeyToken=null" name="SaveAStringKeyValue" />
    </UnitTest>
    <UnitTest name="LinkRoundTripping" storage="c:\projects\riak.client\riak.tests\bin\debug\riak.tests.dll" id="8bc468f8-eee0-673a-92b7-930506440e84">
      <Execution id="43f1f279-3ee9-478d-a952-4f83ddd42f31" />
      <TestMethod codeBase="c:/projects/Riak.Client/Riak.Tests/bin/Debug/Riak.Tests.DLL" adapterTypeName="Microsoft.VisualStudio.TestTools.TestTypes.Unit.UnitTestAdapter, Microsoft.VisualStudio.QualityTools.Tips.UnitTest.Adapter, Version=10.0.0.0, Culture=neutral, PublicKeyToken=b03f5f7f11d50a3a" className="Riak.Tests.LinkTests, Riak.Tests, Version=1.0.0.0, Culture=neutral, PublicKeyToken=null" name="LinkRoundTripping" />
    </UnitTest>
    <UnitTest name="LinkWithMultipleParameters" storage="c:\projects\riak.client\riak.tests\bin\debug\riak.tests.dll" id="d79ef6f9-4e22-e7f6-a37e-b0e7a8cab61d">
      <Execution id="0abaf4e9-9cc0-4e8b-8438-f23ee4628d95" />
      <TestMethod codeBase="c:/projects/Riak.Client/Riak.Tests/bin/Debug/Riak.Tests.DLL" adapterTypeName="Microsoft.VisualStudio.TestTools.TestTypes.Unit.UnitTestAdapter, Microsoft.VisualStudio.QualityTools.Tips.UnitTest.Adapter, Version=10.0.0.0, Culture=neutral, PublicKeyToken=b03f5f7f11d50a3a" className="Riak.Tests.LinkTests, Riak.Tests, Version=1.0.0.0, Culture=neutral, PublicKeyToken=null" name="LinkWithMultipleParameters" />
    </UnitTest>
    <UnitTest name="LinkFollowing" storage="c:\projects\riak.client\riak.tests\bin\debug\riak.tests.dll" id="e59f5b3d-3a7c-4505-e293-67664a703224">
      <Execution id="a43491d3-2180-4c2a-9572-b103d4359852" />
      <TestMethod codeBase="c:/projects/Riak.Client/Riak.Tests/bin/Debug/Riak.Tests.DLL" adapterTypeName="Microsoft.VisualStudio.TestTools.TestTypes.Unit.UnitTestAdapter, Microsoft.VisualStudio.QualityTools.Tips.UnitTest.Adapter, Version=10.0.0.0, Culture=neutral, PublicKeyToken=b03f5f7f11d50a3a" className="Riak.Tests.LinkTests, Riak.Tests, Version=1.0.0.0, Culture=neutral, PublicKeyToken=null" name="LinkFollowing" />
    </UnitTest>
    <UnitTest name="GetAllSiblingsOnConflict" storage="c:\projects\riak.client\riak.tests\bin\debug\riak.tests.dll" id="7a71b779-6444-5633-f109-dc2d069ca31b">
      <Execution id="61dab263-afb2-4a1c-899b-304ba80e9c94" />
      <TestMethod codeBase="c:/projects/Riak.Client/Riak.Tests/bin/Debug/Riak.Tests.DLL" adapterTypeName="Microsoft.VisualStudio.TestTools.TestTypes.Unit.UnitTestAdapter, Microsoft.VisualStudio.QualityTools.Tips.UnitTest.Adapter, Version=10.0.0.0, Culture=neutral, PublicKeyToken=b03f5f7f11d50a3a" className="Riak.Tests.BucketTests, Riak.Tests, Version=1.0.0.0, Culture=neutral, PublicKeyToken=null" name="GetAllSiblingsOnConflict" />
    </UnitTest>
  </TestDefinitions>
  <TestLists>
    <TestList name="Results Not in a List" id="8c84fa94-04c1-424b-9868-57a2d4851a1d" />
    <TestList name="All Loaded Results" id="19431567-8539-422a-85d7-44ee4e166bda" />
  </TestLists>
  <TestEntries>
    <TestEntry testId="4312a9d7-4905-c365-94ac-da54845d713f" executionId="1db8f447-229b-4e00-af0c-40f792e71e43" testListId="8c84fa94-04c1-424b-9868-57a2d4851a1d" />
    <TestEntry testId="7a71b779-6444-5633-f109-dc2d069ca31b" executionId="61dab263-afb2-4a1c-899b-304ba80e9c94" testListId="8c84fa94-04c1-424b-9868-57a2d4851a1d" />
    <TestEntry testId="30d12b1b-aa49-8c08-bd4a-866243aceb48" executionId="cbc3a382-593a-4bdb-9cfa-f2c9ca9731d7" testListId="8c84fa94-04c1-424b-9868-57a2d4851a1d" />
    <TestEntry testId="06a22416-08af-c0dc-b70f-5cec4761aa09" executionId="0222d11f-0262-4b2b-a763-0af8df6d2f13" testListId="8c84fa94-04c1-424b-9868-57a2d4851a1d" />
    <TestEntry testId="beae7429-a6a2-4b8b-91b8-2242ec45c77a" executionId="95f7e6fb-1695-4aea-9828-c01cf80df330" testListId="8c84fa94-04c1-424b-9868-57a2d4851a1d" />
    <TestEntry testId="d79ef6f9-4e22-e7f6-a37e-b0e7a8cab61d" executionId="0abaf4e9-9cc0-4e8b-8438-f23ee4628d95" testListId="8c84fa94-04c1-424b-9868-57a2d4851a1d" />
    <TestEntry testId="e59f5b3d-3a7c-4505-e293-67664a703224" executionId="a43491d3-2180-4c2a-9572-b103d4359852" testListId="8c84fa94-04c1-424b-9868-57a2d4851a1d" />
    <TestEntry testId="8bc468f8-eee0-673a-92b7-930506440e84" executionId="43f1f279-3ee9-478d-a952-4f83ddd42f31" testListId="8c84fa94-04c1-424b-9868-57a2d4851a1d" />
    <TestEntry testId="d9c44692-30b5-c679-747b-7d385a54ef67" executionId="dc96295b-950f-4bc8-ab90-cd20c782e725" testListId="8c84fa94-04c1-424b-9868-57a2d4851a1d" />
    <TestEntry testId="86d01318-0230-9e62-826b-6c3385d23407" executionId="290a504d-9f0d-47b7-9905-49d0793a6196" testListId="8c84fa94-04c1-424b-9868-57a2d4851a1d" />
    <TestEntry testId="58939138-4342-8e72-2f65-c6ec6d5362d3" executionId="bac005b7-d137-4afb-acde-5dc3bcf97ecb" testListId="8c84fa94-04c1-424b-9868-57a2d4851a1d" />
  </TestEntries>
  <Results>
    <UnitTestResult executionId="1db8f447-229b-4e00-af0c-40f792e71e43" testId="4312a9d7-4905-c365-94ac-da54845d713f" testName="GetAllTextData" computerName="HORVICKW7" duration="00:00:01.1208534" startTime="2010-03-20T09:36:39.3831825-04:00" endTime="2010-03-20T09:36:42.7243736-04:00" testType="13cdc9d9-ddb5-4fa4-a97d-d965ccfc6d4b" outcome="Failed" testListId="8c84fa94-04c1-424b-9868-57a2d4851a1d" relativeResultsDirectory="1db8f447-229b-4e00-af0c-40f792e71e43">
      <Output>
        <ErrorInfo>
          <Message>Initialization method Riak.Tests.MultiPartResponseTests.AddInitialData threw exception. System.NullReferenceException: System.NullReferenceException: Object reference not set to an instance of an object..</Message>
          <StackTrace>    at Riak.Tests.MultiPartResponseTests.GetRandomTextData() in c:\projects\Riak.Client\Riak.Tests\MultiPartResponseTests.cs:line 56
   at Riak.Tests.MultiPartResponseTests.AddInitialData() in c:\projects\Riak.Client\Riak.Tests\MultiPartResponseTests.cs:line 30
</StackTrace>
        </ErrorInfo>
      </Output>
    </UnitTestResult>
    <UnitTestResult executionId="61dab263-afb2-4a1c-899b-304ba80e9c94" testId="7a71b779-6444-5633-f109-dc2d069ca31b" testName="GetAllSiblingsOnConflict" computerName="HORVICKW7" duration="00:00:00.4984616" startTime="2010-03-20T09:36:42.8073784-04:00" endTime="2010-03-20T09:36:43.3384087-04:00" testType="13cdc9d9-ddb5-4fa4-a97d-d965ccfc6d4b" outcome="Failed" testListId="8c84fa94-04c1-424b-9868-57a2d4851a1d" relativeResultsDirectory="61dab263-afb2-4a1c-899b-304ba80e9c94">
      <Output>
        <DebugTrace>X-Riak-Vclock: a85hYGBgzGDKBVIsLKE9zzOYEhnzWBmyvSWP8mUBAA==
Link: &lt;/riak/ConflictOnAllowMultiBucket&gt;
QTAgent32.exe Error: 0 : HTTP error BadRequest performing PUT request at http://192.168.137.50:8098/riak/ConflictOnAllowMultiBucket/1ffa9eba-cdb4-40d8-9618-ca7ef335aed9
QTAgent32.exe Error: 0 : Invalid Link header. Links must be of the form
&lt;/riak/BUCKET/KEY&gt;; riaktag="TAG"

</DebugTrace>
        <ErrorInfo>
          <Message>Test method Riak.Tests.BucketTests.GetAllSiblingsOnConflict threw exception: 
Riak.Client.RiakServerException: HTTP error BadRequest performing PUT request at http://192.168.137.50:8098/riak/ConflictOnAllowMultiBucket/1ffa9eba-cdb4-40d8-9618-ca7ef335aed9</Message>
          <StackTrace>    at Riak.Client.HttpHandler.Execute(WebRequestVerb verb, Uri uri, Dictionary`2 headers, ICollection`1 allowedCodes, Stream requestDataStream) in c:\projects\Riak.Client\Riak.Client\HttpHandler.cs:line 208
   at Riak.Client.HttpHandler.Put(Uri uri, String contentType, Dictionary`2 headers, ICollection`1 allowedCodes, Stream data) in c:\projects\Riak.Client\Riak.Client\HttpHandler.cs:line 107
   at Riak.Client.RiakObject.Store(Stream data) in c:\projects\Riak.Client\Riak.Client\RiakObject.cs:line 150
   at Riak.Client.RiakObject.Store(String data) in c:\projects\Riak.Client\Riak.Client\RiakObject.cs:line 144
   at Riak.Tests.BucketTests.GetAllSiblingsOnConflict() in c:\projects\Riak.Client\Riak.Tests\BucketTests.cs:line 223
</StackTrace>
        </ErrorInfo>
      </Output>
    </UnitTestResult>
    <UnitTestResult executionId="cbc3a382-593a-4bdb-9cfa-f2c9ca9731d7" testId="30d12b1b-aa49-8c08-bd4a-866243aceb48" testName="LinkWithRelationalUri" computerName="HORVICKW7" duration="00:00:00.0676424" startTime="2010-03-20T09:36:43.4424147-04:00" endTime="2010-03-20T09:36:43.5444205-04:00" testType="13cdc9d9-ddb5-4fa4-a97d-d965ccfc6d4b" outcome="Failed" testListId="8c84fa94-04c1-424b-9868-57a2d4851a1d" relativeResultsDirectory="cbc3a382-593a-4bdb-9cfa-f2c9ca9731d7">
      <Output>
        <ErrorInfo>
          <Message>Assert.AreEqual failed. Expected:&lt;&lt;/raw/hb&gt;; rel="up"&gt;. Actual:&lt;&lt;/raw/hb&gt;&gt;. </Message>
          <StackTrace>   at Riak.Tests.LinkTests.LinkWithRelationalUri() in c:\projects\Riak.Client\Riak.Tests\LinkTests.cs:line 20
</StackTrace>
        </ErrorInfo>
      </Output>
    </UnitTestResult>
    <UnitTestResult executionId="0222d11f-0262-4b2b-a763-0af8df6d2f13" testId="06a22416-08af-c0dc-b70f-5cec4761aa09" testName="ConflictOnNonMultiBucket" computerName="HORVICKW7" duration="00:00:00.5734152" startTime="2010-03-20T09:36:43.5944234-04:00" endTime="2010-03-20T09:36:44.2254595-04:00" testType="13cdc9d9-ddb5-4fa4-a97d-d965ccfc6d4b" outcome="Failed" testListId="8c84fa94-04c1-424b-9868-57a2d4851a1d" relativeResultsDirectory="0222d11f-0262-4b2b-a763-0af8df6d2f13">
      <Output>
        <DebugTrace>X-Riak-Vclock: a85hYGBgzGDKBVIsrDwvijKYEhnzWBlyvCWP8mUBAA==
Link: &lt;/riak/NonMultiBucket&gt;
QTAgent32.exe Error: 0 : HTTP error BadRequest performing PUT request at http://192.168.137.50:8098/riak/NonMultiBucket/e69e20ec-f7d8-460d-83ce-36ef5d1fa2b1
QTAgent32.exe Error: 0 : Invalid Link header. Links must be of the form
&lt;/riak/BUCKET/KEY&gt;; riaktag="TAG"

</DebugTrace>
        <ErrorInfo>
          <Message>Test method Riak.Tests.BucketTests.ConflictOnNonMultiBucket threw exception: 
Riak.Client.RiakServerException: HTTP error BadRequest performing PUT request at http://192.168.137.50:8098/riak/NonMultiBucket/e69e20ec-f7d8-460d-83ce-36ef5d1fa2b1</Message>
          <StackTrace>    at Riak.Client.HttpHandler.Execute(WebRequestVerb verb, Uri uri, Dictionary`2 headers, ICollection`1 allowedCodes, Stream requestDataStream) in c:\projects\Riak.Client\Riak.Client\HttpHandler.cs:line 208
   at Riak.Client.HttpHandler.Put(Uri uri, String contentType, Dictionary`2 headers, ICollection`1 allowedCodes, Stream data) in c:\projects\Riak.Client\Riak.Client\HttpHandler.cs:line 107
   at Riak.Client.RiakObject.Store(Stream data) in c:\projects\Riak.Client\Riak.Client\RiakObject.cs:line 150
   at Riak.Client.RiakObject.Store(String data) in c:\projects\Riak.Client\Riak.Client\RiakObject.cs:line 144
   at Riak.Tests.BucketTests.ConflictOnNonMultiBucket() in c:\projects\Riak.Client\Riak.Tests\BucketTests.cs:line 138
</StackTrace>
        </ErrorInfo>
      </Output>
    </UnitTestResult>
    <UnitTestResult executionId="95f7e6fb-1695-4aea-9828-c01cf80df330" testId="beae7429-a6a2-4b8b-91b8-2242ec45c77a" testName="ConflictOnAllowMultiBucket" computerName="HORVICKW7" duration="00:00:23.7948232" startTime="2010-03-20T09:36:44.2614615-04:00" endTime="2010-03-20T09:37:08.5398502-04:00" testType="13cdc9d9-ddb5-4fa4-a97d-d965ccfc6d4b" outcome="Failed" testListId="8c84fa94-04c1-424b-9868-57a2d4851a1d" relativeResultsDirectory="95f7e6fb-1695-4aea-9828-c01cf80df330">
      <Output>
        <DebugTrace>X-Riak-Vclock: a85hYGBgzGDKBVIsbLNvP89gSmTMY2Vo8JY8ypcFAA==
Link: &lt;/riak/ConflictOnAllowMultiBucket&gt;
QTAgent32.exe Error: 0 : HTTP error BadRequest performing PUT request at http://192.168.137.50:8098/riak/ConflictOnAllowMultiBucket/3871dc9b-db37-4c9c-b413-df9dece44155
QTAgent32.exe Error: 0 : Invalid Link header. Links must be of the form
&lt;/riak/BUCKET/KEY&gt;; riaktag="TAG"

</DebugTrace>
        <ErrorInfo>
          <Message>Test method Riak.Tests.BucketTests.ConflictOnAllowMultiBucket threw exception Riak.Client.RiakServerException, but exception Riak.Client.RiakUnresolvedConflictException was expected. Exception message: Riak.Client.RiakServerException: HTTP error BadRequest performing PUT request at http://192.168.137.50:8098/riak/ConflictOnAllowMultiBucket/3871dc9b-db37-4c9c-b413-df9dece44155</Message>
          <StackTrace>    at Riak.Client.HttpHandler.Execute(WebRequestVerb verb, Uri uri, Dictionary`2 headers, ICollection`1 allowedCodes, Stream requestDataStream) in c:\projects\Riak.Client\Riak.Client\HttpHandler.cs:line 208
   at Riak.Client.HttpHandler.Put(Uri uri, String contentType, Dictionary`2 headers, ICollection`1 allowedCodes, Stream data) in c:\projects\Riak.Client\Riak.Client\HttpHandler.cs:line 107
   at Riak.Client.RiakObject.Store(Stream data) in c:\projects\Riak.Client\Riak.Client\RiakObject.cs:line 150
   at Riak.Client.RiakObject.Store(String data) in c:\projects\Riak.Client\Riak.Client\RiakObject.cs:line 144
   at Riak.Tests.BucketTests.ConflictOnAllowMultiBucket() in c:\projects\Riak.Client\Riak.Tests\BucketTests.cs:line 188
</StackTrace>
        </ErrorInfo>
      </Output>
    </UnitTestResult>
    <UnitTestResult executionId="0abaf4e9-9cc0-4e8b-8438-f23ee4628d95" testId="d79ef6f9-4e22-e7f6-a37e-b0e7a8cab61d" testName="LinkWithMultipleParameters" computerName="HORVICKW7" duration="00:00:00.0558789" startTime="2010-03-20T09:37:08.5778524-04:00" endTime="2010-03-20T09:37:08.6948590-04:00" testType="13cdc9d9-ddb5-4fa4-a97d-d965ccfc6d4b" outcome="Failed" testListId="8c84fa94-04c1-424b-9868-57a2d4851a1d" relativeResultsDirectory="0abaf4e9-9cc0-4e8b-8438-f23ee4628d95">
      <Output>
        <ErrorInfo>
          <Message>Assert.AreEqual failed. Expected:&lt;&lt;/raw/hb&gt;; rel="up"; riaktag="foo"&gt;. Actual:&lt;&lt;/raw/hb&gt;; riaktag="foo"&gt;. </Message>
          <StackTrace>   at Riak.Tests.LinkTests.LinkWithMultipleParameters() in c:\projects\Riak.Client\Riak.Tests\LinkTests.cs:line 41
</StackTrace>
        </ErrorInfo>
      </Output>
    </UnitTestResult>
    <UnitTestResult executionId="a43491d3-2180-4c2a-9572-b103d4359852" testId="e59f5b3d-3a7c-4505-e293-67664a703224" testName="LinkFollowing" computerName="HORVICKW7" duration="00:00:01.1211199" startTime="2010-03-20T09:37:08.7578626-04:00" endTime="2010-03-20T09:37:09.9029281-04:00" testType="13cdc9d9-ddb5-4fa4-a97d-d965ccfc6d4b" outcome="Failed" testListId="8c84fa94-04c1-424b-9868-57a2d4851a1d" relativeResultsDirectory="a43491d3-2180-4c2a-9572-b103d4359852">
      <Output>
        <DebugTrace>X-Riak-Vclock: a85hYGBgzGDKBVIsLP//CmUwJTLmsTIc85I8ypcFAA==
X-Riak-Vclock: a85hYGBgzGDKBVIsLP//CmUwJTLmsTIc85I8ypcFAA==
X-Riak-Vclock: a85hYGBgzGDKBVIsLP//CmUwJTLmsTIc85I8ypcFAA==
X-Riak-Vclock: a85hYGBgzGDKBVIsLP//CmUwJTLmsTIc85I8ypcFAA==
X-Riak-Vclock: a85hYGBgzGDKBVIsLP//CmUwJTLmsTIc85I8ypcFAA==
X-Riak-Vclock: a85hYGBgzGDKBVIsTDMOlmUwJTLmsTK0ekse5csCAA==
Link: &lt;/riak/Artist&gt;, &lt;/riak/Album/Kind%20of%20Blue&gt;; riaktag="album", &lt;/riak/Album/Conception&gt;; riaktag="album", &lt;/riak/Album/Blue&gt;; riaktag="album", &lt;/riak/Album/Dig&gt;; riaktag="album"
QTAgent32.exe Error: 0 : HTTP error BadRequest performing PUT request at http://192.168.137.50:8098/riak/Artist/Miles%20Davis
QTAgent32.exe Error: 0 : Invalid Link header. Links must be of the form
&lt;/riak/BUCKET/KEY&gt;; riaktag="TAG"

</DebugTrace>
        <ErrorInfo>
          <Message>Test method Riak.Tests.LinkTests.LinkFollowing threw exception: 
Riak.Client.RiakServerException: HTTP error BadRequest performing PUT request at http://192.168.137.50:8098/riak/Artist/Miles%20Davis</Message>
          <StackTrace>    at Riak.Client.HttpHandler.Execute(WebRequestVerb verb, Uri uri, Dictionary`2 headers, ICollection`1 allowedCodes, Stream requestDataStream) in c:\projects\Riak.Client\Riak.Client\HttpHandler.cs:line 208
   at Riak.Client.HttpHandler.Put(Uri uri, String contentType, Dictionary`2 headers, ICollection`1 allowedCodes, Stream data) in c:\projects\Riak.Client\Riak.Client\HttpHandler.cs:line 107
   at Riak.Client.RiakObject.Store(Stream data) in c:\projects\Riak.Client\Riak.Client\RiakObject.cs:line 150
   at Riak.Client.RiakObject.Store(String data) in c:\projects\Riak.Client\Riak.Client\RiakObject.cs:line 144
   at Riak.Client.RiakObject.Store() in c:\projects\Riak.Client\Riak.Client\RiakObject.cs:line 234
   at Riak.Tests.LinkTests.LinkFollowing() in c:\projects\Riak.Client\Riak.Tests\LinkTests.cs:line 179
</StackTrace>
        </ErrorInfo>
      </Output>
    </UnitTestResult>
    <UnitTestResult executionId="43f1f279-3ee9-478d-a952-4f83ddd42f31" testId="8bc468f8-eee0-673a-92b7-930506440e84" testName="LinkRoundTripping" computerName="HORVICKW7" duration="00:00:00.0463019" startTime="2010-03-20T09:37:09.9289296-04:00" endTime="2010-03-20T09:37:09.9959335-04:00" testType="13cdc9d9-ddb5-4fa4-a97d-d965ccfc6d4b" outcome="Failed" testListId="8c84fa94-04c1-424b-9868-57a2d4851a1d" relativeResultsDirectory="43f1f279-3ee9-478d-a952-4f83ddd42f31">
      <Output>
        <ErrorInfo>
          <Message>Assert.AreEqual failed. Expected:&lt;up&gt;. Actual:&lt;(null)&gt;. </Message>
          <StackTrace>   at Riak.Tests.LinkTests.LinkRoundTripping() in c:\projects\Riak.Client\Riak.Tests\LinkTests.cs:line 72
</StackTrace>
        </ErrorInfo>
      </Output>
    </UnitTestResult>
    <UnitTestResult executionId="dc96295b-950f-4bc8-ab90-cd20c782e725" testId="d9c44692-30b5-c679-747b-7d385a54ef67" testName="LinkWithUnknownParameters" computerName="HORVICKW7" duration="00:00:00.0484582" startTime="2010-03-20T09:37:10.0179347-04:00" endTime="2010-03-20T09:37:10.0849386-04:00" testType="13cdc9d9-ddb5-4fa4-a97d-d965ccfc6d4b" outcome="Failed" testListId="8c84fa94-04c1-424b-9868-57a2d4851a1d" relativeResultsDirectory="dc96295b-950f-4bc8-ab90-cd20c782e725">
      <Output>
        <ErrorInfo>
          <Message>Assert.AreEqual failed. Expected:&lt;&lt;/raw/hb&gt;; unk="value"; rel="up"; riaktag="foo"&gt;. Actual:&lt;&lt;/raw/hb&gt;; unk="value"; riaktag="foo"&gt;. </Message>
          <StackTrace>   at Riak.Tests.LinkTests.LinkWithUnknownParameters() in c:\projects\Riak.Client\Riak.Tests\LinkTests.cs:line 58
</StackTrace>
        </ErrorInfo>
      </Output>
    </UnitTestResult>
    <UnitTestResult executionId="290a504d-9f0d-47b7-9905-49d0793a6196" testId="86d01318-0230-9e62-826b-6c3385d23407" testName="LinkOddlyFormedIsParsedAndNormalized" computerName="HORVICKW7" duration="00:00:00.0562917" startTime="2010-03-20T09:37:10.1449420-04:00" endTime="2010-03-20T09:37:10.2249466-04:00" testType="13cdc9d9-ddb5-4fa4-a97d-d965ccfc6d4b" outcome="Failed" testListId="8c84fa94-04c1-424b-9868-57a2d4851a1d" relativeResultsDirectory="290a504d-9f0d-47b7-9905-49d0793a6196">
      <Output>
        <ErrorInfo>
          <Message>Assert.AreEqual failed. Expected:&lt;&lt;/raw/hb&gt;; rel="up"; riaktag="foo"&gt;. Actual:&lt;&lt;/raw/hb&gt;; riaktag="foo"&gt;. </Message>
          <StackTrace>   at Riak.Tests.LinkTests.LinkOddlyFormedIsParsedAndNormalized() in c:\projects\Riak.Client\Riak.Tests\LinkTests.cs:line 92
</StackTrace>
        </ErrorInfo>
      </Output>
    </UnitTestResult>
    <UnitTestResult executionId="bac005b7-d137-4afb-acde-5dc3bcf97ecb" testId="58939138-4342-8e72-2f65-c6ec6d5362d3" testName="SaveAStringKeyValue" computerName="HORVICKW7" duration="00:00:00.4639587" startTime="2010-03-20T09:37:10.2609486-04:00" endTime="2010-03-20T09:37:10.7759781-04:00" testType="13cdc9d9-ddb5-4fa4-a97d-d965ccfc6d4b" outcome="Failed" testListId="8c84fa94-04c1-424b-9868-57a2d4851a1d" relativeResultsDirectory="bac005b7-d137-4afb-acde-5dc3bcf97ecb">
      <Output>
        <DebugTrace>X-Riak-Vclock: a85hYGBgzGDKBVIs7OnPOTOYEhnzWBmOekke5csCAA==
Link: &lt;/riak/BucketTest&gt;
QTAgent32.exe Error: 0 : HTTP error BadRequest performing PUT request at http://192.168.137.50:8098/riak/BucketTest/StringKey
QTAgent32.exe Error: 0 : Invalid Link header. Links must be of the form
&lt;/riak/BUCKET/KEY&gt;; riaktag="TAG"

</DebugTrace>
        <ErrorInfo>
          <Message>Test method Riak.Tests.BucketTests.SaveAStringKeyValue threw exception: 
Riak.Client.RiakServerException: HTTP error BadRequest performing PUT request at http://192.168.137.50:8098/riak/BucketTest/StringKey</Message>
          <StackTrace>    at Riak.Client.HttpHandler.Execute(WebRequestVerb verb, Uri uri, Dictionary`2 headers, ICollection`1 allowedCodes, Stream requestDataStream) in c:\projects\Riak.Client\Riak.Client\HttpHandler.cs:line 208
   at Riak.Client.HttpHandler.Put(Uri uri, String contentType, Dictionary`2 headers, ICollection`1 allowedCodes, Stream data) in c:\projects\Riak.Client\Riak.Client\HttpHandler.cs:line 107
   at Riak.Client.RiakObject.Store(Stream data) in c:\projects\Riak.Client\Riak.Client\RiakObject.cs:line 150
   at Riak.Client.RiakObject.Store(String data) in c:\projects\Riak.Client\Riak.Client\RiakObject.cs:line 144
   at Riak.Tests.BucketTests.SaveAStringKeyValue() in c:\projects\Riak.Client\Riak.Tests\BucketTests.cs:line 26
</StackTrace>
        </ErrorInfo>
      </Output>
    </UnitTestResult>
  </Results>
</TestRun>