<?xml version="1.0" encoding="UTF-8"?>
<TestRun id="c976995f-046f-4fdd-b70d-682728aede91" name="Robert@HORVICKW7 2010-03-20 18:41:16" runUser="HORVICKW7\Robert" xmlns="http://microsoft.com/schemas/VisualStudio/TeamTest/2010">
  <TestSettings name="Local" id="cccf0ead-bb7b-4fa6-80c8-b697078887da">
    <Description>These are default test settings for a local test run.</Description>
    <Deployment userDeploymentRoot="c:\projects\Riak.Client\TestResults" useDefaultDeploymentRoot="false" runDeploymentRoot="Robert_HORVICKW7 2010-03-20 18_41_16" />
    <Execution>
      <TestTypeSpecific>
        <UnitTestRunConfig testTypeId="13cdc9d9-ddb5-4fa4-a97d-d965ccfc6d4b">
          <AssemblyResolution>
            <TestDirectory useLoadContext="true" />
          </AssemblyResolution>
        </UnitTestRunConfig>
        <WebTestRunConfiguration testTypeId="4e7599fa-5ecb-43e9-a887-cd63cf72d207">
          <Browser name="Internet Explorer 7.0">
            <Headers>
              <Header name="User-Agent" value="Mozilla/4.0 (compatible; MSIE 7.0; Windows NT 5.1)" />
              <Header name="Accept" value="*/*" />
              <Header name="Accept-Language" value="{{$IEAcceptLanguage}}" />
              <Header name="Accept-Encoding" value="GZIP" />
            </Headers>
          </Browser>
        </WebTestRunConfiguration>
      </TestTypeSpecific>
      <AgentRule name="LocalMachineDefaultRole">
        <DataCollectors>
          <DataCollector uri="datacollector://microsoft/CodeCoverage/1.0" assemblyQualifiedName="Microsoft.VisualStudio.TestTools.CodeCoverage.CoveragePlugIn, Microsoft.VisualStudio.QualityTools.Plugins.CodeCoverage, Version=10.0.0.0, Culture=neutral, PublicKeyToken=b03f5f7f11d50a3a" friendlyName="Code Coverage" enabled="false">
            <Configuration>
              <CodeCoverage xmlns="">
                <Regular>
                  <CodeCoverageItem binaryFile="c:\projects\Riak.Client\Riak.Client\bin\Debug\Riak.Client.dll" pdbFile="c:\projects\Riak.Client\Riak.Client\bin\Debug\Riak.Client.instr.pdb" instrumentInPlace="true" />
                </Regular>
              </CodeCoverage>
            </Configuration>
          </DataCollector>
        </DataCollectors>
      </AgentRule>
    </Execution>
  </TestSettings>
  <Times creation="2010-03-20T18:41:16.1221851-04:00" queuing="2010-03-20T18:41:17.9702908-04:00" start="2010-03-20T18:41:18.1132990-04:00" finish="2010-03-20T18:41:21.7395064-04:00" />
  <ResultSummary outcome="Failed">
    <Counters total="6" executed="6" passed="4" error="0" failed="2" timeout="0" aborted="0" inconclusive="0" passedButRunAborted="0" notRunnable="0" notExecuted="0" disconnected="0" warning="0" completed="0" inProgress="0" pending="0" />
  </ResultSummary>
  <TestDefinitions>
    <UnitTest name="GetAllTextData" storage="c:\projects\riak.client\riak.tests\bin\debug\riak.tests.dll" id="4312a9d7-4905-c365-94ac-da54845d713f">
      <Execution id="79818e88-67eb-43da-a0cb-deb71104bf5a" />
      <TestMethod codeBase="c:/projects/Riak.Client/Riak.Tests/bin/Debug/Riak.Tests.DLL" adapterTypeName="Microsoft.VisualStudio.TestTools.TestTypes.Unit.UnitTestAdapter, Microsoft.VisualStudio.QualityTools.Tips.UnitTest.Adapter, Version=10.0.0.0, Culture=neutral, PublicKeyToken=b03f5f7f11d50a3a" className="Riak.Tests.MultiPartResponseTests, Riak.Tests, Version=1.0.0.0, Culture=neutral, PublicKeyToken=null" name="GetAllTextData" />
    </UnitTest>
    <UnitTest name="LinkOnNewKeyExistsAndParses" storage="c:\projects\riak.client\riak.tests\bin\debug\riak.tests.dll" id="cb4b29f5-c7d3-2010-bb43-cecc9f41c474">
      <Execution id="09e0b144-5f9a-41be-8ec9-eb004de8da8f" />
      <TestMethod codeBase="c:/projects/Riak.Client/Riak.Tests/bin/Debug/Riak.Tests.DLL" adapterTypeName="Microsoft.VisualStudio.TestTools.TestTypes.Unit.UnitTestAdapter, Microsoft.VisualStudio.QualityTools.Tips.UnitTest.Adapter, Version=10.0.0.0, Culture=neutral, PublicKeyToken=b03f5f7f11d50a3a" className="Riak.Tests.LinkTests, Riak.Tests, Version=1.0.0.0, Culture=neutral, PublicKeyToken=null" name="LinkOnNewKeyExistsAndParses" />
    </UnitTest>
    <UnitTest name="SaveABinaryKeyValue" storage="c:\projects\riak.client\riak.tests\bin\debug\riak.tests.dll" id="4ad0d6cc-b6bb-6b71-fab7-7bd0c1927a9f">
      <Execution id="47724f8d-91cb-4316-85d3-bfc4c91c81f5" />
      <TestMethod codeBase="c:/projects/Riak.Client/Riak.Tests/bin/Debug/Riak.Tests.DLL" adapterTypeName="Microsoft.VisualStudio.TestTools.TestTypes.Unit.UnitTestAdapter, Microsoft.VisualStudio.QualityTools.Tips.UnitTest.Adapter, Version=10.0.0.0, Culture=neutral, PublicKeyToken=b03f5f7f11d50a3a" className="Riak.Tests.BucketTests, Riak.Tests, Version=1.0.0.0, Culture=neutral, PublicKeyToken=null" name="SaveABinaryKeyValue" />
    </UnitTest>
    <UnitTest name="SaveAStringKeyValue" storage="c:\projects\riak.client\riak.tests\bin\debug\riak.tests.dll" id="58939138-4342-8e72-2f65-c6ec6d5362d3">
      <Execution id="b933921b-d114-4166-b26b-8d746b0f0643" />
      <TestMethod codeBase="c:/projects/Riak.Client/Riak.Tests/bin/Debug/Riak.Tests.DLL" adapterTypeName="Microsoft.VisualStudio.TestTools.TestTypes.Unit.UnitTestAdapter, Microsoft.VisualStudio.QualityTools.Tips.UnitTest.Adapter, Version=10.0.0.0, Culture=neutral, PublicKeyToken=b03f5f7f11d50a3a" className="Riak.Tests.BucketTests, Riak.Tests, Version=1.0.0.0, Culture=neutral, PublicKeyToken=null" name="SaveAStringKeyValue" />
    </UnitTest>
    <UnitTest name="ConflictOnNonMultiBucket" storage="c:\projects\riak.client\riak.tests\bin\debug\riak.tests.dll" id="06a22416-08af-c0dc-b70f-5cec4761aa09">
      <Execution id="b7236da4-e3a2-4555-8f1d-ea0d2776ee8e" />
      <TestMethod codeBase="c:/projects/Riak.Client/Riak.Tests/bin/Debug/Riak.Tests.DLL" adapterTypeName="Microsoft.VisualStudio.TestTools.TestTypes.Unit.UnitTestAdapter, Microsoft.VisualStudio.QualityTools.Tips.UnitTest.Adapter, Version=10.0.0.0, Culture=neutral, PublicKeyToken=b03f5f7f11d50a3a" className="Riak.Tests.BucketTests, Riak.Tests, Version=1.0.0.0, Culture=neutral, PublicKeyToken=null" name="ConflictOnNonMultiBucket" />
    </UnitTest>
    <UnitTest name="GetAllSiblingsOnConflict" storage="c:\projects\riak.client\riak.tests\bin\debug\riak.tests.dll" id="7a71b779-6444-5633-f109-dc2d069ca31b">
      <Execution id="acbdba82-b9a5-4cf1-a456-4141f5fabbc5" />
      <TestMethod codeBase="c:/projects/Riak.Client/Riak.Tests/bin/Debug/Riak.Tests.DLL" adapterTypeName="Microsoft.VisualStudio.TestTools.TestTypes.Unit.UnitTestAdapter, Microsoft.VisualStudio.QualityTools.Tips.UnitTest.Adapter, Version=10.0.0.0, Culture=neutral, PublicKeyToken=b03f5f7f11d50a3a" className="Riak.Tests.BucketTests, Riak.Tests, Version=1.0.0.0, Culture=neutral, PublicKeyToken=null" name="GetAllSiblingsOnConflict" />
    </UnitTest>
  </TestDefinitions>
  <TestLists>
    <TestList name="Results Not in a List" id="8c84fa94-04c1-424b-9868-57a2d4851a1d" />
    <TestList name="All Loaded Results" id="19431567-8539-422a-85d7-44ee4e166bda" />
  </TestLists>
  <TestEntries>
    <TestEntry testId="06a22416-08af-c0dc-b70f-5cec4761aa09" executionId="b7236da4-e3a2-4555-8f1d-ea0d2776ee8e" testListId="8c84fa94-04c1-424b-9868-57a2d4851a1d" />
    <TestEntry testId="4ad0d6cc-b6bb-6b71-fab7-7bd0c1927a9f" executionId="47724f8d-91cb-4316-85d3-bfc4c91c81f5" testListId="8c84fa94-04c1-424b-9868-57a2d4851a1d" />
    <TestEntry testId="4312a9d7-4905-c365-94ac-da54845d713f" executionId="79818e88-67eb-43da-a0cb-deb71104bf5a" testListId="8c84fa94-04c1-424b-9868-57a2d4851a1d" />
    <TestEntry testId="7a71b779-6444-5633-f109-dc2d069ca31b" executionId="acbdba82-b9a5-4cf1-a456-4141f5fabbc5" testListId="8c84fa94-04c1-424b-9868-57a2d4851a1d" />
    <TestEntry testId="58939138-4342-8e72-2f65-c6ec6d5362d3" executionId="b933921b-d114-4166-b26b-8d746b0f0643" testListId="8c84fa94-04c1-424b-9868-57a2d4851a1d" />
    <TestEntry testId="cb4b29f5-c7d3-2010-bb43-cecc9f41c474" executionId="09e0b144-5f9a-41be-8ec9-eb004de8da8f" testListId="8c84fa94-04c1-424b-9868-57a2d4851a1d" />
  </TestEntries>
  <Results>
    <UnitTestResult executionId="b7236da4-e3a2-4555-8f1d-ea0d2776ee8e" testId="06a22416-08af-c0dc-b70f-5cec4761aa09" testName="ConflictOnNonMultiBucket" computerName="HORVICKW7" duration="00:00:00.7537797" startTime="2010-03-20T18:41:18.1373003-04:00" endTime="2010-03-20T18:41:19.6253854-04:00" testType="13cdc9d9-ddb5-4fa4-a97d-d965ccfc6d4b" outcome="Failed" testListId="8c84fa94-04c1-424b-9868-57a2d4851a1d" relativeResultsDirectory="b7236da4-e3a2-4555-8f1d-ea0d2776ee8e">
      <Output>
        <DebugTrace>GET: http://192.168.137.50:8098/riak/NonMultiBucket
GET: http://192.168.137.50:8098/riak/NonMultiBucket/a06a5bbf-1a47-4ab1-bb70-14bd7c0c19ca
PUT: http://192.168.137.50:8098/riak/NonMultiBucket/a06a5bbf-1a47-4ab1-bb70-14bd7c0c19ca
GET: http://192.168.137.50:8098/riak/NonMultiBucket/a06a5bbf-1a47-4ab1-bb70-14bd7c0c19ca
GET: http://192.168.137.50:8098/riak/NonMultiBucket/a06a5bbf-1a47-4ab1-bb70-14bd7c0c19ca
GET: http://192.168.137.50:8098/riak/NonMultiBucket/a06a5bbf-1a47-4ab1-bb70-14bd7c0c19ca
X-Riak-Vclock: a85hYGBgzGDKBVIsjFrWvhlMiYx5rAz8pyWP8mUBAA==
Link: 
PUT: http://192.168.137.50:8098/riak/NonMultiBucket/a06a5bbf-1a47-4ab1-bb70-14bd7c0c19ca
GET: http://192.168.137.50:8098/riak/NonMultiBucket/a06a5bbf-1a47-4ab1-bb70-14bd7c0c19ca
X-Riak-Vclock: a85hYGBgzGDKBVIsjFrWvhlMiYx5rAz8pyWP8mUBAA==
Link: 
PUT: http://192.168.137.50:8098/riak/NonMultiBucket/a06a5bbf-1a47-4ab1-bb70-14bd7c0c19ca
GET: http://192.168.137.50:8098/riak/NonMultiBucket/a06a5bbf-1a47-4ab1-bb70-14bd7c0c19ca
</DebugTrace>
        <ErrorInfo>
          <Message>Assert.AreEqual failed. Expected:&lt;Data1&gt;. Actual:&lt;Conflict2&gt;. </Message>
          <StackTrace>   at Riak.Tests.BucketTests.ConflictOnNonMultiBucket() in c:\projects\Riak.Client\Riak.Tests\BucketTests.cs:line 132
</StackTrace>
        </ErrorInfo>
      </Output>
    </UnitTestResult>
    <UnitTestResult executionId="47724f8d-91cb-4316-85d3-bfc4c91c81f5" testId="4ad0d6cc-b6bb-6b71-fab7-7bd0c1927a9f" testName="SaveABinaryKeyValue" computerName="HORVICKW7" duration="00:00:00.3074748" startTime="2010-03-20T18:41:19.6323858-04:00" endTime="2010-03-20T18:41:19.9564044-04:00" testType="13cdc9d9-ddb5-4fa4-a97d-d965ccfc6d4b" outcome="Passed" testListId="8c84fa94-04c1-424b-9868-57a2d4851a1d" relativeResultsDirectory="47724f8d-91cb-4316-85d3-bfc4c91c81f5">
      <Output>
        <DebugTrace>GET: http://192.168.137.50:8098/riak/BucketTest
GET: http://192.168.137.50:8098/riak/BucketTest/BinaryKey
X-Riak-Vclock: a85hYGBgzGDKBVIsjHcaYjKYEhnzWBk+n5Q8ypcFAA==
Link: 
PUT: http://192.168.137.50:8098/riak/BucketTest/BinaryKey
GET: http://192.168.137.50:8098/riak/BucketTest/BinaryKey
GET: http://192.168.137.50:8098/riak/BucketTest/BinaryKey
</DebugTrace>
      </Output>
    </UnitTestResult>
    <UnitTestResult executionId="79818e88-67eb-43da-a0cb-deb71104bf5a" testId="4312a9d7-4905-c365-94ac-da54845d713f" testName="GetAllTextData" computerName="HORVICKW7" duration="00:00:00.6277697" startTime="2010-03-20T18:41:19.9774056-04:00" endTime="2010-03-20T18:41:20.6164421-04:00" testType="13cdc9d9-ddb5-4fa4-a97d-d965ccfc6d4b" outcome="Failed" testListId="8c84fa94-04c1-424b-9868-57a2d4851a1d" relativeResultsDirectory="79818e88-67eb-43da-a0cb-deb71104bf5a">
      <Output>
        <DebugTrace>GET: http://192.168.137.50:8098/riak/50b65fbb-92a0-4af7-9595-5a8b2698d37b
PUT: http://192.168.137.50:8098/riak/50b65fbb-92a0-4af7-9595-5a8b2698d37b
GET: http://192.168.137.50:8098/riak/50b65fbb-92a0-4af7-9595-5a8b2698d37b/AllTextKey
GET: http://192.168.137.50:8098/riak/50b65fbb-92a0-4af7-9595-5a8b2698d37b/AllTextKey
GET: http://192.168.137.50:8098/riak/50b65fbb-92a0-4af7-9595-5a8b2698d37b/AllTextKey
GET: http://192.168.137.50:8098/riak/50b65fbb-92a0-4af7-9595-5a8b2698d37b/AllTextKey
PUT: http://192.168.137.50:8098/riak/50b65fbb-92a0-4af7-9595-5a8b2698d37b/AllTextKey
GET: http://192.168.137.50:8098/riak/50b65fbb-92a0-4af7-9595-5a8b2698d37b/AllTextKey
PUT: http://192.168.137.50:8098/riak/50b65fbb-92a0-4af7-9595-5a8b2698d37b/AllTextKey
GET: http://192.168.137.50:8098/riak/50b65fbb-92a0-4af7-9595-5a8b2698d37b/AllTextKey
PUT: http://192.168.137.50:8098/riak/50b65fbb-92a0-4af7-9595-5a8b2698d37b/AllTextKey
GET: http://192.168.137.50:8098/riak/50b65fbb-92a0-4af7-9595-5a8b2698d37b/AllTextKey
PUT: http://192.168.137.50:8098/riak/50b65fbb-92a0-4af7-9595-5a8b2698d37b/AllTextKey
GET: http://192.168.137.50:8098/riak/50b65fbb-92a0-4af7-9595-5a8b2698d37b/AllTextKey
GET: http://192.168.137.50:8098/riak/50b65fbb-92a0-4af7-9595-5a8b2698d37b
GET: http://192.168.137.50:8098/riak/50b65fbb-92a0-4af7-9595-5a8b2698d37b/AllTextKey
</DebugTrace>
        <ErrorInfo>
          <Message>Test method Riak.Tests.MultiPartResponseTests.GetAllTextData threw exception: 
System.NotImplementedException: The method or operation is not implemented.</Message>
          <StackTrace>    at Riak.Client.Bucket.LoadSiblingObjects(RiakHttpResponse response, String keyName) in c:\projects\Riak.Client\Riak.Client\Bucket.cs:line 120
   at Riak.Client.Bucket.GetAll(String keyName, Boolean lazy) in c:\projects\Riak.Client\Riak.Client\Bucket.cs:line 107
   at Riak.Tests.MultiPartResponseTests.GetAllTextData() in c:\projects\Riak.Client\Riak.Tests\MultiPartResponseTests.cs:line 55
</StackTrace>
        </ErrorInfo>
      </Output>
    </UnitTestResult>
    <UnitTestResult executionId="acbdba82-b9a5-4cf1-a456-4141f5fabbc5" testId="7a71b779-6444-5633-f109-dc2d069ca31b" testName="GetAllSiblingsOnConflict" computerName="HORVICKW7" duration="00:00:00.4330122" startTime="2010-03-20T18:41:20.6224425-04:00" endTime="2010-03-20T18:41:21.0724682-04:00" testType="13cdc9d9-ddb5-4fa4-a97d-d965ccfc6d4b" outcome="Passed" testListId="8c84fa94-04c1-424b-9868-57a2d4851a1d" relativeResultsDirectory="acbdba82-b9a5-4cf1-a456-4141f5fabbc5">
      <Output>
        <DebugTrace>GET: http://192.168.137.50:8098/riak/ConflictOnAllowMultiBucket
PUT: http://192.168.137.50:8098/riak/ConflictOnAllowMultiBucket
GET: http://192.168.137.50:8098/riak/ConflictOnAllowMultiBucket/32bd24e6-b0f1-40ad-be61-4e78b937dc29
PUT: http://192.168.137.50:8098/riak/ConflictOnAllowMultiBucket/32bd24e6-b0f1-40ad-be61-4e78b937dc29
GET: http://192.168.137.50:8098/riak/ConflictOnAllowMultiBucket/32bd24e6-b0f1-40ad-be61-4e78b937dc29
GET: http://192.168.137.50:8098/riak/ConflictOnAllowMultiBucket/32bd24e6-b0f1-40ad-be61-4e78b937dc29
GET: http://192.168.137.50:8098/riak/ConflictOnAllowMultiBucket/32bd24e6-b0f1-40ad-be61-4e78b937dc29
X-Riak-Vclock: a85hYGBgzGDKBVIsrNrTZDOYEhnzWBkETkse5csCAA==
Link: 
PUT: http://192.168.137.50:8098/riak/ConflictOnAllowMultiBucket/32bd24e6-b0f1-40ad-be61-4e78b937dc29
GET: http://192.168.137.50:8098/riak/ConflictOnAllowMultiBucket/32bd24e6-b0f1-40ad-be61-4e78b937dc29
X-Riak-Vclock: a85hYGBgzGDKBVIsrNrTZDOYEhnzWBkETkse5csCAA==
Link: 
PUT: http://192.168.137.50:8098/riak/ConflictOnAllowMultiBucket/32bd24e6-b0f1-40ad-be61-4e78b937dc29
GET: http://192.168.137.50:8098/riak/ConflictOnAllowMultiBucket/32bd24e6-b0f1-40ad-be61-4e78b937dc29
GET: http://192.168.137.50:8098/riak/ConflictOnAllowMultiBucket/32bd24e6-b0f1-40ad-be61-4e78b937dc29
GET: http://192.168.137.50:8098/riak/ConflictOnAllowMultiBucket/32bd24e6-b0f1-40ad-be61-4e78b937dc29
GET: http://192.168.137.50:8098/riak/ConflictOnAllowMultiBucket/32bd24e6-b0f1-40ad-be61-4e78b937dc29
GET: http://192.168.137.50:8098/riak/ConflictOnAllowMultiBucket/32bd24e6-b0f1-40ad-be61-4e78b937dc29
GET: http://192.168.137.50:8098/riak/ConflictOnAllowMultiBucket/32bd24e6-b0f1-40ad-be61-4e78b937dc29?vtag=4G0sN0LYEcYIw4bnYcjqjf
GET: http://192.168.137.50:8098/riak/ConflictOnAllowMultiBucket/32bd24e6-b0f1-40ad-be61-4e78b937dc29?vtag=4G0sN0LYEcYIw4bnYcjqjf
</DebugTrace>
      </Output>
    </UnitTestResult>
    <UnitTestResult executionId="b933921b-d114-4166-b26b-8d746b0f0643" testId="58939138-4342-8e72-2f65-c6ec6d5362d3" testName="SaveAStringKeyValue" computerName="HORVICKW7" duration="00:00:00.2857316" startTime="2010-03-20T18:41:21.0834688-04:00" endTime="2010-03-20T18:41:21.3864862-04:00" testType="13cdc9d9-ddb5-4fa4-a97d-d965ccfc6d4b" outcome="Passed" testListId="8c84fa94-04c1-424b-9868-57a2d4851a1d" relativeResultsDirectory="b933921b-d114-4166-b26b-8d746b0f0643">
      <Output>
        <DebugTrace>GET: http://192.168.137.50:8098/riak/BucketTest
GET: http://192.168.137.50:8098/riak/BucketTest/StringKey
X-Riak-Vclock: a85hYGBgzmDKBVIs7EdnFGQwJTLmsTJ8OSl5lA8qzDKbRwkq/BVJmOHm+idQ4fpTQOEsAA==
Link: 
PUT: http://192.168.137.50:8098/riak/BucketTest/StringKey
GET: http://192.168.137.50:8098/riak/BucketTest/StringKey
</DebugTrace>
      </Output>
    </UnitTestResult>
    <UnitTestResult executionId="09e0b144-5f9a-41be-8ec9-eb004de8da8f" testId="cb4b29f5-c7d3-2010-bb43-cecc9f41c474" testName="LinkOnNewKeyExistsAndParses" computerName="HORVICKW7" duration="00:00:00.2571990" startTime="2010-03-20T18:41:21.4094875-04:00" endTime="2010-03-20T18:41:21.6795029-04:00" testType="13cdc9d9-ddb5-4fa4-a97d-d965ccfc6d4b" outcome="Passed" testListId="8c84fa94-04c1-424b-9868-57a2d4851a1d" relativeResultsDirectory="09e0b144-5f9a-41be-8ec9-eb004de8da8f">
      <Output>
        <DebugTrace>GET: http://192.168.137.50:8098/riak/BucketTest
GET: http://192.168.137.50:8098/riak/BucketTest/StringKey
X-Riak-Vclock: a85hYGBgyWDKBVHsR2cUZDAlMuaxMnw5KXmUDyrMMptHCSr8FUmY4eb6J1Dh+lNIql+bX4QKC54GCmcBAA==
Link: 
PUT: http://192.168.137.50:8098/riak/BucketTest/StringKey
GET: http://192.168.137.50:8098/riak/BucketTest/StringKey
GET: http://192.168.137.50:8098/riak/BucketTest/StringKey
</DebugTrace>
      </Output>
    </UnitTestResult>
  </Results>
</TestRun>