<?xml version="1.0" encoding="UTF-8"?>
<TestRun id="b1c3dbdf-dfb4-4601-b36f-75c267c25100" name="Robert@HORVICKW7 2010-03-20 12:36:48" runUser="HORVICKW7\Robert" xmlns="http://microsoft.com/schemas/VisualStudio/TeamTest/2010">
  <TestSettings name="Local" id="cccf0ead-bb7b-4fa6-80c8-b697078887da">
    <Description>These are default test settings for a local test run.</Description>
    <Execution>
      <TestTypeSpecific>
        <UnitTestRunConfig testTypeId="13cdc9d9-ddb5-4fa4-a97d-d965ccfc6d4b">
          <AssemblyResolution>
            <TestDirectory useLoadContext="true" />
          </AssemblyResolution>
        </UnitTestRunConfig>
        <WebTestRunConfiguration testTypeId="4e7599fa-5ecb-43e9-a887-cd63cf72d207">
          <Browser name="Internet Explorer 7.0">
            <Headers>
              <Header name="User-Agent" value="Mozilla/4.0 (compatible; MSIE 7.0; Windows NT 5.1)" />
              <Header name="Accept" value="*/*" />
              <Header name="Accept-Language" value="{{$IEAcceptLanguage}}" />
              <Header name="Accept-Encoding" value="GZIP" />
            </Headers>
          </Browser>
        </WebTestRunConfiguration>
      </TestTypeSpecific>
      <AgentRule name="LocalMachineDefaultRole">
        <DataCollectors>
          <DataCollector uri="datacollector://microsoft/CodeCoverage/1.0" assemblyQualifiedName="Microsoft.VisualStudio.TestTools.CodeCoverage.CoveragePlugIn, Microsoft.VisualStudio.QualityTools.Plugins.CodeCoverage, Version=10.0.0.0, Culture=neutral, PublicKeyToken=b03f5f7f11d50a3a" friendlyName="Code Coverage">
            <Configuration>
              <CodeCoverage xmlns="">
                <Regular>
                  <CodeCoverageItem binaryFile="c:\projects\Riak.Client\Riak.Client\bin\Debug\Riak.Client.dll" pdbFile="c:\projects\Riak.Client\Riak.Client\bin\Debug\Riak.Client.instr.pdb" instrumentInPlace="true" />
                </Regular>
              </CodeCoverage>
            </Configuration>
          </DataCollector>
        </DataCollectors>
      </AgentRule>
    </Execution>
    <Deployment runDeploymentRoot="Robert_HORVICKW7 2010-03-20 12_36_48" />
  </TestSettings>
  <Times creation="2010-03-20T12:36:48.7054404-04:00" queuing="2010-03-20T12:36:49.5324877-04:00" start="2010-03-20T12:36:49.6724957-04:00" finish="2010-03-20T12:36:59.4330540-04:00" />
  <ResultSummary outcome="Failed">
    <Counters total="17" executed="17" passed="16" error="0" failed="1" timeout="0" aborted="0" inconclusive="0" passedButRunAborted="0" notRunnable="0" notExecuted="0" disconnected="0" warning="0" completed="0" inProgress="0" pending="0" />
    <ResultFiles>
      <ResultFile path="HORVICKW7\data.coverage" />
    </ResultFiles>
  </ResultSummary>
  <TestDefinitions>
    <UnitTest name="LinkWithMultipleParameters" storage="c:\projects\riak.client\riak.tests\bin\debug\riak.tests.dll" id="d79ef6f9-4e22-e7f6-a37e-b0e7a8cab61d">
      <Execution id="2d69a97e-dc5d-4829-b76e-d7f75c7fffc2" />
      <TestMethod codeBase="c:/projects/Riak.Client/Riak.Tests/bin/Debug/Riak.Tests.DLL" adapterTypeName="Microsoft.VisualStudio.TestTools.TestTypes.Unit.UnitTestAdapter, Microsoft.VisualStudio.QualityTools.Tips.UnitTest.Adapter, Version=10.0.0.0, Culture=neutral, PublicKeyToken=b03f5f7f11d50a3a" className="Riak.Tests.LinkTests, Riak.Tests, Version=1.0.0.0, Culture=neutral, PublicKeyToken=null" name="LinkWithMultipleParameters" />
    </UnitTest>
    <UnitTest name="LinkFollowing" storage="c:\projects\riak.client\riak.tests\bin\debug\riak.tests.dll" id="e59f5b3d-3a7c-4505-e293-67664a703224">
      <Execution id="0af2f55d-8236-4685-81e3-240200446112" />
      <TestMethod codeBase="c:/projects/Riak.Client/Riak.Tests/bin/Debug/Riak.Tests.DLL" adapterTypeName="Microsoft.VisualStudio.TestTools.TestTypes.Unit.UnitTestAdapter, Microsoft.VisualStudio.QualityTools.Tips.UnitTest.Adapter, Version=10.0.0.0, Culture=neutral, PublicKeyToken=b03f5f7f11d50a3a" className="Riak.Tests.LinkTests, Riak.Tests, Version=1.0.0.0, Culture=neutral, PublicKeyToken=null" name="LinkFollowing" />
    </UnitTest>
    <UnitTest name="SettingAllowMultiPersistsCorrectly" storage="c:\projects\riak.client\riak.tests\bin\debug\riak.tests.dll" id="33d4d279-34bd-6d5a-280e-4b82973def51">
      <Execution id="bdd2fa03-6364-4e76-a5f2-2228988d4b0e" />
      <TestMethod codeBase="c:/projects/Riak.Client/Riak.Tests/bin/Debug/Riak.Tests.DLL" adapterTypeName="Microsoft.VisualStudio.TestTools.TestTypes.Unit.UnitTestAdapter, Microsoft.VisualStudio.QualityTools.Tips.UnitTest.Adapter, Version=10.0.0.0, Culture=neutral, PublicKeyToken=b03f5f7f11d50a3a" className="Riak.Tests.BucketTests, Riak.Tests, Version=1.0.0.0, Culture=neutral, PublicKeyToken=null" name="SettingAllowMultiPersistsCorrectly" />
    </UnitTest>
    <UnitTest name="LinkCollectionOperationalTests" storage="c:\projects\riak.client\riak.tests\bin\debug\riak.tests.dll" id="80c6668e-527f-7ce0-c7fa-d368165124a1">
      <Execution id="059ad8eb-b5f7-486a-b952-fae20dd00272" />
      <TestMethod codeBase="c:/projects/Riak.Client/Riak.Tests/bin/Debug/Riak.Tests.DLL" adapterTypeName="Microsoft.VisualStudio.TestTools.TestTypes.Unit.UnitTestAdapter, Microsoft.VisualStudio.QualityTools.Tips.UnitTest.Adapter, Version=10.0.0.0, Culture=neutral, PublicKeyToken=b03f5f7f11d50a3a" className="Riak.Tests.LinkTests, Riak.Tests, Version=1.0.0.0, Culture=neutral, PublicKeyToken=null" name="LinkCollectionOperationalTests" />
    </UnitTest>
    <UnitTest name="GetAllSiblingsOnConflict" storage="c:\projects\riak.client\riak.tests\bin\debug\riak.tests.dll" id="7a71b779-6444-5633-f109-dc2d069ca31b">
      <Execution id="505d1ff9-d727-430b-9846-bd1a41030965" />
      <TestMethod codeBase="c:/projects/Riak.Client/Riak.Tests/bin/Debug/Riak.Tests.DLL" adapterTypeName="Microsoft.VisualStudio.TestTools.TestTypes.Unit.UnitTestAdapter, Microsoft.VisualStudio.QualityTools.Tips.UnitTest.Adapter, Version=10.0.0.0, Culture=neutral, PublicKeyToken=b03f5f7f11d50a3a" className="Riak.Tests.BucketTests, Riak.Tests, Version=1.0.0.0, Culture=neutral, PublicKeyToken=null" name="GetAllSiblingsOnConflict" />
    </UnitTest>
    <UnitTest name="SaveAStringKeyValue" storage="c:\projects\riak.client\riak.tests\bin\debug\riak.tests.dll" id="58939138-4342-8e72-2f65-c6ec6d5362d3">
      <Execution id="078d8316-0600-4268-8a78-93256e0dd271" />
      <TestMethod codeBase="c:/projects/Riak.Client/Riak.Tests/bin/Debug/Riak.Tests.DLL" adapterTypeName="Microsoft.VisualStudio.TestTools.TestTypes.Unit.UnitTestAdapter, Microsoft.VisualStudio.QualityTools.Tips.UnitTest.Adapter, Version=10.0.0.0, Culture=neutral, PublicKeyToken=b03f5f7f11d50a3a" className="Riak.Tests.BucketTests, Riak.Tests, Version=1.0.0.0, Culture=neutral, PublicKeyToken=null" name="SaveAStringKeyValue" />
    </UnitTest>
    <UnitTest name="LinkOddlyFormedIsParsedAndNormalized" storage="c:\projects\riak.client\riak.tests\bin\debug\riak.tests.dll" id="86d01318-0230-9e62-826b-6c3385d23407">
      <Execution id="f3f0855c-c2e2-4e23-806f-3d73697668fd" />
      <TestMethod codeBase="c:/projects/Riak.Client/Riak.Tests/bin/Debug/Riak.Tests.DLL" adapterTypeName="Microsoft.VisualStudio.TestTools.TestTypes.Unit.UnitTestAdapter, Microsoft.VisualStudio.QualityTools.Tips.UnitTest.Adapter, Version=10.0.0.0, Culture=neutral, PublicKeyToken=b03f5f7f11d50a3a" className="Riak.Tests.LinkTests, Riak.Tests, Version=1.0.0.0, Culture=neutral, PublicKeyToken=null" name="LinkOddlyFormedIsParsedAndNormalized" />
    </UnitTest>
    <UnitTest name="SaveABinaryKeyValue" storage="c:\projects\riak.client\riak.tests\bin\debug\riak.tests.dll" id="4ad0d6cc-b6bb-6b71-fab7-7bd0c1927a9f">
      <Execution id="82bbd3e9-16ff-4229-b7b5-6de951709c4b" />
      <TestMethod codeBase="c:/projects/Riak.Client/Riak.Tests/bin/Debug/Riak.Tests.DLL" adapterTypeName="Microsoft.VisualStudio.TestTools.TestTypes.Unit.UnitTestAdapter, Microsoft.VisualStudio.QualityTools.Tips.UnitTest.Adapter, Version=10.0.0.0, Culture=neutral, PublicKeyToken=b03f5f7f11d50a3a" className="Riak.Tests.BucketTests, Riak.Tests, Version=1.0.0.0, Culture=neutral, PublicKeyToken=null" name="SaveABinaryKeyValue" />
    </UnitTest>
    <UnitTest name="LinkWithRelationalUri" storage="c:\projects\riak.client\riak.tests\bin\debug\riak.tests.dll" id="30d12b1b-aa49-8c08-bd4a-866243aceb48">
      <Execution id="44afc1ca-cef1-4ab0-b7fd-ca5c7a67e1ba" />
      <TestMethod codeBase="c:/projects/Riak.Client/Riak.Tests/bin/Debug/Riak.Tests.DLL" adapterTypeName="Microsoft.VisualStudio.TestTools.TestTypes.Unit.UnitTestAdapter, Microsoft.VisualStudio.QualityTools.Tips.UnitTest.Adapter, Version=10.0.0.0, Culture=neutral, PublicKeyToken=b03f5f7f11d50a3a" className="Riak.Tests.LinkTests, Riak.Tests, Version=1.0.0.0, Culture=neutral, PublicKeyToken=null" name="LinkWithRelationalUri" />
    </UnitTest>
    <UnitTest name="GetAllTextData" storage="c:\projects\riak.client\riak.tests\bin\debug\riak.tests.dll" id="4312a9d7-4905-c365-94ac-da54845d713f">
      <Execution id="cc880363-4a98-46a8-bdb2-9b9c2e402110" />
      <TestMethod codeBase="c:/projects/Riak.Client/Riak.Tests/bin/Debug/Riak.Tests.DLL" adapterTypeName="Microsoft.VisualStudio.TestTools.TestTypes.Unit.UnitTestAdapter, Microsoft.VisualStudio.QualityTools.Tips.UnitTest.Adapter, Version=10.0.0.0, Culture=neutral, PublicKeyToken=b03f5f7f11d50a3a" className="Riak.Tests.MultiPartResponseTests, Riak.Tests, Version=1.0.0.0, Culture=neutral, PublicKeyToken=null" name="GetAllTextData" />
    </UnitTest>
    <UnitTest name="ConflictOnAllowMultiBucket" storage="c:\projects\riak.client\riak.tests\bin\debug\riak.tests.dll" id="beae7429-a6a2-4b8b-91b8-2242ec45c77a">
      <Execution id="517b7c87-7d13-46ca-a9d3-79db68a6ea4c" />
      <TestMethod codeBase="c:/projects/Riak.Client/Riak.Tests/bin/Debug/Riak.Tests.DLL" adapterTypeName="Microsoft.VisualStudio.TestTools.TestTypes.Unit.UnitTestAdapter, Microsoft.VisualStudio.QualityTools.Tips.UnitTest.Adapter, Version=10.0.0.0, Culture=neutral, PublicKeyToken=b03f5f7f11d50a3a" className="Riak.Tests.BucketTests, Riak.Tests, Version=1.0.0.0, Culture=neutral, PublicKeyToken=null" name="ConflictOnAllowMultiBucket" />
    </UnitTest>
    <UnitTest name="LinkWithUnknownParameters" storage="c:\projects\riak.client\riak.tests\bin\debug\riak.tests.dll" id="d9c44692-30b5-c679-747b-7d385a54ef67">
      <Execution id="0278d0fc-ea24-4659-b010-113e5e0b0b57" />
      <TestMethod codeBase="c:/projects/Riak.Client/Riak.Tests/bin/Debug/Riak.Tests.DLL" adapterTypeName="Microsoft.VisualStudio.TestTools.TestTypes.Unit.UnitTestAdapter, Microsoft.VisualStudio.QualityTools.Tips.UnitTest.Adapter, Version=10.0.0.0, Culture=neutral, PublicKeyToken=b03f5f7f11d50a3a" className="Riak.Tests.LinkTests, Riak.Tests, Version=1.0.0.0, Culture=neutral, PublicKeyToken=null" name="LinkWithUnknownParameters" />
    </UnitTest>
    <UnitTest name="LinkRoundTripping" storage="c:\projects\riak.client\riak.tests\bin\debug\riak.tests.dll" id="8bc468f8-eee0-673a-92b7-930506440e84">
      <Execution id="ccb87c58-83d7-436b-b5e2-a3155b4f2c95" />
      <TestMethod codeBase="c:/projects/Riak.Client/Riak.Tests/bin/Debug/Riak.Tests.DLL" adapterTypeName="Microsoft.VisualStudio.TestTools.TestTypes.Unit.UnitTestAdapter, Microsoft.VisualStudio.QualityTools.Tips.UnitTest.Adapter, Version=10.0.0.0, Culture=neutral, PublicKeyToken=b03f5f7f11d50a3a" className="Riak.Tests.LinkTests, Riak.Tests, Version=1.0.0.0, Culture=neutral, PublicKeyToken=null" name="LinkRoundTripping" />
    </UnitTest>
    <UnitTest name="DeleteMissingKeys" storage="c:\projects\riak.client\riak.tests\bin\debug\riak.tests.dll" id="8adbc453-a093-0889-b145-79d2f69be902">
      <Execution id="af9c5a3c-002b-4646-8c7a-a21dfa9f2bb8" />
      <TestMethod codeBase="c:/projects/Riak.Client/Riak.Tests/bin/Debug/Riak.Tests.DLL" adapterTypeName="Microsoft.VisualStudio.TestTools.TestTypes.Unit.UnitTestAdapter, Microsoft.VisualStudio.QualityTools.Tips.UnitTest.Adapter, Version=10.0.0.0, Culture=neutral, PublicKeyToken=b03f5f7f11d50a3a" className="Riak.Tests.BucketTests, Riak.Tests, Version=1.0.0.0, Culture=neutral, PublicKeyToken=null" name="DeleteMissingKeys" />
    </UnitTest>
    <UnitTest name="DeleteExistingKeys" storage="c:\projects\riak.client\riak.tests\bin\debug\riak.tests.dll" id="ecb7a2ec-95c2-bcd4-9208-598a9a8227f1">
      <Execution id="28949f59-4c89-431c-b217-804a82e86859" />
      <TestMethod codeBase="c:/projects/Riak.Client/Riak.Tests/bin/Debug/Riak.Tests.DLL" adapterTypeName="Microsoft.VisualStudio.TestTools.TestTypes.Unit.UnitTestAdapter, Microsoft.VisualStudio.QualityTools.Tips.UnitTest.Adapter, Version=10.0.0.0, Culture=neutral, PublicKeyToken=b03f5f7f11d50a3a" className="Riak.Tests.BucketTests, Riak.Tests, Version=1.0.0.0, Culture=neutral, PublicKeyToken=null" name="DeleteExistingKeys" />
    </UnitTest>
    <UnitTest name="ConflictOnNonMultiBucket" storage="c:\projects\riak.client\riak.tests\bin\debug\riak.tests.dll" id="06a22416-08af-c0dc-b70f-5cec4761aa09">
      <Execution id="d2f5994f-ddd5-4eda-8e19-16a5ceea5c33" />
      <TestMethod codeBase="c:/projects/Riak.Client/Riak.Tests/bin/Debug/Riak.Tests.DLL" adapterTypeName="Microsoft.VisualStudio.TestTools.TestTypes.Unit.UnitTestAdapter, Microsoft.VisualStudio.QualityTools.Tips.UnitTest.Adapter, Version=10.0.0.0, Culture=neutral, PublicKeyToken=b03f5f7f11d50a3a" className="Riak.Tests.BucketTests, Riak.Tests, Version=1.0.0.0, Culture=neutral, PublicKeyToken=null" name="ConflictOnNonMultiBucket" />
    </UnitTest>
    <UnitTest name="LinkOnNewKeyExistsAndParses" storage="c:\projects\riak.client\riak.tests\bin\debug\riak.tests.dll" id="cb4b29f5-c7d3-2010-bb43-cecc9f41c474">
      <Execution id="146339e6-31a3-4564-a9d4-a22c1f2c59a0" />
      <TestMethod codeBase="c:/projects/Riak.Client/Riak.Tests/bin/Debug/Riak.Tests.DLL" adapterTypeName="Microsoft.VisualStudio.TestTools.TestTypes.Unit.UnitTestAdapter, Microsoft.VisualStudio.QualityTools.Tips.UnitTest.Adapter, Version=10.0.0.0, Culture=neutral, PublicKeyToken=b03f5f7f11d50a3a" className="Riak.Tests.LinkTests, Riak.Tests, Version=1.0.0.0, Culture=neutral, PublicKeyToken=null" name="LinkOnNewKeyExistsAndParses" />
    </UnitTest>
  </TestDefinitions>
  <TestLists>
    <TestList name="Results Not in a List" id="8c84fa94-04c1-424b-9868-57a2d4851a1d" />
    <TestList name="All Loaded Results" id="19431567-8539-422a-85d7-44ee4e166bda" />
  </TestLists>
  <TestEntries>
    <TestEntry testId="58939138-4342-8e72-2f65-c6ec6d5362d3" executionId="078d8316-0600-4268-8a78-93256e0dd271" testListId="8c84fa94-04c1-424b-9868-57a2d4851a1d" />
    <TestEntry testId="4ad0d6cc-b6bb-6b71-fab7-7bd0c1927a9f" executionId="82bbd3e9-16ff-4229-b7b5-6de951709c4b" testListId="8c84fa94-04c1-424b-9868-57a2d4851a1d" />
    <TestEntry testId="ecb7a2ec-95c2-bcd4-9208-598a9a8227f1" executionId="28949f59-4c89-431c-b217-804a82e86859" testListId="8c84fa94-04c1-424b-9868-57a2d4851a1d" />
    <TestEntry testId="8adbc453-a093-0889-b145-79d2f69be902" executionId="af9c5a3c-002b-4646-8c7a-a21dfa9f2bb8" testListId="8c84fa94-04c1-424b-9868-57a2d4851a1d" />
    <TestEntry testId="06a22416-08af-c0dc-b70f-5cec4761aa09" executionId="d2f5994f-ddd5-4eda-8e19-16a5ceea5c33" testListId="8c84fa94-04c1-424b-9868-57a2d4851a1d" />
    <TestEntry testId="33d4d279-34bd-6d5a-280e-4b82973def51" executionId="bdd2fa03-6364-4e76-a5f2-2228988d4b0e" testListId="8c84fa94-04c1-424b-9868-57a2d4851a1d" />
    <TestEntry testId="beae7429-a6a2-4b8b-91b8-2242ec45c77a" executionId="517b7c87-7d13-46ca-a9d3-79db68a6ea4c" testListId="8c84fa94-04c1-424b-9868-57a2d4851a1d" />
    <TestEntry testId="7a71b779-6444-5633-f109-dc2d069ca31b" executionId="505d1ff9-d727-430b-9846-bd1a41030965" testListId="8c84fa94-04c1-424b-9868-57a2d4851a1d" />
    <TestEntry testId="30d12b1b-aa49-8c08-bd4a-866243aceb48" executionId="44afc1ca-cef1-4ab0-b7fd-ca5c7a67e1ba" testListId="8c84fa94-04c1-424b-9868-57a2d4851a1d" />
    <TestEntry testId="d79ef6f9-4e22-e7f6-a37e-b0e7a8cab61d" executionId="2d69a97e-dc5d-4829-b76e-d7f75c7fffc2" testListId="8c84fa94-04c1-424b-9868-57a2d4851a1d" />
    <TestEntry testId="cb4b29f5-c7d3-2010-bb43-cecc9f41c474" executionId="146339e6-31a3-4564-a9d4-a22c1f2c59a0" testListId="8c84fa94-04c1-424b-9868-57a2d4851a1d" />
    <TestEntry testId="86d01318-0230-9e62-826b-6c3385d23407" executionId="f3f0855c-c2e2-4e23-806f-3d73697668fd" testListId="8c84fa94-04c1-424b-9868-57a2d4851a1d" />
    <TestEntry testId="80c6668e-527f-7ce0-c7fa-d368165124a1" executionId="059ad8eb-b5f7-486a-b952-fae20dd00272" testListId="8c84fa94-04c1-424b-9868-57a2d4851a1d" />
    <TestEntry testId="d9c44692-30b5-c679-747b-7d385a54ef67" executionId="0278d0fc-ea24-4659-b010-113e5e0b0b57" testListId="8c84fa94-04c1-424b-9868-57a2d4851a1d" />
    <TestEntry testId="8bc468f8-eee0-673a-92b7-930506440e84" executionId="ccb87c58-83d7-436b-b5e2-a3155b4f2c95" testListId="8c84fa94-04c1-424b-9868-57a2d4851a1d" />
    <TestEntry testId="e59f5b3d-3a7c-4505-e293-67664a703224" executionId="0af2f55d-8236-4685-81e3-240200446112" testListId="8c84fa94-04c1-424b-9868-57a2d4851a1d" />
    <TestEntry testId="4312a9d7-4905-c365-94ac-da54845d713f" executionId="cc880363-4a98-46a8-bdb2-9b9c2e402110" testListId="8c84fa94-04c1-424b-9868-57a2d4851a1d" />
  </TestEntries>
  <Results>
    <UnitTestResult executionId="078d8316-0600-4268-8a78-93256e0dd271" testId="58939138-4342-8e72-2f65-c6ec6d5362d3" testName="SaveAStringKeyValue" computerName="HORVICKW7" duration="00:00:00.5783041" startTime="2010-03-20T12:36:51.4095950-04:00" endTime="2010-03-20T12:36:52.6736673-04:00" testType="13cdc9d9-ddb5-4fa4-a97d-d965ccfc6d4b" outcome="Passed" testListId="8c84fa94-04c1-424b-9868-57a2d4851a1d" relativeResultsDirectory="078d8316-0600-4268-8a78-93256e0dd271">
      <Output>
        <DebugTrace>X-Riak-Vclock: a85hYGBgzGDKBVIsLPdZPmQwJTLmsTLEFkse5csCAA==
Link: 
</DebugTrace>
      </Output>
    </UnitTestResult>
    <UnitTestResult executionId="82bbd3e9-16ff-4229-b7b5-6de951709c4b" testId="4ad0d6cc-b6bb-6b71-fab7-7bd0c1927a9f" testName="SaveABinaryKeyValue" computerName="HORVICKW7" duration="00:00:00.2338419" startTime="2010-03-20T12:36:52.6816678-04:00" endTime="2010-03-20T12:36:52.9306821-04:00" testType="13cdc9d9-ddb5-4fa4-a97d-d965ccfc6d4b" outcome="Passed" testListId="8c84fa94-04c1-424b-9868-57a2d4851a1d" relativeResultsDirectory="82bbd3e9-16ff-4229-b7b5-6de951709c4b">
    </UnitTestResult>
    <UnitTestResult executionId="28949f59-4c89-431c-b217-804a82e86859" testId="ecb7a2ec-95c2-bcd4-9208-598a9a8227f1" testName="DeleteExistingKeys" computerName="HORVICKW7" duration="00:00:00.6107969" startTime="2010-03-20T12:36:52.9416827-04:00" endTime="2010-03-20T12:36:53.5637183-04:00" testType="13cdc9d9-ddb5-4fa4-a97d-d965ccfc6d4b" outcome="Passed" testListId="8c84fa94-04c1-424b-9868-57a2d4851a1d" relativeResultsDirectory="28949f59-4c89-431c-b217-804a82e86859">
      <Output>
        <DebugTrace>X-Riak-Vclock: a85hYGBgzGDKBVIs7H4TuzKYEhnzWBmWlEoe5csCAA==
X-Riak-Vclock: a85hYGBgymDKBVIsLPdZPmQwJTLmsTLEFkse5YMKs8t9nQYVXlIKFM4CAA==
</DebugTrace>
      </Output>
    </UnitTestResult>
    <UnitTestResult executionId="af9c5a3c-002b-4646-8c7a-a21dfa9f2bb8" testId="8adbc453-a093-0889-b145-79d2f69be902" testName="DeleteMissingKeys" computerName="HORVICKW7" duration="00:00:00.9030366" startTime="2010-03-20T12:36:53.6097209-04:00" endTime="2010-03-20T12:36:54.5247732-04:00" testType="13cdc9d9-ddb5-4fa4-a97d-d965ccfc6d4b" outcome="Passed" testListId="8c84fa94-04c1-424b-9868-57a2d4851a1d" relativeResultsDirectory="af9c5a3c-002b-4646-8c7a-a21dfa9f2bb8">
      <Output>
        <DebugTrace>X-Riak-Vclock: a85hYGBgzGDKBVIsLHadlhlMiYx5rAxLSyWP8mUBAA==
X-Riak-Vclock: a85hYGBgzGDKBVIsLHadlhlMiYx5rAxLSyWP8mUBAA==
X-Riak-Vclock: a85hYGBgzGDKBVIsLHadlhlMiYx5rAxLSyWP8mUBAA==
X-Riak-Vclock: a85hYGBgzGDKBVIsLHadlhlMiYx5rAxLSyWP8mUBAA==
X-Riak-Vclock: a85hYGBgzGDKBVIsLHadlhlMiYx5rAxLSyWP8mUBAA==
X-Riak-Vclock: a85hYGBgzGDKBVIsLHadlhlMiYx5rAxLSyWP8mUBAA==
X-Riak-Vclock: a85hYGBgzGDKBVIsLHadlhlMiYx5rAxLSyWP8mUBAA==
X-Riak-Vclock: a85hYGBgzGDKBVIsLHadlhlMiYx5rAxLSyWP8mUBAA==
X-Riak-Vclock: a85hYGBgzGDKBVIsLHadlhlMiYx5rAxLSyWP8mUBAA==
X-Riak-Vclock: a85hYGBgzGDKBVIsLHadlhlMiYx5rAxLSyWP8mUBAA==
X-Riak-Vclock: a85hYGBgzGDKBVIsLHadlhlMiYx5rAxLSyWP8mUBAA==
X-Riak-Vclock: a85hYGBgzGDKBVIsLHadlhlMiYx5rAxLSyWP8mUBAA==
X-Riak-Vclock: a85hYGBgzGDKBVIsLHadlhlMiYx5rAxLSyWP8mUBAA==
X-Riak-Vclock: a85hYGBgzGDKBVIsLHadlhlMiYx5rAxLSyWP8mUBAA==
X-Riak-Vclock: a85hYGBgzGDKBVIsLHadlhlMiYx5rAxLSyWP8mUBAA==
X-Riak-Vclock: a85hYGBgzGDKBVIsLHadlhlMiYx5rAxLSyWP8mUBAA==
X-Riak-Vclock: a85hYGBgzGDKBVIsLHadlhlMiYx5rAxLSyWP8mUBAA==
X-Riak-Vclock: a85hYGBgzGDKBVIsLHadlhlMiYx5rAxLSyWP8mUBAA==
X-Riak-Vclock: a85hYGBgzGDKBVIsLHadlhlMiYx5rAzLSiWP8mUBAA==
X-Riak-Vclock: a85hYGBgzGDKBVIsLHadlhlMiYx5rAzLSiWP8mUBAA==
</DebugTrace>
      </Output>
    </UnitTestResult>
    <UnitTestResult executionId="d2f5994f-ddd5-4eda-8e19-16a5ceea5c33" testId="06a22416-08af-c0dc-b70f-5cec4761aa09" testName="ConflictOnNonMultiBucket" computerName="HORVICKW7" duration="00:00:00.3433973" startTime="2010-03-20T12:36:54.5357739-04:00" endTime="2010-03-20T12:36:54.9087952-04:00" testType="13cdc9d9-ddb5-4fa4-a97d-d965ccfc6d4b" outcome="Passed" testListId="8c84fa94-04c1-424b-9868-57a2d4851a1d" relativeResultsDirectory="d2f5994f-ddd5-4eda-8e19-16a5ceea5c33">
      <Output>
        <DebugTrace>X-Riak-Vclock: a85hYGBgzGDKBVIs7DX+JhlMiYx5rAzLSiWP8mUBAA==
Link: 
X-Riak-Vclock: a85hYGBgzGDKBVIs7DX+JhlMiYx5rAzLSiWP8mUBAA==
Link: 
</DebugTrace>
      </Output>
    </UnitTestResult>
    <UnitTestResult executionId="bdd2fa03-6364-4e76-a5f2-2228988d4b0e" testId="33d4d279-34bd-6d5a-280e-4b82973def51" testName="SettingAllowMultiPersistsCorrectly" computerName="HORVICKW7" duration="00:00:00.7817687" startTime="2010-03-20T12:36:54.9497975-04:00" endTime="2010-03-20T12:36:55.7528435-04:00" testType="13cdc9d9-ddb5-4fa4-a97d-d965ccfc6d4b" outcome="Passed" testListId="8c84fa94-04c1-424b-9868-57a2d4851a1d" relativeResultsDirectory="bdd2fa03-6364-4e76-a5f2-2228988d4b0e">
    </UnitTestResult>
    <UnitTestResult executionId="517b7c87-7d13-46ca-a9d3-79db68a6ea4c" testId="beae7429-a6a2-4b8b-91b8-2242ec45c77a" testName="ConflictOnAllowMultiBucket" computerName="HORVICKW7" duration="00:00:00.3635984" startTime="2010-03-20T12:36:55.7638441-04:00" endTime="2010-03-20T12:36:56.1428658-04:00" testType="13cdc9d9-ddb5-4fa4-a97d-d965ccfc6d4b" outcome="Passed" testListId="8c84fa94-04c1-424b-9868-57a2d4851a1d" relativeResultsDirectory="517b7c87-7d13-46ca-a9d3-79db68a6ea4c">
      <Output>
        <DebugTrace>X-Riak-Vclock: a85hYGBgzGDKBVIsjDM05TOYEhnzWBlWlEoe5csCAA==
Link: 
X-Riak-Vclock: a85hYGBgzGDKBVIsjDM05TOYEhnzWBlWlEoe5csCAA==
Link: 
</DebugTrace>
      </Output>
    </UnitTestResult>
    <UnitTestResult executionId="505d1ff9-d727-430b-9846-bd1a41030965" testId="7a71b779-6444-5633-f109-dc2d069ca31b" testName="GetAllSiblingsOnConflict" computerName="HORVICKW7" duration="00:00:00.3575072" startTime="2010-03-20T12:36:56.1958688-04:00" endTime="2010-03-20T12:36:56.5618897-04:00" testType="13cdc9d9-ddb5-4fa4-a97d-d965ccfc6d4b" outcome="Passed" testListId="8c84fa94-04c1-424b-9868-57a2d4851a1d" relativeResultsDirectory="505d1ff9-d727-430b-9846-bd1a41030965">
      <Output>
        <DebugTrace>X-Riak-Vclock: a85hYGBgzGDKBVIsLLxvp2cwJTLmsTKsKJU8ypcFAA==
Link: 
X-Riak-Vclock: a85hYGBgzGDKBVIsLLxvp2cwJTLmsTKsKJU8ypcFAA==
Link: 
</DebugTrace>
      </Output>
    </UnitTestResult>
    <UnitTestResult executionId="44afc1ca-cef1-4ab0-b7fd-ca5c7a67e1ba" testId="30d12b1b-aa49-8c08-bd4a-866243aceb48" testName="LinkWithRelationalUri" computerName="HORVICKW7" duration="00:00:00.0035036" startTime="2010-03-20T12:36:56.5698902-04:00" endTime="2010-03-20T12:36:56.5968917-04:00" testType="13cdc9d9-ddb5-4fa4-a97d-d965ccfc6d4b" outcome="Passed" testListId="8c84fa94-04c1-424b-9868-57a2d4851a1d" relativeResultsDirectory="44afc1ca-cef1-4ab0-b7fd-ca5c7a67e1ba">
    </UnitTestResult>
    <UnitTestResult executionId="2d69a97e-dc5d-4829-b76e-d7f75c7fffc2" testId="d79ef6f9-4e22-e7f6-a37e-b0e7a8cab61d" testName="LinkWithMultipleParameters" computerName="HORVICKW7" duration="00:00:00.0006348" startTime="2010-03-20T12:36:56.6048922-04:00" endTime="2010-03-20T12:36:56.6158928-04:00" testType="13cdc9d9-ddb5-4fa4-a97d-d965ccfc6d4b" outcome="Passed" testListId="8c84fa94-04c1-424b-9868-57a2d4851a1d" relativeResultsDirectory="2d69a97e-dc5d-4829-b76e-d7f75c7fffc2">
    </UnitTestResult>
    <UnitTestResult executionId="146339e6-31a3-4564-a9d4-a22c1f2c59a0" testId="cb4b29f5-c7d3-2010-bb43-cecc9f41c474" testName="LinkOnNewKeyExistsAndParses" computerName="HORVICKW7" duration="00:00:00.2903226" startTime="2010-03-20T12:36:56.6228932-04:00" endTime="2010-03-20T12:36:56.9249105-04:00" testType="13cdc9d9-ddb5-4fa4-a97d-d965ccfc6d4b" outcome="Passed" testListId="8c84fa94-04c1-424b-9868-57a2d4851a1d" relativeResultsDirectory="146339e6-31a3-4564-a9d4-a22c1f2c59a0">
    </UnitTestResult>
    <UnitTestResult executionId="f3f0855c-c2e2-4e23-806f-3d73697668fd" testId="86d01318-0230-9e62-826b-6c3385d23407" testName="LinkOddlyFormedIsParsedAndNormalized" computerName="HORVICKW7" duration="00:00:00.0009167" startTime="2010-03-20T12:36:56.9349111-04:00" endTime="2010-03-20T12:36:56.9459117-04:00" testType="13cdc9d9-ddb5-4fa4-a97d-d965ccfc6d4b" outcome="Passed" testListId="8c84fa94-04c1-424b-9868-57a2d4851a1d" relativeResultsDirectory="f3f0855c-c2e2-4e23-806f-3d73697668fd">
    </UnitTestResult>
    <UnitTestResult executionId="059ad8eb-b5f7-486a-b952-fae20dd00272" testId="80c6668e-527f-7ce0-c7fa-d368165124a1" testName="LinkCollectionOperationalTests" computerName="HORVICKW7" duration="00:00:00.0036659" startTime="2010-03-20T12:36:56.9529121-04:00" endTime="2010-03-20T12:36:56.9699131-04:00" testType="13cdc9d9-ddb5-4fa4-a97d-d965ccfc6d4b" outcome="Passed" testListId="8c84fa94-04c1-424b-9868-57a2d4851a1d" relativeResultsDirectory="059ad8eb-b5f7-486a-b952-fae20dd00272">
    </UnitTestResult>
    <UnitTestResult executionId="0278d0fc-ea24-4659-b010-113e5e0b0b57" testId="d9c44692-30b5-c679-747b-7d385a54ef67" testName="LinkWithUnknownParameters" computerName="HORVICKW7" duration="00:00:00.0008539" startTime="2010-03-20T12:36:56.9789136-04:00" endTime="2010-03-20T12:36:56.9939145-04:00" testType="13cdc9d9-ddb5-4fa4-a97d-d965ccfc6d4b" outcome="Passed" testListId="8c84fa94-04c1-424b-9868-57a2d4851a1d" relativeResultsDirectory="0278d0fc-ea24-4659-b010-113e5e0b0b57">
    </UnitTestResult>
    <UnitTestResult executionId="ccb87c58-83d7-436b-b5e2-a3155b4f2c95" testId="8bc468f8-eee0-673a-92b7-930506440e84" testName="LinkRoundTripping" computerName="HORVICKW7" duration="00:00:00.0011678" startTime="2010-03-20T12:36:56.9999148-04:00" endTime="2010-03-20T12:36:57.0159157-04:00" testType="13cdc9d9-ddb5-4fa4-a97d-d965ccfc6d4b" outcome="Passed" testListId="8c84fa94-04c1-424b-9868-57a2d4851a1d" relativeResultsDirectory="ccb87c58-83d7-436b-b5e2-a3155b4f2c95">
    </UnitTestResult>
    <UnitTestResult executionId="0af2f55d-8236-4685-81e3-240200446112" testId="e59f5b3d-3a7c-4505-e293-67664a703224" testName="LinkFollowing" computerName="HORVICKW7" duration="00:00:00.5844959" startTime="2010-03-20T12:36:57.0249162-04:00" endTime="2010-03-20T12:36:57.6229504-04:00" testType="13cdc9d9-ddb5-4fa4-a97d-d965ccfc6d4b" outcome="Passed" testListId="8c84fa94-04c1-424b-9868-57a2d4851a1d" relativeResultsDirectory="0af2f55d-8236-4685-81e3-240200446112">
      <Output>
        <DebugTrace>X-Riak-Vclock: a85hYGBgzGDKBVIsDH1MNzOYEpnyWBliiyWP8mUBAA==
X-Riak-Vclock: a85hYGBgzGDKBVIsDH1MNzOYEpnyWBliiyWP8mUBAA==
X-Riak-Vclock: a85hYGBgzGDKBVIsDH1MNzOYEpnyWBliiyWP8mUBAA==
X-Riak-Vclock: a85hYGBgzGDKBVIsDH1MNzOYEpnyWBliiyWP8mUBAA==
X-Riak-Vclock: a85hYGBgzGDKBVIsDH1MNzOYEpnyWBliiyWP8mUBAA==
X-Riak-Vclock: a85hYGBgzGDKBVIsrPpFDRlMiYx5rAwrSyWP8mUBAA==
Link: &lt;/riak/Album/Kind%20of%20Blue&gt;; riaktag="album", &lt;/riak/Album/Conception&gt;; riaktag="album", &lt;/riak/Album/Blue&gt;; riaktag="album", &lt;/riak/Album/Dig&gt;; riaktag="album"
X-Riak-Vclock: a85hYGBgzGDKBVIsrPpFDRlMiYx5rAwrSyWP8mUBAA==
Link: &lt;/riak/Artist/Miles%20Davis&gt;; riaktag="artist"
X-Riak-Vclock: a85hYGBgzGDKBVIsrPpFDRlMiYx5rAwrSyWP8mUBAA==
Link: &lt;/riak/Artist/Miles%20Davis&gt;; riaktag="artist"
X-Riak-Vclock: a85hYGBgzGDKBVIsrPpFDRlMiYx5rAwrSyWP8mUBAA==
Link: &lt;/riak/Artist/Miles%20Davis&gt;; riaktag="artist"
X-Riak-Vclock: a85hYGBgzGDKBVIsrPpFDRlMiYx5rAwrSyWP8mUBAA==
Link: &lt;/riak/Artist/Miles%20Davis&gt;; riaktag="artist"
</DebugTrace>
      </Output>
    </UnitTestResult>
    <UnitTestResult executionId="cc880363-4a98-46a8-bdb2-9b9c2e402110" testId="4312a9d7-4905-c365-94ac-da54845d713f" testName="GetAllTextData" computerName="HORVICKW7" duration="00:00:00.4856528" startTime="2010-03-20T12:36:57.6329510-04:00" endTime="2010-03-20T12:36:58.1299794-04:00" testType="13cdc9d9-ddb5-4fa4-a97d-d965ccfc6d4b" outcome="Failed" testListId="8c84fa94-04c1-424b-9868-57a2d4851a1d" relativeResultsDirectory="cc880363-4a98-46a8-bdb2-9b9c2e402110">
      <Output>
        <DebugTrace>X-Riak-Vclock: a85hYGBgzGDKBVIsrMyK9hlMiYx5rAwrSyWP8mUBAA==
Link: 
X-Riak-Vclock: a85hYGBgzGDKBVIsrMyK9hlMiUx5rAwrSyWP8mUBAA==
Link: 
X-Riak-Vclock: a85hYGBgzGDKBVIsrMyK9hlMicx5rAwrSyWP8mUBAA==
Link: 
</DebugTrace>
        <ErrorInfo>
          <Message>Assert.Fail failed. fail</Message>
          <StackTrace>   at Riak.Tests.MultiPartResponseTests.GetAllTextData() in c:\projects\Riak.Client\Riak.Tests\MultiPartResponseTests.cs:line 49
</StackTrace>
        </ErrorInfo>
      </Output>
    </UnitTestResult>
  </Results>
</TestRun>