<?xml version="1.0" encoding="UTF-8"?>
<TestRun id="13ebf381-2639-4f6f-aec1-0429857dabf3" name="Robert@HORVICKW7 2010-03-18 18:59:29" runUser="HORVICKW7\Robert" xmlns="http://microsoft.com/schemas/VisualStudio/TeamTest/2010">
  <TestSettings name="Local" id="cccf0ead-bb7b-4fa6-80c8-b697078887da">
    <Description>These are default test settings for a local test run.</Description>
    <Deployment enabled="false" runDeploymentRoot="Robert_HORVICKW7 2010-03-18 18_59_29" />
    <Execution>
      <TestTypeSpecific />
      <AgentRule name="Execution Agents">
      </AgentRule>
    </Execution>
  </TestSettings>
  <Times creation="2010-03-18T18:59:29.5271296-04:00" queuing="2010-03-18T18:59:33.3283470-04:00" start="2010-03-18T18:59:33.8043742-04:00" finish="2010-03-18T18:59:39.3606921-04:00" />
  <ResultSummary outcome="Completed">
    <Counters total="6" executed="6" passed="6" error="0" failed="0" timeout="0" aborted="0" inconclusive="0" passedButRunAborted="0" notRunnable="0" notExecuted="0" disconnected="0" warning="0" completed="0" inProgress="0" pending="0" />
  </ResultSummary>
  <TestDefinitions>
    <UnitTest name="SaveABinaryKeyValue" storage="c:\projects\riak.client\riak.tests\bin\debug\riak.tests.dll" id="4ad0d6cc-b6bb-6b71-fab7-7bd0c1927a9f">
      <Execution id="5a424e5f-f283-4023-beb3-142eae881ec0" />
      <TestMethod codeBase="c:/projects/Riak.Client/Riak.Tests/bin/Debug/Riak.Tests.DLL" adapterTypeName="Microsoft.VisualStudio.TestTools.TestTypes.Unit.UnitTestAdapter, Microsoft.VisualStudio.QualityTools.Tips.UnitTest.Adapter, Version=10.0.0.0, Culture=neutral, PublicKeyToken=b03f5f7f11d50a3a" className="Riak.Tests.BucketTests, Riak.Tests, Version=1.0.0.0, Culture=neutral, PublicKeyToken=null" name="SaveABinaryKeyValue" />
    </UnitTest>
    <UnitTest name="DeleteExistingKeys" storage="c:\projects\riak.client\riak.tests\bin\debug\riak.tests.dll" id="ecb7a2ec-95c2-bcd4-9208-598a9a8227f1">
      <Execution id="54af9ad1-b0d5-43dc-becb-1f2463e1048a" />
      <TestMethod codeBase="c:/projects/Riak.Client/Riak.Tests/bin/Debug/Riak.Tests.DLL" adapterTypeName="Microsoft.VisualStudio.TestTools.TestTypes.Unit.UnitTestAdapter, Microsoft.VisualStudio.QualityTools.Tips.UnitTest.Adapter, Version=10.0.0.0, Culture=neutral, PublicKeyToken=b03f5f7f11d50a3a" className="Riak.Tests.BucketTests, Riak.Tests, Version=1.0.0.0, Culture=neutral, PublicKeyToken=null" name="DeleteExistingKeys" />
    </UnitTest>
    <UnitTest name="SaveAStringKeyValue" storage="c:\projects\riak.client\riak.tests\bin\debug\riak.tests.dll" id="58939138-4342-8e72-2f65-c6ec6d5362d3">
      <Execution id="0d88fc76-fdcd-44c6-9740-077c611f8082" />
      <TestMethod codeBase="c:/projects/Riak.Client/Riak.Tests/bin/Debug/Riak.Tests.DLL" adapterTypeName="Microsoft.VisualStudio.TestTools.TestTypes.Unit.UnitTestAdapter, Microsoft.VisualStudio.QualityTools.Tips.UnitTest.Adapter, Version=10.0.0.0, Culture=neutral, PublicKeyToken=b03f5f7f11d50a3a" className="Riak.Tests.BucketTests, Riak.Tests, Version=1.0.0.0, Culture=neutral, PublicKeyToken=null" name="SaveAStringKeyValue" />
    </UnitTest>
    <UnitTest name="GetKeyFromBucket" storage="c:\projects\riak.client\riak.tests\bin\debug\riak.tests.dll" id="7ec93923-9b63-896f-6fbc-0de4f66812a0">
      <Execution id="f22f4ec1-e77a-4ade-a931-926617def912" />
      <TestMethod codeBase="c:/projects/Riak.Client/Riak.Tests/bin/Debug/Riak.Tests.DLL" adapterTypeName="Microsoft.VisualStudio.TestTools.TestTypes.Unit.UnitTestAdapter, Microsoft.VisualStudio.QualityTools.Tips.UnitTest.Adapter, Version=10.0.0.0, Culture=neutral, PublicKeyToken=b03f5f7f11d50a3a" className="Riak.Tests.RiakRequestTests, Riak.Tests, Version=1.0.0.0, Culture=neutral, PublicKeyToken=null" name="GetKeyFromBucket" />
    </UnitTest>
    <UnitTest name="TestMethod1" storage="c:\projects\riak.client\riak.tests\bin\debug\riak.tests.dll" id="4218db0c-c3cd-af6c-7a89-5cbb6ed4b0b4">
      <Execution id="a179663e-ab3b-4570-9167-a3bb5c768493" />
      <TestMethod codeBase="c:/projects/Riak.Client/Riak.Tests/bin/Debug/Riak.Tests.DLL" adapterTypeName="Microsoft.VisualStudio.TestTools.TestTypes.Unit.UnitTestAdapter, Microsoft.VisualStudio.QualityTools.Tips.UnitTest.Adapter, Version=10.0.0.0, Culture=neutral, PublicKeyToken=b03f5f7f11d50a3a" className="Riak.Tests.RiakRequestTests, Riak.Tests, Version=1.0.0.0, Culture=neutral, PublicKeyToken=null" name="TestMethod1" />
    </UnitTest>
    <UnitTest name="DeleteMissingKeys" storage="c:\projects\riak.client\riak.tests\bin\debug\riak.tests.dll" id="8adbc453-a093-0889-b145-79d2f69be902">
      <Execution id="c221cfa4-bf1b-4c98-bdcc-9996e1303e92" />
      <TestMethod codeBase="c:/projects/Riak.Client/Riak.Tests/bin/Debug/Riak.Tests.DLL" adapterTypeName="Microsoft.VisualStudio.TestTools.TestTypes.Unit.UnitTestAdapter, Microsoft.VisualStudio.QualityTools.Tips.UnitTest.Adapter, Version=10.0.0.0, Culture=neutral, PublicKeyToken=b03f5f7f11d50a3a" className="Riak.Tests.BucketTests, Riak.Tests, Version=1.0.0.0, Culture=neutral, PublicKeyToken=null" name="DeleteMissingKeys" />
    </UnitTest>
  </TestDefinitions>
  <TestLists>
    <TestList name="Results Not in a List" id="8c84fa94-04c1-424b-9868-57a2d4851a1d" />
    <TestList name="All Loaded Results" id="19431567-8539-422a-85d7-44ee4e166bda" />
  </TestLists>
  <TestEntries>
    <TestEntry testId="4218db0c-c3cd-af6c-7a89-5cbb6ed4b0b4" executionId="a179663e-ab3b-4570-9167-a3bb5c768493" testListId="8c84fa94-04c1-424b-9868-57a2d4851a1d" />
    <TestEntry testId="7ec93923-9b63-896f-6fbc-0de4f66812a0" executionId="f22f4ec1-e77a-4ade-a931-926617def912" testListId="8c84fa94-04c1-424b-9868-57a2d4851a1d" />
    <TestEntry testId="58939138-4342-8e72-2f65-c6ec6d5362d3" executionId="0d88fc76-fdcd-44c6-9740-077c611f8082" testListId="8c84fa94-04c1-424b-9868-57a2d4851a1d" />
    <TestEntry testId="4ad0d6cc-b6bb-6b71-fab7-7bd0c1927a9f" executionId="5a424e5f-f283-4023-beb3-142eae881ec0" testListId="8c84fa94-04c1-424b-9868-57a2d4851a1d" />
    <TestEntry testId="ecb7a2ec-95c2-bcd4-9208-598a9a8227f1" executionId="54af9ad1-b0d5-43dc-becb-1f2463e1048a" testListId="8c84fa94-04c1-424b-9868-57a2d4851a1d" />
    <TestEntry testId="8adbc453-a093-0889-b145-79d2f69be902" executionId="c221cfa4-bf1b-4c98-bdcc-9996e1303e92" testListId="8c84fa94-04c1-424b-9868-57a2d4851a1d" />
  </TestEntries>
  <Results>
    <UnitTestResult executionId="a179663e-ab3b-4570-9167-a3bb5c768493" testId="4218db0c-c3cd-af6c-7a89-5cbb6ed4b0b4" testName="TestMethod1" computerName="HORVICKW7" duration="00:00:00.1629795" startTime="2010-03-18T18:59:34.0893905-04:00" endTime="2010-03-18T18:59:35.9284957-04:00" testType="13cdc9d9-ddb5-4fa4-a97d-d965ccfc6d4b" outcome="Passed" testListId="8c84fa94-04c1-424b-9868-57a2d4851a1d" relativeResultsDirectory="a179663e-ab3b-4570-9167-a3bb5c768493">
    </UnitTestResult>
    <UnitTestResult executionId="f22f4ec1-e77a-4ade-a931-926617def912" testId="7ec93923-9b63-896f-6fbc-0de4f66812a0" testName="GetKeyFromBucket" computerName="HORVICKW7" duration="00:00:00.3641693" startTime="2010-03-18T18:59:35.9764985-04:00" endTime="2010-03-18T18:59:36.3675209-04:00" testType="13cdc9d9-ddb5-4fa4-a97d-d965ccfc6d4b" outcome="Passed" testListId="8c84fa94-04c1-424b-9868-57a2d4851a1d" relativeResultsDirectory="f22f4ec1-e77a-4ade-a931-926617def912">
    </UnitTestResult>
    <UnitTestResult executionId="0d88fc76-fdcd-44c6-9740-077c611f8082" testId="58939138-4342-8e72-2f65-c6ec6d5362d3" testName="SaveAStringKeyValue" computerName="HORVICKW7" duration="00:00:00.3424320" startTime="2010-03-18T18:59:36.4215239-04:00" endTime="2010-03-18T18:59:36.7835446-04:00" testType="13cdc9d9-ddb5-4fa4-a97d-d965ccfc6d4b" outcome="Passed" testListId="8c84fa94-04c1-424b-9868-57a2d4851a1d" relativeResultsDirectory="0d88fc76-fdcd-44c6-9740-077c611f8082">
    </UnitTestResult>
    <UnitTestResult executionId="5a424e5f-f283-4023-beb3-142eae881ec0" testId="4ad0d6cc-b6bb-6b71-fab7-7bd0c1927a9f" testName="SaveABinaryKeyValue" computerName="HORVICKW7" duration="00:00:00.2265788" startTime="2010-03-18T18:59:36.8075460-04:00" endTime="2010-03-18T18:59:37.0595604-04:00" testType="13cdc9d9-ddb5-4fa4-a97d-d965ccfc6d4b" outcome="Passed" testListId="8c84fa94-04c1-424b-9868-57a2d4851a1d" relativeResultsDirectory="5a424e5f-f283-4023-beb3-142eae881ec0">
    </UnitTestResult>
    <UnitTestResult executionId="54af9ad1-b0d5-43dc-becb-1f2463e1048a" testId="ecb7a2ec-95c2-bcd4-9208-598a9a8227f1" testName="DeleteExistingKeys" computerName="HORVICKW7" duration="00:00:00.6504215" startTime="2010-03-18T18:59:37.0805616-04:00" endTime="2010-03-18T18:59:37.7516000-04:00" testType="13cdc9d9-ddb5-4fa4-a97d-d965ccfc6d4b" outcome="Passed" testListId="8c84fa94-04c1-424b-9868-57a2d4851a1d" relativeResultsDirectory="54af9ad1-b0d5-43dc-becb-1f2463e1048a">
    </UnitTestResult>
    <UnitTestResult executionId="c221cfa4-bf1b-4c98-bdcc-9996e1303e92" testId="8adbc453-a093-0889-b145-79d2f69be902" testName="DeleteMissingKeys" computerName="HORVICKW7" duration="00:00:01.3549322" startTime="2010-03-18T18:59:37.7846019-04:00" endTime="2010-03-18T18:59:39.1576804-04:00" testType="13cdc9d9-ddb5-4fa4-a97d-d965ccfc6d4b" outcome="Passed" testListId="8c84fa94-04c1-424b-9868-57a2d4851a1d" relativeResultsDirectory="c221cfa4-bf1b-4c98-bdcc-9996e1303e92">
    </UnitTestResult>
  </Results>
</TestRun>