<?xml version="1.0" encoding="UTF-8"?>
<TestRun id="e2e00813-be99-4704-92b7-4fd1f5527118" name="Robert@HORVICKW7 2010-03-20 11:50:14" runUser="HORVICKW7\Robert" xmlns="http://microsoft.com/schemas/VisualStudio/TeamTest/2010">
  <TestSettings name="Local" id="cccf0ead-bb7b-4fa6-80c8-b697078887da">
    <Description>These are default test settings for a local test run.</Description>
    <Execution>
      <TestTypeSpecific>
        <UnitTestRunConfig testTypeId="13cdc9d9-ddb5-4fa4-a97d-d965ccfc6d4b">
          <AssemblyResolution>
            <TestDirectory useLoadContext="true" />
          </AssemblyResolution>
        </UnitTestRunConfig>
        <WebTestRunConfiguration testTypeId="4e7599fa-5ecb-43e9-a887-cd63cf72d207">
          <Browser name="Internet Explorer 7.0">
            <Headers>
              <Header name="User-Agent" value="Mozilla/4.0 (compatible; MSIE 7.0; Windows NT 5.1)" />
              <Header name="Accept" value="*/*" />
              <Header name="Accept-Language" value="{{$IEAcceptLanguage}}" />
              <Header name="Accept-Encoding" value="GZIP" />
            </Headers>
          </Browser>
        </WebTestRunConfiguration>
      </TestTypeSpecific>
      <AgentRule name="LocalMachineDefaultRole">
        <DataCollectors>
          <DataCollector uri="datacollector://microsoft/CodeCoverage/1.0" assemblyQualifiedName="Microsoft.VisualStudio.TestTools.CodeCoverage.CoveragePlugIn, Microsoft.VisualStudio.QualityTools.Plugins.CodeCoverage, Version=10.0.0.0, Culture=neutral, PublicKeyToken=b03f5f7f11d50a3a" friendlyName="Code Coverage">
            <Configuration>
              <CodeCoverage xmlns="">
                <Regular>
                  <CodeCoverageItem binaryFile="c:\projects\Riak.Client\Riak.Client\bin\Debug\Riak.Client.dll" pdbFile="c:\projects\Riak.Client\Riak.Client\bin\Debug\Riak.Client.instr.pdb" instrumentInPlace="true" />
                </Regular>
              </CodeCoverage>
            </Configuration>
          </DataCollector>
        </DataCollectors>
      </AgentRule>
    </Execution>
    <Deployment runDeploymentRoot="Robert_HORVICKW7 2010-03-20 11_50_14" />
  </TestSettings>
  <Times creation="2010-03-20T11:50:14.2216050-04:00" queuing="2010-03-20T11:50:24.7382066-04:00" start="2010-03-20T11:50:25.6272574-04:00" finish="2010-03-20T11:51:16.5371693-04:00" />
  <ResultSummary outcome="Failed">
    <Counters total="17" executed="17" passed="10" error="0" failed="7" timeout="0" aborted="0" inconclusive="0" passedButRunAborted="0" notRunnable="0" notExecuted="0" disconnected="0" warning="0" completed="0" inProgress="0" pending="0" />
    <ResultFiles>
      <ResultFile path="HORVICKW7\data.coverage" />
    </ResultFiles>
  </ResultSummary>
  <TestDefinitions>
    <UnitTest name="LinkWithMultipleParameters" storage="c:\projects\riak.client\riak.tests\bin\debug\riak.tests.dll" id="d79ef6f9-4e22-e7f6-a37e-b0e7a8cab61d">
      <Execution id="c0116de6-cb11-4da1-abe3-d8debaddf287" />
      <TestMethod codeBase="c:/projects/Riak.Client/Riak.Tests/bin/Debug/Riak.Tests.DLL" adapterTypeName="Microsoft.VisualStudio.TestTools.TestTypes.Unit.UnitTestAdapter, Microsoft.VisualStudio.QualityTools.Tips.UnitTest.Adapter, Version=10.0.0.0, Culture=neutral, PublicKeyToken=b03f5f7f11d50a3a" className="Riak.Tests.LinkTests, Riak.Tests, Version=1.0.0.0, Culture=neutral, PublicKeyToken=null" name="LinkWithMultipleParameters" />
    </UnitTest>
    <UnitTest name="LinkFollowing" storage="c:\projects\riak.client\riak.tests\bin\debug\riak.tests.dll" id="e59f5b3d-3a7c-4505-e293-67664a703224">
      <Execution id="24bd1aac-f260-4fa6-9780-4cb372cf8ae9" />
      <TestMethod codeBase="c:/projects/Riak.Client/Riak.Tests/bin/Debug/Riak.Tests.DLL" adapterTypeName="Microsoft.VisualStudio.TestTools.TestTypes.Unit.UnitTestAdapter, Microsoft.VisualStudio.QualityTools.Tips.UnitTest.Adapter, Version=10.0.0.0, Culture=neutral, PublicKeyToken=b03f5f7f11d50a3a" className="Riak.Tests.LinkTests, Riak.Tests, Version=1.0.0.0, Culture=neutral, PublicKeyToken=null" name="LinkFollowing" />
    </UnitTest>
    <UnitTest name="SettingAllowMultiPersistsCorrectly" storage="c:\projects\riak.client\riak.tests\bin\debug\riak.tests.dll" id="33d4d279-34bd-6d5a-280e-4b82973def51">
      <Execution id="3a12ecb8-23d8-430c-bad1-98095bd2fe2a" />
      <TestMethod codeBase="c:/projects/Riak.Client/Riak.Tests/bin/Debug/Riak.Tests.DLL" adapterTypeName="Microsoft.VisualStudio.TestTools.TestTypes.Unit.UnitTestAdapter, Microsoft.VisualStudio.QualityTools.Tips.UnitTest.Adapter, Version=10.0.0.0, Culture=neutral, PublicKeyToken=b03f5f7f11d50a3a" className="Riak.Tests.BucketTests, Riak.Tests, Version=1.0.0.0, Culture=neutral, PublicKeyToken=null" name="SettingAllowMultiPersistsCorrectly" />
    </UnitTest>
    <UnitTest name="LinkCollectionOperationalTests" storage="c:\projects\riak.client\riak.tests\bin\debug\riak.tests.dll" id="80c6668e-527f-7ce0-c7fa-d368165124a1">
      <Execution id="3d1a28f1-592b-432a-8a78-c26cb6712545" />
      <TestMethod codeBase="c:/projects/Riak.Client/Riak.Tests/bin/Debug/Riak.Tests.DLL" adapterTypeName="Microsoft.VisualStudio.TestTools.TestTypes.Unit.UnitTestAdapter, Microsoft.VisualStudio.QualityTools.Tips.UnitTest.Adapter, Version=10.0.0.0, Culture=neutral, PublicKeyToken=b03f5f7f11d50a3a" className="Riak.Tests.LinkTests, Riak.Tests, Version=1.0.0.0, Culture=neutral, PublicKeyToken=null" name="LinkCollectionOperationalTests" />
    </UnitTest>
    <UnitTest name="GetAllSiblingsOnConflict" storage="c:\projects\riak.client\riak.tests\bin\debug\riak.tests.dll" id="7a71b779-6444-5633-f109-dc2d069ca31b">
      <Execution id="0cb98bf2-b147-42b2-99e4-80b7c64a9e25" />
      <TestMethod codeBase="c:/projects/Riak.Client/Riak.Tests/bin/Debug/Riak.Tests.DLL" adapterTypeName="Microsoft.VisualStudio.TestTools.TestTypes.Unit.UnitTestAdapter, Microsoft.VisualStudio.QualityTools.Tips.UnitTest.Adapter, Version=10.0.0.0, Culture=neutral, PublicKeyToken=b03f5f7f11d50a3a" className="Riak.Tests.BucketTests, Riak.Tests, Version=1.0.0.0, Culture=neutral, PublicKeyToken=null" name="GetAllSiblingsOnConflict" />
    </UnitTest>
    <UnitTest name="SaveAStringKeyValue" storage="c:\projects\riak.client\riak.tests\bin\debug\riak.tests.dll" id="58939138-4342-8e72-2f65-c6ec6d5362d3">
      <Execution id="36cc1574-915f-4e37-9eea-71d314e67211" />
      <TestMethod codeBase="c:/projects/Riak.Client/Riak.Tests/bin/Debug/Riak.Tests.DLL" adapterTypeName="Microsoft.VisualStudio.TestTools.TestTypes.Unit.UnitTestAdapter, Microsoft.VisualStudio.QualityTools.Tips.UnitTest.Adapter, Version=10.0.0.0, Culture=neutral, PublicKeyToken=b03f5f7f11d50a3a" className="Riak.Tests.BucketTests, Riak.Tests, Version=1.0.0.0, Culture=neutral, PublicKeyToken=null" name="SaveAStringKeyValue" />
    </UnitTest>
    <UnitTest name="LinkOddlyFormedIsParsedAndNormalized" storage="c:\projects\riak.client\riak.tests\bin\debug\riak.tests.dll" id="86d01318-0230-9e62-826b-6c3385d23407">
      <Execution id="8f583f69-d39a-4a5d-a981-dda8f15c9ecd" />
      <TestMethod codeBase="c:/projects/Riak.Client/Riak.Tests/bin/Debug/Riak.Tests.DLL" adapterTypeName="Microsoft.VisualStudio.TestTools.TestTypes.Unit.UnitTestAdapter, Microsoft.VisualStudio.QualityTools.Tips.UnitTest.Adapter, Version=10.0.0.0, Culture=neutral, PublicKeyToken=b03f5f7f11d50a3a" className="Riak.Tests.LinkTests, Riak.Tests, Version=1.0.0.0, Culture=neutral, PublicKeyToken=null" name="LinkOddlyFormedIsParsedAndNormalized" />
    </UnitTest>
    <UnitTest name="SaveABinaryKeyValue" storage="c:\projects\riak.client\riak.tests\bin\debug\riak.tests.dll" id="4ad0d6cc-b6bb-6b71-fab7-7bd0c1927a9f">
      <Execution id="8d3b4783-0d45-4354-9336-7bdd542b0310" />
      <TestMethod codeBase="c:/projects/Riak.Client/Riak.Tests/bin/Debug/Riak.Tests.DLL" adapterTypeName="Microsoft.VisualStudio.TestTools.TestTypes.Unit.UnitTestAdapter, Microsoft.VisualStudio.QualityTools.Tips.UnitTest.Adapter, Version=10.0.0.0, Culture=neutral, PublicKeyToken=b03f5f7f11d50a3a" className="Riak.Tests.BucketTests, Riak.Tests, Version=1.0.0.0, Culture=neutral, PublicKeyToken=null" name="SaveABinaryKeyValue" />
    </UnitTest>
    <UnitTest name="LinkWithRelationalUri" storage="c:\projects\riak.client\riak.tests\bin\debug\riak.tests.dll" id="30d12b1b-aa49-8c08-bd4a-866243aceb48">
      <Execution id="cf8d2efd-b171-4971-9a12-9a084fa5c68c" />
      <TestMethod codeBase="c:/projects/Riak.Client/Riak.Tests/bin/Debug/Riak.Tests.DLL" adapterTypeName="Microsoft.VisualStudio.TestTools.TestTypes.Unit.UnitTestAdapter, Microsoft.VisualStudio.QualityTools.Tips.UnitTest.Adapter, Version=10.0.0.0, Culture=neutral, PublicKeyToken=b03f5f7f11d50a3a" className="Riak.Tests.LinkTests, Riak.Tests, Version=1.0.0.0, Culture=neutral, PublicKeyToken=null" name="LinkWithRelationalUri" />
    </UnitTest>
    <UnitTest name="GetAllTextData" storage="c:\projects\riak.client\riak.tests\bin\debug\riak.tests.dll" id="4312a9d7-4905-c365-94ac-da54845d713f">
      <Execution id="f694f995-fc69-414d-85b2-bb170ce9fe9d" />
      <TestMethod codeBase="c:/projects/Riak.Client/Riak.Tests/bin/Debug/Riak.Tests.DLL" adapterTypeName="Microsoft.VisualStudio.TestTools.TestTypes.Unit.UnitTestAdapter, Microsoft.VisualStudio.QualityTools.Tips.UnitTest.Adapter, Version=10.0.0.0, Culture=neutral, PublicKeyToken=b03f5f7f11d50a3a" className="Riak.Tests.MultiPartResponseTests, Riak.Tests, Version=1.0.0.0, Culture=neutral, PublicKeyToken=null" name="GetAllTextData" />
    </UnitTest>
    <UnitTest name="ConflictOnAllowMultiBucket" storage="c:\projects\riak.client\riak.tests\bin\debug\riak.tests.dll" id="beae7429-a6a2-4b8b-91b8-2242ec45c77a">
      <Execution id="a705052d-f351-427f-bf88-2d6410569da1" />
      <TestMethod codeBase="c:/projects/Riak.Client/Riak.Tests/bin/Debug/Riak.Tests.DLL" adapterTypeName="Microsoft.VisualStudio.TestTools.TestTypes.Unit.UnitTestAdapter, Microsoft.VisualStudio.QualityTools.Tips.UnitTest.Adapter, Version=10.0.0.0, Culture=neutral, PublicKeyToken=b03f5f7f11d50a3a" className="Riak.Tests.BucketTests, Riak.Tests, Version=1.0.0.0, Culture=neutral, PublicKeyToken=null" name="ConflictOnAllowMultiBucket" />
    </UnitTest>
    <UnitTest name="LinkWithUnknownParameters" storage="c:\projects\riak.client\riak.tests\bin\debug\riak.tests.dll" id="d9c44692-30b5-c679-747b-7d385a54ef67">
      <Execution id="594849e6-c3e2-405e-aa8e-d1e3c88637ed" />
      <TestMethod codeBase="c:/projects/Riak.Client/Riak.Tests/bin/Debug/Riak.Tests.DLL" adapterTypeName="Microsoft.VisualStudio.TestTools.TestTypes.Unit.UnitTestAdapter, Microsoft.VisualStudio.QualityTools.Tips.UnitTest.Adapter, Version=10.0.0.0, Culture=neutral, PublicKeyToken=b03f5f7f11d50a3a" className="Riak.Tests.LinkTests, Riak.Tests, Version=1.0.0.0, Culture=neutral, PublicKeyToken=null" name="LinkWithUnknownParameters" />
    </UnitTest>
    <UnitTest name="LinkRoundTripping" storage="c:\projects\riak.client\riak.tests\bin\debug\riak.tests.dll" id="8bc468f8-eee0-673a-92b7-930506440e84">
      <Execution id="d343eaa8-8d7d-43d5-b8b6-311592d1aa01" />
      <TestMethod codeBase="c:/projects/Riak.Client/Riak.Tests/bin/Debug/Riak.Tests.DLL" adapterTypeName="Microsoft.VisualStudio.TestTools.TestTypes.Unit.UnitTestAdapter, Microsoft.VisualStudio.QualityTools.Tips.UnitTest.Adapter, Version=10.0.0.0, Culture=neutral, PublicKeyToken=b03f5f7f11d50a3a" className="Riak.Tests.LinkTests, Riak.Tests, Version=1.0.0.0, Culture=neutral, PublicKeyToken=null" name="LinkRoundTripping" />
    </UnitTest>
    <UnitTest name="DeleteMissingKeys" storage="c:\projects\riak.client\riak.tests\bin\debug\riak.tests.dll" id="8adbc453-a093-0889-b145-79d2f69be902">
      <Execution id="e14e2df3-bd95-4c82-92ae-2282fafb3f00" />
      <TestMethod codeBase="c:/projects/Riak.Client/Riak.Tests/bin/Debug/Riak.Tests.DLL" adapterTypeName="Microsoft.VisualStudio.TestTools.TestTypes.Unit.UnitTestAdapter, Microsoft.VisualStudio.QualityTools.Tips.UnitTest.Adapter, Version=10.0.0.0, Culture=neutral, PublicKeyToken=b03f5f7f11d50a3a" className="Riak.Tests.BucketTests, Riak.Tests, Version=1.0.0.0, Culture=neutral, PublicKeyToken=null" name="DeleteMissingKeys" />
    </UnitTest>
    <UnitTest name="DeleteExistingKeys" storage="c:\projects\riak.client\riak.tests\bin\debug\riak.tests.dll" id="ecb7a2ec-95c2-bcd4-9208-598a9a8227f1">
      <Execution id="ebdfd8fd-6e9c-4968-a725-01d8f64ac494" />
      <TestMethod codeBase="c:/projects/Riak.Client/Riak.Tests/bin/Debug/Riak.Tests.DLL" adapterTypeName="Microsoft.VisualStudio.TestTools.TestTypes.Unit.UnitTestAdapter, Microsoft.VisualStudio.QualityTools.Tips.UnitTest.Adapter, Version=10.0.0.0, Culture=neutral, PublicKeyToken=b03f5f7f11d50a3a" className="Riak.Tests.BucketTests, Riak.Tests, Version=1.0.0.0, Culture=neutral, PublicKeyToken=null" name="DeleteExistingKeys" />
    </UnitTest>
    <UnitTest name="ConflictOnNonMultiBucket" storage="c:\projects\riak.client\riak.tests\bin\debug\riak.tests.dll" id="06a22416-08af-c0dc-b70f-5cec4761aa09">
      <Execution id="a41ffcee-af8a-40a9-b9ff-7322ba348d94" />
      <TestMethod codeBase="c:/projects/Riak.Client/Riak.Tests/bin/Debug/Riak.Tests.DLL" adapterTypeName="Microsoft.VisualStudio.TestTools.TestTypes.Unit.UnitTestAdapter, Microsoft.VisualStudio.QualityTools.Tips.UnitTest.Adapter, Version=10.0.0.0, Culture=neutral, PublicKeyToken=b03f5f7f11d50a3a" className="Riak.Tests.BucketTests, Riak.Tests, Version=1.0.0.0, Culture=neutral, PublicKeyToken=null" name="ConflictOnNonMultiBucket" />
    </UnitTest>
    <UnitTest name="LinkOnNewKeyExistsAndParses" storage="c:\projects\riak.client\riak.tests\bin\debug\riak.tests.dll" id="cb4b29f5-c7d3-2010-bb43-cecc9f41c474">
      <Execution id="df2a9055-e97e-4bf5-9547-91043ad505aa" />
      <TestMethod codeBase="c:/projects/Riak.Client/Riak.Tests/bin/Debug/Riak.Tests.DLL" adapterTypeName="Microsoft.VisualStudio.TestTools.TestTypes.Unit.UnitTestAdapter, Microsoft.VisualStudio.QualityTools.Tips.UnitTest.Adapter, Version=10.0.0.0, Culture=neutral, PublicKeyToken=b03f5f7f11d50a3a" className="Riak.Tests.LinkTests, Riak.Tests, Version=1.0.0.0, Culture=neutral, PublicKeyToken=null" name="LinkOnNewKeyExistsAndParses" />
    </UnitTest>
  </TestDefinitions>
  <TestLists>
    <TestList name="Results Not in a List" id="8c84fa94-04c1-424b-9868-57a2d4851a1d" />
    <TestList name="All Loaded Results" id="19431567-8539-422a-85d7-44ee4e166bda" />
  </TestLists>
  <TestEntries>
    <TestEntry testId="58939138-4342-8e72-2f65-c6ec6d5362d3" executionId="36cc1574-915f-4e37-9eea-71d314e67211" testListId="8c84fa94-04c1-424b-9868-57a2d4851a1d" />
    <TestEntry testId="4ad0d6cc-b6bb-6b71-fab7-7bd0c1927a9f" executionId="8d3b4783-0d45-4354-9336-7bdd542b0310" testListId="8c84fa94-04c1-424b-9868-57a2d4851a1d" />
    <TestEntry testId="ecb7a2ec-95c2-bcd4-9208-598a9a8227f1" executionId="ebdfd8fd-6e9c-4968-a725-01d8f64ac494" testListId="8c84fa94-04c1-424b-9868-57a2d4851a1d" />
    <TestEntry testId="8adbc453-a093-0889-b145-79d2f69be902" executionId="e14e2df3-bd95-4c82-92ae-2282fafb3f00" testListId="8c84fa94-04c1-424b-9868-57a2d4851a1d" />
    <TestEntry testId="06a22416-08af-c0dc-b70f-5cec4761aa09" executionId="a41ffcee-af8a-40a9-b9ff-7322ba348d94" testListId="8c84fa94-04c1-424b-9868-57a2d4851a1d" />
    <TestEntry testId="33d4d279-34bd-6d5a-280e-4b82973def51" executionId="3a12ecb8-23d8-430c-bad1-98095bd2fe2a" testListId="8c84fa94-04c1-424b-9868-57a2d4851a1d" />
    <TestEntry testId="beae7429-a6a2-4b8b-91b8-2242ec45c77a" executionId="a705052d-f351-427f-bf88-2d6410569da1" testListId="8c84fa94-04c1-424b-9868-57a2d4851a1d" />
    <TestEntry testId="7a71b779-6444-5633-f109-dc2d069ca31b" executionId="0cb98bf2-b147-42b2-99e4-80b7c64a9e25" testListId="8c84fa94-04c1-424b-9868-57a2d4851a1d" />
    <TestEntry testId="30d12b1b-aa49-8c08-bd4a-866243aceb48" executionId="cf8d2efd-b171-4971-9a12-9a084fa5c68c" testListId="8c84fa94-04c1-424b-9868-57a2d4851a1d" />
    <TestEntry testId="d79ef6f9-4e22-e7f6-a37e-b0e7a8cab61d" executionId="c0116de6-cb11-4da1-abe3-d8debaddf287" testListId="8c84fa94-04c1-424b-9868-57a2d4851a1d" />
    <TestEntry testId="cb4b29f5-c7d3-2010-bb43-cecc9f41c474" executionId="df2a9055-e97e-4bf5-9547-91043ad505aa" testListId="8c84fa94-04c1-424b-9868-57a2d4851a1d" />
    <TestEntry testId="86d01318-0230-9e62-826b-6c3385d23407" executionId="8f583f69-d39a-4a5d-a981-dda8f15c9ecd" testListId="8c84fa94-04c1-424b-9868-57a2d4851a1d" />
    <TestEntry testId="80c6668e-527f-7ce0-c7fa-d368165124a1" executionId="3d1a28f1-592b-432a-8a78-c26cb6712545" testListId="8c84fa94-04c1-424b-9868-57a2d4851a1d" />
    <TestEntry testId="d9c44692-30b5-c679-747b-7d385a54ef67" executionId="594849e6-c3e2-405e-aa8e-d1e3c88637ed" testListId="8c84fa94-04c1-424b-9868-57a2d4851a1d" />
    <TestEntry testId="8bc468f8-eee0-673a-92b7-930506440e84" executionId="d343eaa8-8d7d-43d5-b8b6-311592d1aa01" testListId="8c84fa94-04c1-424b-9868-57a2d4851a1d" />
    <TestEntry testId="e59f5b3d-3a7c-4505-e293-67664a703224" executionId="24bd1aac-f260-4fa6-9780-4cb372cf8ae9" testListId="8c84fa94-04c1-424b-9868-57a2d4851a1d" />
    <TestEntry testId="4312a9d7-4905-c365-94ac-da54845d713f" executionId="f694f995-fc69-414d-85b2-bb170ce9fe9d" testListId="8c84fa94-04c1-424b-9868-57a2d4851a1d" />
  </TestEntries>
  <Results>
    <UnitTestResult executionId="36cc1574-915f-4e37-9eea-71d314e67211" testId="58939138-4342-8e72-2f65-c6ec6d5362d3" testName="SaveAStringKeyValue" computerName="HORVICKW7" duration="00:00:04.3641023" startTime="2010-03-20T11:50:58.4341339-04:00" endTime="2010-03-20T11:51:08.4857088-04:00" testType="13cdc9d9-ddb5-4fa4-a97d-d965ccfc6d4b" outcome="Failed" testListId="8c84fa94-04c1-424b-9868-57a2d4851a1d" relativeResultsDirectory="36cc1574-915f-4e37-9eea-71d314e67211">
      <Output>
        <DebugTrace>X-Riak-Vclock: a85hYGBgzGDKBVIsTFPn/85gSmTMY2Xg9ZM8ypcFAA==
Link: 
</DebugTrace>
        <ErrorInfo>
          <Message>Assert.AreEqual failed. Expected:&lt;3e30abef-3f4b-451e-a2f9-41255af59d92&gt;. Actual:&lt;&gt;. </Message>
          <StackTrace>   at Riak.Tests.BucketTests.SaveAStringKeyValue() in c:\projects\Riak.Client\Riak.Tests\BucketTests.cs:line 27
</StackTrace>
        </ErrorInfo>
      </Output>
    </UnitTestResult>
    <UnitTestResult executionId="8d3b4783-0d45-4354-9336-7bdd542b0310" testId="4ad0d6cc-b6bb-6b71-fab7-7bd0c1927a9f" testName="SaveABinaryKeyValue" computerName="HORVICKW7" duration="00:00:00.3715639" startTime="2010-03-20T11:51:08.4977095-04:00" endTime="2010-03-20T11:51:08.8947322-04:00" testType="13cdc9d9-ddb5-4fa4-a97d-d965ccfc6d4b" outcome="Failed" testListId="8c84fa94-04c1-424b-9868-57a2d4851a1d" relativeResultsDirectory="8d3b4783-0d45-4354-9336-7bdd542b0310">
      <Output>
        <ErrorInfo>
          <Message>Assert.AreEqual failed. Expected:&lt;Sample Stream Data&gt;. Actual:&lt;&gt;. </Message>
          <StackTrace>   at Riak.Tests.BucketTests.SaveABinaryKeyValue() in c:\projects\Riak.Client\Riak.Tests\BucketTests.cs:line 47
</StackTrace>
        </ErrorInfo>
      </Output>
    </UnitTestResult>
    <UnitTestResult executionId="ebdfd8fd-6e9c-4968-a725-01d8f64ac494" testId="ecb7a2ec-95c2-bcd4-9208-598a9a8227f1" testName="DeleteExistingKeys" computerName="HORVICKW7" duration="00:00:00.6623704" startTime="2010-03-20T11:51:08.9097330-04:00" endTime="2010-03-20T11:51:09.5817715-04:00" testType="13cdc9d9-ddb5-4fa4-a97d-d965ccfc6d4b" outcome="Passed" testListId="8c84fa94-04c1-424b-9868-57a2d4851a1d" relativeResultsDirectory="ebdfd8fd-6e9c-4968-a725-01d8f64ac494">
      <Output>
        <DebugTrace>X-Riak-Vclock: a85hYGBgzGDKBVIszN+YSjKYEhnzWBneZEke5csCAA==
X-Riak-Vclock: a85hYGBgymDKBVIsTFPn/85gSmTMY2Xg9ZM8ygcVZvusLAQVfp0FFM4CAA==
</DebugTrace>
      </Output>
    </UnitTestResult>
    <UnitTestResult executionId="e14e2df3-bd95-4c82-92ae-2282fafb3f00" testId="8adbc453-a093-0889-b145-79d2f69be902" testName="DeleteMissingKeys" computerName="HORVICKW7" duration="00:00:01.0046111" startTime="2010-03-20T11:51:09.5887719-04:00" endTime="2010-03-20T11:51:10.6068301-04:00" testType="13cdc9d9-ddb5-4fa4-a97d-d965ccfc6d4b" outcome="Passed" testListId="8c84fa94-04c1-424b-9868-57a2d4851a1d" relativeResultsDirectory="e14e2df3-bd95-4c82-92ae-2282fafb3f00">
      <Output>
        <DebugTrace>X-Riak-Vclock: a85hYGBgzGDKBVIsDAe6vmUwJTLmsTK8zZI8ypcFAA==
X-Riak-Vclock: a85hYGBgzGDKBVIsDAe6vmUwJTLmsTK8zZI8ypcFAA==
X-Riak-Vclock: a85hYGBgzGDKBVIsDAe6vmUwJTLmsTK8zZI8ypcFAA==
X-Riak-Vclock: a85hYGBgzGDKBVIsDAe6vmUwJTLmsTK8zZI8ypcFAA==
X-Riak-Vclock: a85hYGBgzGDKBVIsDAe6vmUwJTLmsTK8zZI8ypcFAA==
X-Riak-Vclock: a85hYGBgzGDKBVIsDAe6vmUwJTLmsTK8zZI8ypcFAA==
X-Riak-Vclock: a85hYGBgzGDKBVIsDAe6vmUwJTLmsTK8zZI8ypcFAA==
X-Riak-Vclock: a85hYGBgzGDKBVIsDAe6vmUwJTLmsTK8zZI8ypcFAA==
X-Riak-Vclock: a85hYGBgzGDKBVIsDAe6vmUwJTLmsTK8zZI8ypcFAA==
X-Riak-Vclock: a85hYGBgzGDKBVIsDAe6vmUwJTLmsTK8zZI8ypcFAA==
X-Riak-Vclock: a85hYGBgzGDKBVIsDAe6vmUwJTLmsTK8zZI8ypcFAA==
X-Riak-Vclock: a85hYGBgzGDKBVIsDAe6vmUwJTLmsTK8zZI8ypcFAA==
X-Riak-Vclock: a85hYGBgzGDKBVIsDAe6vmUwJTLmsTK8zZI8ypcFAA==
X-Riak-Vclock: a85hYGBgzGDKBVIsDAe6vmUwJTLmsTK8zZI8ypcFAA==
X-Riak-Vclock: a85hYGBgzGDKBVIsDAe6vmUwJTLmsTK8y5I8ypcFAA==
X-Riak-Vclock: a85hYGBgzGDKBVIsDAe6vmUwJTLmsTK8y5I8ypcFAA==
X-Riak-Vclock: a85hYGBgzGDKBVIsDAe6vmUwJTLmsTK8y5I8ypcFAA==
X-Riak-Vclock: a85hYGBgzGDKBVIsDAe6vmUwJTLmsTK8y5I8ypcFAA==
X-Riak-Vclock: a85hYGBgzGDKBVIsDAe6vmUwJTLmsTK8y5I8ypcFAA==
X-Riak-Vclock: a85hYGBgzGDKBVIsDAe6vmUwJTLmsTK8y5I8ypcFAA==
</DebugTrace>
      </Output>
    </UnitTestResult>
    <UnitTestResult executionId="a41ffcee-af8a-40a9-b9ff-7322ba348d94" testId="06a22416-08af-c0dc-b70f-5cec4761aa09" testName="ConflictOnNonMultiBucket" computerName="HORVICKW7" duration="00:00:00.3320483" startTime="2010-03-20T11:51:10.6198308-04:00" endTime="2010-03-20T11:51:10.9668507-04:00" testType="13cdc9d9-ddb5-4fa4-a97d-d965ccfc6d4b" outcome="Failed" testListId="8c84fa94-04c1-424b-9868-57a2d4851a1d" relativeResultsDirectory="a41ffcee-af8a-40a9-b9ff-7322ba348d94">
      <Output>
        <DebugTrace>X-Riak-Vclock: a85hYGBgzGDKBVIsjHGfPmcwJTLmsTK8y5I8ypcFAA==
Link: 
X-Riak-Vclock: a85hYGBgzGDKBVIsjHGfPmcwJTLmsTK8y5I8ypcFAA==
Link: 
</DebugTrace>
        <ErrorInfo>
          <Message>Assert.AreEqual failed. Expected:&lt;&gt;. Actual:&lt;Conflict2&gt;. </Message>
          <StackTrace>   at Riak.Tests.BucketTests.ConflictOnNonMultiBucket() in c:\projects\Riak.Client\Riak.Tests\BucketTests.cs:line 133
</StackTrace>
        </ErrorInfo>
      </Output>
    </UnitTestResult>
    <UnitTestResult executionId="3a12ecb8-23d8-430c-bad1-98095bd2fe2a" testId="33d4d279-34bd-6d5a-280e-4b82973def51" testName="SettingAllowMultiPersistsCorrectly" computerName="HORVICKW7" duration="00:00:00.7680893" startTime="2010-03-20T11:51:10.9728510-04:00" endTime="2010-03-20T11:51:11.7638963-04:00" testType="13cdc9d9-ddb5-4fa4-a97d-d965ccfc6d4b" outcome="Passed" testListId="8c84fa94-04c1-424b-9868-57a2d4851a1d" relativeResultsDirectory="3a12ecb8-23d8-430c-bad1-98095bd2fe2a">
    </UnitTestResult>
    <UnitTestResult executionId="a705052d-f351-427f-bf88-2d6410569da1" testId="beae7429-a6a2-4b8b-91b8-2242ec45c77a" testName="ConflictOnAllowMultiBucket" computerName="HORVICKW7" duration="00:00:00.4951564" startTime="2010-03-20T11:51:11.7808973-04:00" endTime="2010-03-20T11:51:12.2909264-04:00" testType="13cdc9d9-ddb5-4fa4-a97d-d965ccfc6d4b" outcome="Failed" testListId="8c84fa94-04c1-424b-9868-57a2d4851a1d" relativeResultsDirectory="a705052d-f351-427f-bf88-2d6410569da1">
      <Output>
        <DebugTrace>X-Riak-Vclock: a85hYGBgzGDKBVIszFs10jKYEhnzWBk+ZEke5csCAA==
Link: 
X-Riak-Vclock: a85hYGBgzGDKBVIszFs10jKYEhnzWBk+ZEke5csCAA==
Link: 
QTAgent32.exe Error: 0 : HTTP error Ambiguous performing GET request at http://192.168.137.50:8098/riak/ConflictOnAllowMultiBucket/0ab238ce-85dc-4fce-b855-6cabe8fc6f5e
QTAgent32.exe Error: 0 : Siblings:
1ZBAUu3TX0RKidU0BqSgjd
1ZBAUu3TX0RKidU0BqSgjd

</DebugTrace>
        <ErrorInfo>
          <Message>Test method Riak.Tests.BucketTests.ConflictOnAllowMultiBucket threw exception Riak.Client.RiakServerException, but exception Riak.Client.RiakUnresolvedConflictException was expected. Exception message: Riak.Client.RiakServerException: HTTP error Ambiguous performing GET request at http://192.168.137.50:8098/riak/ConflictOnAllowMultiBucket/0ab238ce-85dc-4fce-b855-6cabe8fc6f5e</Message>
          <StackTrace>    at Riak.Client.HttpHandler.Execute(WebRequestVerb verb, Uri uri, Dictionary`2 headers, ICollection`1 allowedCodes, Stream requestDataStream) in c:\projects\Riak.Client\Riak.Client\HttpHandler.cs:line 212
   at Riak.Client.HttpHandler.Get(Uri uri, String accept, ICollection`1 allowedCodes) in c:\projects\Riak.Client\Riak.Client\HttpHandler.cs:line 62
   at Riak.Client.HttpHandler.Get(Uri uri, String accept) in c:\projects\Riak.Client\Riak.Client\HttpHandler.cs:line 47
   at Riak.Client.HttpHandler.Get(Uri uri) in c:\projects\Riak.Client\Riak.Client\HttpHandler.cs:line 42
   at Riak.Client.RiakObject.get_Data() in c:\projects\Riak.Client\Riak.Client\RiakObject.cs:line 34
   at Riak.Tests.BucketTests.ConflictOnAllowMultiBucket() in c:\projects\Riak.Client\Riak.Tests\BucketTests.cs:line 192
</StackTrace>
        </ErrorInfo>
      </Output>
    </UnitTestResult>
    <UnitTestResult executionId="0cb98bf2-b147-42b2-99e4-80b7c64a9e25" testId="7a71b779-6444-5633-f109-dc2d069ca31b" testName="GetAllSiblingsOnConflict" computerName="HORVICKW7" duration="00:00:00.4871760" startTime="2010-03-20T11:51:12.3029271-04:00" endTime="2010-03-20T11:51:12.7999555-04:00" testType="13cdc9d9-ddb5-4fa4-a97d-d965ccfc6d4b" outcome="Failed" testListId="8c84fa94-04c1-424b-9868-57a2d4851a1d" relativeResultsDirectory="0cb98bf2-b147-42b2-99e4-80b7c64a9e25">
      <Output>
        <DebugTrace>X-Riak-Vclock: a85hYGBgzGDKBVIsjB2PWjKYEhnzWBk+ZEke5csCAA==
Link: 
X-Riak-Vclock: a85hYGBgzGDKBVIsjB2PWjKYEhnzWBk+ZEke5csCAA==
Link: 
</DebugTrace>
        <ErrorInfo>
          <Message>Assert.IsTrue failed. </Message>
          <StackTrace>   at Riak.Tests.BucketTests.GetAllSiblingsOnConflict() in c:\projects\Riak.Client\Riak.Tests\BucketTests.cs:line 234
</StackTrace>
        </ErrorInfo>
      </Output>
    </UnitTestResult>
    <UnitTestResult executionId="cf8d2efd-b171-4971-9a12-9a084fa5c68c" testId="30d12b1b-aa49-8c08-bd4a-866243aceb48" testName="LinkWithRelationalUri" computerName="HORVICKW7" duration="00:00:00.0088035" startTime="2010-03-20T11:51:12.8109562-04:00" endTime="2010-03-20T11:51:12.8309573-04:00" testType="13cdc9d9-ddb5-4fa4-a97d-d965ccfc6d4b" outcome="Passed" testListId="8c84fa94-04c1-424b-9868-57a2d4851a1d" relativeResultsDirectory="cf8d2efd-b171-4971-9a12-9a084fa5c68c">
    </UnitTestResult>
    <UnitTestResult executionId="c0116de6-cb11-4da1-abe3-d8debaddf287" testId="d79ef6f9-4e22-e7f6-a37e-b0e7a8cab61d" testName="LinkWithMultipleParameters" computerName="HORVICKW7" duration="00:00:00.0070730" startTime="2010-03-20T11:51:12.8409579-04:00" endTime="2010-03-20T11:51:12.8609590-04:00" testType="13cdc9d9-ddb5-4fa4-a97d-d965ccfc6d4b" outcome="Passed" testListId="8c84fa94-04c1-424b-9868-57a2d4851a1d" relativeResultsDirectory="c0116de6-cb11-4da1-abe3-d8debaddf287">
    </UnitTestResult>
    <UnitTestResult executionId="df2a9055-e97e-4bf5-9547-91043ad505aa" testId="cb4b29f5-c7d3-2010-bb43-cecc9f41c474" testName="LinkOnNewKeyExistsAndParses" computerName="HORVICKW7" duration="00:00:00.2449238" startTime="2010-03-20T11:51:12.8689595-04:00" endTime="2010-03-20T11:51:13.1239741-04:00" testType="13cdc9d9-ddb5-4fa4-a97d-d965ccfc6d4b" outcome="Failed" testListId="8c84fa94-04c1-424b-9868-57a2d4851a1d" relativeResultsDirectory="df2a9055-e97e-4bf5-9547-91043ad505aa">
      <Output>
        <ErrorInfo>
          <Message>Assert.AreEqual failed. Expected:&lt;05b5ea1a-2346-4584-8a7a-fe34747ca7fa&gt;. Actual:&lt;&gt;. </Message>
          <StackTrace>   at Riak.Tests.LinkTests.LinkOnNewKeyExistsAndParses() in c:\projects\Riak.Client\Riak.Tests\LinkTests.cs:line 112
</StackTrace>
        </ErrorInfo>
      </Output>
    </UnitTestResult>
    <UnitTestResult executionId="8f583f69-d39a-4a5d-a981-dda8f15c9ecd" testId="86d01318-0230-9e62-826b-6c3385d23407" testName="LinkOddlyFormedIsParsedAndNormalized" computerName="HORVICKW7" duration="00:00:00.0006692" startTime="2010-03-20T11:51:13.1369748-04:00" endTime="2010-03-20T11:51:13.1549758-04:00" testType="13cdc9d9-ddb5-4fa4-a97d-d965ccfc6d4b" outcome="Passed" testListId="8c84fa94-04c1-424b-9868-57a2d4851a1d" relativeResultsDirectory="8f583f69-d39a-4a5d-a981-dda8f15c9ecd">
    </UnitTestResult>
    <UnitTestResult executionId="3d1a28f1-592b-432a-8a78-c26cb6712545" testId="80c6668e-527f-7ce0-c7fa-d368165124a1" testName="LinkCollectionOperationalTests" computerName="HORVICKW7" duration="00:00:00.0047911" startTime="2010-03-20T11:51:13.1629763-04:00" endTime="2010-03-20T11:51:13.1789772-04:00" testType="13cdc9d9-ddb5-4fa4-a97d-d965ccfc6d4b" outcome="Passed" testListId="8c84fa94-04c1-424b-9868-57a2d4851a1d" relativeResultsDirectory="3d1a28f1-592b-432a-8a78-c26cb6712545">
    </UnitTestResult>
    <UnitTestResult executionId="594849e6-c3e2-405e-aa8e-d1e3c88637ed" testId="d9c44692-30b5-c679-747b-7d385a54ef67" testName="LinkWithUnknownParameters" computerName="HORVICKW7" duration="00:00:00.0019833" startTime="2010-03-20T11:51:13.1849776-04:00" endTime="2010-03-20T11:51:13.2029786-04:00" testType="13cdc9d9-ddb5-4fa4-a97d-d965ccfc6d4b" outcome="Passed" testListId="8c84fa94-04c1-424b-9868-57a2d4851a1d" relativeResultsDirectory="594849e6-c3e2-405e-aa8e-d1e3c88637ed">
    </UnitTestResult>
    <UnitTestResult executionId="d343eaa8-8d7d-43d5-b8b6-311592d1aa01" testId="8bc468f8-eee0-673a-92b7-930506440e84" testName="LinkRoundTripping" computerName="HORVICKW7" duration="00:00:00.0009215" startTime="2010-03-20T11:51:13.2069788-04:00" endTime="2010-03-20T11:51:13.2189795-04:00" testType="13cdc9d9-ddb5-4fa4-a97d-d965ccfc6d4b" outcome="Passed" testListId="8c84fa94-04c1-424b-9868-57a2d4851a1d" relativeResultsDirectory="d343eaa8-8d7d-43d5-b8b6-311592d1aa01">
    </UnitTestResult>
    <UnitTestResult executionId="24bd1aac-f260-4fa6-9780-4cb372cf8ae9" testId="e59f5b3d-3a7c-4505-e293-67664a703224" testName="LinkFollowing" computerName="HORVICKW7" duration="00:00:00.6383618" startTime="2010-03-20T11:51:13.2279800-04:00" endTime="2010-03-20T11:51:13.8780172-04:00" testType="13cdc9d9-ddb5-4fa4-a97d-d965ccfc6d4b" outcome="Passed" testListId="8c84fa94-04c1-424b-9868-57a2d4851a1d" relativeResultsDirectory="24bd1aac-f260-4fa6-9780-4cb372cf8ae9">
      <Output>
        <DebugTrace>X-Riak-Vclock: a85hYGBgzGDKBVIszEsmdGcwJTLlsTLw+0ke5csCAA==
X-Riak-Vclock: a85hYGBgzGDKBVIszEsmdGcwJTLlsTLw+0ke5csCAA==
X-Riak-Vclock: a85hYGBgzGDKBVIszEsmdGcwJTLlsTLw+0ke5csCAA==
X-Riak-Vclock: a85hYGBgzGDKBVIszEsmdGcwJTLlsTLw+0ke5csCAA==
X-Riak-Vclock: a85hYGBgzGDKBVIszEsmdGcwJTLlsTLw+0ke5csCAA==
X-Riak-Vclock: a85hYGBgzGDKBVIsrAVdfhlMiYx5rAwfsySP8mUBAA==
Link: &lt;/riak/Album/Kind%20of%20Blue&gt;; riaktag="album", &lt;/riak/Album/Conception&gt;; riaktag="album", &lt;/riak/Album/Blue&gt;; riaktag="album", &lt;/riak/Album/Dig&gt;; riaktag="album"
X-Riak-Vclock: a85hYGBgyWDKBVHMSyZ0ZzAlMuWxMvD7SR7lgwqzh+p5AoUZgcIfsxDCrAVdfpjCbM1JDIeueyFLZAEA
Link: &lt;/riak/Artist/Miles%20Davis&gt;; riaktag="artist"
X-Riak-Vclock: a85hYGBgzGDKBVIsrAVdfhlMiYx5rAwfsySP8mUBAA==
Link: &lt;/riak/Artist/Miles%20Davis&gt;; riaktag="artist"
X-Riak-Vclock: a85hYGBgzGDKBVIsrAVdfhlMiYx5rAwfsySP8mUBAA==
Link: &lt;/riak/Artist/Miles%20Davis&gt;; riaktag="artist"
X-Riak-Vclock: a85hYGBgzGDKBVIsrAVdfhlMiYx5rAwfsySP8mUBAA==
Link: &lt;/riak/Artist/Miles%20Davis&gt;; riaktag="artist"
</DebugTrace>
      </Output>
    </UnitTestResult>
    <UnitTestResult executionId="f694f995-fc69-414d-85b2-bb170ce9fe9d" testId="4312a9d7-4905-c365-94ac-da54845d713f" testName="GetAllTextData" computerName="HORVICKW7" duration="00:00:00.4559198" startTime="2010-03-20T11:51:13.8930181-04:00" endTime="2010-03-20T11:51:14.3620449-04:00" testType="13cdc9d9-ddb5-4fa4-a97d-d965ccfc6d4b" outcome="Failed" testListId="8c84fa94-04c1-424b-9868-57a2d4851a1d" relativeResultsDirectory="f694f995-fc69-414d-85b2-bb170ce9fe9d">
      <Output>
        <DebugTrace>X-Riak-Vclock: a85hYGBgzGDKBVIsDNfk4zKYElnyWBmM/CSP8mUBAA==
Link: 
X-Riak-Vclock: a85hYGBgymDKBVIsDNfk4zKYElnyWBmM/CSP8kGFmWbriwGFGYHCn7KAwlkA
Link: 
X-Riak-Vclock: a85hYGBgymDKBVIsDNfk4zKYElnyWBmM/CSP8kGFmWbriwGFmYDCn7KAwlkA
Link: 
X-Riak-Vclock: a85hYGBgymDKBVIsDNfk4zKYElnyWBmM/CSP8kGFmWbriwGFmYHCn7KAwlkA
Link: 
</DebugTrace>
        <ErrorInfo>
          <Message>Assert.Fail failed. fail</Message>
          <StackTrace>   at Riak.Tests.MultiPartResponseTests.GetAllTextData() in c:\projects\Riak.Client\Riak.Tests\MultiPartResponseTests.cs:line 51
</StackTrace>
        </ErrorInfo>
      </Output>
    </UnitTestResult>
  </Results>
</TestRun>