<?xml version="1.0" encoding="UTF-8"?>
<TestRun id="a26b0b34-eb1c-4bcb-8221-84b0139ea545" name="Robert@HORVICKW7 2010-03-20 14:03:44" runUser="HORVICKW7\Robert" xmlns="http://microsoft.com/schemas/VisualStudio/TeamTest/2010">
  <TestSettings name="Local" id="cccf0ead-bb7b-4fa6-80c8-b697078887da">
    <Description>These are default test settings for a local test run.</Description>
    <Execution>
      <TestTypeSpecific>
        <UnitTestRunConfig testTypeId="13cdc9d9-ddb5-4fa4-a97d-d965ccfc6d4b">
          <AssemblyResolution>
            <TestDirectory useLoadContext="true" />
          </AssemblyResolution>
        </UnitTestRunConfig>
        <WebTestRunConfiguration testTypeId="4e7599fa-5ecb-43e9-a887-cd63cf72d207">
          <Browser name="Internet Explorer 7.0">
            <Headers>
              <Header name="User-Agent" value="Mozilla/4.0 (compatible; MSIE 7.0; Windows NT 5.1)" />
              <Header name="Accept" value="*/*" />
              <Header name="Accept-Language" value="{{$IEAcceptLanguage}}" />
              <Header name="Accept-Encoding" value="GZIP" />
            </Headers>
          </Browser>
        </WebTestRunConfiguration>
      </TestTypeSpecific>
      <AgentRule name="LocalMachineDefaultRole">
        <DataCollectors>
          <DataCollector uri="datacollector://microsoft/CodeCoverage/1.0" assemblyQualifiedName="Microsoft.VisualStudio.TestTools.CodeCoverage.CoveragePlugIn, Microsoft.VisualStudio.QualityTools.Plugins.CodeCoverage, Version=10.0.0.0, Culture=neutral, PublicKeyToken=b03f5f7f11d50a3a" friendlyName="Code Coverage">
            <Configuration>
              <CodeCoverage xmlns="">
                <Regular>
                  <CodeCoverageItem binaryFile="c:\projects\Riak.Client\Riak.Client\bin\Debug\Riak.Client.dll" pdbFile="c:\projects\Riak.Client\Riak.Client\bin\Debug\Riak.Client.instr.pdb" instrumentInPlace="true" />
                </Regular>
              </CodeCoverage>
            </Configuration>
          </DataCollector>
        </DataCollectors>
      </AgentRule>
    </Execution>
    <Deployment runDeploymentRoot="Robert_HORVICKW7 2010-03-20 14_03_44" />
  </TestSettings>
  <Times creation="2010-03-20T14:03:44.7017783-04:00" queuing="2010-03-20T14:03:58.1615482-04:00" start="2010-03-20T14:03:58.7845838-04:00" finish="2010-03-20T14:04:34.2286111-04:00" />
  <ResultSummary outcome="Failed">
    <Counters total="17" executed="17" passed="16" error="0" failed="1" timeout="0" aborted="0" inconclusive="0" passedButRunAborted="0" notRunnable="0" notExecuted="0" disconnected="0" warning="0" completed="0" inProgress="0" pending="0" />
    <ResultFiles>
      <ResultFile path="HORVICKW7\data.coverage" />
    </ResultFiles>
  </ResultSummary>
  <TestDefinitions>
    <UnitTest name="LinkWithMultipleParameters" storage="c:\projects\riak.client\riak.tests\bin\debug\riak.tests.dll" id="d79ef6f9-4e22-e7f6-a37e-b0e7a8cab61d">
      <Execution id="0478213c-81e0-4cab-b4f1-d1f6638326c1" />
      <TestMethod codeBase="c:/projects/Riak.Client/Riak.Tests/bin/Debug/Riak.Tests.DLL" adapterTypeName="Microsoft.VisualStudio.TestTools.TestTypes.Unit.UnitTestAdapter, Microsoft.VisualStudio.QualityTools.Tips.UnitTest.Adapter, Version=10.0.0.0, Culture=neutral, PublicKeyToken=b03f5f7f11d50a3a" className="Riak.Tests.LinkTests, Riak.Tests, Version=1.0.0.0, Culture=neutral, PublicKeyToken=null" name="LinkWithMultipleParameters" />
    </UnitTest>
    <UnitTest name="LinkFollowing" storage="c:\projects\riak.client\riak.tests\bin\debug\riak.tests.dll" id="e59f5b3d-3a7c-4505-e293-67664a703224">
      <Execution id="56a11616-1bc3-4d4e-9c0d-8b1fc44dfb2e" />
      <TestMethod codeBase="c:/projects/Riak.Client/Riak.Tests/bin/Debug/Riak.Tests.DLL" adapterTypeName="Microsoft.VisualStudio.TestTools.TestTypes.Unit.UnitTestAdapter, Microsoft.VisualStudio.QualityTools.Tips.UnitTest.Adapter, Version=10.0.0.0, Culture=neutral, PublicKeyToken=b03f5f7f11d50a3a" className="Riak.Tests.LinkTests, Riak.Tests, Version=1.0.0.0, Culture=neutral, PublicKeyToken=null" name="LinkFollowing" />
    </UnitTest>
    <UnitTest name="SettingAllowMultiPersistsCorrectly" storage="c:\projects\riak.client\riak.tests\bin\debug\riak.tests.dll" id="33d4d279-34bd-6d5a-280e-4b82973def51">
      <Execution id="a40534f1-22d8-4311-a1c8-d02cefb6b4e5" />
      <TestMethod codeBase="c:/projects/Riak.Client/Riak.Tests/bin/Debug/Riak.Tests.DLL" adapterTypeName="Microsoft.VisualStudio.TestTools.TestTypes.Unit.UnitTestAdapter, Microsoft.VisualStudio.QualityTools.Tips.UnitTest.Adapter, Version=10.0.0.0, Culture=neutral, PublicKeyToken=b03f5f7f11d50a3a" className="Riak.Tests.BucketTests, Riak.Tests, Version=1.0.0.0, Culture=neutral, PublicKeyToken=null" name="SettingAllowMultiPersistsCorrectly" />
    </UnitTest>
    <UnitTest name="LinkCollectionOperationalTests" storage="c:\projects\riak.client\riak.tests\bin\debug\riak.tests.dll" id="80c6668e-527f-7ce0-c7fa-d368165124a1">
      <Execution id="40da7579-f460-4ee9-9196-95117d917ff3" />
      <TestMethod codeBase="c:/projects/Riak.Client/Riak.Tests/bin/Debug/Riak.Tests.DLL" adapterTypeName="Microsoft.VisualStudio.TestTools.TestTypes.Unit.UnitTestAdapter, Microsoft.VisualStudio.QualityTools.Tips.UnitTest.Adapter, Version=10.0.0.0, Culture=neutral, PublicKeyToken=b03f5f7f11d50a3a" className="Riak.Tests.LinkTests, Riak.Tests, Version=1.0.0.0, Culture=neutral, PublicKeyToken=null" name="LinkCollectionOperationalTests" />
    </UnitTest>
    <UnitTest name="GetAllSiblingsOnConflict" storage="c:\projects\riak.client\riak.tests\bin\debug\riak.tests.dll" id="7a71b779-6444-5633-f109-dc2d069ca31b">
      <Execution id="5378621b-17a9-4368-8412-53019ae5f37f" />
      <TestMethod codeBase="c:/projects/Riak.Client/Riak.Tests/bin/Debug/Riak.Tests.DLL" adapterTypeName="Microsoft.VisualStudio.TestTools.TestTypes.Unit.UnitTestAdapter, Microsoft.VisualStudio.QualityTools.Tips.UnitTest.Adapter, Version=10.0.0.0, Culture=neutral, PublicKeyToken=b03f5f7f11d50a3a" className="Riak.Tests.BucketTests, Riak.Tests, Version=1.0.0.0, Culture=neutral, PublicKeyToken=null" name="GetAllSiblingsOnConflict" />
    </UnitTest>
    <UnitTest name="SaveAStringKeyValue" storage="c:\projects\riak.client\riak.tests\bin\debug\riak.tests.dll" id="58939138-4342-8e72-2f65-c6ec6d5362d3">
      <Execution id="4f179e8a-79cc-4f3d-a991-1420b268b37b" />
      <TestMethod codeBase="c:/projects/Riak.Client/Riak.Tests/bin/Debug/Riak.Tests.DLL" adapterTypeName="Microsoft.VisualStudio.TestTools.TestTypes.Unit.UnitTestAdapter, Microsoft.VisualStudio.QualityTools.Tips.UnitTest.Adapter, Version=10.0.0.0, Culture=neutral, PublicKeyToken=b03f5f7f11d50a3a" className="Riak.Tests.BucketTests, Riak.Tests, Version=1.0.0.0, Culture=neutral, PublicKeyToken=null" name="SaveAStringKeyValue" />
    </UnitTest>
    <UnitTest name="LinkOddlyFormedIsParsedAndNormalized" storage="c:\projects\riak.client\riak.tests\bin\debug\riak.tests.dll" id="86d01318-0230-9e62-826b-6c3385d23407">
      <Execution id="0d7d1608-7604-4d96-b03f-36aa4a3e92e5" />
      <TestMethod codeBase="c:/projects/Riak.Client/Riak.Tests/bin/Debug/Riak.Tests.DLL" adapterTypeName="Microsoft.VisualStudio.TestTools.TestTypes.Unit.UnitTestAdapter, Microsoft.VisualStudio.QualityTools.Tips.UnitTest.Adapter, Version=10.0.0.0, Culture=neutral, PublicKeyToken=b03f5f7f11d50a3a" className="Riak.Tests.LinkTests, Riak.Tests, Version=1.0.0.0, Culture=neutral, PublicKeyToken=null" name="LinkOddlyFormedIsParsedAndNormalized" />
    </UnitTest>
    <UnitTest name="SaveABinaryKeyValue" storage="c:\projects\riak.client\riak.tests\bin\debug\riak.tests.dll" id="4ad0d6cc-b6bb-6b71-fab7-7bd0c1927a9f">
      <Execution id="be104b63-0df4-4ffa-b66b-6094e3aea50a" />
      <TestMethod codeBase="c:/projects/Riak.Client/Riak.Tests/bin/Debug/Riak.Tests.DLL" adapterTypeName="Microsoft.VisualStudio.TestTools.TestTypes.Unit.UnitTestAdapter, Microsoft.VisualStudio.QualityTools.Tips.UnitTest.Adapter, Version=10.0.0.0, Culture=neutral, PublicKeyToken=b03f5f7f11d50a3a" className="Riak.Tests.BucketTests, Riak.Tests, Version=1.0.0.0, Culture=neutral, PublicKeyToken=null" name="SaveABinaryKeyValue" />
    </UnitTest>
    <UnitTest name="LinkWithRelationalUri" storage="c:\projects\riak.client\riak.tests\bin\debug\riak.tests.dll" id="30d12b1b-aa49-8c08-bd4a-866243aceb48">
      <Execution id="1ed69d1f-cff3-4b7d-8932-bd9d09c37ee0" />
      <TestMethod codeBase="c:/projects/Riak.Client/Riak.Tests/bin/Debug/Riak.Tests.DLL" adapterTypeName="Microsoft.VisualStudio.TestTools.TestTypes.Unit.UnitTestAdapter, Microsoft.VisualStudio.QualityTools.Tips.UnitTest.Adapter, Version=10.0.0.0, Culture=neutral, PublicKeyToken=b03f5f7f11d50a3a" className="Riak.Tests.LinkTests, Riak.Tests, Version=1.0.0.0, Culture=neutral, PublicKeyToken=null" name="LinkWithRelationalUri" />
    </UnitTest>
    <UnitTest name="GetAllTextData" storage="c:\projects\riak.client\riak.tests\bin\debug\riak.tests.dll" id="4312a9d7-4905-c365-94ac-da54845d713f">
      <Execution id="5173d901-5593-4a24-8640-592e00d92905" />
      <TestMethod codeBase="c:/projects/Riak.Client/Riak.Tests/bin/Debug/Riak.Tests.DLL" adapterTypeName="Microsoft.VisualStudio.TestTools.TestTypes.Unit.UnitTestAdapter, Microsoft.VisualStudio.QualityTools.Tips.UnitTest.Adapter, Version=10.0.0.0, Culture=neutral, PublicKeyToken=b03f5f7f11d50a3a" className="Riak.Tests.MultiPartResponseTests, Riak.Tests, Version=1.0.0.0, Culture=neutral, PublicKeyToken=null" name="GetAllTextData" />
    </UnitTest>
    <UnitTest name="ConflictOnAllowMultiBucket" storage="c:\projects\riak.client\riak.tests\bin\debug\riak.tests.dll" id="beae7429-a6a2-4b8b-91b8-2242ec45c77a">
      <Execution id="781fb253-c5c8-4077-8259-475a9b3ee262" />
      <TestMethod codeBase="c:/projects/Riak.Client/Riak.Tests/bin/Debug/Riak.Tests.DLL" adapterTypeName="Microsoft.VisualStudio.TestTools.TestTypes.Unit.UnitTestAdapter, Microsoft.VisualStudio.QualityTools.Tips.UnitTest.Adapter, Version=10.0.0.0, Culture=neutral, PublicKeyToken=b03f5f7f11d50a3a" className="Riak.Tests.BucketTests, Riak.Tests, Version=1.0.0.0, Culture=neutral, PublicKeyToken=null" name="ConflictOnAllowMultiBucket" />
    </UnitTest>
    <UnitTest name="LinkWithUnknownParameters" storage="c:\projects\riak.client\riak.tests\bin\debug\riak.tests.dll" id="d9c44692-30b5-c679-747b-7d385a54ef67">
      <Execution id="4e3ba1e2-377d-433a-9284-002252c7f2ab" />
      <TestMethod codeBase="c:/projects/Riak.Client/Riak.Tests/bin/Debug/Riak.Tests.DLL" adapterTypeName="Microsoft.VisualStudio.TestTools.TestTypes.Unit.UnitTestAdapter, Microsoft.VisualStudio.QualityTools.Tips.UnitTest.Adapter, Version=10.0.0.0, Culture=neutral, PublicKeyToken=b03f5f7f11d50a3a" className="Riak.Tests.LinkTests, Riak.Tests, Version=1.0.0.0, Culture=neutral, PublicKeyToken=null" name="LinkWithUnknownParameters" />
    </UnitTest>
    <UnitTest name="LinkRoundTripping" storage="c:\projects\riak.client\riak.tests\bin\debug\riak.tests.dll" id="8bc468f8-eee0-673a-92b7-930506440e84">
      <Execution id="c8736cda-cc5a-41bd-87cd-ba6458d0bfb3" />
      <TestMethod codeBase="c:/projects/Riak.Client/Riak.Tests/bin/Debug/Riak.Tests.DLL" adapterTypeName="Microsoft.VisualStudio.TestTools.TestTypes.Unit.UnitTestAdapter, Microsoft.VisualStudio.QualityTools.Tips.UnitTest.Adapter, Version=10.0.0.0, Culture=neutral, PublicKeyToken=b03f5f7f11d50a3a" className="Riak.Tests.LinkTests, Riak.Tests, Version=1.0.0.0, Culture=neutral, PublicKeyToken=null" name="LinkRoundTripping" />
    </UnitTest>
    <UnitTest name="DeleteMissingKeys" storage="c:\projects\riak.client\riak.tests\bin\debug\riak.tests.dll" id="8adbc453-a093-0889-b145-79d2f69be902">
      <Execution id="cd7a5f6c-0fd7-4f64-afc1-b2b33992bcc5" />
      <TestMethod codeBase="c:/projects/Riak.Client/Riak.Tests/bin/Debug/Riak.Tests.DLL" adapterTypeName="Microsoft.VisualStudio.TestTools.TestTypes.Unit.UnitTestAdapter, Microsoft.VisualStudio.QualityTools.Tips.UnitTest.Adapter, Version=10.0.0.0, Culture=neutral, PublicKeyToken=b03f5f7f11d50a3a" className="Riak.Tests.BucketTests, Riak.Tests, Version=1.0.0.0, Culture=neutral, PublicKeyToken=null" name="DeleteMissingKeys" />
    </UnitTest>
    <UnitTest name="DeleteExistingKeys" storage="c:\projects\riak.client\riak.tests\bin\debug\riak.tests.dll" id="ecb7a2ec-95c2-bcd4-9208-598a9a8227f1">
      <Execution id="4bdbf654-5f17-416a-8d31-c7122f5ba478" />
      <TestMethod codeBase="c:/projects/Riak.Client/Riak.Tests/bin/Debug/Riak.Tests.DLL" adapterTypeName="Microsoft.VisualStudio.TestTools.TestTypes.Unit.UnitTestAdapter, Microsoft.VisualStudio.QualityTools.Tips.UnitTest.Adapter, Version=10.0.0.0, Culture=neutral, PublicKeyToken=b03f5f7f11d50a3a" className="Riak.Tests.BucketTests, Riak.Tests, Version=1.0.0.0, Culture=neutral, PublicKeyToken=null" name="DeleteExistingKeys" />
    </UnitTest>
    <UnitTest name="ConflictOnNonMultiBucket" storage="c:\projects\riak.client\riak.tests\bin\debug\riak.tests.dll" id="06a22416-08af-c0dc-b70f-5cec4761aa09">
      <Execution id="8af5d3e9-4904-44fd-877e-61973799b882" />
      <TestMethod codeBase="c:/projects/Riak.Client/Riak.Tests/bin/Debug/Riak.Tests.DLL" adapterTypeName="Microsoft.VisualStudio.TestTools.TestTypes.Unit.UnitTestAdapter, Microsoft.VisualStudio.QualityTools.Tips.UnitTest.Adapter, Version=10.0.0.0, Culture=neutral, PublicKeyToken=b03f5f7f11d50a3a" className="Riak.Tests.BucketTests, Riak.Tests, Version=1.0.0.0, Culture=neutral, PublicKeyToken=null" name="ConflictOnNonMultiBucket" />
    </UnitTest>
    <UnitTest name="LinkOnNewKeyExistsAndParses" storage="c:\projects\riak.client\riak.tests\bin\debug\riak.tests.dll" id="cb4b29f5-c7d3-2010-bb43-cecc9f41c474">
      <Execution id="be9db963-2542-425d-8bda-a45b29773078" />
      <TestMethod codeBase="c:/projects/Riak.Client/Riak.Tests/bin/Debug/Riak.Tests.DLL" adapterTypeName="Microsoft.VisualStudio.TestTools.TestTypes.Unit.UnitTestAdapter, Microsoft.VisualStudio.QualityTools.Tips.UnitTest.Adapter, Version=10.0.0.0, Culture=neutral, PublicKeyToken=b03f5f7f11d50a3a" className="Riak.Tests.LinkTests, Riak.Tests, Version=1.0.0.0, Culture=neutral, PublicKeyToken=null" name="LinkOnNewKeyExistsAndParses" />
    </UnitTest>
  </TestDefinitions>
  <TestLists>
    <TestList name="Results Not in a List" id="8c84fa94-04c1-424b-9868-57a2d4851a1d" />
    <TestList name="All Loaded Results" id="19431567-8539-422a-85d7-44ee4e166bda" />
  </TestLists>
  <TestEntries>
    <TestEntry testId="58939138-4342-8e72-2f65-c6ec6d5362d3" executionId="4f179e8a-79cc-4f3d-a991-1420b268b37b" testListId="8c84fa94-04c1-424b-9868-57a2d4851a1d" />
    <TestEntry testId="4ad0d6cc-b6bb-6b71-fab7-7bd0c1927a9f" executionId="be104b63-0df4-4ffa-b66b-6094e3aea50a" testListId="8c84fa94-04c1-424b-9868-57a2d4851a1d" />
    <TestEntry testId="ecb7a2ec-95c2-bcd4-9208-598a9a8227f1" executionId="4bdbf654-5f17-416a-8d31-c7122f5ba478" testListId="8c84fa94-04c1-424b-9868-57a2d4851a1d" />
    <TestEntry testId="8adbc453-a093-0889-b145-79d2f69be902" executionId="cd7a5f6c-0fd7-4f64-afc1-b2b33992bcc5" testListId="8c84fa94-04c1-424b-9868-57a2d4851a1d" />
    <TestEntry testId="06a22416-08af-c0dc-b70f-5cec4761aa09" executionId="8af5d3e9-4904-44fd-877e-61973799b882" testListId="8c84fa94-04c1-424b-9868-57a2d4851a1d" />
    <TestEntry testId="33d4d279-34bd-6d5a-280e-4b82973def51" executionId="a40534f1-22d8-4311-a1c8-d02cefb6b4e5" testListId="8c84fa94-04c1-424b-9868-57a2d4851a1d" />
    <TestEntry testId="beae7429-a6a2-4b8b-91b8-2242ec45c77a" executionId="781fb253-c5c8-4077-8259-475a9b3ee262" testListId="8c84fa94-04c1-424b-9868-57a2d4851a1d" />
    <TestEntry testId="7a71b779-6444-5633-f109-dc2d069ca31b" executionId="5378621b-17a9-4368-8412-53019ae5f37f" testListId="8c84fa94-04c1-424b-9868-57a2d4851a1d" />
    <TestEntry testId="30d12b1b-aa49-8c08-bd4a-866243aceb48" executionId="1ed69d1f-cff3-4b7d-8932-bd9d09c37ee0" testListId="8c84fa94-04c1-424b-9868-57a2d4851a1d" />
    <TestEntry testId="d79ef6f9-4e22-e7f6-a37e-b0e7a8cab61d" executionId="0478213c-81e0-4cab-b4f1-d1f6638326c1" testListId="8c84fa94-04c1-424b-9868-57a2d4851a1d" />
    <TestEntry testId="cb4b29f5-c7d3-2010-bb43-cecc9f41c474" executionId="be9db963-2542-425d-8bda-a45b29773078" testListId="8c84fa94-04c1-424b-9868-57a2d4851a1d" />
    <TestEntry testId="86d01318-0230-9e62-826b-6c3385d23407" executionId="0d7d1608-7604-4d96-b03f-36aa4a3e92e5" testListId="8c84fa94-04c1-424b-9868-57a2d4851a1d" />
    <TestEntry testId="80c6668e-527f-7ce0-c7fa-d368165124a1" executionId="40da7579-f460-4ee9-9196-95117d917ff3" testListId="8c84fa94-04c1-424b-9868-57a2d4851a1d" />
    <TestEntry testId="d9c44692-30b5-c679-747b-7d385a54ef67" executionId="4e3ba1e2-377d-433a-9284-002252c7f2ab" testListId="8c84fa94-04c1-424b-9868-57a2d4851a1d" />
    <TestEntry testId="8bc468f8-eee0-673a-92b7-930506440e84" executionId="c8736cda-cc5a-41bd-87cd-ba6458d0bfb3" testListId="8c84fa94-04c1-424b-9868-57a2d4851a1d" />
    <TestEntry testId="e59f5b3d-3a7c-4505-e293-67664a703224" executionId="56a11616-1bc3-4d4e-9c0d-8b1fc44dfb2e" testListId="8c84fa94-04c1-424b-9868-57a2d4851a1d" />
    <TestEntry testId="4312a9d7-4905-c365-94ac-da54845d713f" executionId="5173d901-5593-4a24-8640-592e00d92905" testListId="8c84fa94-04c1-424b-9868-57a2d4851a1d" />
  </TestEntries>
  <Results>
    <UnitTestResult executionId="4f179e8a-79cc-4f3d-a991-1420b268b37b" testId="58939138-4342-8e72-2f65-c6ec6d5362d3" testName="SaveAStringKeyValue" computerName="HORVICKW7" duration="00:00:11.3845415" startTime="2010-03-20T14:04:07.1190605-04:00" endTime="2010-03-20T14:04:25.9141355-04:00" testType="13cdc9d9-ddb5-4fa4-a97d-d965ccfc6d4b" outcome="Passed" testListId="8c84fa94-04c1-424b-9868-57a2d4851a1d" relativeResultsDirectory="4f179e8a-79cc-4f3d-a991-1420b268b37b">
      <Output>
        <DebugTrace>X-Riak-Vclock: a85hYGBgzGDKBVIsjLt69mQwJTLmsTKsKJU8ypcFAA==
Link: 
</DebugTrace>
      </Output>
    </UnitTestResult>
    <UnitTestResult executionId="be104b63-0df4-4ffa-b66b-6094e3aea50a" testId="4ad0d6cc-b6bb-6b71-fab7-7bd0c1927a9f" testName="SaveABinaryKeyValue" computerName="HORVICKW7" duration="00:00:00.4157924" startTime="2010-03-20T14:04:25.9311365-04:00" endTime="2010-03-20T14:04:26.3571609-04:00" testType="13cdc9d9-ddb5-4fa4-a97d-d965ccfc6d4b" outcome="Passed" testListId="8c84fa94-04c1-424b-9868-57a2d4851a1d" relativeResultsDirectory="be104b63-0df4-4ffa-b66b-6094e3aea50a">
    </UnitTestResult>
    <UnitTestResult executionId="4bdbf654-5f17-416a-8d31-c7122f5ba478" testId="ecb7a2ec-95c2-bcd4-9208-598a9a8227f1" testName="DeleteExistingKeys" computerName="HORVICKW7" duration="00:00:00.7062844" startTime="2010-03-20T14:04:26.3661614-04:00" endTime="2010-03-20T14:04:27.0822023-04:00" testType="13cdc9d9-ddb5-4fa4-a97d-d965ccfc6d4b" outcome="Passed" testListId="8c84fa94-04c1-424b-9868-57a2d4851a1d" relativeResultsDirectory="4bdbf654-5f17-416a-8d31-c7122f5ba478">
      <Output>
        <DebugTrace>X-Riak-Vclock: a85hYGBgzGDKBVIs7DuzHDKYEhnzWBm0uiSP8mUBAA==
X-Riak-Vclock: a85hYGBgymDKBVIsjLt69mQwJTLmsTKsKJU8ygcVZs5ROgEV1uwCCmcBAA==
</DebugTrace>
      </Output>
    </UnitTestResult>
    <UnitTestResult executionId="cd7a5f6c-0fd7-4f64-afc1-b2b33992bcc5" testId="8adbc453-a093-0889-b145-79d2f69be902" testName="DeleteMissingKeys" computerName="HORVICKW7" duration="00:00:01.0597485" startTime="2010-03-20T14:04:27.0872026-04:00" endTime="2010-03-20T14:04:28.1622641-04:00" testType="13cdc9d9-ddb5-4fa4-a97d-d965ccfc6d4b" outcome="Passed" testListId="8c84fa94-04c1-424b-9868-57a2d4851a1d" relativeResultsDirectory="cd7a5f6c-0fd7-4f64-afc1-b2b33992bcc5">
      <Output>
        <DebugTrace>X-Riak-Vclock: a85hYGBgzGDKBVIsDGUfODKYEhnzWBm0uySP8mUBAA==
X-Riak-Vclock: a85hYGBgzGDKBVIsDGUfODKYEhnzWBm0uySP8mUBAA==
X-Riak-Vclock: a85hYGBgzGDKBVIsDGUfODKYEhnzWBm0uySP8mUBAA==
X-Riak-Vclock: a85hYGBgzGDKBVIsDGUfODKYEhnzWBm0uySP8mUBAA==
X-Riak-Vclock: a85hYGBgzGDKBVIsDGUfODKYEhnzWBm0uySP8mUBAA==
X-Riak-Vclock: a85hYGBgzGDKBVIsDGUfODKYEhnzWBm0uySP8mUBAA==
X-Riak-Vclock: a85hYGBgzGDKBVIsDGUfODKYEhnzWBm0uySP8mUBAA==
X-Riak-Vclock: a85hYGBgzGDKBVIsDGUfODKYEhnzWBm0uySP8mUBAA==
X-Riak-Vclock: a85hYGBgzGDKBVIsDGUfODKYEhnzWBm0uySP8mUBAA==
X-Riak-Vclock: a85hYGBgzGDKBVIsDGUfODKYEhnzWBm0uySP8mUBAA==
X-Riak-Vclock: a85hYGBgzGDKBVIsDGUfODKYEhnzWBm0uySP8mUBAA==
X-Riak-Vclock: a85hYGBgzGDKBVIsDGUfODKYEhnzWBm0uySP8mUBAA==
X-Riak-Vclock: a85hYGBgzGDKBVIsDGUfODKYEhnzWBm0uySP8mUBAA==
X-Riak-Vclock: a85hYGBgzGDKBVIsDGUfODKYEhnzWBm0uySP8mUBAA==
X-Riak-Vclock: a85hYGBgzGDKBVIsDGUfODKYEhnzWBm0uySP8mUBAA==
X-Riak-Vclock: a85hYGBgzGDKBVIsDGUfODKYEhnzWBm0uySP8mUBAA==
X-Riak-Vclock: a85hYGBgzGDKBVIsDGUfODKYEhnzWBm0uySP8mUBAA==
X-Riak-Vclock: a85hYGBgzGDKBVIsDGUfODKYEhnzWBm0uySP8mUBAA==
X-Riak-Vclock: a85hYGBgzGDKBVIsDGUfODKYEhnzWBm0uySP8mUBAA==
X-Riak-Vclock: a85hYGBgzGDKBVIsDGUfODKYEhnzWBm0uySP8mUBAA==
</DebugTrace>
      </Output>
    </UnitTestResult>
    <UnitTestResult executionId="8af5d3e9-4904-44fd-877e-61973799b882" testId="06a22416-08af-c0dc-b70f-5cec4761aa09" testName="ConflictOnNonMultiBucket" computerName="HORVICKW7" duration="00:00:00.3608303" startTime="2010-03-20T14:04:28.1702646-04:00" endTime="2010-03-20T14:04:28.5452860-04:00" testType="13cdc9d9-ddb5-4fa4-a97d-d965ccfc6d4b" outcome="Passed" testListId="8c84fa94-04c1-424b-9868-57a2d4851a1d" relativeResultsDirectory="8af5d3e9-4904-44fd-877e-61973799b882">
      <Output>
        <DebugTrace>X-Riak-Vclock: a85hYGBgzGDKBVIsTCeONWYwJTLmsTLodEke5csCAA==
Link: 
X-Riak-Vclock: a85hYGBgzGDKBVIsTCeONWYwJTLmsTLodEke5csCAA==
Link: 
</DebugTrace>
      </Output>
    </UnitTestResult>
    <UnitTestResult executionId="a40534f1-22d8-4311-a1c8-d02cefb6b4e5" testId="33d4d279-34bd-6d5a-280e-4b82973def51" testName="SettingAllowMultiPersistsCorrectly" computerName="HORVICKW7" duration="00:00:00.7960764" startTime="2010-03-20T14:04:28.5572867-04:00" endTime="2010-03-20T14:04:29.3793337-04:00" testType="13cdc9d9-ddb5-4fa4-a97d-d965ccfc6d4b" outcome="Passed" testListId="8c84fa94-04c1-424b-9868-57a2d4851a1d" relativeResultsDirectory="a40534f1-22d8-4311-a1c8-d02cefb6b4e5">
    </UnitTestResult>
    <UnitTestResult executionId="781fb253-c5c8-4077-8259-475a9b3ee262" testId="beae7429-a6a2-4b8b-91b8-2242ec45c77a" testName="ConflictOnAllowMultiBucket" computerName="HORVICKW7" duration="00:00:00.4820550" startTime="2010-03-20T14:04:29.4473376-04:00" endTime="2010-03-20T14:04:29.9433660-04:00" testType="13cdc9d9-ddb5-4fa4-a97d-d965ccfc6d4b" outcome="Passed" testListId="8c84fa94-04c1-424b-9868-57a2d4851a1d" relativeResultsDirectory="781fb253-c5c8-4077-8259-475a9b3ee262">
      <Output>
        <DebugTrace>X-Riak-Vclock: a85hYGBgzGDKBVIsrH8lF2cwJTLmsTLodkke5csCAA==
Link: 
X-Riak-Vclock: a85hYGBgzGDKBVIsrH8lF2cwJTLmsTLodkke5csCAA==
Link: 
</DebugTrace>
      </Output>
    </UnitTestResult>
    <UnitTestResult executionId="5378621b-17a9-4368-8412-53019ae5f37f" testId="7a71b779-6444-5633-f109-dc2d069ca31b" testName="GetAllSiblingsOnConflict" computerName="HORVICKW7" duration="00:00:00.3867363" startTime="2010-03-20T14:04:29.9543666-04:00" endTime="2010-03-20T14:04:30.3573897-04:00" testType="13cdc9d9-ddb5-4fa4-a97d-d965ccfc6d4b" outcome="Passed" testListId="8c84fa94-04c1-424b-9868-57a2d4851a1d" relativeResultsDirectory="5378621b-17a9-4368-8412-53019ae5f37f">
      <Output>
        <DebugTrace>X-Riak-Vclock: a85hYGBgzGDKBVIsTFnyfBlMiYx5rAx6XZJH+bIA
Link: 
X-Riak-Vclock: a85hYGBgzGDKBVIsTFnyfBlMiYx5rAx6XZJH+bIA
Link: 
</DebugTrace>
      </Output>
    </UnitTestResult>
    <UnitTestResult executionId="1ed69d1f-cff3-4b7d-8932-bd9d09c37ee0" testId="30d12b1b-aa49-8c08-bd4a-866243aceb48" testName="LinkWithRelationalUri" computerName="HORVICKW7" duration="00:00:00.0030517" startTime="2010-03-20T14:04:30.3633900-04:00" endTime="2010-03-20T14:04:30.3943918-04:00" testType="13cdc9d9-ddb5-4fa4-a97d-d965ccfc6d4b" outcome="Passed" testListId="8c84fa94-04c1-424b-9868-57a2d4851a1d" relativeResultsDirectory="1ed69d1f-cff3-4b7d-8932-bd9d09c37ee0">
    </UnitTestResult>
    <UnitTestResult executionId="0478213c-81e0-4cab-b4f1-d1f6638326c1" testId="d79ef6f9-4e22-e7f6-a37e-b0e7a8cab61d" testName="LinkWithMultipleParameters" computerName="HORVICKW7" duration="00:00:00.0007722" startTime="2010-03-20T14:04:30.3993921-04:00" endTime="2010-03-20T14:04:30.4143929-04:00" testType="13cdc9d9-ddb5-4fa4-a97d-d965ccfc6d4b" outcome="Passed" testListId="8c84fa94-04c1-424b-9868-57a2d4851a1d" relativeResultsDirectory="0478213c-81e0-4cab-b4f1-d1f6638326c1">
    </UnitTestResult>
    <UnitTestResult executionId="be9db963-2542-425d-8bda-a45b29773078" testId="cb4b29f5-c7d3-2010-bb43-cecc9f41c474" testName="LinkOnNewKeyExistsAndParses" computerName="HORVICKW7" duration="00:00:00.2988549" startTime="2010-03-20T14:04:30.4193932-04:00" endTime="2010-03-20T14:04:30.7324111-04:00" testType="13cdc9d9-ddb5-4fa4-a97d-d965ccfc6d4b" outcome="Passed" testListId="8c84fa94-04c1-424b-9868-57a2d4851a1d" relativeResultsDirectory="be9db963-2542-425d-8bda-a45b29773078">
    </UnitTestResult>
    <UnitTestResult executionId="0d7d1608-7604-4d96-b03f-36aa4a3e92e5" testId="86d01318-0230-9e62-826b-6c3385d23407" testName="LinkOddlyFormedIsParsedAndNormalized" computerName="HORVICKW7" duration="00:00:00.0006775" startTime="2010-03-20T14:04:30.7414116-04:00" endTime="2010-03-20T14:04:30.7524123-04:00" testType="13cdc9d9-ddb5-4fa4-a97d-d965ccfc6d4b" outcome="Passed" testListId="8c84fa94-04c1-424b-9868-57a2d4851a1d" relativeResultsDirectory="0d7d1608-7604-4d96-b03f-36aa4a3e92e5">
    </UnitTestResult>
    <UnitTestResult executionId="40da7579-f460-4ee9-9196-95117d917ff3" testId="80c6668e-527f-7ce0-c7fa-d368165124a1" testName="LinkCollectionOperationalTests" computerName="HORVICKW7" duration="00:00:00.0041201" startTime="2010-03-20T14:04:30.7594127-04:00" endTime="2010-03-20T14:04:30.7774137-04:00" testType="13cdc9d9-ddb5-4fa4-a97d-d965ccfc6d4b" outcome="Passed" testListId="8c84fa94-04c1-424b-9868-57a2d4851a1d" relativeResultsDirectory="40da7579-f460-4ee9-9196-95117d917ff3">
    </UnitTestResult>
    <UnitTestResult executionId="4e3ba1e2-377d-433a-9284-002252c7f2ab" testId="d9c44692-30b5-c679-747b-7d385a54ef67" testName="LinkWithUnknownParameters" computerName="HORVICKW7" duration="00:00:00.0019638" startTime="2010-03-20T14:04:30.7814139-04:00" endTime="2010-03-20T14:04:30.8104156-04:00" testType="13cdc9d9-ddb5-4fa4-a97d-d965ccfc6d4b" outcome="Passed" testListId="8c84fa94-04c1-424b-9868-57a2d4851a1d" relativeResultsDirectory="4e3ba1e2-377d-433a-9284-002252c7f2ab">
    </UnitTestResult>
    <UnitTestResult executionId="c8736cda-cc5a-41bd-87cd-ba6458d0bfb3" testId="8bc468f8-eee0-673a-92b7-930506440e84" testName="LinkRoundTripping" computerName="HORVICKW7" duration="00:00:00.0008907" startTime="2010-03-20T14:04:30.8584183-04:00" endTime="2010-03-20T14:04:30.8734192-04:00" testType="13cdc9d9-ddb5-4fa4-a97d-d965ccfc6d4b" outcome="Passed" testListId="8c84fa94-04c1-424b-9868-57a2d4851a1d" relativeResultsDirectory="c8736cda-cc5a-41bd-87cd-ba6458d0bfb3">
    </UnitTestResult>
    <UnitTestResult executionId="56a11616-1bc3-4d4e-9c0d-8b1fc44dfb2e" testId="e59f5b3d-3a7c-4505-e293-67664a703224" testName="LinkFollowing" computerName="HORVICKW7" duration="00:00:00.6796742" startTime="2010-03-20T14:04:30.8774194-04:00" endTime="2010-03-20T14:04:31.5774594-04:00" testType="13cdc9d9-ddb5-4fa4-a97d-d965ccfc6d4b" outcome="Passed" testListId="8c84fa94-04c1-424b-9868-57a2d4851a1d" relativeResultsDirectory="56a11616-1bc3-4d4e-9c0d-8b1fc44dfb2e">
      <Output>
        <DebugTrace>X-Riak-Vclock: a85hYGBgzGDKBVIsrPpFDRlMiUx5rAwrSyWP8mUBAA==
X-Riak-Vclock: a85hYGBgzGDKBVIsrPpFDRlMiUx5rAwrSyWP8mUBAA==
X-Riak-Vclock: a85hYGBgzGDKBVIsrPpFDRlMiUx5rAwrSyWP8mUBAA==
X-Riak-Vclock: a85hYGBgzGDKBVIsrPpFDRlMiUx5rAwrSyWP8mUBAA==
X-Riak-Vclock: a85hYGBgzGDKBVIsrPpFDRlMiUx5rAwrSyWP8mUBAA==
X-Riak-Vclock: a85hYGBgzGDKBVIs7Ir9ohlMiYx5rAz6XZJH+bIA
Link: &lt;/riak/Album/Kind%20of%20Blue&gt;; riaktag="album", &lt;/riak/Album/Conception&gt;; riaktag="album", &lt;/riak/Album/Blue&gt;; riaktag="album", &lt;/riak/Album/Dig&gt;; riaktag="album"
Link: &lt;/riak/Artist/Miles%20Davis&gt;; riaktag="artist"
X-Riak-Vclock: a85hYGBgzGDKBVIs7Ir9ohlMiYx5rAz6XZJH+bIA
Link: &lt;/riak/Artist/Miles%20Davis&gt;; riaktag="artist"
X-Riak-Vclock: a85hYGBgzGDKBVIs7Ir9ohlMiYx5rAz6XZJH+bIA
Link: &lt;/riak/Artist/Miles%20Davis&gt;; riaktag="artist"
X-Riak-Vclock: a85hYGBgzGDKBVIs7Ir9ohlMiYx5rAz6XZJH+bIA
Link: &lt;/riak/Artist/Miles%20Davis&gt;; riaktag="artist"
</DebugTrace>
      </Output>
    </UnitTestResult>
    <UnitTestResult executionId="5173d901-5593-4a24-8640-592e00d92905" testId="4312a9d7-4905-c365-94ac-da54845d713f" testName="GetAllTextData" computerName="HORVICKW7" duration="00:00:00.7015513" startTime="2010-03-20T14:04:31.6004608-04:00" endTime="2010-03-20T14:04:32.3155017-04:00" testType="13cdc9d9-ddb5-4fa4-a97d-d965ccfc6d4b" outcome="Failed" testListId="8c84fa94-04c1-424b-9868-57a2d4851a1d" relativeResultsDirectory="5173d901-5593-4a24-8640-592e00d92905">
      <Output>
        <DebugTrace>X-Riak-Vclock: a85hYGBgzGDKBVIsbIUeqzOYEhnzWBn0uySP8mUBAA==
Link: 
X-Riak-Vclock: a85hYGBgzGDKBVIsbIUeqzOYEpnyWBn0uySP8mUBAA==
Link: 
X-Riak-Vclock: a85hYGBgzGDKBVIsbIUeqzOYEpnzWBn0uySP8mUBAA==
Link: 
</DebugTrace>
        <ErrorInfo>
          <Message>Assert.AreEqual failed. Expected:&lt;4&gt;. Actual:&lt;1&gt;. </Message>
          <StackTrace>   at Riak.Tests.MultiPartResponseTests.GetAllTextData() in c:\projects\Riak.Client\Riak.Tests\MultiPartResponseTests.cs:line 50
</StackTrace>
        </ErrorInfo>
      </Output>
    </UnitTestResult>
  </Results>
</TestRun>